running develop
running egg_info
creating calculator.egg-info
writing calculator.egg-info/PKG-INFO
writing dependency_links to calculator.egg-info/dependency_links.txt
writing entry points to calculator.egg-info/entry_points.txt
writing requirements to calculator.egg-info/requires.txt
writing top-level names to calculator.egg-info/top_level.txt
writing manifest file 'calculator.egg-info/SOURCES.txt'
reading manifest file 'calculator.egg-info/SOURCES.txt'
writing manifest file 'calculator.egg-info/SOURCES.txt'
running build_ext
Creating /home/smkim/ros2_tutorials/robot_ws/install/calculator/lib/python3.10/site-packages/calculator.egg-link (link to .)
Installing argument script to /home/smkim/ros2_tutorials/robot_ws/install/calculator/lib/calculator
Installing calculator script to /home/smkim/ros2_tutorials/robot_ws/install/calculator/lib/calculator
Installing checker script to /home/smkim/ros2_tutorials/robot_ws/install/calculator/lib/calculator
Installing operator script to /home/smkim/ros2_tutorials/robot_ws/install/calculator/lib/calculator

Installed /home/smkim/ros2_tutorials/robot_ws/build/calculator
running symlink_data
creating /home/smkim/ros2_tutorials/robot_ws/install/calculator/share/ament_index
creating /home/smkim/ros2_tutorials/robot_ws/install/calculator/share/ament_index/resource_index
creating /home/smkim/ros2_tutorials/robot_ws/install/calculator/share/ament_index/resource_index/packages
symbolically linking /home/smkim/ros2_tutorials/robot_ws/build/calculator/resource/calculator -> /home/smkim/ros2_tutorials/robot_ws/install/calculator/share/ament_index/resource_index/packages
symbolically linking /home/smkim/ros2_tutorials/robot_ws/build/calculator/package.xml -> /home/smkim/ros2_tutorials/robot_ws/install/calculator/share/calculator
creating /home/smkim/ros2_tutorials/robot_ws/install/calculator/share/calculator/launch
creating /home/smkim/ros2_tutorials/robot_ws/install/calculator/share/calculator/param
