[1.093s] Invoking command in '/home/smkim/ros2_tutorials/robot_ws/build/calculator': PYTHONPATH=/home/smkim/ros2_tutorials/robot_ws/build/calculator/prefix_override:/usr/lib/python3/dist-packages/colcon_core/task/python/colcon_distutils_commands:/home/smkim/ros2_tutorials/robot_ws/install/calculator/lib/python3.10/site-packages:${PYTHONPATH} /usr/bin/python3 -W ignore:setup.py install is deprecated setup.py develop --editable --build-directory /home/smkim/ros2_tutorials/robot_ws/build/calculator/build --no-deps symlink_data
[1.211s] /home/smkim/.local/lib/python3.10/site-packages/setuptools/_distutils/dist.py:268: UserWarning: Unknown distribution option: 'tests_require'
[1.211s]   warnings.warn(msg)
[1.337s] running develop
[1.339s] /home/smkim/.local/lib/python3.10/site-packages/setuptools/command/develop.py:42: EasyInstallDeprecationWarning: easy_install command is deprecated.
[1.339s] !!
[1.339s] 
[1.340s]         ********************************************************************************
[1.340s]         Please avoid running ``setup.py`` and ``easy_install``.
[1.340s]         Instead, use pypa/build, pypa/installer or other
[1.340s]         standards-based tools.
[1.340s] 
[1.340s]         See https://github.com/pypa/setuptools/issues/917 for details.
[1.340s]         ********************************************************************************
[1.340s] 
[1.340s] !!
[1.340s]   easy_install.initialize_options(self)
[1.499s] running egg_info
[1.499s] creating calculator.egg-info
[1.511s] writing calculator.egg-info/PKG-INFO
[1.512s] writing dependency_links to calculator.egg-info/dependency_links.txt
[1.512s] writing entry points to calculator.egg-info/entry_points.txt
[1.512s] writing requirements to calculator.egg-info/requires.txt
[1.513s] writing top-level names to calculator.egg-info/top_level.txt
[1.513s] writing manifest file 'calculator.egg-info/SOURCES.txt'
[1.539s] reading manifest file 'calculator.egg-info/SOURCES.txt'
[1.540s] writing manifest file 'calculator.egg-info/SOURCES.txt'
[1.553s] running build_ext
[1.553s] Creating /home/smkim/ros2_tutorials/robot_ws/install/calculator/lib/python3.10/site-packages/calculator.egg-link (link to .)
[1.554s] Installing argument script to /home/smkim/ros2_tutorials/robot_ws/install/calculator/lib/calculator
[1.555s] Installing calculator script to /home/smkim/ros2_tutorials/robot_ws/install/calculator/lib/calculator
[1.555s] Installing checker script to /home/smkim/ros2_tutorials/robot_ws/install/calculator/lib/calculator
[1.555s] Installing operator script to /home/smkim/ros2_tutorials/robot_ws/install/calculator/lib/calculator
[1.555s] 
[1.555s] Installed /home/smkim/ros2_tutorials/robot_ws/build/calculator
[1.555s] running symlink_data
[1.555s] creating /home/smkim/ros2_tutorials/robot_ws/install/calculator/share/ament_index
[1.556s] creating /home/smkim/ros2_tutorials/robot_ws/install/calculator/share/ament_index/resource_index
[1.556s] creating /home/smkim/ros2_tutorials/robot_ws/install/calculator/share/ament_index/resource_index/packages
[1.556s] symbolically linking /home/smkim/ros2_tutorials/robot_ws/build/calculator/resource/calculator -> /home/smkim/ros2_tutorials/robot_ws/install/calculator/share/ament_index/resource_index/packages
[1.556s] symbolically linking /home/smkim/ros2_tutorials/robot_ws/build/calculator/package.xml -> /home/smkim/ros2_tutorials/robot_ws/install/calculator/share/calculator
[1.557s] creating /home/smkim/ros2_tutorials/robot_ws/install/calculator/share/calculator/launch
[1.557s] creating /home/smkim/ros2_tutorials/robot_ws/install/calculator/share/calculator/param
[1.586s] Invoked command in '/home/smkim/ros2_tutorials/robot_ws/build/calculator' returned '0': PYTHONPATH=/home/smkim/ros2_tutorials/robot_ws/build/calculator/prefix_override:/usr/lib/python3/dist-packages/colcon_core/task/python/colcon_distutils_commands:/home/smkim/ros2_tutorials/robot_ws/install/calculator/lib/python3.10/site-packages:${PYTHONPATH} /usr/bin/python3 -W ignore:setup.py install is deprecated setup.py develop --editable --build-directory /home/smkim/ros2_tutorials/robot_ws/build/calculator/build --no-deps symlink_data
