[0.385s] Invoking command in '/robot_ws/build/tf2_python': PYTHONPATH=/robot_ws/build/tf2_python/prefix_override:/usr/lib/python3/dist-packages/colcon_core/task/python/colcon_distutils_commands:/robot_ws/install/tf2_python/lib/python3.10/site-packages:${PYTHONPATH} /usr/bin/python3 -W ignore:setup.py install is deprecated setup.py develop --editable --build-directory /robot_ws/build/tf2_python/build --no-deps symlink_data
[0.576s] running develop
[0.576s] /usr/lib/python3/dist-packages/setuptools/command/easy_install.py:158: EasyInstallDeprecationWarning: easy_install command is deprecated. Use build and pip and other standards-based tools.
[0.576s]   warnings.warn(
[0.670s] running egg_info
[0.670s] writing tf2_python.egg-info/PKG-INFO
[0.671s] writing dependency_links to tf2_python.egg-info/dependency_links.txt
[0.671s] writing entry points to tf2_python.egg-info/entry_points.txt
[0.671s] writing requirements to tf2_python.egg-info/requires.txt
[0.671s] writing top-level names to tf2_python.egg-info/top_level.txt
[0.673s] reading manifest file 'tf2_python.egg-info/SOURCES.txt'
[0.673s] writing manifest file 'tf2_python.egg-info/SOURCES.txt'
[0.674s] running build_ext
[0.675s] Creating /robot_ws/install/tf2_python/lib/python3.10/site-packages/tf2-python.egg-link (link to .)
[0.675s] Installing static_turtle_tf2_broadcaster script to /robot_ws/install/tf2_python/lib/tf2_python
[0.676s] 
[0.676s] Installed /robot_ws/build/tf2_python
[0.676s] running symlink_data
[0.676s] creating /robot_ws/install/tf2_python/share/my_python_pkg
[0.676s] creating /robot_ws/install/tf2_python/share/my_python_pkg/launch
[0.676s] symbolically linking /robot_ws/build/tf2_python/launch/publish_static_transform.py -> /robot_ws/install/tf2_python/share/my_python_pkg/launch
[0.695s] Invoked command in '/robot_ws/build/tf2_python' returned '0': PYTHONPATH=/robot_ws/build/tf2_python/prefix_override:/usr/lib/python3/dist-packages/colcon_core/task/python/colcon_distutils_commands:/robot_ws/install/tf2_python/lib/python3.10/site-packages:${PYTHONPATH} /usr/bin/python3 -W ignore:setup.py install is deprecated setup.py develop --editable --build-directory /robot_ws/build/tf2_python/build --no-deps symlink_data
