[0.009s] Invoking command in '/home/smkim/ros2_tutorials/robot_ws/build/basic_pkg_cpp': CMAKE_PREFIX_PATH=${CMAKE_PREFIX_PATH}:/home/smkim/ros2_tutorials/robot_ws/install/topic_service_action_rclpy_example:/home/smkim/ros2_tutorials/robot_ws/install/ros2env:/home/smkim/ros2_tutorials/robot_ws/install/calculator:/home/smkim/ros2_tutorials/robot_ws/install/logger:/home/smkim/ros2_tutorials/robot_ws/install/basic_pkg:/opt/ros/humble /usr/bin/cmake /home/smkim/ros2_tutorials/robot_ws/src/basic_pkg_cpp -DAMENT_CMAKE_SYMLINK_INSTALL=1 -DCMAKE_INSTALL_PREFIX=/home/smkim/ros2_tutorials/robot_ws/install/basic_pkg_cpp
[0.114s] -- The C compiler identification is GNU 11.4.0
[0.428s] -- The CXX compiler identification is GNU 11.4.0
[0.714s] -- Detecting C compiler ABI info
[0.820s] -- Detecting C compiler ABI info - done
[0.825s] -- Check for working C compiler: /usr/bin/cc - skipped
[0.825s] -- Detecting C compile features
[0.825s] -- Detecting C compile features - done
[0.828s] -- Detecting CXX compiler ABI info
[0.951s] -- Detecting CXX compiler ABI info - done
[0.959s] -- Check for working CXX compiler: /usr/bin/c++ - skipped
[0.959s] -- Detecting CXX compile features
[0.960s] -- Detecting CXX compile features - done
[0.962s] -- Found ament_cmake: 1.3.9 (/opt/ros/humble/share/ament_cmake/cmake)
[1.242s] -- Found Python3: /usr/bin/python3 (found version "3.10.12") found components: Interpreter 
[1.289s] -- Override CMake install command with custom implementation using symlinks instead of copying resources
[1.306s] -- Found rclcpp: 16.0.9 (/opt/ros/humble/share/rclcpp/cmake)
[1.454s] -- Found rosidl_generator_c: 3.1.5 (/opt/ros/humble/share/rosidl_generator_c/cmake)
[1.457s] -- Found rosidl_adapter: 3.1.5 (/opt/ros/humble/share/rosidl_adapter/cmake)
[1.464s] -- Found rosidl_generator_cpp: 3.1.5 (/opt/ros/humble/share/rosidl_generator_cpp/cmake)
[1.473s] -- Using all available rosidl_typesupport_c: rosidl_typesupport_fastrtps_c;rosidl_typesupport_introspection_c
[1.486s] -- Using all available rosidl_typesupport_cpp: rosidl_typesupport_fastrtps_cpp;rosidl_typesupport_introspection_cpp
[1.532s] -- Found rmw_implementation_cmake: 6.1.2 (/opt/ros/humble/share/rmw_implementation_cmake/cmake)
[1.534s] -- Found rmw_fastrtps_cpp: 6.2.6 (/opt/ros/humble/share/rmw_fastrtps_cpp/cmake)
[2.684s] -- Found OpenSSL: /usr/lib/x86_64-linux-gnu/libcrypto.so (found version "3.0.2")  
[3.860s] -- Found FastRTPS: /opt/ros/humble/include  
[6.231s] -- Using RMW implementation 'rmw_fastrtps_cpp' as default
[6.238s] -- Looking for pthread.h
[6.334s] -- Looking for pthread.h - found
[6.334s] -- Performing Test CMAKE_HAVE_LIBC_PTHREAD
[6.455s] -- Performing Test CMAKE_HAVE_LIBC_PTHREAD - Success
[6.456s] -- Found Threads: TRUE  
[6.565s] -- Found ament_lint_auto: 0.12.11 (/opt/ros/humble/share/ament_lint_auto/cmake)
[6.624s] -- Added test 'cppcheck' to perform static code analysis on C / C++ code
[6.624s] -- Configured cppcheck include dirs: 
[6.624s] -- Configured cppcheck exclude dirs and/or files: 
[6.625s] -- Added test 'lint_cmake' to check CMake code style
[6.626s] -- Added test 'uncrustify' to check C / C++ code style
[6.626s] -- Configured uncrustify additional arguments: 
[6.626s] -- Added test 'xmllint' to check XML markup files
[6.628s] -- Configuring done
[6.641s] -- Generating done
[6.643s] -- Build files have been written to: /home/smkim/ros2_tutorials/robot_ws/build/basic_pkg_cpp
[6.652s] Invoked command in '/home/smkim/ros2_tutorials/robot_ws/build/basic_pkg_cpp' returned '0': CMAKE_PREFIX_PATH=${CMAKE_PREFIX_PATH}:/home/smkim/ros2_tutorials/robot_ws/install/topic_service_action_rclpy_example:/home/smkim/ros2_tutorials/robot_ws/install/ros2env:/home/smkim/ros2_tutorials/robot_ws/install/calculator:/home/smkim/ros2_tutorials/robot_ws/install/logger:/home/smkim/ros2_tutorials/robot_ws/install/basic_pkg:/opt/ros/humble /usr/bin/cmake /home/smkim/ros2_tutorials/robot_ws/src/basic_pkg_cpp -DAMENT_CMAKE_SYMLINK_INSTALL=1 -DCMAKE_INSTALL_PREFIX=/home/smkim/ros2_tutorials/robot_ws/install/basic_pkg_cpp
[6.654s] Invoking command in '/home/smkim/ros2_tutorials/robot_ws/build/basic_pkg_cpp': CMAKE_PREFIX_PATH=${CMAKE_PREFIX_PATH}:/home/smkim/ros2_tutorials/robot_ws/install/topic_service_action_rclpy_example:/home/smkim/ros2_tutorials/robot_ws/install/ros2env:/home/smkim/ros2_tutorials/robot_ws/install/calculator:/home/smkim/ros2_tutorials/robot_ws/install/logger:/home/smkim/ros2_tutorials/robot_ws/install/basic_pkg:/opt/ros/humble /usr/bin/cmake --build /home/smkim/ros2_tutorials/robot_ws/build/basic_pkg_cpp -- -j8 -l8
[6.684s] [ 50%] [32mBuilding CXX object CMakeFiles/helloworld_publisher.dir/src/helloworld_publisher.cpp.o[0m
[6.684s] [ 50%] [32mBuilding CXX object CMakeFiles/helloworld_subscriber.dir/src/helloworld_subscriber.cpp.o[0m
[10.232s] [ 75%] [32m[1mLinking CXX executable helloworld_publisher[0m
[10.460s] [ 75%] Built target helloworld_publisher
[13.195s] [100%] [32m[1mLinking CXX executable helloworld_subscriber[0m
[13.542s] [100%] Built target helloworld_subscriber
[13.550s] Invoked command in '/home/smkim/ros2_tutorials/robot_ws/build/basic_pkg_cpp' returned '0': CMAKE_PREFIX_PATH=${CMAKE_PREFIX_PATH}:/home/smkim/ros2_tutorials/robot_ws/install/topic_service_action_rclpy_example:/home/smkim/ros2_tutorials/robot_ws/install/ros2env:/home/smkim/ros2_tutorials/robot_ws/install/calculator:/home/smkim/ros2_tutorials/robot_ws/install/logger:/home/smkim/ros2_tutorials/robot_ws/install/basic_pkg:/opt/ros/humble /usr/bin/cmake --build /home/smkim/ros2_tutorials/robot_ws/build/basic_pkg_cpp -- -j8 -l8
[13.576s] Invoking command in '/home/smkim/ros2_tutorials/robot_ws/build/basic_pkg_cpp': CMAKE_PREFIX_PATH=${CMAKE_PREFIX_PATH}:/home/smkim/ros2_tutorials/robot_ws/install/topic_service_action_rclpy_example:/home/smkim/ros2_tutorials/robot_ws/install/ros2env:/home/smkim/ros2_tutorials/robot_ws/install/calculator:/home/smkim/ros2_tutorials/robot_ws/install/logger:/home/smkim/ros2_tutorials/robot_ws/install/basic_pkg:/opt/ros/humble /usr/bin/cmake --install /home/smkim/ros2_tutorials/robot_ws/build/basic_pkg_cpp
[13.580s] -- Install configuration: ""
[13.581s] -- Execute custom install script
[13.582s] -- Symlinking: /home/smkim/ros2_tutorials/robot_ws/install/basic_pkg_cpp/lib/$(PROJECT_NAME)/helloworld_publisher
[13.588s] -- Symlinking: /home/smkim/ros2_tutorials/robot_ws/install/basic_pkg_cpp/lib/$(PROJECT_NAME)/helloworld_subscriber
[13.594s] -- Symlinking: /home/smkim/ros2_tutorials/robot_ws/install/basic_pkg_cpp/share/ament_index/resource_index/package_run_dependencies/basic_pkg_cpp
[13.600s] -- Symlinking: /home/smkim/ros2_tutorials/robot_ws/install/basic_pkg_cpp/share/ament_index/resource_index/parent_prefix_path/basic_pkg_cpp
[13.605s] -- Symlinking: /home/smkim/ros2_tutorials/robot_ws/install/basic_pkg_cpp/share/basic_pkg_cpp/environment/ament_prefix_path.sh
[13.610s] -- Symlinking: /home/smkim/ros2_tutorials/robot_ws/install/basic_pkg_cpp/share/basic_pkg_cpp/environment/ament_prefix_path.dsv
[13.616s] -- Symlinking: /home/smkim/ros2_tutorials/robot_ws/install/basic_pkg_cpp/share/basic_pkg_cpp/environment/path.sh
[13.622s] -- Symlinking: /home/smkim/ros2_tutorials/robot_ws/install/basic_pkg_cpp/share/basic_pkg_cpp/environment/path.dsv
[13.627s] -- Symlinking: /home/smkim/ros2_tutorials/robot_ws/install/basic_pkg_cpp/share/basic_pkg_cpp/local_setup.bash
[13.632s] -- Symlinking: /home/smkim/ros2_tutorials/robot_ws/install/basic_pkg_cpp/share/basic_pkg_cpp/local_setup.sh
[13.637s] -- Symlinking: /home/smkim/ros2_tutorials/robot_ws/install/basic_pkg_cpp/share/basic_pkg_cpp/local_setup.zsh
[13.642s] -- Symlinking: /home/smkim/ros2_tutorials/robot_ws/install/basic_pkg_cpp/share/basic_pkg_cpp/local_setup.dsv
[13.648s] -- Symlinking: /home/smkim/ros2_tutorials/robot_ws/install/basic_pkg_cpp/share/basic_pkg_cpp/package.dsv
[13.653s] -- Symlinking: /home/smkim/ros2_tutorials/robot_ws/install/basic_pkg_cpp/share/ament_index/resource_index/packages/basic_pkg_cpp
[13.659s] -- Symlinking: /home/smkim/ros2_tutorials/robot_ws/install/basic_pkg_cpp/share/basic_pkg_cpp/cmake/basic_pkg_cppConfig.cmake
[13.665s] -- Symlinking: /home/smkim/ros2_tutorials/robot_ws/install/basic_pkg_cpp/share/basic_pkg_cpp/cmake/basic_pkg_cppConfig-version.cmake
[13.673s] -- Symlinking: /home/smkim/ros2_tutorials/robot_ws/install/basic_pkg_cpp/share/basic_pkg_cpp/package.xml
[13.681s] Invoked command in '/home/smkim/ros2_tutorials/robot_ws/build/basic_pkg_cpp' returned '0': CMAKE_PREFIX_PATH=${CMAKE_PREFIX_PATH}:/home/smkim/ros2_tutorials/robot_ws/install/topic_service_action_rclpy_example:/home/smkim/ros2_tutorials/robot_ws/install/ros2env:/home/smkim/ros2_tutorials/robot_ws/install/calculator:/home/smkim/ros2_tutorials/robot_ws/install/logger:/home/smkim/ros2_tutorials/robot_ws/install/basic_pkg:/opt/ros/humble /usr/bin/cmake --install /home/smkim/ros2_tutorials/robot_ws/build/basic_pkg_cpp
