[35m[1mConsolidate compiler generated dependencies of target helloworld_subscriber[0m
[35m[1mConsolidate compiler generated dependencies of target helloworld_publisher[0m
[ 50%] Built target helloworld_subscriber
[100%] Built target helloworld_publisher
-- Install configuration: ""
-- Execute custom install script
-- Up-to-date symlink: /home/smkim/ros2_tutorials/robot_ws/install/basic_pkg_cpp/lib/$(PROJECT_NAME)/helloworld_publisher
-- Up-to-date symlink: /home/smkim/ros2_tutorials/robot_ws/install/basic_pkg_cpp/lib/$(PROJECT_NAME)/helloworld_subscriber
-- Up-to-date symlink: /home/smkim/ros2_tutorials/robot_ws/install/basic_pkg_cpp/share/ament_index/resource_index/package_run_dependencies/basic_pkg_cpp
-- Up-to-date symlink: /home/smkim/ros2_tutorials/robot_ws/install/basic_pkg_cpp/share/ament_index/resource_index/parent_prefix_path/basic_pkg_cpp
-- Up-to-date symlink: /home/smkim/ros2_tutorials/robot_ws/install/basic_pkg_cpp/share/basic_pkg_cpp/environment/ament_prefix_path.sh
-- Up-to-date symlink: /home/smkim/ros2_tutorials/robot_ws/install/basic_pkg_cpp/share/basic_pkg_cpp/environment/ament_prefix_path.dsv
-- Up-to-date symlink: /home/smkim/ros2_tutorials/robot_ws/install/basic_pkg_cpp/share/basic_pkg_cpp/environment/path.sh
-- Up-to-date symlink: /home/smkim/ros2_tutorials/robot_ws/install/basic_pkg_cpp/share/basic_pkg_cpp/environment/path.dsv
-- Up-to-date symlink: /home/smkim/ros2_tutorials/robot_ws/install/basic_pkg_cpp/share/basic_pkg_cpp/local_setup.bash
-- Up-to-date symlink: /home/smkim/ros2_tutorials/robot_ws/install/basic_pkg_cpp/share/basic_pkg_cpp/local_setup.sh
-- Up-to-date symlink: /home/smkim/ros2_tutorials/robot_ws/install/basic_pkg_cpp/share/basic_pkg_cpp/local_setup.zsh
-- Up-to-date symlink: /home/smkim/ros2_tutorials/robot_ws/install/basic_pkg_cpp/share/basic_pkg_cpp/local_setup.dsv
-- Symlinking: /home/smkim/ros2_tutorials/robot_ws/install/basic_pkg_cpp/share/basic_pkg_cpp/package.dsv
-- Up-to-date symlink: /home/smkim/ros2_tutorials/robot_ws/install/basic_pkg_cpp/share/ament_index/resource_index/packages/basic_pkg_cpp
-- Up-to-date symlink: /home/smkim/ros2_tutorials/robot_ws/install/basic_pkg_cpp/share/basic_pkg_cpp/cmake/basic_pkg_cppConfig.cmake
-- Up-to-date symlink: /home/smkim/ros2_tutorials/robot_ws/install/basic_pkg_cpp/share/basic_pkg_cpp/cmake/basic_pkg_cppConfig-version.cmake
-- Up-to-date symlink: /home/smkim/ros2_tutorials/robot_ws/install/basic_pkg_cpp/share/basic_pkg_cpp/package.xml
