[0.009s] Invoking command in '/home/smkim/ros2_tutorials/robot_ws/build/basic_pkg_cpp': CMAKE_PREFIX_PATH=${CMAKE_PREFIX_PATH}:/home/smkim/ros2_tutorials/robot_ws/install/topic_service_action_rclpy_example:/home/smkim/ros2_tutorials/robot_ws/install/ros2env:/home/smkim/ros2_tutorials/robot_ws/install/calculator:/home/smkim/ros2_tutorials/robot_ws/install/logger:/home/smkim/ros2_tutorials/robot_ws/install/basic_pkg:/opt/ros/humble /usr/bin/cmake --build /home/smkim/ros2_tutorials/robot_ws/build/basic_pkg_cpp -- -j8 -l8
[0.038s] [35m[1mConsolidate compiler generated dependencies of target helloworld_subscriber[0m
[0.038s] [35m[1mConsolidate compiler generated dependencies of target helloworld_publisher[0m
[0.050s] [ 50%] Built target helloworld_subscriber
[0.051s] [100%] Built target helloworld_publisher
[0.058s] Invoked command in '/home/smkim/ros2_tutorials/robot_ws/build/basic_pkg_cpp' returned '0': CMAKE_PREFIX_PATH=${CMAKE_PREFIX_PATH}:/home/smkim/ros2_tutorials/robot_ws/install/topic_service_action_rclpy_example:/home/smkim/ros2_tutorials/robot_ws/install/ros2env:/home/smkim/ros2_tutorials/robot_ws/install/calculator:/home/smkim/ros2_tutorials/robot_ws/install/logger:/home/smkim/ros2_tutorials/robot_ws/install/basic_pkg:/opt/ros/humble /usr/bin/cmake --build /home/smkim/ros2_tutorials/robot_ws/build/basic_pkg_cpp -- -j8 -l8
[0.084s] Invoking command in '/home/smkim/ros2_tutorials/robot_ws/build/basic_pkg_cpp': CMAKE_PREFIX_PATH=${CMAKE_PREFIX_PATH}:/home/smkim/ros2_tutorials/robot_ws/install/topic_service_action_rclpy_example:/home/smkim/ros2_tutorials/robot_ws/install/ros2env:/home/smkim/ros2_tutorials/robot_ws/install/calculator:/home/smkim/ros2_tutorials/robot_ws/install/logger:/home/smkim/ros2_tutorials/robot_ws/install/basic_pkg:/opt/ros/humble /usr/bin/cmake --install /home/smkim/ros2_tutorials/robot_ws/build/basic_pkg_cpp
[0.088s] -- Install configuration: ""
[0.089s] -- Execute custom install script
[0.089s] -- Up-to-date symlink: /home/smkim/ros2_tutorials/robot_ws/install/basic_pkg_cpp/lib/$(PROJECT_NAME)/helloworld_publisher
[0.089s] -- Up-to-date symlink: /home/smkim/ros2_tutorials/robot_ws/install/basic_pkg_cpp/lib/$(PROJECT_NAME)/helloworld_subscriber
[0.089s] -- Up-to-date symlink: /home/smkim/ros2_tutorials/robot_ws/install/basic_pkg_cpp/share/ament_index/resource_index/package_run_dependencies/basic_pkg_cpp
[0.089s] -- Up-to-date symlink: /home/smkim/ros2_tutorials/robot_ws/install/basic_pkg_cpp/share/ament_index/resource_index/parent_prefix_path/basic_pkg_cpp
[0.089s] -- Up-to-date symlink: /home/smkim/ros2_tutorials/robot_ws/install/basic_pkg_cpp/share/basic_pkg_cpp/environment/ament_prefix_path.sh
[0.090s] -- Up-to-date symlink: /home/smkim/ros2_tutorials/robot_ws/install/basic_pkg_cpp/share/basic_pkg_cpp/environment/ament_prefix_path.dsv
[0.090s] -- Up-to-date symlink: /home/smkim/ros2_tutorials/robot_ws/install/basic_pkg_cpp/share/basic_pkg_cpp/environment/path.sh
[0.090s] -- Up-to-date symlink: /home/smkim/ros2_tutorials/robot_ws/install/basic_pkg_cpp/share/basic_pkg_cpp/environment/path.dsv
[0.090s] -- Up-to-date symlink: /home/smkim/ros2_tutorials/robot_ws/install/basic_pkg_cpp/share/basic_pkg_cpp/local_setup.bash
[0.090s] -- Up-to-date symlink: /home/smkim/ros2_tutorials/robot_ws/install/basic_pkg_cpp/share/basic_pkg_cpp/local_setup.sh
[0.090s] -- Up-to-date symlink: /home/smkim/ros2_tutorials/robot_ws/install/basic_pkg_cpp/share/basic_pkg_cpp/local_setup.zsh
[0.090s] -- Up-to-date symlink: /home/smkim/ros2_tutorials/robot_ws/install/basic_pkg_cpp/share/basic_pkg_cpp/local_setup.dsv
[0.090s] -- Symlinking: /home/smkim/ros2_tutorials/robot_ws/install/basic_pkg_cpp/share/basic_pkg_cpp/package.dsv
[0.096s] -- Up-to-date symlink: /home/smkim/ros2_tutorials/robot_ws/install/basic_pkg_cpp/share/ament_index/resource_index/packages/basic_pkg_cpp
[0.096s] -- Up-to-date symlink: /home/smkim/ros2_tutorials/robot_ws/install/basic_pkg_cpp/share/basic_pkg_cpp/cmake/basic_pkg_cppConfig.cmake
[0.096s] -- Up-to-date symlink: /home/smkim/ros2_tutorials/robot_ws/install/basic_pkg_cpp/share/basic_pkg_cpp/cmake/basic_pkg_cppConfig-version.cmake
[0.096s] -- Up-to-date symlink: /home/smkim/ros2_tutorials/robot_ws/install/basic_pkg_cpp/share/basic_pkg_cpp/package.xml
[0.098s] Invoked command in '/home/smkim/ros2_tutorials/robot_ws/build/basic_pkg_cpp' returned '0': CMAKE_PREFIX_PATH=${CMAKE_PREFIX_PATH}:/home/smkim/ros2_tutorials/robot_ws/install/topic_service_action_rclpy_example:/home/smkim/ros2_tutorials/robot_ws/install/ros2env:/home/smkim/ros2_tutorials/robot_ws/install/calculator:/home/smkim/ros2_tutorials/robot_ws/install/logger:/home/smkim/ros2_tutorials/robot_ws/install/basic_pkg:/opt/ros/humble /usr/bin/cmake --install /home/smkim/ros2_tutorials/robot_ws/build/basic_pkg_cpp
