/usr/bin/ld: /usr/lib/gcc/x86_64-linux-gnu/11/../../../x86_64-linux-gnu/Scrt1.o: in function `_start':
(.text+0x1b): undefined reference to `main'
collect2: error: ld returned 1 exit status
gmake[2]: *** [CMakeFiles/checker.dir/build.make:177: checker] Error 1
gmake[1]: *** [CMakeFiles/Makefile2:195: CMakeFiles/checker.dir/all] Error 2
gmake[1]: *** Waiting for unfinished jobs....
/usr/bin/ld: /usr/lib/gcc/x86_64-linux-gnu/11/../../../x86_64-linux-gnu/Scrt1.o: in function `_start':
(.text+0x1b): undefined reference to `main'
collect2: error: ld returned 1 exit status
gmake[2]: *** [CMakeFiles/operator.dir/build.make:175: operator] Error 1
gmake[1]: *** [CMakeFiles/Makefile2:221: CMakeFiles/operator.dir/all] Error 2
/usr/bin/ld: /usr/lib/gcc/x86_64-linux-gnu/11/../../../x86_64-linux-gnu/Scrt1.o: in function `_start':
(.text+0x1b): undefined reference to `main'
collect2: error: ld returned 1 exit status
gmake[2]: *** [CMakeFiles/argument.dir/build.make:175: argument] Error 1
gmake[1]: *** [CMakeFiles/Makefile2:143: CMakeFiles/argument.dir/all] Error 2
/usr/bin/ld: /usr/lib/gcc/x86_64-linux-gnu/11/../../../x86_64-linux-gnu/Scrt1.o: in function `_start':
(.text+0x1b): undefined reference to `main'
collect2: error: ld returned 1 exit status
gmake[2]: *** [CMakeFiles/calculator.dir/build.make:177: calculator] Error 1
gmake[1]: *** [CMakeFiles/Makefile2:169: CMakeFiles/calculator.dir/all] Error 2
gmake: *** [Makefile:146: all] Error 2
