[0.752s] Invoking command in '/home/smkim/ros2_tutorials/robot_ws/build/topic_service_action_rclpy_example': PYTHONPATH=/home/smkim/ros2_tutorials/robot_ws/build/topic_service_action_rclpy_example/prefix_override:/usr/lib/python3/dist-packages/colcon_core/task/python/colcon_distutils_commands:/home/smkim/ros2_tutorials/robot_ws/install/topic_service_action_rclpy_example/lib/python3.10/site-packages:${PYTHONPATH} /usr/bin/python3 -W ignore:setup.py install is deprecated setup.py develop --editable --build-directory /home/smkim/ros2_tutorials/robot_ws/build/topic_service_action_rclpy_example/build --no-deps symlink_data
[0.864s] /home/smkim/.local/lib/python3.10/site-packages/setuptools/_distutils/dist.py:268: UserWarning: Unknown distribution option: 'tests_require'
[0.864s]   warnings.warn(msg)
[0.986s] running develop
[0.986s] /home/smkim/.local/lib/python3.10/site-packages/setuptools/command/develop.py:42: EasyInstallDeprecationWarning: easy_install command is deprecated.
[0.986s] !!
[0.986s] 
[0.986s]         ********************************************************************************
[0.987s]         Please avoid running ``setup.py`` and ``easy_install``.
[0.987s]         Instead, use pypa/build, pypa/installer or other
[0.987s]         standards-based tools.
[0.987s] 
[0.987s]         See https://github.com/pypa/setuptools/issues/917 for details.
[0.987s]         ********************************************************************************
[0.987s] 
[0.987s] !!
[0.987s]   easy_install.initialize_options(self)
[1.140s] running egg_info
[1.140s] creating topic_service_action_rclpy_example.egg-info
[1.152s] writing topic_service_action_rclpy_example.egg-info/PKG-INFO
[1.153s] writing dependency_links to topic_service_action_rclpy_example.egg-info/dependency_links.txt
[1.153s] writing entry points to topic_service_action_rclpy_example.egg-info/entry_points.txt
[1.153s] writing requirements to topic_service_action_rclpy_example.egg-info/requires.txt
[1.154s] writing top-level names to topic_service_action_rclpy_example.egg-info/top_level.txt
[1.154s] writing manifest file 'topic_service_action_rclpy_example.egg-info/SOURCES.txt'
[1.179s] reading manifest file 'topic_service_action_rclpy_example.egg-info/SOURCES.txt'
[1.180s] writing manifest file 'topic_service_action_rclpy_example.egg-info/SOURCES.txt'
[1.193s] running build_ext
[1.193s] Creating /home/smkim/ros2_tutorials/robot_ws/install/topic_service_action_rclpy_example/lib/python3.10/site-packages/topic-service-action-rclpy-example.egg-link (link to .)
[1.193s] Installing argument script to /home/smkim/ros2_tutorials/robot_ws/install/topic_service_action_rclpy_example/lib/topic_service_action_rclpy_example
[1.194s] Installing calculator script to /home/smkim/ros2_tutorials/robot_ws/install/topic_service_action_rclpy_example/lib/topic_service_action_rclpy_example
[1.194s] Installing checker script to /home/smkim/ros2_tutorials/robot_ws/install/topic_service_action_rclpy_example/lib/topic_service_action_rclpy_example
[1.194s] Installing operator script to /home/smkim/ros2_tutorials/robot_ws/install/topic_service_action_rclpy_example/lib/topic_service_action_rclpy_example
[1.195s] 
[1.195s] Installed /home/smkim/ros2_tutorials/robot_ws/build/topic_service_action_rclpy_example
[1.195s] running symlink_data
[1.195s] creating /home/smkim/ros2_tutorials/robot_ws/install/topic_service_action_rclpy_example/share/ament_index
[1.195s] creating /home/smkim/ros2_tutorials/robot_ws/install/topic_service_action_rclpy_example/share/ament_index/resource_index
[1.196s] creating /home/smkim/ros2_tutorials/robot_ws/install/topic_service_action_rclpy_example/share/ament_index/resource_index/packages
[1.196s] symbolically linking /home/smkim/ros2_tutorials/robot_ws/build/topic_service_action_rclpy_example/resource/topic_service_action_rclpy_example -> /home/smkim/ros2_tutorials/robot_ws/install/topic_service_action_rclpy_example/share/ament_index/resource_index/packages
[1.196s] symbolically linking /home/smkim/ros2_tutorials/robot_ws/build/topic_service_action_rclpy_example/package.xml -> /home/smkim/ros2_tutorials/robot_ws/install/topic_service_action_rclpy_example/share/topic_service_action_rclpy_example
[1.196s] creating /home/smkim/ros2_tutorials/robot_ws/install/topic_service_action_rclpy_example/share/topic_service_action_rclpy_example/launch
[1.196s] symbolically linking /home/smkim/ros2_tutorials/robot_ws/build/topic_service_action_rclpy_example/launch/arithmetic.launch.py -> /home/smkim/ros2_tutorials/robot_ws/install/topic_service_action_rclpy_example/share/topic_service_action_rclpy_example/launch
[1.197s] creating /home/smkim/ros2_tutorials/robot_ws/install/topic_service_action_rclpy_example/share/topic_service_action_rclpy_example/param
[1.197s] symbolically linking /home/smkim/ros2_tutorials/robot_ws/build/topic_service_action_rclpy_example/param/arithmetic_config.yaml -> /home/smkim/ros2_tutorials/robot_ws/install/topic_service_action_rclpy_example/share/topic_service_action_rclpy_example/param
[1.225s] Invoked command in '/home/smkim/ros2_tutorials/robot_ws/build/topic_service_action_rclpy_example' returned '0': PYTHONPATH=/home/smkim/ros2_tutorials/robot_ws/build/topic_service_action_rclpy_example/prefix_override:/usr/lib/python3/dist-packages/colcon_core/task/python/colcon_distutils_commands:/home/smkim/ros2_tutorials/robot_ws/install/topic_service_action_rclpy_example/lib/python3.10/site-packages:${PYTHONPATH} /usr/bin/python3 -W ignore:setup.py install is deprecated setup.py develop --editable --build-directory /home/smkim/ros2_tutorials/robot_ws/build/topic_service_action_rclpy_example/build --no-deps symlink_data
