[0.078s] Invoking command in '/home/smkim/ros2_tutorials/robot_ws/build/calculator_cpp': CMAKE_PREFIX_PATH=/home/smkim/ros2_tutorials/robot_ws/install/msg_srv_action_interface_example:/home/smkim/ros2_tutorials/robot_ws/install/calculator_cpp:/home/smkim/ros2_tutorials/robot_ws/install/basic_pkg_cpp:/home/smkim/ros2_tutorials/robot_ws/install/topic_service_action_rclpy_example:/home/smkim/ros2_tutorials/robot_ws/install/ros2env:/home/smkim/ros2_tutorials/robot_ws/install/calculator:/home/smkim/ros2_tutorials/robot_ws/install/logger:/home/smkim/ros2_tutorials/robot_ws/install/basic_pkg:/opt/ros/humble /usr/bin/cmake --build /home/smkim/ros2_tutorials/robot_ws/build/calculator_cpp -- -j8 -l8
[0.113s] [35m[1mConsolidate compiler generated dependencies of target calculator[0m
[0.119s] [ 12%] [32mBuilding CXX object CMakeFiles/operator.dir/src/operator.cpp.o[0m
[0.119s] [ 37%] Built target checker
[0.123s] [ 62%] Built target argument
[0.131s] [ 75%] [32mBuilding CXX object CMakeFiles/calculator.dir/src/calculator.cpp.o[0m
[3.629s] [ 87%] [32m[1mLinking CXX executable operator[0m
[3.848s] [ 87%] Built target operator
[8.647s] [100%] [32m[1mLinking CXX executable calculator[0m
[9.116s] [100%] Built target calculator
[9.124s] Invoked command in '/home/smkim/ros2_tutorials/robot_ws/build/calculator_cpp' returned '0': CMAKE_PREFIX_PATH=/home/smkim/ros2_tutorials/robot_ws/install/msg_srv_action_interface_example:/home/smkim/ros2_tutorials/robot_ws/install/calculator_cpp:/home/smkim/ros2_tutorials/robot_ws/install/basic_pkg_cpp:/home/smkim/ros2_tutorials/robot_ws/install/topic_service_action_rclpy_example:/home/smkim/ros2_tutorials/robot_ws/install/ros2env:/home/smkim/ros2_tutorials/robot_ws/install/calculator:/home/smkim/ros2_tutorials/robot_ws/install/logger:/home/smkim/ros2_tutorials/robot_ws/install/basic_pkg:/opt/ros/humble /usr/bin/cmake --build /home/smkim/ros2_tutorials/robot_ws/build/calculator_cpp -- -j8 -l8
[9.155s] Invoking command in '/home/smkim/ros2_tutorials/robot_ws/build/calculator_cpp': CMAKE_PREFIX_PATH=/home/smkim/ros2_tutorials/robot_ws/install/msg_srv_action_interface_example:/home/smkim/ros2_tutorials/robot_ws/install/calculator_cpp:/home/smkim/ros2_tutorials/robot_ws/install/basic_pkg_cpp:/home/smkim/ros2_tutorials/robot_ws/install/topic_service_action_rclpy_example:/home/smkim/ros2_tutorials/robot_ws/install/ros2env:/home/smkim/ros2_tutorials/robot_ws/install/calculator:/home/smkim/ros2_tutorials/robot_ws/install/logger:/home/smkim/ros2_tutorials/robot_ws/install/basic_pkg:/opt/ros/humble /usr/bin/cmake --install /home/smkim/ros2_tutorials/robot_ws/build/calculator_cpp
[9.161s] -- Install configuration: ""
[9.161s] -- Execute custom install script
[9.162s] -- Up-to-date symlink: /home/smkim/ros2_tutorials/robot_ws/install/calculator_cpp/lib/calculator_cpp/argument
[9.162s] -- Up-to-date symlink: /home/smkim/ros2_tutorials/robot_ws/install/calculator_cpp/lib/calculator_cpp/calculator
[9.162s] -- Up-to-date symlink: /home/smkim/ros2_tutorials/robot_ws/install/calculator_cpp/lib/calculator_cpp/checker
[9.162s] -- Up-to-date symlink: /home/smkim/ros2_tutorials/robot_ws/install/calculator_cpp/lib/calculator_cpp/operator
[9.162s] -- Up-to-date symlink: /home/smkim/ros2_tutorials/robot_ws/install/calculator_cpp/share/ament_index/resource_index/package_run_dependencies/calculator_cpp
[9.163s] -- Up-to-date symlink: /home/smkim/ros2_tutorials/robot_ws/install/calculator_cpp/share/ament_index/resource_index/parent_prefix_path/calculator_cpp
[9.163s] -- Up-to-date symlink: /home/smkim/ros2_tutorials/robot_ws/install/calculator_cpp/share/calculator_cpp/environment/ament_prefix_path.sh
[9.163s] -- Up-to-date symlink: /home/smkim/ros2_tutorials/robot_ws/install/calculator_cpp/share/calculator_cpp/environment/ament_prefix_path.dsv
[9.163s] -- Up-to-date symlink: /home/smkim/ros2_tutorials/robot_ws/install/calculator_cpp/share/calculator_cpp/environment/path.sh
[9.163s] -- Up-to-date symlink: /home/smkim/ros2_tutorials/robot_ws/install/calculator_cpp/share/calculator_cpp/environment/path.dsv
[9.163s] -- Up-to-date symlink: /home/smkim/ros2_tutorials/robot_ws/install/calculator_cpp/share/calculator_cpp/local_setup.bash
[9.164s] -- Up-to-date symlink: /home/smkim/ros2_tutorials/robot_ws/install/calculator_cpp/share/calculator_cpp/local_setup.sh
[9.164s] -- Up-to-date symlink: /home/smkim/ros2_tutorials/robot_ws/install/calculator_cpp/share/calculator_cpp/local_setup.zsh
[9.164s] -- Up-to-date symlink: /home/smkim/ros2_tutorials/robot_ws/install/calculator_cpp/share/calculator_cpp/local_setup.dsv
[9.164s] -- Symlinking: /home/smkim/ros2_tutorials/robot_ws/install/calculator_cpp/share/calculator_cpp/package.dsv
[9.172s] -- Up-to-date symlink: /home/smkim/ros2_tutorials/robot_ws/install/calculator_cpp/share/ament_index/resource_index/packages/calculator_cpp
[9.172s] -- Up-to-date symlink: /home/smkim/ros2_tutorials/robot_ws/install/calculator_cpp/share/calculator_cpp/cmake/calculator_cppConfig.cmake
[9.172s] -- Up-to-date symlink: /home/smkim/ros2_tutorials/robot_ws/install/calculator_cpp/share/calculator_cpp/cmake/calculator_cppConfig-version.cmake
[9.172s] -- Up-to-date symlink: /home/smkim/ros2_tutorials/robot_ws/install/calculator_cpp/share/calculator_cpp/package.xml
[9.175s] Invoked command in '/home/smkim/ros2_tutorials/robot_ws/build/calculator_cpp' returned '0': CMAKE_PREFIX_PATH=/home/smkim/ros2_tutorials/robot_ws/install/msg_srv_action_interface_example:/home/smkim/ros2_tutorials/robot_ws/install/calculator_cpp:/home/smkim/ros2_tutorials/robot_ws/install/basic_pkg_cpp:/home/smkim/ros2_tutorials/robot_ws/install/topic_service_action_rclpy_example:/home/smkim/ros2_tutorials/robot_ws/install/ros2env:/home/smkim/ros2_tutorials/robot_ws/install/calculator:/home/smkim/ros2_tutorials/robot_ws/install/logger:/home/smkim/ros2_tutorials/robot_ws/install/basic_pkg:/opt/ros/humble /usr/bin/cmake --install /home/smkim/ros2_tutorials/robot_ws/build/calculator_cpp
