-- Found ament_cmake: 1.3.9 (/opt/ros/humble/share/ament_cmake/cmake)
-- Override CMake install command with custom implementation using symlinks instead of copying resources
-- Found msg_srv_action_interface_example: 0.0.0 (/home/smkim/ros2_tutorials/robot_ws/install/msg_srv_action_interface_example/share/msg_srv_action_interface_example/cmake)
-- Found rosidl_generator_c: 3.1.5 (/opt/ros/humble/share/rosidl_generator_c/cmake)
-- Found rosidl_adapter: 3.1.5 (/opt/ros/humble/share/rosidl_adapter/cmake)
-- Found rosidl_generator_cpp: 3.1.5 (/opt/ros/humble/share/rosidl_generator_cpp/cmake)
-- Using all available rosidl_typesupport_c: rosidl_typesupport_fastrtps_c;rosidl_typesupport_introspection_c
-- Using all available rosidl_typesupport_cpp: rosidl_typesupport_fastrtps_cpp;rosidl_typesupport_introspection_cpp
-- Found rclcpp: 16.0.9 (/opt/ros/humble/share/rclcpp/cmake)
-- Found rmw_implementation_cmake: 6.1.2 (/opt/ros/humble/share/rmw_implementation_cmake/cmake)
-- Found rmw_fastrtps_cpp: 6.2.6 (/opt/ros/humble/share/rmw_fastrtps_cpp/cmake)
-- Using RMW implementation 'rmw_fastrtps_cpp' as default
-- Found rclcpp_action: 16.0.9 (/opt/ros/humble/share/rclcpp_action/cmake)
-- Found ament_lint_auto: 0.12.11 (/opt/ros/humble/share/ament_lint_auto/cmake)
-- Added test 'copyright' to check source files copyright and LICENSE
-- Added test 'cppcheck' to perform static code analysis on C / C++ code
-- Configured cppcheck include dirs: /home/smkim/ros2_tutorials/robot_ws/src/calculator_cpp/include
-- Configured cppcheck exclude dirs and/or files: 
-- Added test 'cpplint' to check C / C++ code against the Google style
-- Configured cpplint exclude dirs and/or files: 
-- Added test 'lint_cmake' to check CMake code style
-- Added test 'uncrustify' to check C / C++ code style
-- Configured uncrustify additional arguments: 
-- Added test 'xmllint' to check XML markup files
-- Configuring done
-- Generating done
-- Build files have been written to: /home/smkim/ros2_tutorials/robot_ws/build/calculator_cpp
[35m[1mConsolidate compiler generated dependencies of target checker[0m
[35m[1mConsolidate compiler generated dependencies of target operator[0m
[35m[1mConsolidate compiler generated dependencies of target argument[0m
[35m[1mConsolidate compiler generated dependencies of target calculator[0m
[ 75%] Built target checker
[ 75%] Built target calculator
[ 87%] Built target operator
[100%] Built target argument
-- Install configuration: ""
-- Execute custom install script
-- Up-to-date symlink: /home/smkim/ros2_tutorials/robot_ws/install/calculator_cpp/lib/calculator_cpp/argument
-- Up-to-date symlink: /home/smkim/ros2_tutorials/robot_ws/install/calculator_cpp/lib/calculator_cpp/calculator
-- Up-to-date symlink: /home/smkim/ros2_tutorials/robot_ws/install/calculator_cpp/lib/calculator_cpp/checker
-- Up-to-date symlink: /home/smkim/ros2_tutorials/robot_ws/install/calculator_cpp/lib/calculator_cpp/operator
-- Symlinking: /home/smkim/ros2_tutorials/robot_ws/install/calculator_cpp/share/ament_index/resource_index/package_run_dependencies/calculator_cpp
-- Symlinking: /home/smkim/ros2_tutorials/robot_ws/install/calculator_cpp/share/ament_index/resource_index/parent_prefix_path/calculator_cpp
-- Symlinking: /home/smkim/ros2_tutorials/robot_ws/install/calculator_cpp/share/calculator_cpp/environment/ament_prefix_path.sh
-- Symlinking: /home/smkim/ros2_tutorials/robot_ws/install/calculator_cpp/share/calculator_cpp/environment/ament_prefix_path.dsv
-- Symlinking: /home/smkim/ros2_tutorials/robot_ws/install/calculator_cpp/share/calculator_cpp/environment/path.sh
-- Symlinking: /home/smkim/ros2_tutorials/robot_ws/install/calculator_cpp/share/calculator_cpp/environment/path.dsv
-- Symlinking: /home/smkim/ros2_tutorials/robot_ws/install/calculator_cpp/share/calculator_cpp/local_setup.bash
-- Symlinking: /home/smkim/ros2_tutorials/robot_ws/install/calculator_cpp/share/calculator_cpp/local_setup.sh
-- Symlinking: /home/smkim/ros2_tutorials/robot_ws/install/calculator_cpp/share/calculator_cpp/local_setup.zsh
-- Symlinking: /home/smkim/ros2_tutorials/robot_ws/install/calculator_cpp/share/calculator_cpp/local_setup.dsv
-- Symlinking: /home/smkim/ros2_tutorials/robot_ws/install/calculator_cpp/share/calculator_cpp/package.dsv
-- Symlinking: /home/smkim/ros2_tutorials/robot_ws/install/calculator_cpp/share/ament_index/resource_index/packages/calculator_cpp
-- Symlinking: /home/smkim/ros2_tutorials/robot_ws/install/calculator_cpp/share/calculator_cpp/cmake/calculator_cppConfig.cmake
-- Symlinking: /home/smkim/ros2_tutorials/robot_ws/install/calculator_cpp/share/calculator_cpp/cmake/calculator_cppConfig-version.cmake
-- Symlinking: /home/smkim/ros2_tutorials/robot_ws/install/calculator_cpp/share/calculator_cpp/package.xml
