[0.371s] Invoking command in '/robot_ws/build/tf2_python': PYTHONPATH=/robot_ws/build/tf2_python/prefix_override:/usr/lib/python3/dist-packages/colcon_core/task/python/colcon_distutils_commands:/robot_ws/install/tf2_python/lib/python3.10/site-packages:${PYTHONPATH} /usr/bin/python3 -W ignore:setup.py install is deprecated setup.py develop --editable --build-directory /robot_ws/build/tf2_python/build --no-deps symlink_data
[0.522s] running develop
[0.522s] /usr/lib/python3/dist-packages/setuptools/command/easy_install.py:158: EasyInstallDeprecationWarning: easy_install command is deprecated. Use build and pip and other standards-based tools.
[0.522s]   warnings.warn(
[0.614s] running egg_info
[0.614s] writing tf2_python.egg-info/PKG-INFO
[0.614s] writing dependency_links to tf2_python.egg-info/dependency_links.txt
[0.614s] writing entry points to tf2_python.egg-info/entry_points.txt
[0.614s] writing requirements to tf2_python.egg-info/requires.txt
[0.614s] writing top-level names to tf2_python.egg-info/top_level.txt
[0.615s] reading manifest file 'tf2_python.egg-info/SOURCES.txt'
[0.616s] writing manifest file 'tf2_python.egg-info/SOURCES.txt'
[0.618s] running build_ext
[0.618s] Creating /robot_ws/install/tf2_python/lib/python3.10/site-packages/tf2-python.egg-link (link to .)
[0.619s] Installing static_turtle_tf2_broadcaster script to /robot_ws/install/tf2_python/lib/tf2_python
[0.619s] 
[0.620s] Installed /robot_ws/build/tf2_python
[0.620s] running symlink_data
[0.620s] creating /robot_ws/install/tf2_python/share/tf2_python/launch
[0.620s] symbolically linking /robot_ws/build/tf2_python/launch/publish_static_transform.py -> /robot_ws/install/tf2_python/share/tf2_python/launch
[0.641s] Invoked command in '/robot_ws/build/tf2_python' returned '0': PYTHONPATH=/robot_ws/build/tf2_python/prefix_override:/usr/lib/python3/dist-packages/colcon_core/task/python/colcon_distutils_commands:/robot_ws/install/tf2_python/lib/python3.10/site-packages:${PYTHONPATH} /usr/bin/python3 -W ignore:setup.py install is deprecated setup.py develop --editable --build-directory /robot_ws/build/tf2_python/build --no-deps symlink_data
