[0.014s] Invoking command in '/robot_ws/build/tf2_cpp_': CMAKE_PREFIX_PATH=${CMAKE_PREFIX_PATH}:/robot_ws/install/tf2_python:/robot_ws/install/ros2env:/robot_ws/install/calculator:/robot_ws/install/logger:/robot_ws/install/basic_pkg:/opt/ros/humble /usr/bin/cmake --build /robot_ws/build/tf2_cpp_ -- -j8 -l8
[0.055s] [ 50%] Built target turtle_tf2_broadcaster
[0.056s] [ 50%] Built target turtle_tf2_listener
[0.056s] [ 75%] Built target fixed_frame_tf2_broadcaster
[0.057s] [100%] Built target static_turtle_tf2_broadcaster
[0.064s] Invoked command in '/robot_ws/build/tf2_cpp_' returned '0': CMAKE_PREFIX_PATH=${CMAKE_PREFIX_PATH}:/robot_ws/install/tf2_python:/robot_ws/install/ros2env:/robot_ws/install/calculator:/robot_ws/install/logger:/robot_ws/install/basic_pkg:/opt/ros/humble /usr/bin/cmake --build /robot_ws/build/tf2_cpp_ -- -j8 -l8
[0.095s] Invoking command in '/robot_ws/build/tf2_cpp_': CMAKE_PREFIX_PATH=${CMAKE_PREFIX_PATH}:/robot_ws/install/tf2_python:/robot_ws/install/ros2env:/robot_ws/install/calculator:/robot_ws/install/logger:/robot_ws/install/basic_pkg:/opt/ros/humble /usr/bin/cmake --install /robot_ws/build/tf2_cpp_
[0.099s] -- Install configuration: ""
[0.099s] -- Up-to-date: /robot_ws/install/tf2_cpp_/lib/tf2_cpp_/static_turtle_tf2_broadcaster
[0.100s] -- Up-to-date: /robot_ws/install/tf2_cpp_/lib/tf2_cpp_/turtle_tf2_broadcaster
[0.100s] -- Up-to-date: /robot_ws/install/tf2_cpp_/lib/tf2_cpp_/turtle_tf2_listener
[0.100s] -- Up-to-date: /robot_ws/install/tf2_cpp_/lib/tf2_cpp_/fixed_frame_tf2_broadcaster
[0.100s] -- Up-to-date: /robot_ws/install/tf2_cpp_/share/tf2_cpp_/launch
[0.100s] -- Installing: /robot_ws/install/tf2_cpp_/share/tf2_cpp_/launch/turtle_tf2_fixed_frame_demo.launch.py
[0.100s] -- Up-to-date: /robot_ws/install/tf2_cpp_/share/tf2_cpp_/launch/static_transform_publisher.launch.py
[0.100s] -- Up-to-date: /robot_ws/install/tf2_cpp_/share/tf2_cpp_/launch/turtle_tf2_demo.launch.py
[0.101s] -- Up-to-date: /robot_ws/install/tf2_cpp_/share/ament_index/resource_index/package_run_dependencies/tf2_cpp_
[0.101s] -- Up-to-date: /robot_ws/install/tf2_cpp_/share/ament_index/resource_index/parent_prefix_path/tf2_cpp_
[0.101s] -- Up-to-date: /robot_ws/install/tf2_cpp_/share/tf2_cpp_/environment/ament_prefix_path.sh
[0.101s] -- Up-to-date: /robot_ws/install/tf2_cpp_/share/tf2_cpp_/environment/ament_prefix_path.dsv
[0.101s] -- Up-to-date: /robot_ws/install/tf2_cpp_/share/tf2_cpp_/environment/path.sh
[0.101s] -- Up-to-date: /robot_ws/install/tf2_cpp_/share/tf2_cpp_/environment/path.dsv
[0.101s] -- Up-to-date: /robot_ws/install/tf2_cpp_/share/tf2_cpp_/local_setup.bash
[0.101s] -- Up-to-date: /robot_ws/install/tf2_cpp_/share/tf2_cpp_/local_setup.sh
[0.101s] -- Up-to-date: /robot_ws/install/tf2_cpp_/share/tf2_cpp_/local_setup.zsh
[0.101s] -- Up-to-date: /robot_ws/install/tf2_cpp_/share/tf2_cpp_/local_setup.dsv
[0.101s] -- Installing: /robot_ws/install/tf2_cpp_/share/tf2_cpp_/package.dsv
[0.101s] -- Up-to-date: /robot_ws/install/tf2_cpp_/share/ament_index/resource_index/packages/tf2_cpp_
[0.101s] -- Up-to-date: /robot_ws/install/tf2_cpp_/share/tf2_cpp_/cmake/tf2_cpp_Config.cmake
[0.102s] -- Up-to-date: /robot_ws/install/tf2_cpp_/share/tf2_cpp_/cmake/tf2_cpp_Config-version.cmake
[0.102s] -- Up-to-date: /robot_ws/install/tf2_cpp_/share/tf2_cpp_/package.xml
[0.103s] Invoked command in '/robot_ws/build/tf2_cpp_' returned '0': CMAKE_PREFIX_PATH=${CMAKE_PREFIX_PATH}:/robot_ws/install/tf2_python:/robot_ws/install/ros2env:/robot_ws/install/calculator:/robot_ws/install/logger:/robot_ws/install/basic_pkg:/opt/ros/humble /usr/bin/cmake --install /robot_ws/build/tf2_cpp_
