[0.602s] Invoking command in '/home/smkim/ros2_tutorials/robot_ws/build/basic_pkg': PYTHONPATH=/home/smkim/ros2_tutorials/robot_ws/build/basic_pkg/prefix_override:/usr/lib/python3/dist-packages/colcon_core/task/python/colcon_distutils_commands:/home/smkim/ros2_tutorials/robot_ws/install/basic_pkg/lib/python3.10/site-packages:${PYTHONPATH} /usr/bin/python3 -W ignore:setup.py install is deprecated setup.py develop --editable --build-directory /home/smkim/ros2_tutorials/robot_ws/build/basic_pkg/build --no-deps symlink_data
[0.719s] /home/smkim/.local/lib/python3.10/site-packages/setuptools/_distutils/dist.py:268: UserWarning: Unknown distribution option: 'tests_require'
[0.719s]   warnings.warn(msg)
[0.846s] running develop
[0.846s] /home/smkim/.local/lib/python3.10/site-packages/setuptools/command/develop.py:42: EasyInstallDeprecationWarning: easy_install command is deprecated.
[0.846s] !!
[0.846s] 
[0.846s]         ********************************************************************************
[0.846s]         Please avoid running ``setup.py`` and ``easy_install``.
[0.846s]         Instead, use pypa/build, pypa/installer or other
[0.846s]         standards-based tools.
[0.847s] 
[0.847s]         See https://github.com/pypa/setuptools/issues/917 for details.
[0.847s]         ********************************************************************************
[0.847s] 
[0.847s] !!
[0.847s]   easy_install.initialize_options(self)
[1.018s] running egg_info
[1.031s] writing basic_pkg.egg-info/PKG-INFO
[1.031s] writing dependency_links to basic_pkg.egg-info/dependency_links.txt
[1.031s] writing entry points to basic_pkg.egg-info/entry_points.txt
[1.032s] writing requirements to basic_pkg.egg-info/requires.txt
[1.032s] writing top-level names to basic_pkg.egg-info/top_level.txt
[1.058s] reading manifest file 'basic_pkg.egg-info/SOURCES.txt'
[1.058s] writing manifest file 'basic_pkg.egg-info/SOURCES.txt'
[1.071s] running build_ext
[1.071s] Creating /home/smkim/ros2_tutorials/robot_ws/install/basic_pkg/lib/python3.10/site-packages/basic-pkg.egg-link (link to .)
[1.072s] Installing helloworld_publisher script to /home/smkim/ros2_tutorials/robot_ws/install/basic_pkg/lib/basic_pkg
[1.072s] Installing helloworld_subscriber script to /home/smkim/ros2_tutorials/robot_ws/install/basic_pkg/lib/basic_pkg
[1.072s] 
[1.072s] Installed /home/smkim/ros2_tutorials/robot_ws/build/basic_pkg
[1.073s] running symlink_data
[1.099s] Invoked command in '/home/smkim/ros2_tutorials/robot_ws/build/basic_pkg' returned '0': PYTHONPATH=/home/smkim/ros2_tutorials/robot_ws/build/basic_pkg/prefix_override:/usr/lib/python3/dist-packages/colcon_core/task/python/colcon_distutils_commands:/home/smkim/ros2_tutorials/robot_ws/install/basic_pkg/lib/python3.10/site-packages:${PYTHONPATH} /usr/bin/python3 -W ignore:setup.py install is deprecated setup.py develop --editable --build-directory /home/smkim/ros2_tutorials/robot_ws/build/basic_pkg/build --no-deps symlink_data
