[0.389s] Invoking command in '/robot_ws/build/urdf_tutorial_r2d2': PYTHONPATH=/robot_ws/build/urdf_tutorial_r2d2/prefix_override:/usr/lib/python3/dist-packages/colcon_core/task/python/colcon_distutils_commands:/robot_ws/install/urdf_tutorial_r2d2/lib/python3.10/site-packages:${PYTHONPATH} /usr/bin/python3 -W ignore:setup.py install is deprecated setup.py develop --editable --build-directory /robot_ws/build/urdf_tutorial_r2d2/build --no-deps symlink_data
[0.549s] running develop
[0.550s] /usr/lib/python3/dist-packages/setuptools/command/easy_install.py:158: EasyInstallDeprecationWarning: easy_install command is deprecated. Use build and pip and other standards-based tools.
[0.550s]   warnings.warn(
[0.626s] running egg_info
[0.626s] creating urdf_tutorial_r2d2.egg-info
[0.626s] writing urdf_tutorial_r2d2.egg-info/PKG-INFO
[0.627s] writing dependency_links to urdf_tutorial_r2d2.egg-info/dependency_links.txt
[0.627s] writing entry points to urdf_tutorial_r2d2.egg-info/entry_points.txt
[0.627s] writing requirements to urdf_tutorial_r2d2.egg-info/requires.txt
[0.627s] writing top-level names to urdf_tutorial_r2d2.egg-info/top_level.txt
[0.627s] writing manifest file 'urdf_tutorial_r2d2.egg-info/SOURCES.txt'
[0.628s] reading manifest file 'urdf_tutorial_r2d2.egg-info/SOURCES.txt'
[0.629s] writing manifest file 'urdf_tutorial_r2d2.egg-info/SOURCES.txt'
[0.630s] running build_ext
[0.630s] Creating /robot_ws/install/urdf_tutorial_r2d2/lib/python3.10/site-packages/urdf-tutorial-r2d2.egg-link (link to .)
[0.631s] Installing state_publisher script to /robot_ws/install/urdf_tutorial_r2d2/lib/urdf_tutorial_r2d2
[0.631s] 
[0.631s] Installed /robot_ws/build/urdf_tutorial_r2d2
[0.631s] running symlink_data
[0.632s] creating /robot_ws/install/urdf_tutorial_r2d2/share/ament_index
[0.632s] creating /robot_ws/install/urdf_tutorial_r2d2/share/ament_index/resource_index
[0.632s] creating /robot_ws/install/urdf_tutorial_r2d2/share/ament_index/resource_index/packages
[0.632s] symbolically linking /robot_ws/build/urdf_tutorial_r2d2/resource/urdf_tutorial_r2d2 -> /robot_ws/install/urdf_tutorial_r2d2/share/ament_index/resource_index/packages
[0.633s] symbolically linking /robot_ws/build/urdf_tutorial_r2d2/package.xml -> /robot_ws/install/urdf_tutorial_r2d2/share/urdf_tutorial_r2d2
[0.633s] creating /robot_ws/install/urdf_tutorial_r2d2/share/urdf_tutorial_r2d2/launch
[0.633s] symbolically linking /robot_ws/build/urdf_tutorial_r2d2/launch/demo.launch.py -> /robot_ws/install/urdf_tutorial_r2d2/share/urdf_tutorial_r2d2/launch
[0.633s] symbolically linking /robot_ws/build/urdf_tutorial_r2d2/urdf/r2d2.urdf.xml -> /robot_ws/install/urdf_tutorial_r2d2/share/urdf_tutorial_r2d2
[0.633s] symbolically linking /robot_ws/build/urdf_tutorial_r2d2/urdf/r2d2.rviz -> /robot_ws/install/urdf_tutorial_r2d2/share/urdf_tutorial_r2d2
[0.656s] Invoked command in '/robot_ws/build/urdf_tutorial_r2d2' returned '0': PYTHONPATH=/robot_ws/build/urdf_tutorial_r2d2/prefix_override:/usr/lib/python3/dist-packages/colcon_core/task/python/colcon_distutils_commands:/robot_ws/install/urdf_tutorial_r2d2/lib/python3.10/site-packages:${PYTHONPATH} /usr/bin/python3 -W ignore:setup.py install is deprecated setup.py develop --editable --build-directory /robot_ws/build/urdf_tutorial_r2d2/build --no-deps symlink_data
