running egg_info
creating ../../build/basic_pkg/basic_pkg.egg-info
writing ../../build/basic_pkg/basic_pkg.egg-info/PKG-INFO
writing dependency_links to ../../build/basic_pkg/basic_pkg.egg-info/dependency_links.txt
writing entry points to ../../build/basic_pkg/basic_pkg.egg-info/entry_points.txt
writing requirements to ../../build/basic_pkg/basic_pkg.egg-info/requires.txt
writing top-level names to ../../build/basic_pkg/basic_pkg.egg-info/top_level.txt
writing manifest file '../../build/basic_pkg/basic_pkg.egg-info/SOURCES.txt'
reading manifest file '../../build/basic_pkg/basic_pkg.egg-info/SOURCES.txt'
writing manifest file '../../build/basic_pkg/basic_pkg.egg-info/SOURCES.txt'
running build
running build_py
creating /robot_ws/build/basic_pkg/build
creating /robot_ws/build/basic_pkg/build/lib
creating /robot_ws/build/basic_pkg/build/lib/basic_pkg
copying basic_pkg/helloworld_publisher.py -> /robot_ws/build/basic_pkg/build/lib/basic_pkg
copying basic_pkg/__init__.py -> /robot_ws/build/basic_pkg/build/lib/basic_pkg
copying basic_pkg/helloworld_subscriber.py -> /robot_ws/build/basic_pkg/build/lib/basic_pkg
running install
running install_lib
creating /robot_ws/install/basic_pkg/lib/python3.10/site-packages/basic_pkg
copying /robot_ws/build/basic_pkg/build/lib/basic_pkg/helloworld_publisher.py -> /robot_ws/install/basic_pkg/lib/python3.10/site-packages/basic_pkg
copying /robot_ws/build/basic_pkg/build/lib/basic_pkg/__init__.py -> /robot_ws/install/basic_pkg/lib/python3.10/site-packages/basic_pkg
copying /robot_ws/build/basic_pkg/build/lib/basic_pkg/helloworld_subscriber.py -> /robot_ws/install/basic_pkg/lib/python3.10/site-packages/basic_pkg
byte-compiling /robot_ws/install/basic_pkg/lib/python3.10/site-packages/basic_pkg/helloworld_publisher.py to helloworld_publisher.cpython-310.pyc
byte-compiling /robot_ws/install/basic_pkg/lib/python3.10/site-packages/basic_pkg/__init__.py to __init__.cpython-310.pyc
byte-compiling /robot_ws/install/basic_pkg/lib/python3.10/site-packages/basic_pkg/helloworld_subscriber.py to helloworld_subscriber.cpython-310.pyc
running install_data
creating /robot_ws/install/basic_pkg/share/ament_index
creating /robot_ws/install/basic_pkg/share/ament_index/resource_index
creating /robot_ws/install/basic_pkg/share/ament_index/resource_index/packages
copying resource/basic_pkg -> /robot_ws/install/basic_pkg/share/ament_index/resource_index/packages
copying package.xml -> /robot_ws/install/basic_pkg/share/basic_pkg
running install_egg_info
Copying ../../build/basic_pkg/basic_pkg.egg-info to /robot_ws/install/basic_pkg/lib/python3.10/site-packages/basic_pkg-0.0.0-py3.10.egg-info
running install_scripts
Installing helloworld_publisher script to /robot_ws/install/basic_pkg/lib/basic_pkg
Installing helloworld_subscriber script to /robot_ws/install/basic_pkg/lib/basic_pkg
writing list of installed files to '/robot_ws/build/basic_pkg/install.log'
