[35m[1mConsolidate compiler generated dependencies of target calculator[0m
[35m[1mConsolidate compiler generated dependencies of target operator[0m
[35m[1mConsolidate compiler generated dependencies of target argument[0m
[35m[1mConsolidate compiler generated dependencies of target checker[0m
[ 25%] [32mBuilding CXX object CMakeFiles/operator.dir/src/operator.cpp.o[0m
[ 25%] [32mBuilding CXX object CMakeFiles/calculator.dir/src/calculator.cpp.o[0m
[ 50%] [32mBuilding CXX object CMakeFiles/argument.dir/src/argument.cpp.o[0m
[ 50%] [32mBuilding CXX object CMakeFiles/checker.dir/src/checker.cpp.o[0m
[ 87%] [32m[1mLinking CXX executable calculator[0m
[ 87%] [32m[1mLinking CXX executable operator[0m
[ 87%] [32m[1mLinking CXX executable checker[0m
[100%] [32m[1mLinking CXX executable argument[0m
[100%] Built target argument
[100%] Built target operator
[100%] Built target calculator
[100%] Built target checker
-- Install configuration: ""
-- Execute custom install script
-- Symlinking: /home/smkim/ros2_tutorials/robot_ws/install/calculator_cpp/lib/calculator_cpp/argument
-- Symlinking: /home/smkim/ros2_tutorials/robot_ws/install/calculator_cpp/lib/calculator_cpp/calculator
-- Symlinking: /home/smkim/ros2_tutorials/robot_ws/install/calculator_cpp/lib/calculator_cpp/checker
-- Symlinking: /home/smkim/ros2_tutorials/robot_ws/install/calculator_cpp/lib/calculator_cpp/operator
