[0.013s] Invoking command in '/robot_ws/build/tf2_cpp_': CMAKE_PREFIX_PATH=${CMAKE_PREFIX_PATH}:/robot_ws/install/tf2_python:/robot_ws/install/ros2env:/robot_ws/install/calculator:/robot_ws/install/logger:/robot_ws/install/basic_pkg:/opt/ros/humble /usr/bin/cmake --build /robot_ws/build/tf2_cpp_ -- -j8 -l8
[0.033s] -- Found ament_cmake: 1.3.10 (/opt/ros/humble/share/ament_cmake/cmake)
[0.132s] -- Found geometry_msgs: 4.2.4 (/opt/ros/humble/share/geometry_msgs/cmake)
[0.147s] -- Found rosidl_generator_c: 3.1.5 (/opt/ros/humble/share/rosidl_generator_c/cmake)
[0.149s] -- Found rosidl_adapter: 3.1.5 (/opt/ros/humble/share/rosidl_adapter/cmake)
[0.153s] -- Found rosidl_generator_cpp: 3.1.5 (/opt/ros/humble/share/rosidl_generator_cpp/cmake)
[0.161s] -- Using all available rosidl_typesupport_c: rosidl_typesupport_fastrtps_c;rosidl_typesupport_introspection_c
[0.172s] -- Using all available rosidl_typesupport_cpp: rosidl_typesupport_fastrtps_cpp;rosidl_typesupport_introspection_cpp
[0.200s] -- Found rclcpp: 16.0.10 (/opt/ros/humble/share/rclcpp/cmake)
[0.220s] -- Found rmw_implementation_cmake: 6.1.2 (/opt/ros/humble/share/rmw_implementation_cmake/cmake)
[0.221s] -- Found rmw_fastrtps_cpp: 6.2.7 (/opt/ros/humble/share/rmw_fastrtps_cpp/cmake)
[0.295s] -- Using RMW implementation 'rmw_fastrtps_cpp' as default
[0.323s] -- Found tf2: 0.25.7 (/opt/ros/humble/share/tf2/cmake)
[0.327s] -- Found tf2_ros: 0.25.7 (/opt/ros/humble/share/tf2_ros/cmake)
[0.388s] -- Found turtlesim: 1.4.2 (/opt/ros/humble/share/turtlesim/cmake)
[0.404s] -- Found tf2_geometry_msgs: 0.25.7 (/opt/ros/humble/share/tf2_geometry_msgs/cmake)
[0.427s] -- Found eigen3_cmake_module: 0.1.1 (/opt/ros/humble/share/eigen3_cmake_module/cmake)
[0.430s] -- Found Eigen3: TRUE (found version "3.4.0") 
[0.430s] -- Ensuring Eigen3 include directory is part of orocos-kdl CMake target
[0.431s] -- Found ament_lint_auto: 0.12.11 (/opt/ros/humble/share/ament_lint_auto/cmake)
[0.502s] -- Added test 'cppcheck' to perform static code analysis on C / C++ code
[0.503s] -- Configured cppcheck include dirs: 
[0.503s] -- Configured cppcheck exclude dirs and/or files: 
[0.503s] -- Added test 'flake8' to check Python code syntax and style conventions
[0.503s] -- Added test 'lint_cmake' to check CMake code style
[0.503s] -- Added test 'pep257' to check Python code against some of the docstring style conventions in PEP 257
[0.504s] -- Added test 'uncrustify' to check C / C++ code style
[0.504s] -- Configured uncrustify additional arguments: 
[0.504s] -- Added test 'xmllint' to check XML markup files
[0.505s] -- Configuring done
[0.533s] -- Generating done
[0.536s] -- Build files have been written to: /robot_ws/build/tf2_cpp_
[0.558s] [35m[1mConsolidate compiler generated dependencies of target dynamic_frame_tf2_broadcaster[0m
[0.558s] [35m[1mConsolidate compiler generated dependencies of target static_turtle_tf2_broadcaster[0m
[0.558s] [35m[1mConsolidate compiler generated dependencies of target turtle_tf2_listener[0m
[0.558s] [35m[1mConsolidate compiler generated dependencies of target fixed_frame_tf2_broadcaster[0m
[0.558s] [35m[1mConsolidate compiler generated dependencies of target turtle_tf2_listener_debug[0m
[0.560s] [35m[1mConsolidate compiler generated dependencies of target turtle_tf2_broadcaster[0m
[0.582s] [ 14%] Built target fixed_frame_tf2_broadcaster
[0.582s] [ 28%] Built target turtle_tf2_listener
[0.582s] [ 42%] Built target static_turtle_tf2_broadcaster
[0.583s] [ 57%] [32mBuilding CXX object CMakeFiles/turtle_tf2_message_filter.dir/src/turtle_tf2_message_filter.cpp.o[0m
[0.583s] [ 64%] Built target turtle_tf2_broadcaster
[0.583s] [ 78%] Built target turtle_tf2_listener_debug
[0.584s] [ 92%] Built target dynamic_frame_tf2_broadcaster
[8.039s] [100%] [32m[1mLinking CXX executable turtle_tf2_message_filter[0m
[8.412s] [100%] Built target turtle_tf2_message_filter
[8.421s] Invoked command in '/robot_ws/build/tf2_cpp_' returned '0': CMAKE_PREFIX_PATH=${CMAKE_PREFIX_PATH}:/robot_ws/install/tf2_python:/robot_ws/install/ros2env:/robot_ws/install/calculator:/robot_ws/install/logger:/robot_ws/install/basic_pkg:/opt/ros/humble /usr/bin/cmake --build /robot_ws/build/tf2_cpp_ -- -j8 -l8
[8.461s] Invoking command in '/robot_ws/build/tf2_cpp_': CMAKE_PREFIX_PATH=${CMAKE_PREFIX_PATH}:/robot_ws/install/tf2_python:/robot_ws/install/ros2env:/robot_ws/install/calculator:/robot_ws/install/logger:/robot_ws/install/basic_pkg:/opt/ros/humble /usr/bin/cmake --install /robot_ws/build/tf2_cpp_
[8.466s] -- Install configuration: ""
[8.466s] -- Up-to-date: /robot_ws/install/tf2_cpp_/lib/tf2_cpp_/static_turtle_tf2_broadcaster
[8.466s] -- Up-to-date: /robot_ws/install/tf2_cpp_/lib/tf2_cpp_/turtle_tf2_broadcaster
[8.466s] -- Up-to-date: /robot_ws/install/tf2_cpp_/lib/tf2_cpp_/turtle_tf2_listener
[8.466s] -- Up-to-date: /robot_ws/install/tf2_cpp_/lib/tf2_cpp_/fixed_frame_tf2_broadcaster
[8.467s] -- Up-to-date: /robot_ws/install/tf2_cpp_/lib/tf2_cpp_/dynamic_frame_tf2_broadcaster
[8.467s] -- Up-to-date: /robot_ws/install/tf2_cpp_/lib/tf2_cpp_/turtle_tf2_listener_debug
[8.467s] -- Installing: /robot_ws/install/tf2_cpp_/lib/tf2_cpp_/turtle_tf2_message_filter
[8.470s] -- Set runtime path of "/robot_ws/install/tf2_cpp_/lib/tf2_cpp_/turtle_tf2_message_filter" to ""
[8.470s] -- Up-to-date: /robot_ws/install/tf2_cpp_/share/tf2_cpp_/launch
[8.470s] -- Up-to-date: /robot_ws/install/tf2_cpp_/share/tf2_cpp_/launch/turtle_tf2_fixed_frame_demo.launch.py
[8.470s] -- Up-to-date: /robot_ws/install/tf2_cpp_/share/tf2_cpp_/launch/turtle_tf2_dynamic_frame_demo.launch.py
[8.470s] -- Up-to-date: /robot_ws/install/tf2_cpp_/share/tf2_cpp_/launch/static_transform_publisher.launch.py
[8.470s] -- Up-to-date: /robot_ws/install/tf2_cpp_/share/tf2_cpp_/launch/start_tf2_debug_demo.launch.py
[8.470s] -- Up-to-date: /robot_ws/install/tf2_cpp_/share/tf2_cpp_/launch/turtle_tf2_demo.launch.py
[8.471s] -- Installing: /robot_ws/install/tf2_cpp_/share/ament_index/resource_index/package_run_dependencies/tf2_cpp_
[8.471s] -- Up-to-date: /robot_ws/install/tf2_cpp_/share/ament_index/resource_index/parent_prefix_path/tf2_cpp_
[8.471s] -- Up-to-date: /robot_ws/install/tf2_cpp_/share/tf2_cpp_/environment/ament_prefix_path.sh
[8.471s] -- Installing: /robot_ws/install/tf2_cpp_/share/tf2_cpp_/environment/ament_prefix_path.dsv
[8.471s] -- Up-to-date: /robot_ws/install/tf2_cpp_/share/tf2_cpp_/environment/path.sh
[8.471s] -- Installing: /robot_ws/install/tf2_cpp_/share/tf2_cpp_/environment/path.dsv
[8.471s] -- Up-to-date: /robot_ws/install/tf2_cpp_/share/tf2_cpp_/local_setup.bash
[8.471s] -- Up-to-date: /robot_ws/install/tf2_cpp_/share/tf2_cpp_/local_setup.sh
[8.471s] -- Up-to-date: /robot_ws/install/tf2_cpp_/share/tf2_cpp_/local_setup.zsh
[8.471s] -- Installing: /robot_ws/install/tf2_cpp_/share/tf2_cpp_/local_setup.dsv
[8.471s] -- Installing: /robot_ws/install/tf2_cpp_/share/tf2_cpp_/package.dsv
[8.472s] -- Up-to-date: /robot_ws/install/tf2_cpp_/share/ament_index/resource_index/packages/tf2_cpp_
[8.472s] -- Up-to-date: /robot_ws/install/tf2_cpp_/share/tf2_cpp_/cmake/tf2_cpp_Config.cmake
[8.472s] -- Up-to-date: /robot_ws/install/tf2_cpp_/share/tf2_cpp_/cmake/tf2_cpp_Config-version.cmake
[8.472s] -- Installing: /robot_ws/install/tf2_cpp_/share/tf2_cpp_/package.xml
[8.473s] Invoked command in '/robot_ws/build/tf2_cpp_' returned '0': CMAKE_PREFIX_PATH=${CMAKE_PREFIX_PATH}:/robot_ws/install/tf2_python:/robot_ws/install/ros2env:/robot_ws/install/calculator:/robot_ws/install/logger:/robot_ws/install/basic_pkg:/opt/ros/humble /usr/bin/cmake --install /robot_ws/build/tf2_cpp_
