[0.188s] Invoking command in '/robot_ws/build/basic_pkg_cpp': CMAKE_PREFIX_PATH=${CMAKE_PREFIX_PATH}:/robot_ws/install/tf2_python:/robot_ws/install/tf2_py:/robot_ws/install/ros2env:/robot_ws/install/calculator:/robot_ws/install/logger:/robot_ws/install/basic_pkg:/opt/ros/humble /usr/bin/cmake /robot_ws/src/basic_pkg_cpp -DAMENT_CMAKE_SYMLINK_INSTALL=1 -DCMAKE_INSTALL_PREFIX=/robot_ws/install/basic_pkg_cpp
[0.569s] -- The C compiler identification is GNU 11.4.0
[0.569s] -- The CXX compiler identification is GNU 11.4.0
[0.569s] -- Detecting C compiler ABI info
[0.569s] -- Detecting C compiler ABI info - done
[0.570s] -- Check for working C compiler: /usr/bin/cc - skipped
[0.570s] -- Detecting C compile features
[0.570s] -- Detecting C compile features - done
[0.570s] -- Detecting CXX compiler ABI info
[0.570s] -- Detecting CXX compiler ABI info - done
[0.570s] -- Check for working CXX compiler: /usr/bin/c++ - skipped
[0.570s] -- Detecting CXX compile features
[0.571s] -- Detecting CXX compile features - done
[0.571s] -- Found ament_cmake: 1.3.10 (/opt/ros/humble/share/ament_cmake/cmake)
[0.571s] -- Found Python3: /usr/bin/python3 (found version "3.10.12") found components: Interpreter 
[0.611s] -- Override CMake install command with custom implementation using symlinks instead of copying resources
[0.637s] -- Found rclcpp: 16.0.10 (/opt/ros/humble/share/rclcpp/cmake)
[0.671s] -- Found rosidl_generator_c: 3.1.5 (/opt/ros/humble/share/rosidl_generator_c/cmake)
[0.677s] -- Found rosidl_adapter: 3.1.5 (/opt/ros/humble/share/rosidl_adapter/cmake)
[0.684s] -- Found rosidl_generator_cpp: 3.1.5 (/opt/ros/humble/share/rosidl_generator_cpp/cmake)
[0.694s] -- Using all available rosidl_typesupport_c: rosidl_typesupport_fastrtps_c;rosidl_typesupport_introspection_c
[0.712s] -- Using all available rosidl_typesupport_cpp: rosidl_typesupport_fastrtps_cpp;rosidl_typesupport_introspection_cpp
[0.751s] -- Found rmw_implementation_cmake: 6.1.2 (/opt/ros/humble/share/rmw_implementation_cmake/cmake)
[0.754s] -- Found rmw_fastrtps_cpp: 6.2.7 (/opt/ros/humble/share/rmw_fastrtps_cpp/cmake)
[0.847s] -- Found OpenSSL: /usr/lib/x86_64-linux-gnu/libcrypto.so (found version "3.0.2")  
[0.876s] -- Found FastRTPS: /opt/ros/humble/include  
[0.919s] -- Using RMW implementation 'rmw_fastrtps_cpp' as default
[0.933s] -- Looking for pthread.h
[1.029s] -- Looking for pthread.h - found
[1.029s] -- Performing Test CMAKE_HAVE_LIBC_PTHREAD
[1.121s] -- Performing Test CMAKE_HAVE_LIBC_PTHREAD - Success
[1.122s] -- Found Threads: TRUE  
[1.199s] -- Found ament_lint_auto: 0.12.11 (/opt/ros/humble/share/ament_lint_auto/cmake)
[1.295s] -- Added test 'cppcheck' to perform static code analysis on C / C++ code
[1.296s] -- Configured cppcheck include dirs: 
[1.296s] -- Configured cppcheck exclude dirs and/or files: 
[1.297s] -- Added test 'lint_cmake' to check CMake code style
[1.299s] -- Added test 'uncrustify' to check C / C++ code style
[1.299s] -- Configured uncrustify additional arguments: 
[1.301s] -- Added test 'xmllint' to check XML markup files
[1.305s] -- Configuring done
[1.324s] -- Generating done
[1.326s] -- Build files have been written to: /robot_ws/build/basic_pkg_cpp
[1.339s] Invoked command in '/robot_ws/build/basic_pkg_cpp' returned '0': CMAKE_PREFIX_PATH=${CMAKE_PREFIX_PATH}:/robot_ws/install/tf2_python:/robot_ws/install/tf2_py:/robot_ws/install/ros2env:/robot_ws/install/calculator:/robot_ws/install/logger:/robot_ws/install/basic_pkg:/opt/ros/humble /usr/bin/cmake /robot_ws/src/basic_pkg_cpp -DAMENT_CMAKE_SYMLINK_INSTALL=1 -DCMAKE_INSTALL_PREFIX=/robot_ws/install/basic_pkg_cpp
[1.339s] Invoking command in '/robot_ws/build/basic_pkg_cpp': CMAKE_PREFIX_PATH=${CMAKE_PREFIX_PATH}:/robot_ws/install/tf2_python:/robot_ws/install/tf2_py:/robot_ws/install/ros2env:/robot_ws/install/calculator:/robot_ws/install/logger:/robot_ws/install/basic_pkg:/opt/ros/humble /usr/bin/cmake --build /robot_ws/build/basic_pkg_cpp -- -j8 -l8
[1.396s] [ 25%] [32mBuilding CXX object CMakeFiles/helloworld_publisher.dir/src/helloworld_publisher.cpp.o[0m
[1.400s] [ 50%] [32mBuilding CXX object CMakeFiles/helloworld_subscriber.dir/src/helloworld_subscriber.cpp.o[0m
[10.613s] [ 75%] [32m[1mLinking CXX executable helloworld_publisher[0m
[10.839s] [ 75%] Built target helloworld_publisher
[14.476s] [100%] [32m[1mLinking CXX executable helloworld_subscriber[0m
[14.800s] [100%] Built target helloworld_subscriber
[14.808s] Invoked command in '/robot_ws/build/basic_pkg_cpp' returned '0': CMAKE_PREFIX_PATH=${CMAKE_PREFIX_PATH}:/robot_ws/install/tf2_python:/robot_ws/install/tf2_py:/robot_ws/install/ros2env:/robot_ws/install/calculator:/robot_ws/install/logger:/robot_ws/install/basic_pkg:/opt/ros/humble /usr/bin/cmake --build /robot_ws/build/basic_pkg_cpp -- -j8 -l8
[14.832s] Invoking command in '/robot_ws/build/basic_pkg_cpp': CMAKE_PREFIX_PATH=${CMAKE_PREFIX_PATH}:/robot_ws/install/tf2_python:/robot_ws/install/tf2_py:/robot_ws/install/ros2env:/robot_ws/install/calculator:/robot_ws/install/logger:/robot_ws/install/basic_pkg:/opt/ros/humble /usr/bin/cmake --install /robot_ws/build/basic_pkg_cpp
[14.836s] -- Install configuration: ""
[14.837s] -- Execute custom install script
[14.837s] -- Symlinking: /robot_ws/install/basic_pkg_cpp/lib/basic_pkg_cpp/helloworld_publisher
[14.844s] -- Symlinking: /robot_ws/install/basic_pkg_cpp/lib/basic_pkg_cpp/helloworld_subscriber
[14.850s] -- Symlinking: /robot_ws/install/basic_pkg_cpp/share/ament_index/resource_index/package_run_dependencies/basic_pkg_cpp
[14.855s] -- Symlinking: /robot_ws/install/basic_pkg_cpp/share/ament_index/resource_index/parent_prefix_path/basic_pkg_cpp
[14.862s] -- Symlinking: /robot_ws/install/basic_pkg_cpp/share/basic_pkg_cpp/environment/ament_prefix_path.sh
[14.867s] -- Symlinking: /robot_ws/install/basic_pkg_cpp/share/basic_pkg_cpp/environment/ament_prefix_path.dsv
[14.873s] -- Symlinking: /robot_ws/install/basic_pkg_cpp/share/basic_pkg_cpp/environment/path.sh
[14.881s] -- Symlinking: /robot_ws/install/basic_pkg_cpp/share/basic_pkg_cpp/environment/path.dsv
[14.887s] -- Symlinking: /robot_ws/install/basic_pkg_cpp/share/basic_pkg_cpp/local_setup.bash
[14.893s] -- Symlinking: /robot_ws/install/basic_pkg_cpp/share/basic_pkg_cpp/local_setup.sh
[14.899s] -- Symlinking: /robot_ws/install/basic_pkg_cpp/share/basic_pkg_cpp/local_setup.zsh
[14.905s] -- Symlinking: /robot_ws/install/basic_pkg_cpp/share/basic_pkg_cpp/local_setup.dsv
[14.911s] -- Symlinking: /robot_ws/install/basic_pkg_cpp/share/basic_pkg_cpp/package.dsv
[14.917s] -- Symlinking: /robot_ws/install/basic_pkg_cpp/share/ament_index/resource_index/packages/basic_pkg_cpp
[14.925s] -- Symlinking: /robot_ws/install/basic_pkg_cpp/share/basic_pkg_cpp/cmake/basic_pkg_cppConfig.cmake
[14.932s] -- Symlinking: /robot_ws/install/basic_pkg_cpp/share/basic_pkg_cpp/cmake/basic_pkg_cppConfig-version.cmake
[14.938s] -- Symlinking: /robot_ws/install/basic_pkg_cpp/share/basic_pkg_cpp/package.xml
[14.946s] Invoked command in '/robot_ws/build/basic_pkg_cpp' returned '0': CMAKE_PREFIX_PATH=${CMAKE_PREFIX_PATH}:/robot_ws/install/tf2_python:/robot_ws/install/tf2_py:/robot_ws/install/ros2env:/robot_ws/install/calculator:/robot_ws/install/logger:/robot_ws/install/basic_pkg:/opt/ros/humble /usr/bin/cmake --install /robot_ws/build/basic_pkg_cpp
