[0.225s] Invoking command in '/robot_ws/build/basic_pkg_cpp': CMAKE_PREFIX_PATH=/opt/ros/humble /usr/bin/cmake /robot_ws/src/basic_pkg_cpp -DCMAKE_INSTALL_PREFIX=/robot_ws/install/basic_pkg_cpp
[0.789s] -- The C compiler identification is GNU 11.4.0
[0.790s] -- The CXX compiler identification is GNU 11.4.0
[0.790s] -- Detecting C compiler ABI info
[0.790s] -- Detecting C compiler ABI info - done
[0.790s] -- Check for working C compiler: /usr/bin/cc - skipped
[0.790s] -- Detecting C compile features
[0.790s] -- Detecting C compile features - done
[0.791s] -- Detecting CXX compiler ABI info
[0.791s] -- Detecting CXX compiler ABI info - done
[0.791s] -- Check for working CXX compiler: /usr/bin/c++ - skipped
[0.792s] -- Detecting CXX compile features
[0.792s] -- Detecting CXX compile features - done
[0.792s] -- Found ament_cmake: 1.3.10 (/opt/ros/humble/share/ament_cmake/cmake)
[0.792s] -- Found Python3: /usr/bin/python3 (found version "3.10.12") found components: Interpreter 
[0.792s] -- Found rclcpp: 16.0.10 (/opt/ros/humble/share/rclcpp/cmake)
[0.792s] -- Found rosidl_generator_c: 3.1.5 (/opt/ros/humble/share/rosidl_generator_c/cmake)
[0.792s] -- Found rosidl_adapter: 3.1.5 (/opt/ros/humble/share/rosidl_adapter/cmake)
[0.792s] -- Found rosidl_generator_cpp: 3.1.5 (/opt/ros/humble/share/rosidl_generator_cpp/cmake)
[0.792s] -- Using all available rosidl_typesupport_c: rosidl_typesupport_fastrtps_c;rosidl_typesupport_introspection_c
[0.793s] -- Using all available rosidl_typesupport_cpp: rosidl_typesupport_fastrtps_cpp;rosidl_typesupport_introspection_cpp
[0.793s] -- Found rmw_implementation_cmake: 6.1.2 (/opt/ros/humble/share/rmw_implementation_cmake/cmake)
[0.793s] -- Found rmw_fastrtps_cpp: 6.2.7 (/opt/ros/humble/share/rmw_fastrtps_cpp/cmake)
[0.898s] -- Found OpenSSL: /usr/lib/x86_64-linux-gnu/libcrypto.so (found version "3.0.2")  
[0.942s] -- Found FastRTPS: /opt/ros/humble/include  
[0.998s] -- Using RMW implementation 'rmw_fastrtps_cpp' as default
[1.023s] -- Looking for pthread.h
[1.171s] -- Looking for pthread.h - found
[1.172s] -- Performing Test CMAKE_HAVE_LIBC_PTHREAD
[1.255s] -- Performing Test CMAKE_HAVE_LIBC_PTHREAD - Success
[1.256s] -- Found Threads: TRUE  
[1.397s] -- Found ament_lint_auto: 0.12.11 (/opt/ros/humble/share/ament_lint_auto/cmake)
[1.542s] -- Added test 'cppcheck' to perform static code analysis on C / C++ code
[1.542s] -- Configured cppcheck include dirs: 
[1.542s] -- Configured cppcheck exclude dirs and/or files: 
[1.543s] -- Added test 'lint_cmake' to check CMake code style
[1.545s] -- Added test 'uncrustify' to check C / C++ code style
[1.546s] -- Configured uncrustify additional arguments: 
[1.547s] -- Added test 'xmllint' to check XML markup files
[1.551s] -- Configuring done
[1.586s] -- Generating done
[1.588s] -- Build files have been written to: /robot_ws/build/basic_pkg_cpp
[1.610s] Invoked command in '/robot_ws/build/basic_pkg_cpp' returned '0': CMAKE_PREFIX_PATH=/opt/ros/humble /usr/bin/cmake /robot_ws/src/basic_pkg_cpp -DCMAKE_INSTALL_PREFIX=/robot_ws/install/basic_pkg_cpp
[1.610s] Invoking command in '/robot_ws/build/basic_pkg_cpp': CMAKE_PREFIX_PATH=/opt/ros/humble /usr/bin/cmake --build /robot_ws/build/basic_pkg_cpp -- -j8 -l8
[1.684s] [ 25%] [32mBuilding CXX object CMakeFiles/helloworld_publisher.dir/src/helloworld_publisher.cpp.o[0m
[1.692s] [ 50%] [32mBuilding CXX object CMakeFiles/helloworld_subscriber.dir/src/helloworld_subscriber.cpp.o[0m
[14.332s] [ 75%] [32m[1mLinking CXX executable helloworld_publisher[0m
[15.056s] [ 75%] Built target helloworld_publisher
[20.582s] [100%] [32m[1mLinking CXX executable helloworld_subscriber[0m
[20.945s] [100%] Built target helloworld_subscriber
[20.955s] Invoked command in '/robot_ws/build/basic_pkg_cpp' returned '0': CMAKE_PREFIX_PATH=/opt/ros/humble /usr/bin/cmake --build /robot_ws/build/basic_pkg_cpp -- -j8 -l8
[20.979s] Invoking command in '/robot_ws/build/basic_pkg_cpp': CMAKE_PREFIX_PATH=/opt/ros/humble /usr/bin/cmake --install /robot_ws/build/basic_pkg_cpp
[20.984s] -- Install configuration: ""
[20.985s] -- Installing: /robot_ws/install/basic_pkg_cpp/lib/basic_pkg_cpp/helloworld_publisher
[20.985s] -- Set runtime path of "/robot_ws/install/basic_pkg_cpp/lib/basic_pkg_cpp/helloworld_publisher" to ""
[20.986s] -- Installing: /robot_ws/install/basic_pkg_cpp/lib/basic_pkg_cpp/helloworld_subscriber
[20.988s] -- Set runtime path of "/robot_ws/install/basic_pkg_cpp/lib/basic_pkg_cpp/helloworld_subscriber" to ""
[20.988s] -- Installing: /robot_ws/install/basic_pkg_cpp/share/ament_index/resource_index/package_run_dependencies/basic_pkg_cpp
[20.988s] -- Installing: /robot_ws/install/basic_pkg_cpp/share/ament_index/resource_index/parent_prefix_path/basic_pkg_cpp
[20.989s] -- Installing: /robot_ws/install/basic_pkg_cpp/share/basic_pkg_cpp/environment/ament_prefix_path.sh
[20.989s] -- Installing: /robot_ws/install/basic_pkg_cpp/share/basic_pkg_cpp/environment/ament_prefix_path.dsv
[20.989s] -- Installing: /robot_ws/install/basic_pkg_cpp/share/basic_pkg_cpp/environment/path.sh
[20.989s] -- Installing: /robot_ws/install/basic_pkg_cpp/share/basic_pkg_cpp/environment/path.dsv
[20.990s] -- Installing: /robot_ws/install/basic_pkg_cpp/share/basic_pkg_cpp/local_setup.bash
[20.990s] -- Installing: /robot_ws/install/basic_pkg_cpp/share/basic_pkg_cpp/local_setup.sh
[20.990s] -- Installing: /robot_ws/install/basic_pkg_cpp/share/basic_pkg_cpp/local_setup.zsh
[20.990s] -- Installing: /robot_ws/install/basic_pkg_cpp/share/basic_pkg_cpp/local_setup.dsv
[20.990s] -- Installing: /robot_ws/install/basic_pkg_cpp/share/basic_pkg_cpp/package.dsv
[20.990s] -- Installing: /robot_ws/install/basic_pkg_cpp/share/ament_index/resource_index/packages/basic_pkg_cpp
[20.990s] -- Installing: /robot_ws/install/basic_pkg_cpp/share/basic_pkg_cpp/cmake/basic_pkg_cppConfig.cmake
[20.990s] -- Installing: /robot_ws/install/basic_pkg_cpp/share/basic_pkg_cpp/cmake/basic_pkg_cppConfig-version.cmake
[20.991s] -- Installing: /robot_ws/install/basic_pkg_cpp/share/basic_pkg_cpp/package.xml
[20.993s] Invoked command in '/robot_ws/build/basic_pkg_cpp' returned '0': CMAKE_PREFIX_PATH=/opt/ros/humble /usr/bin/cmake --install /robot_ws/build/basic_pkg_cpp
