running develop
Removing /robot_ws/install/tf2_python/lib/python3.10/site-packages/tf2-python.egg-link (link to .)
running egg_info
writing ../../build/tf2_python/tf2_python.egg-info/PKG-INFO
writing dependency_links to ../../build/tf2_python/tf2_python.egg-info/dependency_links.txt
writing entry points to ../../build/tf2_python/tf2_python.egg-info/entry_points.txt
writing requirements to ../../build/tf2_python/tf2_python.egg-info/requires.txt
writing top-level names to ../../build/tf2_python/tf2_python.egg-info/top_level.txt
reading manifest file '../../build/tf2_python/tf2_python.egg-info/SOURCES.txt'
adding license file 'LICENSE'
writing manifest file '../../build/tf2_python/tf2_python.egg-info/SOURCES.txt'
running build
running build_py
creating /robot_ws/build/tf2_python/build
creating /robot_ws/build/tf2_python/build/lib
creating /robot_ws/build/tf2_python/build/lib/tf2_python
copying tf2_python/turtle_tf2_broadcaster.py -> /robot_ws/build/tf2_python/build/lib/tf2_python
copying tf2_python/__init__.py -> /robot_ws/build/tf2_python/build/lib/tf2_python
copying tf2_python/static_turtle_tf2_broadcaster.py -> /robot_ws/build/tf2_python/build/lib/tf2_python
running install
running install_lib
creating /robot_ws/install/tf2_python/lib/python3.10/site-packages/tf2_python
copying /robot_ws/build/tf2_python/build/lib/tf2_python/turtle_tf2_broadcaster.py -> /robot_ws/install/tf2_python/lib/python3.10/site-packages/tf2_python
copying /robot_ws/build/tf2_python/build/lib/tf2_python/__init__.py -> /robot_ws/install/tf2_python/lib/python3.10/site-packages/tf2_python
copying /robot_ws/build/tf2_python/build/lib/tf2_python/static_turtle_tf2_broadcaster.py -> /robot_ws/install/tf2_python/lib/python3.10/site-packages/tf2_python
byte-compiling /robot_ws/install/tf2_python/lib/python3.10/site-packages/tf2_python/turtle_tf2_broadcaster.py to turtle_tf2_broadcaster.cpython-310.pyc
byte-compiling /robot_ws/install/tf2_python/lib/python3.10/site-packages/tf2_python/__init__.py to __init__.cpython-310.pyc
byte-compiling /robot_ws/install/tf2_python/lib/python3.10/site-packages/tf2_python/static_turtle_tf2_broadcaster.py to static_turtle_tf2_broadcaster.cpython-310.pyc
running install_data
copying resource/tf2_python -> /robot_ws/install/tf2_python/share/ament_index/resource_index/packages
copying package.xml -> /robot_ws/install/tf2_python/share/tf2_python
copying launch/turtle_tf2_demo.launch.py -> /robot_ws/install/tf2_python/share/tf2_python/launch
copying launch/publish_static_transform.launch.py -> /robot_ws/install/tf2_python/share/tf2_python/launch
running install_egg_info
Copying ../../build/tf2_python/tf2_python.egg-info to /robot_ws/install/tf2_python/lib/python3.10/site-packages/tf2_python-0.0.0-py3.10.egg-info
running install_scripts
Installing static_turtle_tf2_broadcaster script to /robot_ws/install/tf2_python/lib/tf2_python
Installing turtle_tf2_broadcaster script to /robot_ws/install/tf2_python/lib/tf2_python
writing list of installed files to '/robot_ws/build/tf2_python/install.log'
