[0.371s] Invoking command in '/robot_ws/build/tf2_python': PYTHONPATH=/robot_ws/build/tf2_python/prefix_override:/usr/lib/python3/dist-packages/colcon_core/task/python/colcon_distutils_commands:/robot_ws/install/tf2_python/lib/python3.10/site-packages:${PYTHONPATH} /usr/bin/python3 -W ignore:setup.py install is deprecated setup.py develop --uninstall --editable --build-directory /robot_ws/build/tf2_python/build
[0.532s] running develop
[0.533s] /usr/lib/python3/dist-packages/setuptools/command/easy_install.py:158: EasyInstallDeprecationWarning: easy_install command is deprecated. Use build and pip and other standards-based tools.
[0.533s]   warnings.warn(
[0.632s] Removing /robot_ws/install/tf2_python/lib/python3.10/site-packages/tf2-python.egg-link (link to .)
[0.660s] Invoked command in '/robot_ws/build/tf2_python' returned '0': PYTHONPATH=/robot_ws/build/tf2_python/prefix_override:/usr/lib/python3/dist-packages/colcon_core/task/python/colcon_distutils_commands:/robot_ws/install/tf2_python/lib/python3.10/site-packages:${PYTHONPATH} /usr/bin/python3 -W ignore:setup.py install is deprecated setup.py develop --uninstall --editable --build-directory /robot_ws/build/tf2_python/build
[0.662s] Invoking command in '/robot_ws/src/tf2_python': PYTHONPATH=/robot_ws/build/tf2_python/prefix_override:/usr/lib/python3/dist-packages/colcon_core/task/python/colcon_distutils_commands:/robot_ws/install/tf2_python/lib/python3.10/site-packages:${PYTHONPATH} /usr/bin/python3 -W ignore:setup.py install is deprecated setup.py egg_info --egg-base ../../build/tf2_python build --build-base /robot_ws/build/tf2_python/build install --record /robot_ws/build/tf2_python/install.log --single-version-externally-managed install_data --force
[0.823s] running egg_info
[0.823s] writing ../../build/tf2_python/tf2_python.egg-info/PKG-INFO
[0.823s] writing dependency_links to ../../build/tf2_python/tf2_python.egg-info/dependency_links.txt
[0.823s] writing entry points to ../../build/tf2_python/tf2_python.egg-info/entry_points.txt
[0.823s] writing requirements to ../../build/tf2_python/tf2_python.egg-info/requires.txt
[0.823s] writing top-level names to ../../build/tf2_python/tf2_python.egg-info/top_level.txt
[0.825s] reading manifest file '../../build/tf2_python/tf2_python.egg-info/SOURCES.txt'
[0.825s] adding license file 'LICENSE'
[0.825s] writing manifest file '../../build/tf2_python/tf2_python.egg-info/SOURCES.txt'
[0.825s] running build
[0.825s] running build_py
[0.825s] creating /robot_ws/build/tf2_python/build
[0.826s] creating /robot_ws/build/tf2_python/build/lib
[0.826s] creating /robot_ws/build/tf2_python/build/lib/tf2_python
[0.826s] copying tf2_python/turtle_tf2_broadcaster.py -> /robot_ws/build/tf2_python/build/lib/tf2_python
[0.826s] copying tf2_python/__init__.py -> /robot_ws/build/tf2_python/build/lib/tf2_python
[0.826s] copying tf2_python/static_turtle_tf2_broadcaster.py -> /robot_ws/build/tf2_python/build/lib/tf2_python
[0.826s] running install
[0.827s] running install_lib
[0.827s] creating /robot_ws/install/tf2_python/lib/python3.10/site-packages/tf2_python
[0.828s] copying /robot_ws/build/tf2_python/build/lib/tf2_python/turtle_tf2_broadcaster.py -> /robot_ws/install/tf2_python/lib/python3.10/site-packages/tf2_python
[0.828s] copying /robot_ws/build/tf2_python/build/lib/tf2_python/__init__.py -> /robot_ws/install/tf2_python/lib/python3.10/site-packages/tf2_python
[0.828s] copying /robot_ws/build/tf2_python/build/lib/tf2_python/static_turtle_tf2_broadcaster.py -> /robot_ws/install/tf2_python/lib/python3.10/site-packages/tf2_python
[0.828s] byte-compiling /robot_ws/install/tf2_python/lib/python3.10/site-packages/tf2_python/turtle_tf2_broadcaster.py to turtle_tf2_broadcaster.cpython-310.pyc
[0.829s] byte-compiling /robot_ws/install/tf2_python/lib/python3.10/site-packages/tf2_python/__init__.py to __init__.cpython-310.pyc
[0.829s] byte-compiling /robot_ws/install/tf2_python/lib/python3.10/site-packages/tf2_python/static_turtle_tf2_broadcaster.py to static_turtle_tf2_broadcaster.cpython-310.pyc
[0.830s] running install_data
[0.831s] copying resource/tf2_python -> /robot_ws/install/tf2_python/share/ament_index/resource_index/packages
[0.831s] copying package.xml -> /robot_ws/install/tf2_python/share/tf2_python
[0.831s] copying launch/turtle_tf2_demo.launch.py -> /robot_ws/install/tf2_python/share/tf2_python/launch
[0.831s] copying launch/publish_static_transform.launch.py -> /robot_ws/install/tf2_python/share/tf2_python/launch
[0.831s] running install_egg_info
[0.834s] Copying ../../build/tf2_python/tf2_python.egg-info to /robot_ws/install/tf2_python/lib/python3.10/site-packages/tf2_python-0.0.0-py3.10.egg-info
[0.835s] running install_scripts
[0.852s] Installing static_turtle_tf2_broadcaster script to /robot_ws/install/tf2_python/lib/tf2_python
[0.852s] Installing turtle_tf2_broadcaster script to /robot_ws/install/tf2_python/lib/tf2_python
[0.853s] writing list of installed files to '/robot_ws/build/tf2_python/install.log'
[0.875s] Invoked command in '/robot_ws/src/tf2_python' returned '0': PYTHONPATH=/robot_ws/build/tf2_python/prefix_override:/usr/lib/python3/dist-packages/colcon_core/task/python/colcon_distutils_commands:/robot_ws/install/tf2_python/lib/python3.10/site-packages:${PYTHONPATH} /usr/bin/python3 -W ignore:setup.py install is deprecated setup.py egg_info --egg-base ../../build/tf2_python build --build-base /robot_ws/build/tf2_python/build install --record /robot_ws/build/tf2_python/install.log --single-version-externally-managed install_data --force
