[0.146s] DEBUG:colcon:Command line arguments: ['/usr/bin/colcon', 'build', '--symlink-install', '--packages-select', 'basic_pkg_cpp']
[0.146s] DEBUG:colcon:Parsed command line arguments: Namespace(log_base=None, log_level=None, verb_name='build', build_base='build', install_base='install', merge_install=False, symlink_install=True, test_result_base=None, continue_on_error=False, executor='parallel', parallel_workers=8, event_handlers=None, ignore_user_meta=False, metas=['./colcon.meta'], base_paths=['.'], packages_ignore=None, packages_ignore_regex=None, paths=None, packages_up_to=None, packages_up_to_regex=None, packages_above=None, packages_above_and_dependencies=None, packages_above_depth=None, packages_select_by_dep=None, packages_skip_by_dep=None, packages_skip_up_to=None, packages_select_build_failed=False, packages_skip_build_finished=False, packages_select_test_failures=False, packages_skip_test_passed=False, packages_select=['basic_pkg_cpp'], packages_skip=None, packages_select_regex=None, packages_skip_regex=None, packages_start=None, packages_end=None, allow_overriding=[], cmake_args=None, cmake_target=None, cmake_target_skip_unavailable=False, cmake_clean_cache=False, cmake_clean_first=False, cmake_force_configure=False, ament_cmake_args=None, catkin_cmake_args=None, catkin_skip_building_tests=False, mixin_files=None, mixin=None, verb_parser=<colcon_mixin.mixin.mixin_argument.MixinArgumentDecorator object at 0x7f426be65270>, verb_extension=<colcon_core.verb.build.BuildVerb object at 0x7f426be64cd0>, main=<bound method BuildVerb.main of <colcon_core.verb.build.BuildVerb object at 0x7f426be64cd0>>, mixin_verb=('build',))
[0.176s] Level 1:colcon.colcon_core.package_discovery:discover_packages(colcon_meta) check parameters
[0.176s] Level 1:colcon.colcon_core.package_discovery:discover_packages(recursive) check parameters
[0.176s] Level 1:colcon.colcon_core.package_discovery:discover_packages(ignore) check parameters
[0.177s] Level 1:colcon.colcon_core.package_discovery:discover_packages(path) check parameters
[0.177s] Level 1:colcon.colcon_core.package_discovery:discover_packages(colcon_meta) discover
[0.177s] Level 1:colcon.colcon_core.package_discovery:discover_packages(recursive) discover
[0.177s] INFO:colcon.colcon_core.package_discovery:Crawling recursively for packages in '/home/smkim/ros2_tutorials/robot_ws'
[0.177s] Level 1:colcon.colcon_core.package_identification:_identify(.) by extensions ['ignore', 'ignore_ament_install']
[0.177s] Level 1:colcon.colcon_core.package_identification:_identify(.) by extension 'ignore'
[0.177s] Level 1:colcon.colcon_core.package_identification:_identify(.) by extension 'ignore_ament_install'
[0.177s] Level 1:colcon.colcon_core.package_identification:_identify(.) by extensions ['colcon_pkg']
[0.177s] Level 1:colcon.colcon_core.package_identification:_identify(.) by extension 'colcon_pkg'
[0.177s] Level 1:colcon.colcon_core.package_identification:_identify(.) by extensions ['colcon_meta']
[0.177s] Level 1:colcon.colcon_core.package_identification:_identify(.) by extension 'colcon_meta'
[0.177s] Level 1:colcon.colcon_core.package_identification:_identify(.) by extensions ['ros']
[0.177s] Level 1:colcon.colcon_core.package_identification:_identify(.) by extension 'ros'
[0.187s] Level 1:colcon.colcon_core.package_identification:_identify(.) by extensions ['cmake', 'python']
[0.187s] Level 1:colcon.colcon_core.package_identification:_identify(.) by extension 'cmake'
[0.187s] Level 1:colcon.colcon_core.package_identification:_identify(.) by extension 'python'
[0.187s] Level 1:colcon.colcon_core.package_identification:_identify(.) by extensions ['python_setup_py']
[0.187s] Level 1:colcon.colcon_core.package_identification:_identify(.) by extension 'python_setup_py'
[0.187s] Level 1:colcon.colcon_core.package_identification:_identify(build) by extensions ['ignore', 'ignore_ament_install']
[0.187s] Level 1:colcon.colcon_core.package_identification:_identify(build) by extension 'ignore'
[0.187s] Level 1:colcon.colcon_core.package_identification:_identify(build) ignored
[0.187s] Level 1:colcon.colcon_core.package_identification:_identify(install) by extensions ['ignore', 'ignore_ament_install']
[0.188s] Level 1:colcon.colcon_core.package_identification:_identify(install) by extension 'ignore'
[0.188s] Level 1:colcon.colcon_core.package_identification:_identify(install) ignored
[0.188s] Level 1:colcon.colcon_core.package_identification:_identify(log) by extensions ['ignore', 'ignore_ament_install']
[0.188s] Level 1:colcon.colcon_core.package_identification:_identify(log) by extension 'ignore'
[0.188s] Level 1:colcon.colcon_core.package_identification:_identify(log) ignored
[0.188s] Level 1:colcon.colcon_core.package_identification:_identify(src) by extensions ['ignore', 'ignore_ament_install']
[0.188s] Level 1:colcon.colcon_core.package_identification:_identify(src) by extension 'ignore'
[0.188s] Level 1:colcon.colcon_core.package_identification:_identify(src) by extension 'ignore_ament_install'
[0.188s] Level 1:colcon.colcon_core.package_identification:_identify(src) by extensions ['colcon_pkg']
[0.188s] Level 1:colcon.colcon_core.package_identification:_identify(src) by extension 'colcon_pkg'
[0.188s] Level 1:colcon.colcon_core.package_identification:_identify(src) by extensions ['colcon_meta']
[0.188s] Level 1:colcon.colcon_core.package_identification:_identify(src) by extension 'colcon_meta'
[0.188s] Level 1:colcon.colcon_core.package_identification:_identify(src) by extensions ['ros']
[0.188s] Level 1:colcon.colcon_core.package_identification:_identify(src) by extension 'ros'
[0.188s] Level 1:colcon.colcon_core.package_identification:_identify(src) by extensions ['cmake', 'python']
[0.188s] Level 1:colcon.colcon_core.package_identification:_identify(src) by extension 'cmake'
[0.188s] Level 1:colcon.colcon_core.package_identification:_identify(src) by extension 'python'
[0.188s] Level 1:colcon.colcon_core.package_identification:_identify(src) by extensions ['python_setup_py']
[0.188s] Level 1:colcon.colcon_core.package_identification:_identify(src) by extension 'python_setup_py'
[0.188s] Level 1:colcon.colcon_core.package_identification:_identify(src/basic_pkg) by extensions ['ignore', 'ignore_ament_install']
[0.188s] Level 1:colcon.colcon_core.package_identification:_identify(src/basic_pkg) by extension 'ignore'
[0.188s] Level 1:colcon.colcon_core.package_identification:_identify(src/basic_pkg) by extension 'ignore_ament_install'
[0.188s] Level 1:colcon.colcon_core.package_identification:_identify(src/basic_pkg) by extensions ['colcon_pkg']
[0.188s] Level 1:colcon.colcon_core.package_identification:_identify(src/basic_pkg) by extension 'colcon_pkg'
[0.188s] Level 1:colcon.colcon_core.package_identification:_identify(src/basic_pkg) by extensions ['colcon_meta']
[0.188s] Level 1:colcon.colcon_core.package_identification:_identify(src/basic_pkg) by extension 'colcon_meta'
[0.188s] Level 1:colcon.colcon_core.package_identification:_identify(src/basic_pkg) by extensions ['ros']
[0.188s] Level 1:colcon.colcon_core.package_identification:_identify(src/basic_pkg) by extension 'ros'
[0.190s] DEBUG:colcon.colcon_core.package_identification:Package 'src/basic_pkg' with type 'ros.ament_python' and name 'basic_pkg'
[0.190s] Level 1:colcon.colcon_core.package_identification:_identify(src/basic_pkg_cpp) by extensions ['ignore', 'ignore_ament_install']
[0.190s] Level 1:colcon.colcon_core.package_identification:_identify(src/basic_pkg_cpp) by extension 'ignore'
[0.190s] Level 1:colcon.colcon_core.package_identification:_identify(src/basic_pkg_cpp) by extension 'ignore_ament_install'
[0.190s] Level 1:colcon.colcon_core.package_identification:_identify(src/basic_pkg_cpp) by extensions ['colcon_pkg']
[0.190s] Level 1:colcon.colcon_core.package_identification:_identify(src/basic_pkg_cpp) by extension 'colcon_pkg'
[0.190s] Level 1:colcon.colcon_core.package_identification:_identify(src/basic_pkg_cpp) by extensions ['colcon_meta']
[0.190s] Level 1:colcon.colcon_core.package_identification:_identify(src/basic_pkg_cpp) by extension 'colcon_meta'
[0.190s] Level 1:colcon.colcon_core.package_identification:_identify(src/basic_pkg_cpp) by extensions ['ros']
[0.190s] Level 1:colcon.colcon_core.package_identification:_identify(src/basic_pkg_cpp) by extension 'ros'
[0.191s] DEBUG:colcon.colcon_core.package_identification:Package 'src/basic_pkg_cpp' with type 'ros.ament_cmake' and name 'basic_pkg_cpp'
[0.191s] Level 1:colcon.colcon_core.package_identification:_identify(src/build) by extensions ['ignore', 'ignore_ament_install']
[0.191s] Level 1:colcon.colcon_core.package_identification:_identify(src/build) by extension 'ignore'
[0.191s] Level 1:colcon.colcon_core.package_identification:_identify(src/build) ignored
[0.191s] Level 1:colcon.colcon_core.package_identification:_identify(src/calculator) by extensions ['ignore', 'ignore_ament_install']
[0.191s] Level 1:colcon.colcon_core.package_identification:_identify(src/calculator) by extension 'ignore'
[0.191s] Level 1:colcon.colcon_core.package_identification:_identify(src/calculator) by extension 'ignore_ament_install'
[0.191s] Level 1:colcon.colcon_core.package_identification:_identify(src/calculator) by extensions ['colcon_pkg']
[0.191s] Level 1:colcon.colcon_core.package_identification:_identify(src/calculator) by extension 'colcon_pkg'
[0.191s] Level 1:colcon.colcon_core.package_identification:_identify(src/calculator) by extensions ['colcon_meta']
[0.191s] Level 1:colcon.colcon_core.package_identification:_identify(src/calculator) by extension 'colcon_meta'
[0.191s] Level 1:colcon.colcon_core.package_identification:_identify(src/calculator) by extensions ['ros']
[0.191s] Level 1:colcon.colcon_core.package_identification:_identify(src/calculator) by extension 'ros'
[0.192s] DEBUG:colcon.colcon_core.package_identification:Package 'src/calculator' with type 'ros.ament_python' and name 'calculator'
[0.192s] Level 1:colcon.colcon_core.package_identification:_identify(src/install) by extensions ['ignore', 'ignore_ament_install']
[0.192s] Level 1:colcon.colcon_core.package_identification:_identify(src/install) by extension 'ignore'
[0.192s] Level 1:colcon.colcon_core.package_identification:_identify(src/install) ignored
[0.192s] Level 1:colcon.colcon_core.package_identification:_identify(src/log) by extensions ['ignore', 'ignore_ament_install']
[0.192s] Level 1:colcon.colcon_core.package_identification:_identify(src/log) by extension 'ignore'
[0.192s] Level 1:colcon.colcon_core.package_identification:_identify(src/log) ignored
[0.192s] Level 1:colcon.colcon_core.package_identification:_identify(src/logger) by extensions ['ignore', 'ignore_ament_install']
[0.192s] Level 1:colcon.colcon_core.package_identification:_identify(src/logger) by extension 'ignore'
[0.192s] Level 1:colcon.colcon_core.package_identification:_identify(src/logger) by extension 'ignore_ament_install'
[0.192s] Level 1:colcon.colcon_core.package_identification:_identify(src/logger) by extensions ['colcon_pkg']
[0.192s] Level 1:colcon.colcon_core.package_identification:_identify(src/logger) by extension 'colcon_pkg'
[0.192s] Level 1:colcon.colcon_core.package_identification:_identify(src/logger) by extensions ['colcon_meta']
[0.192s] Level 1:colcon.colcon_core.package_identification:_identify(src/logger) by extension 'colcon_meta'
[0.192s] Level 1:colcon.colcon_core.package_identification:_identify(src/logger) by extensions ['ros']
[0.192s] Level 1:colcon.colcon_core.package_identification:_identify(src/logger) by extension 'ros'
[0.193s] DEBUG:colcon.colcon_core.package_identification:Package 'src/logger' with type 'ros.ament_python' and name 'logger'
[0.193s] Level 1:colcon.colcon_core.package_identification:_identify(src/msg_srv_action_interface_example) by extensions ['ignore', 'ignore_ament_install']
[0.193s] Level 1:colcon.colcon_core.package_identification:_identify(src/msg_srv_action_interface_example) by extension 'ignore'
[0.193s] Level 1:colcon.colcon_core.package_identification:_identify(src/msg_srv_action_interface_example) by extension 'ignore_ament_install'
[0.193s] Level 1:colcon.colcon_core.package_identification:_identify(src/msg_srv_action_interface_example) by extensions ['colcon_pkg']
[0.193s] Level 1:colcon.colcon_core.package_identification:_identify(src/msg_srv_action_interface_example) by extension 'colcon_pkg'
[0.193s] Level 1:colcon.colcon_core.package_identification:_identify(src/msg_srv_action_interface_example) by extensions ['colcon_meta']
[0.193s] Level 1:colcon.colcon_core.package_identification:_identify(src/msg_srv_action_interface_example) by extension 'colcon_meta'
[0.193s] Level 1:colcon.colcon_core.package_identification:_identify(src/msg_srv_action_interface_example) by extensions ['ros']
[0.193s] Level 1:colcon.colcon_core.package_identification:_identify(src/msg_srv_action_interface_example) by extension 'ros'
[0.193s] DEBUG:colcon.colcon_core.package_identification:Package 'src/msg_srv_action_interface_example' with type 'ros.ament_cmake' and name 'msg_srv_action_interface_example'
[0.193s] Level 1:colcon.colcon_core.package_identification:_identify(src/ros2env) by extensions ['ignore', 'ignore_ament_install']
[0.193s] Level 1:colcon.colcon_core.package_identification:_identify(src/ros2env) by extension 'ignore'
[0.193s] Level 1:colcon.colcon_core.package_identification:_identify(src/ros2env) by extension 'ignore_ament_install'
[0.193s] Level 1:colcon.colcon_core.package_identification:_identify(src/ros2env) by extensions ['colcon_pkg']
[0.194s] Level 1:colcon.colcon_core.package_identification:_identify(src/ros2env) by extension 'colcon_pkg'
[0.194s] Level 1:colcon.colcon_core.package_identification:_identify(src/ros2env) by extensions ['colcon_meta']
[0.194s] Level 1:colcon.colcon_core.package_identification:_identify(src/ros2env) by extension 'colcon_meta'
[0.194s] Level 1:colcon.colcon_core.package_identification:_identify(src/ros2env) by extensions ['ros']
[0.194s] Level 1:colcon.colcon_core.package_identification:_identify(src/ros2env) by extension 'ros'
[0.194s] DEBUG:colcon.colcon_core.package_identification:Package 'src/ros2env' with type 'ros.ament_python' and name 'ros2env'
[0.194s] Level 1:colcon.colcon_core.package_identification:_identify(src/topic_service_action_rclpy_example) by extensions ['ignore', 'ignore_ament_install']
[0.194s] Level 1:colcon.colcon_core.package_identification:_identify(src/topic_service_action_rclpy_example) by extension 'ignore'
[0.194s] Level 1:colcon.colcon_core.package_identification:_identify(src/topic_service_action_rclpy_example) by extension 'ignore_ament_install'
[0.194s] Level 1:colcon.colcon_core.package_identification:_identify(src/topic_service_action_rclpy_example) by extensions ['colcon_pkg']
[0.194s] Level 1:colcon.colcon_core.package_identification:_identify(src/topic_service_action_rclpy_example) by extension 'colcon_pkg'
[0.194s] Level 1:colcon.colcon_core.package_identification:_identify(src/topic_service_action_rclpy_example) by extensions ['colcon_meta']
[0.194s] Level 1:colcon.colcon_core.package_identification:_identify(src/topic_service_action_rclpy_example) by extension 'colcon_meta'
[0.194s] Level 1:colcon.colcon_core.package_identification:_identify(src/topic_service_action_rclpy_example) by extensions ['ros']
[0.194s] Level 1:colcon.colcon_core.package_identification:_identify(src/topic_service_action_rclpy_example) by extension 'ros'
[0.195s] DEBUG:colcon.colcon_core.package_identification:Package 'src/topic_service_action_rclpy_example' with type 'ros.ament_python' and name 'topic_service_action_rclpy_example'
[0.195s] Level 1:colcon.colcon_core.package_discovery:discover_packages(recursive) using defaults
[0.195s] Level 1:colcon.colcon_core.package_discovery:discover_packages(ignore) discover
[0.195s] Level 1:colcon.colcon_core.package_discovery:discover_packages(ignore) using defaults
[0.195s] Level 1:colcon.colcon_core.package_discovery:discover_packages(path) discover
[0.195s] Level 1:colcon.colcon_core.package_discovery:discover_packages(path) using defaults
[0.210s] INFO:colcon.colcon_core.package_selection:Skipping not selected package 'basic_pkg' in 'src/basic_pkg'
[0.210s] INFO:colcon.colcon_core.package_selection:Skipping not selected package 'logger' in 'src/logger'
[0.210s] INFO:colcon.colcon_core.package_selection:Skipping not selected package 'msg_srv_action_interface_example' in 'src/msg_srv_action_interface_example'
[0.210s] INFO:colcon.colcon_core.package_selection:Skipping not selected package 'ros2env' in 'src/ros2env'
[0.210s] INFO:colcon.colcon_core.package_selection:Skipping not selected package 'calculator' in 'src/calculator'
[0.210s] INFO:colcon.colcon_core.package_selection:Skipping not selected package 'topic_service_action_rclpy_example' in 'src/topic_service_action_rclpy_example'
[0.210s] Level 1:colcon.colcon_core.package_discovery:discover_packages(prefix_path) check parameters
[0.210s] Level 1:colcon.colcon_core.package_discovery:discover_packages(prefix_path) discover
[0.212s] DEBUG:colcon.colcon_installed_package_information.package_discovery:Found 6 installed packages in /home/smkim/ros2_tutorials/robot_ws/install
[0.212s] DEBUG:colcon.colcon_installed_package_information.package_discovery:Found 294 installed packages in /opt/ros/humble
[0.213s] Level 1:colcon.colcon_core.package_discovery:discover_packages(prefix_path) using defaults
[0.239s] Level 5:colcon.colcon_core.verb:set package 'basic_pkg_cpp' build argument 'cmake_args' from command line to 'None'
[0.239s] Level 5:colcon.colcon_core.verb:set package 'basic_pkg_cpp' build argument 'cmake_target' from command line to 'None'
[0.239s] Level 5:colcon.colcon_core.verb:set package 'basic_pkg_cpp' build argument 'cmake_target_skip_unavailable' from command line to 'False'
[0.239s] Level 5:colcon.colcon_core.verb:set package 'basic_pkg_cpp' build argument 'cmake_clean_cache' from command line to 'False'
[0.239s] Level 5:colcon.colcon_core.verb:set package 'basic_pkg_cpp' build argument 'cmake_clean_first' from command line to 'False'
[0.239s] Level 5:colcon.colcon_core.verb:set package 'basic_pkg_cpp' build argument 'cmake_force_configure' from command line to 'False'
[0.239s] Level 5:colcon.colcon_core.verb:set package 'basic_pkg_cpp' build argument 'ament_cmake_args' from command line to 'None'
[0.239s] Level 5:colcon.colcon_core.verb:set package 'basic_pkg_cpp' build argument 'catkin_cmake_args' from command line to 'None'
[0.239s] Level 5:colcon.colcon_core.verb:set package 'basic_pkg_cpp' build argument 'catkin_skip_building_tests' from command line to 'False'
[0.239s] DEBUG:colcon.colcon_core.verb:Building package 'basic_pkg_cpp' with the following arguments: {'ament_cmake_args': None, 'build_base': '/home/smkim/ros2_tutorials/robot_ws/build/basic_pkg_cpp', 'catkin_cmake_args': None, 'catkin_skip_building_tests': False, 'cmake_args': None, 'cmake_clean_cache': False, 'cmake_clean_first': False, 'cmake_force_configure': False, 'cmake_target': None, 'cmake_target_skip_unavailable': False, 'install_base': '/home/smkim/ros2_tutorials/robot_ws/install/basic_pkg_cpp', 'merge_install': False, 'path': '/home/smkim/ros2_tutorials/robot_ws/src/basic_pkg_cpp', 'symlink_install': True, 'test_result_base': None}
[0.239s] INFO:colcon.colcon_core.executor:Executing jobs using 'parallel' executor
[0.240s] DEBUG:colcon.colcon_parallel_executor.executor.parallel:run_until_complete
[0.241s] INFO:colcon.colcon_ros.task.ament_cmake.build:Building ROS package in '/home/smkim/ros2_tutorials/robot_ws/src/basic_pkg_cpp' with build type 'ament_cmake'
[0.241s] INFO:colcon.colcon_cmake.task.cmake.build:Building CMake package in '/home/smkim/ros2_tutorials/robot_ws/src/basic_pkg_cpp'
[0.243s] INFO:colcon.colcon_core.plugin_system:Skipping extension 'colcon_core.shell.bat': Not used on non-Windows systems
[0.243s] INFO:colcon.colcon_core.shell:Skip shell extension 'powershell' for command environment: Not usable outside of PowerShell
[0.243s] DEBUG:colcon.colcon_core.shell:Skip shell extension 'dsv' for command environment
[0.250s] DEBUG:colcon.colcon_core.event_handler.log_command:Invoking command in '/home/smkim/ros2_tutorials/robot_ws/build/basic_pkg_cpp': CMAKE_PREFIX_PATH=${CMAKE_PREFIX_PATH}:/home/smkim/ros2_tutorials/robot_ws/install/topic_service_action_rclpy_example:/home/smkim/ros2_tutorials/robot_ws/install/ros2env:/home/smkim/ros2_tutorials/robot_ws/install/calculator:/home/smkim/ros2_tutorials/robot_ws/install/logger:/home/smkim/ros2_tutorials/robot_ws/install/basic_pkg:/opt/ros/humble /usr/bin/cmake /home/smkim/ros2_tutorials/robot_ws/src/basic_pkg_cpp -DAMENT_CMAKE_SYMLINK_INSTALL=1 -DCMAKE_INSTALL_PREFIX=/home/smkim/ros2_tutorials/robot_ws/install/basic_pkg_cpp
[6.894s] DEBUG:colcon.colcon_core.event_handler.log_command:Invoked command in '/home/smkim/ros2_tutorials/robot_ws/build/basic_pkg_cpp' returned '0': CMAKE_PREFIX_PATH=${CMAKE_PREFIX_PATH}:/home/smkim/ros2_tutorials/robot_ws/install/topic_service_action_rclpy_example:/home/smkim/ros2_tutorials/robot_ws/install/ros2env:/home/smkim/ros2_tutorials/robot_ws/install/calculator:/home/smkim/ros2_tutorials/robot_ws/install/logger:/home/smkim/ros2_tutorials/robot_ws/install/basic_pkg:/opt/ros/humble /usr/bin/cmake /home/smkim/ros2_tutorials/robot_ws/src/basic_pkg_cpp -DAMENT_CMAKE_SYMLINK_INSTALL=1 -DCMAKE_INSTALL_PREFIX=/home/smkim/ros2_tutorials/robot_ws/install/basic_pkg_cpp
[6.895s] DEBUG:colcon.colcon_core.event_handler.log_command:Invoking command in '/home/smkim/ros2_tutorials/robot_ws/build/basic_pkg_cpp': CMAKE_PREFIX_PATH=${CMAKE_PREFIX_PATH}:/home/smkim/ros2_tutorials/robot_ws/install/topic_service_action_rclpy_example:/home/smkim/ros2_tutorials/robot_ws/install/ros2env:/home/smkim/ros2_tutorials/robot_ws/install/calculator:/home/smkim/ros2_tutorials/robot_ws/install/logger:/home/smkim/ros2_tutorials/robot_ws/install/basic_pkg:/opt/ros/humble /usr/bin/cmake --build /home/smkim/ros2_tutorials/robot_ws/build/basic_pkg_cpp -- -j8 -l8
[13.791s] DEBUG:colcon.colcon_core.event_handler.log_command:Invoked command in '/home/smkim/ros2_tutorials/robot_ws/build/basic_pkg_cpp' returned '0': CMAKE_PREFIX_PATH=${CMAKE_PREFIX_PATH}:/home/smkim/ros2_tutorials/robot_ws/install/topic_service_action_rclpy_example:/home/smkim/ros2_tutorials/robot_ws/install/ros2env:/home/smkim/ros2_tutorials/robot_ws/install/calculator:/home/smkim/ros2_tutorials/robot_ws/install/logger:/home/smkim/ros2_tutorials/robot_ws/install/basic_pkg:/opt/ros/humble /usr/bin/cmake --build /home/smkim/ros2_tutorials/robot_ws/build/basic_pkg_cpp -- -j8 -l8
[13.817s] DEBUG:colcon.colcon_core.event_handler.log_command:Invoking command in '/home/smkim/ros2_tutorials/robot_ws/build/basic_pkg_cpp': CMAKE_PREFIX_PATH=${CMAKE_PREFIX_PATH}:/home/smkim/ros2_tutorials/robot_ws/install/topic_service_action_rclpy_example:/home/smkim/ros2_tutorials/robot_ws/install/ros2env:/home/smkim/ros2_tutorials/robot_ws/install/calculator:/home/smkim/ros2_tutorials/robot_ws/install/logger:/home/smkim/ros2_tutorials/robot_ws/install/basic_pkg:/opt/ros/humble /usr/bin/cmake --install /home/smkim/ros2_tutorials/robot_ws/build/basic_pkg_cpp
[13.920s] Level 1:colcon.colcon_core.environment:create_environment_scripts_only(basic_pkg_cpp)
[13.922s] DEBUG:colcon.colcon_core.event_handler.log_command:Invoked command in '/home/smkim/ros2_tutorials/robot_ws/build/basic_pkg_cpp' returned '0': CMAKE_PREFIX_PATH=${CMAKE_PREFIX_PATH}:/home/smkim/ros2_tutorials/robot_ws/install/topic_service_action_rclpy_example:/home/smkim/ros2_tutorials/robot_ws/install/ros2env:/home/smkim/ros2_tutorials/robot_ws/install/calculator:/home/smkim/ros2_tutorials/robot_ws/install/logger:/home/smkim/ros2_tutorials/robot_ws/install/basic_pkg:/opt/ros/humble /usr/bin/cmake --install /home/smkim/ros2_tutorials/robot_ws/build/basic_pkg_cpp
[13.924s] Level 1:colcon.colcon_core.environment:checking '/home/smkim/ros2_tutorials/robot_ws/install/basic_pkg_cpp' for CMake module files
[13.924s] Level 1:colcon.colcon_core.environment:checking '/home/smkim/ros2_tutorials/robot_ws/install/basic_pkg_cpp' for CMake config files
[13.924s] Level 1:colcon.colcon_core.shell:create_environment_hook('basic_pkg_cpp', 'cmake_prefix_path')
[13.925s] INFO:colcon.colcon_core.shell:Creating environment hook '/home/smkim/ros2_tutorials/robot_ws/install/basic_pkg_cpp/share/basic_pkg_cpp/hook/cmake_prefix_path.ps1'
[13.925s] INFO:colcon.colcon_core.shell:Creating environment descriptor '/home/smkim/ros2_tutorials/robot_ws/install/basic_pkg_cpp/share/basic_pkg_cpp/hook/cmake_prefix_path.dsv'
[13.926s] INFO:colcon.colcon_core.shell:Creating environment hook '/home/smkim/ros2_tutorials/robot_ws/install/basic_pkg_cpp/share/basic_pkg_cpp/hook/cmake_prefix_path.sh'
[13.926s] Level 1:colcon.colcon_core.environment:checking '/home/smkim/ros2_tutorials/robot_ws/install/basic_pkg_cpp/lib'
[13.927s] Level 1:colcon.colcon_core.environment:checking '/home/smkim/ros2_tutorials/robot_ws/install/basic_pkg_cpp/bin'
[13.927s] Level 1:colcon.colcon_core.environment:checking '/home/smkim/ros2_tutorials/robot_ws/install/basic_pkg_cpp/lib/pkgconfig/basic_pkg_cpp.pc'
[13.927s] Level 1:colcon.colcon_core.environment:checking '/home/smkim/ros2_tutorials/robot_ws/install/basic_pkg_cpp/lib/python3.10/site-packages'
[13.927s] Level 1:colcon.colcon_core.environment:checking '/home/smkim/ros2_tutorials/robot_ws/install/basic_pkg_cpp/bin'
[13.927s] INFO:colcon.colcon_core.shell:Creating package script '/home/smkim/ros2_tutorials/robot_ws/install/basic_pkg_cpp/share/basic_pkg_cpp/package.ps1'
[13.928s] INFO:colcon.colcon_core.shell:Creating package descriptor '/home/smkim/ros2_tutorials/robot_ws/install/basic_pkg_cpp/share/basic_pkg_cpp/package.dsv'
[13.928s] INFO:colcon.colcon_core.shell:Creating package script '/home/smkim/ros2_tutorials/robot_ws/install/basic_pkg_cpp/share/basic_pkg_cpp/package.sh'
[13.929s] INFO:colcon.colcon_core.shell:Creating package script '/home/smkim/ros2_tutorials/robot_ws/install/basic_pkg_cpp/share/basic_pkg_cpp/package.bash'
[13.929s] INFO:colcon.colcon_core.shell:Creating package script '/home/smkim/ros2_tutorials/robot_ws/install/basic_pkg_cpp/share/basic_pkg_cpp/package.zsh'
[13.930s] Level 1:colcon.colcon_core.environment:create_file_with_runtime_dependencies(/home/smkim/ros2_tutorials/robot_ws/install/basic_pkg_cpp/share/colcon-core/packages/basic_pkg_cpp)
[13.949s] Level 1:colcon.colcon_core.environment:create_environment_scripts_only(basic_pkg_cpp)
[13.949s] Level 1:colcon.colcon_core.environment:checking '/home/smkim/ros2_tutorials/robot_ws/install/basic_pkg_cpp' for CMake module files
[13.949s] Level 1:colcon.colcon_core.environment:checking '/home/smkim/ros2_tutorials/robot_ws/install/basic_pkg_cpp' for CMake config files
[13.950s] Level 1:colcon.colcon_core.shell:create_environment_hook('basic_pkg_cpp', 'cmake_prefix_path')
[13.950s] INFO:colcon.colcon_core.shell:Creating environment hook '/home/smkim/ros2_tutorials/robot_ws/install/basic_pkg_cpp/share/basic_pkg_cpp/hook/cmake_prefix_path.ps1'
[13.950s] INFO:colcon.colcon_core.shell:Creating environment descriptor '/home/smkim/ros2_tutorials/robot_ws/install/basic_pkg_cpp/share/basic_pkg_cpp/hook/cmake_prefix_path.dsv'
[13.950s] INFO:colcon.colcon_core.shell:Creating environment hook '/home/smkim/ros2_tutorials/robot_ws/install/basic_pkg_cpp/share/basic_pkg_cpp/hook/cmake_prefix_path.sh'
[13.951s] Level 1:colcon.colcon_core.environment:checking '/home/smkim/ros2_tutorials/robot_ws/install/basic_pkg_cpp/lib'
[13.951s] Level 1:colcon.colcon_core.environment:checking '/home/smkim/ros2_tutorials/robot_ws/install/basic_pkg_cpp/bin'
[13.951s] Level 1:colcon.colcon_core.environment:checking '/home/smkim/ros2_tutorials/robot_ws/install/basic_pkg_cpp/lib/pkgconfig/basic_pkg_cpp.pc'
[13.951s] Level 1:colcon.colcon_core.environment:checking '/home/smkim/ros2_tutorials/robot_ws/install/basic_pkg_cpp/lib/python3.10/site-packages'
[13.951s] Level 1:colcon.colcon_core.environment:checking '/home/smkim/ros2_tutorials/robot_ws/install/basic_pkg_cpp/bin'
[13.951s] INFO:colcon.colcon_core.shell:Creating package script '/home/smkim/ros2_tutorials/robot_ws/install/basic_pkg_cpp/share/basic_pkg_cpp/package.ps1'
[13.952s] INFO:colcon.colcon_core.shell:Creating package descriptor '/home/smkim/ros2_tutorials/robot_ws/install/basic_pkg_cpp/share/basic_pkg_cpp/package.dsv'
[13.952s] INFO:colcon.colcon_core.shell:Creating package script '/home/smkim/ros2_tutorials/robot_ws/install/basic_pkg_cpp/share/basic_pkg_cpp/package.sh'
[13.953s] INFO:colcon.colcon_core.shell:Creating package script '/home/smkim/ros2_tutorials/robot_ws/install/basic_pkg_cpp/share/basic_pkg_cpp/package.bash'
[13.953s] INFO:colcon.colcon_core.shell:Creating package script '/home/smkim/ros2_tutorials/robot_ws/install/basic_pkg_cpp/share/basic_pkg_cpp/package.zsh'
[13.953s] Level 1:colcon.colcon_core.environment:create_file_with_runtime_dependencies(/home/smkim/ros2_tutorials/robot_ws/install/basic_pkg_cpp/share/colcon-core/packages/basic_pkg_cpp)
[13.953s] DEBUG:colcon.colcon_parallel_executor.executor.parallel:closing loop
[13.954s] DEBUG:colcon.colcon_parallel_executor.executor.parallel:loop closed
[13.954s] DEBUG:colcon.colcon_parallel_executor.executor.parallel:run_until_complete finished with '0'
[13.954s] DEBUG:colcon.colcon_core.event_reactor:joining thread
[13.993s] INFO:colcon.colcon_core.plugin_system:Skipping extension 'colcon_notification.desktop_notification.notify_send': Could not find 'notify-send'
[13.993s] INFO:colcon.colcon_core.plugin_system:Skipping extension 'colcon_notification.desktop_notification.terminal_notifier': Not used on non-Darwin systems
[13.993s] INFO:colcon.colcon_core.plugin_system:Skipping extension 'colcon_notification.desktop_notification.win32': Not used on non-Windows systems
[13.993s] INFO:colcon.colcon_notification.desktop_notification:Sending desktop notification using 'notify2'
[13.994s] DEBUG:colcon.colcon_notification.desktop_notification.notify2:Failed to initialize notify2: org.freedesktop.DBus.Error.ServiceUnknown: The name org.freedesktop.Notifications was not provided by any .service files
[13.994s] DEBUG:colcon.colcon_core.event_reactor:joined thread
[13.994s] INFO:colcon.colcon_core.shell:Creating prefix script '/home/smkim/ros2_tutorials/robot_ws/install/local_setup.ps1'
[13.995s] INFO:colcon.colcon_core.shell:Creating prefix util module '/home/smkim/ros2_tutorials/robot_ws/install/_local_setup_util_ps1.py'
[13.996s] INFO:colcon.colcon_core.shell:Creating prefix chain script '/home/smkim/ros2_tutorials/robot_ws/install/setup.ps1'
[13.997s] INFO:colcon.colcon_core.shell:Creating prefix script '/home/smkim/ros2_tutorials/robot_ws/install/local_setup.sh'
[13.997s] INFO:colcon.colcon_core.shell:Creating prefix util module '/home/smkim/ros2_tutorials/robot_ws/install/_local_setup_util_sh.py'
[13.997s] INFO:colcon.colcon_core.shell:Creating prefix chain script '/home/smkim/ros2_tutorials/robot_ws/install/setup.sh'
[13.998s] INFO:colcon.colcon_core.shell:Creating prefix script '/home/smkim/ros2_tutorials/robot_ws/install/local_setup.bash'
[13.999s] INFO:colcon.colcon_core.shell:Creating prefix chain script '/home/smkim/ros2_tutorials/robot_ws/install/setup.bash'
[13.999s] INFO:colcon.colcon_core.shell:Creating prefix script '/home/smkim/ros2_tutorials/robot_ws/install/local_setup.zsh'
[14.000s] INFO:colcon.colcon_core.shell:Creating prefix chain script '/home/smkim/ros2_tutorials/robot_ws/install/setup.zsh'
