running egg_info
creating ../../build/logger/logger.egg-info
writing ../../build/logger/logger.egg-info/PKG-INFO
writing dependency_links to ../../build/logger/logger.egg-info/dependency_links.txt
writing entry points to ../../build/logger/logger.egg-info/entry_points.txt
writing requirements to ../../build/logger/logger.egg-info/requires.txt
writing top-level names to ../../build/logger/logger.egg-info/top_level.txt
writing manifest file '../../build/logger/logger.egg-info/SOURCES.txt'
reading manifest file '../../build/logger/logger.egg-info/SOURCES.txt'
writing manifest file '../../build/logger/logger.egg-info/SOURCES.txt'
running build
running build_py
creating /robot_ws/build/logger/build
creating /robot_ws/build/logger/build/lib
creating /robot_ws/build/logger/build/lib/logger
copying logger/__init__.py -> /robot_ws/build/logger/build/lib/logger
copying logger/logger.py -> /robot_ws/build/logger/build/lib/logger
running install
running install_lib
creating /robot_ws/install/logger/lib/python3.10/site-packages/logger
copying /robot_ws/build/logger/build/lib/logger/__init__.py -> /robot_ws/install/logger/lib/python3.10/site-packages/logger
copying /robot_ws/build/logger/build/lib/logger/logger.py -> /robot_ws/install/logger/lib/python3.10/site-packages/logger
byte-compiling /robot_ws/install/logger/lib/python3.10/site-packages/logger/__init__.py to __init__.cpython-310.pyc
byte-compiling /robot_ws/install/logger/lib/python3.10/site-packages/logger/logger.py to logger.cpython-310.pyc
running install_data
creating /robot_ws/install/logger/share/ament_index
creating /robot_ws/install/logger/share/ament_index/resource_index
creating /robot_ws/install/logger/share/ament_index/resource_index/packages
copying resource/logger -> /robot_ws/install/logger/share/ament_index/resource_index/packages
copying package.xml -> /robot_ws/install/logger/share/logger
running install_egg_info
Copying ../../build/logger/logger.egg-info to /robot_ws/install/logger/lib/python3.10/site-packages/logger-0.0.0-py3.10.egg-info
running install_scripts
Installing logging script to /robot_ws/install/logger/lib/logger
writing list of installed files to '/robot_ws/build/logger/install.log'
