[0.011s] Invoking command in '/home/smkim/ros2_tutorials/robot_ws/build/basic_pkg_cpp': CMAKE_PREFIX_PATH=${CMAKE_PREFIX_PATH}:/home/smkim/ros2_tutorials/robot_ws/install/topic_service_action_rclpy_example:/home/smkim/ros2_tutorials/robot_ws/install/ros2env:/home/smkim/ros2_tutorials/robot_ws/install/calculator:/home/smkim/ros2_tutorials/robot_ws/install/logger:/home/smkim/ros2_tutorials/robot_ws/install/basic_pkg:/opt/ros/humble /usr/bin/cmake --build /home/smkim/ros2_tutorials/robot_ws/build/basic_pkg_cpp -- -j8 -l8
[0.028s] -- Found ament_cmake: 1.3.9 (/opt/ros/humble/share/ament_cmake/cmake)
[0.124s] -- Override CMake install command with custom implementation using symlinks instead of copying resources
[0.128s] -- Found rclcpp: 16.0.9 (/opt/ros/humble/share/rclcpp/cmake)
[0.268s] -- Found rosidl_generator_c: 3.1.5 (/opt/ros/humble/share/rosidl_generator_c/cmake)
[0.269s] -- Found rosidl_adapter: 3.1.5 (/opt/ros/humble/share/rosidl_adapter/cmake)
[0.273s] -- Found rosidl_generator_cpp: 3.1.5 (/opt/ros/humble/share/rosidl_generator_cpp/cmake)
[0.281s] -- Using all available rosidl_typesupport_c: rosidl_typesupport_fastrtps_c;rosidl_typesupport_introspection_c
[0.291s] -- Using all available rosidl_typesupport_cpp: rosidl_typesupport_fastrtps_cpp;rosidl_typesupport_introspection_cpp
[0.355s] -- Found rmw_implementation_cmake: 6.1.2 (/opt/ros/humble/share/rmw_implementation_cmake/cmake)
[0.356s] -- Found rmw_fastrtps_cpp: 6.2.6 (/opt/ros/humble/share/rmw_fastrtps_cpp/cmake)
[4.750s] -- Using RMW implementation 'rmw_fastrtps_cpp' as default
[4.854s] -- Found ament_lint_auto: 0.12.11 (/opt/ros/humble/share/ament_lint_auto/cmake)
[4.906s] -- Added test 'cppcheck' to perform static code analysis on C / C++ code
[4.906s] -- Configured cppcheck include dirs: 
[4.907s] -- Configured cppcheck exclude dirs and/or files: 
[4.907s] -- Added test 'lint_cmake' to check CMake code style
[4.907s] -- Added test 'uncrustify' to check C / C++ code style
[4.907s] -- Configured uncrustify additional arguments: 
[4.907s] -- Added test 'xmllint' to check XML markup files
[4.908s] -- Configuring done
[4.916s] -- Generating done
[4.917s] -- Build files have been written to: /home/smkim/ros2_tutorials/robot_ws/build/basic_pkg_cpp
[4.937s] [35m[1mConsolidate compiler generated dependencies of target helloworld_publisher[0m
[4.937s] [35m[1mConsolidate compiler generated dependencies of target helloworld_subscriber[0m
[4.949s] [ 50%] Built target helloworld_publisher
[4.949s] [100%] Built target helloworld_subscriber
[4.957s] Invoked command in '/home/smkim/ros2_tutorials/robot_ws/build/basic_pkg_cpp' returned '0': CMAKE_PREFIX_PATH=${CMAKE_PREFIX_PATH}:/home/smkim/ros2_tutorials/robot_ws/install/topic_service_action_rclpy_example:/home/smkim/ros2_tutorials/robot_ws/install/ros2env:/home/smkim/ros2_tutorials/robot_ws/install/calculator:/home/smkim/ros2_tutorials/robot_ws/install/logger:/home/smkim/ros2_tutorials/robot_ws/install/basic_pkg:/opt/ros/humble /usr/bin/cmake --build /home/smkim/ros2_tutorials/robot_ws/build/basic_pkg_cpp -- -j8 -l8
[4.982s] Invoking command in '/home/smkim/ros2_tutorials/robot_ws/build/basic_pkg_cpp': CMAKE_PREFIX_PATH=${CMAKE_PREFIX_PATH}:/home/smkim/ros2_tutorials/robot_ws/install/topic_service_action_rclpy_example:/home/smkim/ros2_tutorials/robot_ws/install/ros2env:/home/smkim/ros2_tutorials/robot_ws/install/calculator:/home/smkim/ros2_tutorials/robot_ws/install/logger:/home/smkim/ros2_tutorials/robot_ws/install/basic_pkg:/opt/ros/humble /usr/bin/cmake --install /home/smkim/ros2_tutorials/robot_ws/build/basic_pkg_cpp
[4.987s] -- Install configuration: ""
[4.987s] -- Execute custom install script
[4.987s] -- Symlinking: /home/smkim/ros2_tutorials/robot_ws/install/basic_pkg_cpp/lib/basic_pkg_cpp/helloworld_publisher
[4.993s] -- Symlinking: /home/smkim/ros2_tutorials/robot_ws/install/basic_pkg_cpp/lib/basic_pkg_cpp/helloworld_subscriber
[4.999s] -- Up-to-date symlink: /home/smkim/ros2_tutorials/robot_ws/install/basic_pkg_cpp/share/ament_index/resource_index/package_run_dependencies/basic_pkg_cpp
[5.000s] -- Up-to-date symlink: /home/smkim/ros2_tutorials/robot_ws/install/basic_pkg_cpp/share/ament_index/resource_index/parent_prefix_path/basic_pkg_cpp
[5.000s] -- Up-to-date symlink: /home/smkim/ros2_tutorials/robot_ws/install/basic_pkg_cpp/share/basic_pkg_cpp/environment/ament_prefix_path.sh
[5.000s] -- Up-to-date symlink: /home/smkim/ros2_tutorials/robot_ws/install/basic_pkg_cpp/share/basic_pkg_cpp/environment/ament_prefix_path.dsv
[5.000s] -- Up-to-date symlink: /home/smkim/ros2_tutorials/robot_ws/install/basic_pkg_cpp/share/basic_pkg_cpp/environment/path.sh
[5.000s] -- Up-to-date symlink: /home/smkim/ros2_tutorials/robot_ws/install/basic_pkg_cpp/share/basic_pkg_cpp/environment/path.dsv
[5.000s] -- Up-to-date symlink: /home/smkim/ros2_tutorials/robot_ws/install/basic_pkg_cpp/share/basic_pkg_cpp/local_setup.bash
[5.000s] -- Up-to-date symlink: /home/smkim/ros2_tutorials/robot_ws/install/basic_pkg_cpp/share/basic_pkg_cpp/local_setup.sh
[5.000s] -- Up-to-date symlink: /home/smkim/ros2_tutorials/robot_ws/install/basic_pkg_cpp/share/basic_pkg_cpp/local_setup.zsh
[5.000s] -- Up-to-date symlink: /home/smkim/ros2_tutorials/robot_ws/install/basic_pkg_cpp/share/basic_pkg_cpp/local_setup.dsv
[5.000s] -- Symlinking: /home/smkim/ros2_tutorials/robot_ws/install/basic_pkg_cpp/share/basic_pkg_cpp/package.dsv
[5.006s] -- Up-to-date symlink: /home/smkim/ros2_tutorials/robot_ws/install/basic_pkg_cpp/share/ament_index/resource_index/packages/basic_pkg_cpp
[5.006s] -- Up-to-date symlink: /home/smkim/ros2_tutorials/robot_ws/install/basic_pkg_cpp/share/basic_pkg_cpp/cmake/basic_pkg_cppConfig.cmake
[5.006s] -- Up-to-date symlink: /home/smkim/ros2_tutorials/robot_ws/install/basic_pkg_cpp/share/basic_pkg_cpp/cmake/basic_pkg_cppConfig-version.cmake
[5.006s] -- Up-to-date symlink: /home/smkim/ros2_tutorials/robot_ws/install/basic_pkg_cpp/share/basic_pkg_cpp/package.xml
[5.008s] Invoked command in '/home/smkim/ros2_tutorials/robot_ws/build/basic_pkg_cpp' returned '0': CMAKE_PREFIX_PATH=${CMAKE_PREFIX_PATH}:/home/smkim/ros2_tutorials/robot_ws/install/topic_service_action_rclpy_example:/home/smkim/ros2_tutorials/robot_ws/install/ros2env:/home/smkim/ros2_tutorials/robot_ws/install/calculator:/home/smkim/ros2_tutorials/robot_ws/install/logger:/home/smkim/ros2_tutorials/robot_ws/install/basic_pkg:/opt/ros/humble /usr/bin/cmake --install /home/smkim/ros2_tutorials/robot_ws/build/basic_pkg_cpp
