/robot_ws/install/tf2_python/lib/python3.10/site-packages/tf2_python/turtle_tf2_broadcaster.py
/robot_ws/install/tf2_python/lib/python3.10/site-packages/tf2_python/__init__.py
/robot_ws/install/tf2_python/lib/python3.10/site-packages/tf2_python/static_turtle_tf2_broadcaster.py
/robot_ws/install/tf2_python/lib/python3.10/site-packages/tf2_python/turtle_tf2_message_broadcaster.py
/robot_ws/install/tf2_python/lib/python3.10/site-packages/tf2_python/fixed_frame_tf2_broadcaster.py
/robot_ws/install/tf2_python/lib/python3.10/site-packages/tf2_python/turtle_tf2_listener.py
/robot_ws/install/tf2_python/lib/python3.10/site-packages/tf2_python/dynamic_frame_tf2_broadcaster.py
/robot_ws/install/tf2_python/lib/python3.10/site-packages/tf2_python/__pycache__/turtle_tf2_broadcaster.cpython-310.pyc
/robot_ws/install/tf2_python/lib/python3.10/site-packages/tf2_python/__pycache__/__init__.cpython-310.pyc
/robot_ws/install/tf2_python/lib/python3.10/site-packages/tf2_python/__pycache__/static_turtle_tf2_broadcaster.cpython-310.pyc
/robot_ws/install/tf2_python/lib/python3.10/site-packages/tf2_python/__pycache__/turtle_tf2_message_broadcaster.cpython-310.pyc
/robot_ws/install/tf2_python/lib/python3.10/site-packages/tf2_python/__pycache__/fixed_frame_tf2_broadcaster.cpython-310.pyc
/robot_ws/install/tf2_python/lib/python3.10/site-packages/tf2_python/__pycache__/turtle_tf2_listener.cpython-310.pyc
/robot_ws/install/tf2_python/lib/python3.10/site-packages/tf2_python/__pycache__/dynamic_frame_tf2_broadcaster.cpython-310.pyc
/robot_ws/install/tf2_python/share/ament_index/resource_index/packages/tf2_python
/robot_ws/install/tf2_python/share/tf2_python/package.xml
/robot_ws/install/tf2_python/share/tf2_python/launch/turtle_tf2_fixed_frame_demo.launch.py
/robot_ws/install/tf2_python/share/tf2_python/launch/turtle_tf2_dynamic_frame_demo.launch.py
/robot_ws/install/tf2_python/share/tf2_python/launch/turtle_tf2_demo.launch.py
/robot_ws/install/tf2_python/share/tf2_python/launch/publish_static_transform.launch.py
/robot_ws/install/tf2_python/lib/python3.10/site-packages/tf2_python-0.0.0-py3.10.egg-info/top_level.txt
/robot_ws/install/tf2_python/lib/python3.10/site-packages/tf2_python-0.0.0-py3.10.egg-info/dependency_links.txt
/robot_ws/install/tf2_python/lib/python3.10/site-packages/tf2_python-0.0.0-py3.10.egg-info/PKG-INFO
/robot_ws/install/tf2_python/lib/python3.10/site-packages/tf2_python-0.0.0-py3.10.egg-info/requires.txt
/robot_ws/install/tf2_python/lib/python3.10/site-packages/tf2_python-0.0.0-py3.10.egg-info/entry_points.txt
/robot_ws/install/tf2_python/lib/python3.10/site-packages/tf2_python-0.0.0-py3.10.egg-info/zip-safe
/robot_ws/install/tf2_python/lib/python3.10/site-packages/tf2_python-0.0.0-py3.10.egg-info/SOURCES.txt
/robot_ws/install/tf2_python/lib/tf2_python/dynamic_frame_tf2_broadcaster
/robot_ws/install/tf2_python/lib/tf2_python/fixed_frame_tf2_broadcaster
/robot_ws/install/tf2_python/lib/tf2_python/static_turtle_tf2_broadcaster
/robot_ws/install/tf2_python/lib/tf2_python/turtle_tf2_broadcaster
/robot_ws/install/tf2_python/lib/tf2_python/turtle_tf2_listener
/robot_ws/install/tf2_python/lib/tf2_python/turtle_tf2_message_broadcaster
