[0.572s] Invoking command in '/home/smkim/ros2_tutorials/robot_ws/build/logger': PYTHONPATH=/home/smkim/ros2_tutorials/robot_ws/build/logger/prefix_override:/usr/lib/python3/dist-packages/colcon_core/task/python/colcon_distutils_commands:/home/smkim/ros2_tutorials/robot_ws/install/logger/lib/python3.10/site-packages:${PYTHONPATH} /usr/bin/python3 -W ignore:setup.py install is deprecated setup.py develop --editable --build-directory /home/smkim/ros2_tutorials/robot_ws/build/logger/build --no-deps symlink_data
[0.683s] /home/smkim/.local/lib/python3.10/site-packages/setuptools/_distutils/dist.py:268: UserWarning: Unknown distribution option: 'tests_require'
[0.683s]   warnings.warn(msg)
[0.804s] running develop
[0.804s] /home/smkim/.local/lib/python3.10/site-packages/setuptools/command/develop.py:42: EasyInstallDeprecationWarning: easy_install command is deprecated.
[0.804s] !!
[0.804s] 
[0.804s]         ********************************************************************************
[0.804s]         Please avoid running ``setup.py`` and ``easy_install``.
[0.804s]         Instead, use pypa/build, pypa/installer or other
[0.804s]         standards-based tools.
[0.805s] 
[0.805s]         See https://github.com/pypa/setuptools/issues/917 for details.
[0.805s]         ********************************************************************************
[0.805s] 
[0.805s] !!
[0.805s]   easy_install.initialize_options(self)
[0.957s] running egg_info
[0.969s] writing logger.egg-info/PKG-INFO
[0.969s] writing dependency_links to logger.egg-info/dependency_links.txt
[0.970s] writing entry points to logger.egg-info/entry_points.txt
[0.970s] writing requirements to logger.egg-info/requires.txt
[0.970s] writing top-level names to logger.egg-info/top_level.txt
[0.995s] reading manifest file 'logger.egg-info/SOURCES.txt'
[0.995s] writing manifest file 'logger.egg-info/SOURCES.txt'
[1.009s] running build_ext
[1.009s] Creating /home/smkim/ros2_tutorials/robot_ws/install/logger/lib/python3.10/site-packages/logger.egg-link (link to .)
[1.009s] Installing logging script to /home/smkim/ros2_tutorials/robot_ws/install/logger/lib/logger
[1.010s] 
[1.010s] Installed /home/smkim/ros2_tutorials/robot_ws/build/logger
[1.010s] running symlink_data
[1.039s] Invoked command in '/home/smkim/ros2_tutorials/robot_ws/build/logger' returned '0': PYTHONPATH=/home/smkim/ros2_tutorials/robot_ws/build/logger/prefix_override:/usr/lib/python3/dist-packages/colcon_core/task/python/colcon_distutils_commands:/home/smkim/ros2_tutorials/robot_ws/install/logger/lib/python3.10/site-packages:${PYTHONPATH} /usr/bin/python3 -W ignore:setup.py install is deprecated setup.py develop --editable --build-directory /home/smkim/ros2_tutorials/robot_ws/build/logger/build --no-deps symlink_data
