-- Found ament_cmake: 1.3.10 (/opt/ros/humble/share/ament_cmake/cmake)
-- Found geometry_msgs: 4.2.4 (/opt/ros/humble/share/geometry_msgs/cmake)
-- Found rosidl_generator_c: 3.1.5 (/opt/ros/humble/share/rosidl_generator_c/cmake)
-- Found rosidl_adapter: 3.1.5 (/opt/ros/humble/share/rosidl_adapter/cmake)
-- Found rosidl_generator_cpp: 3.1.5 (/opt/ros/humble/share/rosidl_generator_cpp/cmake)
-- Using all available rosidl_typesupport_c: rosidl_typesupport_fastrtps_c;rosidl_typesupport_introspection_c
-- Using all available rosidl_typesupport_cpp: rosidl_typesupport_fastrtps_cpp;rosidl_typesupport_introspection_cpp
-- Found rclcpp: 16.0.10 (/opt/ros/humble/share/rclcpp/cmake)
-- Found rmw_implementation_cmake: 6.1.2 (/opt/ros/humble/share/rmw_implementation_cmake/cmake)
-- Found rmw_fastrtps_cpp: 6.2.7 (/opt/ros/humble/share/rmw_fastrtps_cpp/cmake)
-- Using RMW implementation 'rmw_fastrtps_cpp' as default
-- Found tf2: 0.25.7 (/opt/ros/humble/share/tf2/cmake)
-- Found tf2_ros: 0.25.7 (/opt/ros/humble/share/tf2_ros/cmake)
-- Found turtlesim: 1.4.2 (/opt/ros/humble/share/turtlesim/cmake)
-- Found ament_lint_auto: 0.12.11 (/opt/ros/humble/share/ament_lint_auto/cmake)
-- Added test 'cppcheck' to perform static code analysis on C / C++ code
-- Configured cppcheck include dirs: 
-- Configured cppcheck exclude dirs and/or files: 
-- Added test 'flake8' to check Python code syntax and style conventions
-- Added test 'lint_cmake' to check CMake code style
-- Added test 'pep257' to check Python code against some of the docstring style conventions in PEP 257
-- Added test 'uncrustify' to check C / C++ code style
-- Configured uncrustify additional arguments: 
-- Added test 'xmllint' to check XML markup files
-- Configuring done
-- Generating done
-- Build files have been written to: /robot_ws/build/tf2_cpp_
[35m[1mConsolidate compiler generated dependencies of target static_turtle_tf2_broadcaster[0m
[ 25%] [32mBuilding CXX object CMakeFiles/turtle_tf2_broadcaster.dir/src/turtle_tf2_broadcaster.cpp.o[0m
[ 50%] [32mBuilding CXX object CMakeFiles/static_turtle_tf2_broadcaster.dir/src/static_turtle_tf2_broadcaster.cpp.o[0m
[ 75%] [32m[1mLinking CXX executable static_turtle_tf2_broadcaster[0m
[ 75%] Built target static_turtle_tf2_broadcaster
[100%] [32m[1mLinking CXX executable turtle_tf2_broadcaster[0m
[100%] Built target turtle_tf2_broadcaster
-- Install configuration: ""
-- Installing: /robot_ws/install/tf2_cpp_/lib/tf2_cpp_/static_turtle_tf2_broadcaster
-- Set runtime path of "/robot_ws/install/tf2_cpp_/lib/tf2_cpp_/static_turtle_tf2_broadcaster" to ""
-- Installing: /robot_ws/install/tf2_cpp_/lib/tf2_cpp_/turtle_tf2_broadcaster
-- Set runtime path of "/robot_ws/install/tf2_cpp_/lib/tf2_cpp_/turtle_tf2_broadcaster" to ""
-- Up-to-date: /robot_ws/install/tf2_cpp_/share/tf2_cpp_/launch
-- Up-to-date: /robot_ws/install/tf2_cpp_/share/tf2_cpp_/launch/static_transform_publisher.launch.py
-- Installing: /robot_ws/install/tf2_cpp_/share/tf2_cpp_/launch/turtle_tf2_demo.launch.py
-- Up-to-date: /robot_ws/install/tf2_cpp_/share/ament_index/resource_index/package_run_dependencies/tf2_cpp_
-- Up-to-date: /robot_ws/install/tf2_cpp_/share/ament_index/resource_index/parent_prefix_path/tf2_cpp_
-- Up-to-date: /robot_ws/install/tf2_cpp_/share/tf2_cpp_/environment/ament_prefix_path.sh
-- Installing: /robot_ws/install/tf2_cpp_/share/tf2_cpp_/environment/ament_prefix_path.dsv
-- Up-to-date: /robot_ws/install/tf2_cpp_/share/tf2_cpp_/environment/path.sh
-- Installing: /robot_ws/install/tf2_cpp_/share/tf2_cpp_/environment/path.dsv
-- Up-to-date: /robot_ws/install/tf2_cpp_/share/tf2_cpp_/local_setup.bash
-- Up-to-date: /robot_ws/install/tf2_cpp_/share/tf2_cpp_/local_setup.sh
-- Up-to-date: /robot_ws/install/tf2_cpp_/share/tf2_cpp_/local_setup.zsh
-- Installing: /robot_ws/install/tf2_cpp_/share/tf2_cpp_/local_setup.dsv
-- Installing: /robot_ws/install/tf2_cpp_/share/tf2_cpp_/package.dsv
-- Up-to-date: /robot_ws/install/tf2_cpp_/share/ament_index/resource_index/packages/tf2_cpp_
-- Up-to-date: /robot_ws/install/tf2_cpp_/share/tf2_cpp_/cmake/tf2_cpp_Config.cmake
-- Up-to-date: /robot_ws/install/tf2_cpp_/share/tf2_cpp_/cmake/tf2_cpp_Config-version.cmake
-- Up-to-date: /robot_ws/install/tf2_cpp_/share/tf2_cpp_/package.xml
