[0.011s] Invoking command in '/robot_ws/build/tf2_cpp_': CMAKE_PREFIX_PATH=${CMAKE_PREFIX_PATH}:/robot_ws/install/tf2_python:/robot_ws/install/ros2env:/robot_ws/install/calculator:/robot_ws/install/logger:/robot_ws/install/basic_pkg:/opt/ros/humble /usr/bin/cmake --build /robot_ws/build/tf2_cpp_ -- -j8 -l8
[0.031s] -- Found ament_cmake: 1.3.10 (/opt/ros/humble/share/ament_cmake/cmake)
[0.130s] -- Found geometry_msgs: 4.2.4 (/opt/ros/humble/share/geometry_msgs/cmake)
[0.145s] -- Found rosidl_generator_c: 3.1.5 (/opt/ros/humble/share/rosidl_generator_c/cmake)
[0.146s] -- Found rosidl_adapter: 3.1.5 (/opt/ros/humble/share/rosidl_adapter/cmake)
[0.151s] -- Found rosidl_generator_cpp: 3.1.5 (/opt/ros/humble/share/rosidl_generator_cpp/cmake)
[0.157s] -- Using all available rosidl_typesupport_c: rosidl_typesupport_fastrtps_c;rosidl_typesupport_introspection_c
[0.167s] -- Using all available rosidl_typesupport_cpp: rosidl_typesupport_fastrtps_cpp;rosidl_typesupport_introspection_cpp
[0.204s] -- Found rclcpp: 16.0.10 (/opt/ros/humble/share/rclcpp/cmake)
[0.224s] -- Found rmw_implementation_cmake: 6.1.2 (/opt/ros/humble/share/rmw_implementation_cmake/cmake)
[0.225s] -- Found rmw_fastrtps_cpp: 6.2.7 (/opt/ros/humble/share/rmw_fastrtps_cpp/cmake)
[0.308s] -- Using RMW implementation 'rmw_fastrtps_cpp' as default
[0.339s] -- Found tf2: 0.25.7 (/opt/ros/humble/share/tf2/cmake)
[0.344s] -- Found tf2_ros: 0.25.7 (/opt/ros/humble/share/tf2_ros/cmake)
[0.418s] -- Found turtlesim: 1.4.2 (/opt/ros/humble/share/turtlesim/cmake)
[0.428s] -- Found ament_lint_auto: 0.12.11 (/opt/ros/humble/share/ament_lint_auto/cmake)
[0.496s] -- Added test 'cppcheck' to perform static code analysis on C / C++ code
[0.497s] -- Configured cppcheck include dirs: 
[0.497s] -- Configured cppcheck exclude dirs and/or files: 
[0.497s] -- Added test 'flake8' to check Python code syntax and style conventions
[0.497s] -- Added test 'lint_cmake' to check CMake code style
[0.497s] -- Added test 'pep257' to check Python code against some of the docstring style conventions in PEP 257
[0.498s] -- Added test 'uncrustify' to check C / C++ code style
[0.498s] -- Configured uncrustify additional arguments: 
[0.498s] -- Added test 'xmllint' to check XML markup files
[0.499s] -- Configuring done
[0.514s] -- Generating done
[0.516s] -- Build files have been written to: /robot_ws/build/tf2_cpp_
[0.541s] [35m[1mConsolidate compiler generated dependencies of target static_turtle_tf2_broadcaster[0m
[0.548s] [ 25%] [32mBuilding CXX object CMakeFiles/turtle_tf2_broadcaster.dir/src/turtle_tf2_broadcaster.cpp.o[0m
[0.556s] [ 50%] [32mBuilding CXX object CMakeFiles/static_turtle_tf2_broadcaster.dir/src/static_turtle_tf2_broadcaster.cpp.o[0m
[4.624s] [ 75%] [32m[1mLinking CXX executable static_turtle_tf2_broadcaster[0m
[4.809s] [ 75%] Built target static_turtle_tf2_broadcaster
[8.429s] [100%] [32m[1mLinking CXX executable turtle_tf2_broadcaster[0m
[8.818s] [100%] Built target turtle_tf2_broadcaster
[8.827s] Invoked command in '/robot_ws/build/tf2_cpp_' returned '0': CMAKE_PREFIX_PATH=${CMAKE_PREFIX_PATH}:/robot_ws/install/tf2_python:/robot_ws/install/ros2env:/robot_ws/install/calculator:/robot_ws/install/logger:/robot_ws/install/basic_pkg:/opt/ros/humble /usr/bin/cmake --build /robot_ws/build/tf2_cpp_ -- -j8 -l8
[8.860s] Invoking command in '/robot_ws/build/tf2_cpp_': CMAKE_PREFIX_PATH=${CMAKE_PREFIX_PATH}:/robot_ws/install/tf2_python:/robot_ws/install/ros2env:/robot_ws/install/calculator:/robot_ws/install/logger:/robot_ws/install/basic_pkg:/opt/ros/humble /usr/bin/cmake --install /robot_ws/build/tf2_cpp_
[8.865s] -- Install configuration: ""
[8.865s] -- Installing: /robot_ws/install/tf2_cpp_/lib/tf2_cpp_/static_turtle_tf2_broadcaster
[8.866s] -- Set runtime path of "/robot_ws/install/tf2_cpp_/lib/tf2_cpp_/static_turtle_tf2_broadcaster" to ""
[8.866s] -- Installing: /robot_ws/install/tf2_cpp_/lib/tf2_cpp_/turtle_tf2_broadcaster
[8.869s] -- Set runtime path of "/robot_ws/install/tf2_cpp_/lib/tf2_cpp_/turtle_tf2_broadcaster" to ""
[8.869s] -- Up-to-date: /robot_ws/install/tf2_cpp_/share/tf2_cpp_/launch
[8.869s] -- Up-to-date: /robot_ws/install/tf2_cpp_/share/tf2_cpp_/launch/static_transform_publisher.launch.py
[8.869s] -- Installing: /robot_ws/install/tf2_cpp_/share/tf2_cpp_/launch/turtle_tf2_demo.launch.py
[8.869s] -- Up-to-date: /robot_ws/install/tf2_cpp_/share/ament_index/resource_index/package_run_dependencies/tf2_cpp_
[8.869s] -- Up-to-date: /robot_ws/install/tf2_cpp_/share/ament_index/resource_index/parent_prefix_path/tf2_cpp_
[8.870s] -- Up-to-date: /robot_ws/install/tf2_cpp_/share/tf2_cpp_/environment/ament_prefix_path.sh
[8.870s] -- Installing: /robot_ws/install/tf2_cpp_/share/tf2_cpp_/environment/ament_prefix_path.dsv
[8.870s] -- Up-to-date: /robot_ws/install/tf2_cpp_/share/tf2_cpp_/environment/path.sh
[8.870s] -- Installing: /robot_ws/install/tf2_cpp_/share/tf2_cpp_/environment/path.dsv
[8.870s] -- Up-to-date: /robot_ws/install/tf2_cpp_/share/tf2_cpp_/local_setup.bash
[8.870s] -- Up-to-date: /robot_ws/install/tf2_cpp_/share/tf2_cpp_/local_setup.sh
[8.871s] -- Up-to-date: /robot_ws/install/tf2_cpp_/share/tf2_cpp_/local_setup.zsh
[8.871s] -- Installing: /robot_ws/install/tf2_cpp_/share/tf2_cpp_/local_setup.dsv
[8.871s] -- Installing: /robot_ws/install/tf2_cpp_/share/tf2_cpp_/package.dsv
[8.871s] -- Up-to-date: /robot_ws/install/tf2_cpp_/share/ament_index/resource_index/packages/tf2_cpp_
[8.871s] -- Up-to-date: /robot_ws/install/tf2_cpp_/share/tf2_cpp_/cmake/tf2_cpp_Config.cmake
[8.872s] -- Up-to-date: /robot_ws/install/tf2_cpp_/share/tf2_cpp_/cmake/tf2_cpp_Config-version.cmake
[8.872s] -- Up-to-date: /robot_ws/install/tf2_cpp_/share/tf2_cpp_/package.xml
[8.873s] Invoked command in '/robot_ws/build/tf2_cpp_' returned '0': CMAKE_PREFIX_PATH=${CMAKE_PREFIX_PATH}:/robot_ws/install/tf2_python:/robot_ws/install/ros2env:/robot_ws/install/calculator:/robot_ws/install/logger:/robot_ws/install/basic_pkg:/opt/ros/humble /usr/bin/cmake --install /robot_ws/build/tf2_cpp_
