[0.014s] Invoking command in '/robot_ws/build/tf2_cpp_': CMAKE_PREFIX_PATH=${CMAKE_PREFIX_PATH}:/robot_ws/install/tf2_python:/robot_ws/install/ros2env:/robot_ws/install/calculator:/robot_ws/install/logger:/robot_ws/install/basic_pkg:/opt/ros/humble /usr/bin/cmake --build /robot_ws/build/tf2_cpp_ -- -j8 -l8
[0.034s] -- Found ament_cmake: 1.3.10 (/opt/ros/humble/share/ament_cmake/cmake)
[0.134s] -- Found geometry_msgs: 4.2.4 (/opt/ros/humble/share/geometry_msgs/cmake)
[0.148s] -- Found rosidl_generator_c: 3.1.5 (/opt/ros/humble/share/rosidl_generator_c/cmake)
[0.150s] -- Found rosidl_adapter: 3.1.5 (/opt/ros/humble/share/rosidl_adapter/cmake)
[0.154s] -- Found rosidl_generator_cpp: 3.1.5 (/opt/ros/humble/share/rosidl_generator_cpp/cmake)
[0.160s] -- Using all available rosidl_typesupport_c: rosidl_typesupport_fastrtps_c;rosidl_typesupport_introspection_c
[0.169s] -- Using all available rosidl_typesupport_cpp: rosidl_typesupport_fastrtps_cpp;rosidl_typesupport_introspection_cpp
[0.193s] -- Found rclcpp: 16.0.10 (/opt/ros/humble/share/rclcpp/cmake)
[0.212s] -- Found rmw_implementation_cmake: 6.1.2 (/opt/ros/humble/share/rmw_implementation_cmake/cmake)
[0.213s] -- Found rmw_fastrtps_cpp: 6.2.7 (/opt/ros/humble/share/rmw_fastrtps_cpp/cmake)
[0.282s] -- Using RMW implementation 'rmw_fastrtps_cpp' as default
[0.308s] -- Found tf2: 0.25.7 (/opt/ros/humble/share/tf2/cmake)
[0.312s] -- Found tf2_ros: 0.25.7 (/opt/ros/humble/share/tf2_ros/cmake)
[0.364s] -- Found turtlesim: 1.4.2 (/opt/ros/humble/share/turtlesim/cmake)
[0.373s] -- Found ament_lint_auto: 0.12.11 (/opt/ros/humble/share/ament_lint_auto/cmake)
[0.430s] -- Added test 'cppcheck' to perform static code analysis on C / C++ code
[0.430s] -- Configured cppcheck include dirs: 
[0.430s] -- Configured cppcheck exclude dirs and/or files: 
[0.430s] -- Added test 'flake8' to check Python code syntax and style conventions
[0.430s] -- Added test 'lint_cmake' to check CMake code style
[0.431s] -- Added test 'pep257' to check Python code against some of the docstring style conventions in PEP 257
[0.431s] -- Added test 'uncrustify' to check C / C++ code style
[0.431s] -- Configured uncrustify additional arguments: 
[0.431s] -- Added test 'xmllint' to check XML markup files
[0.432s] -- Configuring done
[0.446s] -- Generating done
[0.447s] -- Build files have been written to: /robot_ws/build/tf2_cpp_
[0.469s] [35m[1mConsolidate compiler generated dependencies of target static_turtle_tf2_broadcaster[0m
[0.469s] [35m[1mConsolidate compiler generated dependencies of target turtle_tf2_broadcaster[0m
[0.478s] [ 16%] [32mBuilding CXX object CMakeFiles/turtle_tf2_listener.dir/src/turtle_tf2_listener.cpp.o[0m
[0.484s] [ 83%] Built target turtle_tf2_broadcaster
[0.484s] [ 83%] Built target static_turtle_tf2_broadcaster
[5.373s] [100%] [32m[1mLinking CXX executable turtle_tf2_listener[0m
[5.573s] [100%] Built target turtle_tf2_listener
[5.582s] Invoked command in '/robot_ws/build/tf2_cpp_' returned '0': CMAKE_PREFIX_PATH=${CMAKE_PREFIX_PATH}:/robot_ws/install/tf2_python:/robot_ws/install/ros2env:/robot_ws/install/calculator:/robot_ws/install/logger:/robot_ws/install/basic_pkg:/opt/ros/humble /usr/bin/cmake --build /robot_ws/build/tf2_cpp_ -- -j8 -l8
[5.611s] Invoking command in '/robot_ws/build/tf2_cpp_': CMAKE_PREFIX_PATH=${CMAKE_PREFIX_PATH}:/robot_ws/install/tf2_python:/robot_ws/install/ros2env:/robot_ws/install/calculator:/robot_ws/install/logger:/robot_ws/install/basic_pkg:/opt/ros/humble /usr/bin/cmake --install /robot_ws/build/tf2_cpp_
[5.617s] -- Install configuration: ""
[5.618s] -- Up-to-date: /robot_ws/install/tf2_cpp_/lib/tf2_cpp_/static_turtle_tf2_broadcaster
[5.618s] -- Up-to-date: /robot_ws/install/tf2_cpp_/lib/tf2_cpp_/turtle_tf2_broadcaster
[5.618s] -- Installing: /robot_ws/install/tf2_cpp_/lib/tf2_cpp_/turtle_tf2_listener
[5.619s] -- Set runtime path of "/robot_ws/install/tf2_cpp_/lib/tf2_cpp_/turtle_tf2_listener" to ""
[5.619s] -- Up-to-date: /robot_ws/install/tf2_cpp_/share/tf2_cpp_/launch
[5.620s] -- Up-to-date: /robot_ws/install/tf2_cpp_/share/tf2_cpp_/launch/static_transform_publisher.launch.py
[5.620s] -- Installing: /robot_ws/install/tf2_cpp_/share/tf2_cpp_/launch/turtle_tf2_demo.launch.py
[5.620s] -- Up-to-date: /robot_ws/install/tf2_cpp_/share/ament_index/resource_index/package_run_dependencies/tf2_cpp_
[5.620s] -- Up-to-date: /robot_ws/install/tf2_cpp_/share/ament_index/resource_index/parent_prefix_path/tf2_cpp_
[5.620s] -- Up-to-date: /robot_ws/install/tf2_cpp_/share/tf2_cpp_/environment/ament_prefix_path.sh
[5.620s] -- Installing: /robot_ws/install/tf2_cpp_/share/tf2_cpp_/environment/ament_prefix_path.dsv
[5.620s] -- Up-to-date: /robot_ws/install/tf2_cpp_/share/tf2_cpp_/environment/path.sh
[5.621s] -- Installing: /robot_ws/install/tf2_cpp_/share/tf2_cpp_/environment/path.dsv
[5.621s] -- Up-to-date: /robot_ws/install/tf2_cpp_/share/tf2_cpp_/local_setup.bash
[5.621s] -- Up-to-date: /robot_ws/install/tf2_cpp_/share/tf2_cpp_/local_setup.sh
[5.621s] -- Up-to-date: /robot_ws/install/tf2_cpp_/share/tf2_cpp_/local_setup.zsh
[5.621s] -- Installing: /robot_ws/install/tf2_cpp_/share/tf2_cpp_/local_setup.dsv
[5.621s] -- Installing: /robot_ws/install/tf2_cpp_/share/tf2_cpp_/package.dsv
[5.621s] -- Up-to-date: /robot_ws/install/tf2_cpp_/share/ament_index/resource_index/packages/tf2_cpp_
[5.621s] -- Up-to-date: /robot_ws/install/tf2_cpp_/share/tf2_cpp_/cmake/tf2_cpp_Config.cmake
[5.621s] -- Up-to-date: /robot_ws/install/tf2_cpp_/share/tf2_cpp_/cmake/tf2_cpp_Config-version.cmake
[5.621s] -- Up-to-date: /robot_ws/install/tf2_cpp_/share/tf2_cpp_/package.xml
[5.623s] Invoked command in '/robot_ws/build/tf2_cpp_' returned '0': CMAKE_PREFIX_PATH=${CMAKE_PREFIX_PATH}:/robot_ws/install/tf2_python:/robot_ws/install/ros2env:/robot_ws/install/calculator:/robot_ws/install/logger:/robot_ws/install/basic_pkg:/opt/ros/humble /usr/bin/cmake --install /robot_ws/build/tf2_cpp_
