running develop
/usr/lib/python3/dist-packages/setuptools/command/easy_install.py:158: EasyInstallDeprecationWarning: easy_install command is deprecated. Use build and pip and other standards-based tools.
  warnings.warn(
running egg_info
creating tf2_python.egg-info
writing tf2_python.egg-info/PKG-INFO
writing dependency_links to tf2_python.egg-info/dependency_links.txt
writing entry points to tf2_python.egg-info/entry_points.txt
writing requirements to tf2_python.egg-info/requires.txt
writing top-level names to tf2_python.egg-info/top_level.txt
writing manifest file 'tf2_python.egg-info/SOURCES.txt'
reading manifest file 'tf2_python.egg-info/SOURCES.txt'
writing manifest file 'tf2_python.egg-info/SOURCES.txt'
running build_ext
Creating /robot_ws/install/tf2_python/lib/python3.10/site-packages/tf2-python.egg-link (link to .)
Installing static_turtle_tf2_broadcaster script to /robot_ws/install/tf2_python/lib/tf2_python

Installed /robot_ws/build/tf2_python
running symlink_data
creating /robot_ws/install/tf2_python/share/ament_index
creating /robot_ws/install/tf2_python/share/ament_index/resource_index
creating /robot_ws/install/tf2_python/share/ament_index/resource_index/packages
symbolically linking /robot_ws/build/tf2_python/resource/tf2_python -> /robot_ws/install/tf2_python/share/ament_index/resource_index/packages
symbolically linking /robot_ws/build/tf2_python/package.xml -> /robot_ws/install/tf2_python/share/tf2_python
