[1.092s] Invoking command in '/robot_ws/build/tf2_python': PYTHONPATH=/robot_ws/build/tf2_python/prefix_override:/usr/lib/python3/dist-packages/colcon_core/task/python/colcon_distutils_commands:/robot_ws/install/tf2_python/lib/python3.10/site-packages:${PYTHONPATH} /usr/bin/python3 -W ignore:setup.py install is deprecated setup.py develop --editable --build-directory /robot_ws/build/tf2_python/build --no-deps symlink_data
[1.393s] running develop
[1.405s] /usr/lib/python3/dist-packages/setuptools/command/easy_install.py:158: EasyInstallDeprecationWarning: easy_install command is deprecated. Use build and pip and other standards-based tools.
[1.405s]   warnings.warn(
[1.559s] running egg_info
[1.559s] creating tf2_python.egg-info
[1.559s] writing tf2_python.egg-info/PKG-INFO
[1.559s] writing dependency_links to tf2_python.egg-info/dependency_links.txt
[1.559s] writing entry points to tf2_python.egg-info/entry_points.txt
[1.559s] writing requirements to tf2_python.egg-info/requires.txt
[1.559s] writing top-level names to tf2_python.egg-info/top_level.txt
[1.560s] writing manifest file 'tf2_python.egg-info/SOURCES.txt'
[1.560s] reading manifest file 'tf2_python.egg-info/SOURCES.txt'
[1.561s] writing manifest file 'tf2_python.egg-info/SOURCES.txt'
[1.564s] running build_ext
[1.565s] Creating /robot_ws/install/tf2_python/lib/python3.10/site-packages/tf2-python.egg-link (link to .)
[1.567s] Installing static_turtle_tf2_broadcaster script to /robot_ws/install/tf2_python/lib/tf2_python
[1.568s] 
[1.568s] Installed /robot_ws/build/tf2_python
[1.568s] running symlink_data
[1.568s] creating /robot_ws/install/tf2_python/share/ament_index
[1.568s] creating /robot_ws/install/tf2_python/share/ament_index/resource_index
[1.568s] creating /robot_ws/install/tf2_python/share/ament_index/resource_index/packages
[1.569s] symbolically linking /robot_ws/build/tf2_python/resource/tf2_python -> /robot_ws/install/tf2_python/share/ament_index/resource_index/packages
[1.569s] symbolically linking /robot_ws/build/tf2_python/package.xml -> /robot_ws/install/tf2_python/share/tf2_python
[1.615s] Invoked command in '/robot_ws/build/tf2_python' returned '0': PYTHONPATH=/robot_ws/build/tf2_python/prefix_override:/usr/lib/python3/dist-packages/colcon_core/task/python/colcon_distutils_commands:/robot_ws/install/tf2_python/lib/python3.10/site-packages:${PYTHONPATH} /usr/bin/python3 -W ignore:setup.py install is deprecated setup.py develop --editable --build-directory /robot_ws/build/tf2_python/build --no-deps symlink_data
