[0.035s] Invoking command in '/robot_ws/build/msg_srv_action_interface_example': CMAKE_PREFIX_PATH=${CMAKE_PREFIX_PATH}:/robot_ws/install/tf2_python:/robot_ws/install/tf2_py:/robot_ws/install/ros2env:/robot_ws/install/calculator:/robot_ws/install/logger:/robot_ws/install/basic_pkg:/opt/ros/humble /usr/bin/cmake /robot_ws/src/msg_srv_action_interface_example -DAMENT_CMAKE_SYMLINK_INSTALL=1 -DCMAKE_INSTALL_PREFIX=/robot_ws/install/msg_srv_action_interface_example
[0.577s] -- The C compiler identification is GNU 11.4.0
[0.577s] -- The CXX compiler identification is GNU 11.4.0
[0.577s] -- Detecting C compiler ABI info
[0.577s] -- Detecting C compiler ABI info - done
[0.578s] -- Check for working C compiler: /usr/bin/cc - skipped
[0.578s] -- Detecting C compile features
[0.578s] -- Detecting C compile features - done
[0.578s] -- Detecting CXX compiler ABI info
[0.579s] -- Detecting CXX compiler ABI info - done
[0.579s] -- Check for working CXX compiler: /usr/bin/c++ - skipped
[0.579s] -- Detecting CXX compile features
[0.579s] -- Detecting CXX compile features - done
[0.580s] -- Found ament_cmake: 1.3.10 (/opt/ros/humble/share/ament_cmake/cmake)
[0.580s] -- Found Python3: /usr/bin/python3 (found version "3.10.12") found components: Interpreter 
[0.624s] -- Override CMake install command with custom implementation using symlinks instead of copying resources
[0.648s] -- Found builtin_interfaces: 1.2.1 (/opt/ros/humble/share/builtin_interfaces/cmake)
[0.673s] -- Found rosidl_generator_c: 3.1.5 (/opt/ros/humble/share/rosidl_generator_c/cmake)
[0.677s] -- Found rosidl_adapter: 3.1.5 (/opt/ros/humble/share/rosidl_adapter/cmake)
[0.686s] -- Found rosidl_generator_cpp: 3.1.5 (/opt/ros/humble/share/rosidl_generator_cpp/cmake)
[0.697s] -- Using all available rosidl_typesupport_c: rosidl_typesupport_fastrtps_c;rosidl_typesupport_introspection_c
[0.712s] -- Using all available rosidl_typesupport_cpp: rosidl_typesupport_fastrtps_cpp;rosidl_typesupport_introspection_cpp
[0.726s] -- Found rosidl_default_generators: 1.2.0 (/opt/ros/humble/share/rosidl_default_generators/cmake)
[1.047s] -- Found ament_cmake_ros: 0.10.0 (/opt/ros/humble/share/ament_cmake_ros/cmake)
[1.510s] -- Using all available rosidl_typesupport_c: rosidl_typesupport_fastrtps_c;rosidl_typesupport_introspection_c
[1.659s] -- Using all available rosidl_typesupport_cpp: rosidl_typesupport_fastrtps_cpp;rosidl_typesupport_introspection_cpp
[1.679s] -- Found PythonInterp: /usr/bin/python3 (found suitable version "3.10.12", minimum required is "3.6") 
[1.680s] -- Found python_cmake_module: 0.10.0 (/opt/ros/humble/share/python_cmake_module/cmake)
[1.700s] -- Found PythonLibs: /usr/lib/x86_64-linux-gnu/libpython3.10.so (found suitable version "3.10.12", minimum required is "3.5") 
[1.700s] -- Using PYTHON_EXECUTABLE: /usr/bin/python3
[1.700s] -- Using PYTHON_INCLUDE_DIRS: /usr/include/python3.10
[1.700s] -- Using PYTHON_LIBRARIES: /usr/lib/x86_64-linux-gnu/libpython3.10.so
[1.715s] -- Found PythonExtra: .so  
[1.762s] -- Found ament_lint_auto: 0.12.11 (/opt/ros/humble/share/ament_lint_auto/cmake)
[1.778s] -- Added test 'lint_cmake' to check CMake code style
[1.779s] -- Added test 'xmllint' to check XML markup files
[1.784s] -- Configuring done
[1.841s] -- Generating done
[1.841s] -- Build files have been written to: /robot_ws/build/msg_srv_action_interface_example
[1.868s] Invoked command in '/robot_ws/build/msg_srv_action_interface_example' returned '0': CMAKE_PREFIX_PATH=${CMAKE_PREFIX_PATH}:/robot_ws/install/tf2_python:/robot_ws/install/tf2_py:/robot_ws/install/ros2env:/robot_ws/install/calculator:/robot_ws/install/logger:/robot_ws/install/basic_pkg:/opt/ros/humble /usr/bin/cmake /robot_ws/src/msg_srv_action_interface_example -DAMENT_CMAKE_SYMLINK_INSTALL=1 -DCMAKE_INSTALL_PREFIX=/robot_ws/install/msg_srv_action_interface_example
[1.868s] Invoking command in '/robot_ws/build/msg_srv_action_interface_example': CMAKE_PREFIX_PATH=${CMAKE_PREFIX_PATH}:/robot_ws/install/tf2_python:/robot_ws/install/tf2_py:/robot_ws/install/ros2env:/robot_ws/install/calculator:/robot_ws/install/logger:/robot_ws/install/basic_pkg:/opt/ros/humble /usr/bin/cmake --build /robot_ws/build/msg_srv_action_interface_example -- -j8 -l8
[1.896s] [  2%] [34m[1mGenerating C code for ROS interfaces[0m
[1.905s] [  4%] [34m[1mGenerating C++ code for ROS interfaces[0m
[1.913s] [  4%] Built target ament_cmake_python_symlink_msg_srv_action_interface_example
[2.259s] running egg_info
[2.260s] creating msg_srv_action_interface_example.egg-info
[2.261s] writing msg_srv_action_interface_example.egg-info/PKG-INFO
[2.261s] writing dependency_links to msg_srv_action_interface_example.egg-info/dependency_links.txt
[2.261s] writing top-level names to msg_srv_action_interface_example.egg-info/top_level.txt
[2.262s] writing manifest file 'msg_srv_action_interface_example.egg-info/SOURCES.txt'
[2.266s] reading manifest file 'msg_srv_action_interface_example.egg-info/SOURCES.txt'
[2.267s] writing manifest file 'msg_srv_action_interface_example.egg-info/SOURCES.txt'
[2.301s] [  4%] Built target ament_cmake_python_build_msg_srv_action_interface_example_egg
[2.763s] [  4%] Built target msg_srv_action_interface_example__cpp
[2.777s] [  6%] [34m[1mGenerating C++ introspection for ROS interfaces[0m
[2.779s] [  8%] [34m[1mGenerating C++ type support for eProsima Fast-RTPS[0m
[2.785s] [ 10%] [34m[1mGenerating C++ type support dispatch for ROS interfaces[0m
[2.825s] [ 12%] [32mBuilding C object CMakeFiles/msg_srv_action_interface_example__rosidl_generator_c.dir/rosidl_generator_c/msg_srv_action_interface_example/srv/detail/arithmetic_operator__functions.c.o[0m
[2.854s] [ 14%] [32mBuilding C object CMakeFiles/msg_srv_action_interface_example__rosidl_generator_c.dir/rosidl_generator_c/msg_srv_action_interface_example/action/detail/arithmetic_checker__functions.c.o[0m
[2.859s] [ 17%] [32mBuilding C object CMakeFiles/msg_srv_action_interface_example__rosidl_generator_c.dir/rosidl_generator_c/msg_srv_action_interface_example/msg/detail/arithmetic_argument__functions.c.o[0m
[3.110s] [ 19%] [32m[1mLinking C shared library libmsg_srv_action_interface_example__rosidl_generator_c.so[0m
[3.240s] [ 19%] Built target msg_srv_action_interface_example__rosidl_generator_c
[3.258s] [ 21%] [34m[1mGenerating C type support for eProsima Fast-RTPS[0m
[3.264s] [ 23%] [34m[1mGenerating C type support dispatch for ROS interfaces[0m
[3.299s] [ 25%] [34m[1mGenerating C introspection for ROS interfaces[0m
[3.598s] [ 29%] [32mBuilding CXX object CMakeFiles/msg_srv_action_interface_example__rosidl_typesupport_cpp.dir/rosidl_typesupport_cpp/msg_srv_action_interface_example/srv/arithmetic_operator__type_support.cpp.o[0m
[3.600s] [ 29%] [32mBuilding CXX object CMakeFiles/msg_srv_action_interface_example__rosidl_typesupport_cpp.dir/rosidl_typesupport_cpp/msg_srv_action_interface_example/msg/arithmetic_argument__type_support.cpp.o[0m
[3.657s] [ 31%] [32mBuilding CXX object CMakeFiles/msg_srv_action_interface_example__rosidl_typesupport_cpp.dir/rosidl_typesupport_cpp/msg_srv_action_interface_example/action/arithmetic_checker__type_support.cpp.o[0m
[4.373s] [ 34%] [32mBuilding CXX object CMakeFiles/msg_srv_action_interface_example__rosidl_typesupport_introspection_cpp.dir/rosidl_typesupport_introspection_cpp/msg_srv_action_interface_example/msg/detail/arithmetic_argument__type_support.cpp.o[0m
[4.514s] [ 36%] [32mBuilding CXX object CMakeFiles/msg_srv_action_interface_example__rosidl_typesupport_fastrtps_cpp.dir/rosidl_typesupport_fastrtps_cpp/msg_srv_action_interface_example/msg/detail/dds_fastrtps/arithmetic_argument__type_support.cpp.o[0m
[4.720s] [ 38%] [32mBuilding CXX object CMakeFiles/msg_srv_action_interface_example__rosidl_typesupport_c.dir/rosidl_typesupport_c/msg_srv_action_interface_example/msg/arithmetic_argument__type_support.cpp.o[0m
[4.869s] [ 40%] [32mBuilding C object CMakeFiles/msg_srv_action_interface_example__rosidl_typesupport_introspection_c.dir/rosidl_typesupport_introspection_c/msg_srv_action_interface_example/msg/detail/arithmetic_argument__type_support.c.o[0m
[4.890s] [ 42%] [32mBuilding CXX object CMakeFiles/msg_srv_action_interface_example__rosidl_typesupport_c.dir/rosidl_typesupport_c/msg_srv_action_interface_example/srv/arithmetic_operator__type_support.cpp.o[0m
[4.893s] [ 44%] [32mBuilding C object CMakeFiles/msg_srv_action_interface_example__rosidl_typesupport_introspection_c.dir/rosidl_typesupport_introspection_c/msg_srv_action_interface_example/srv/detail/arithmetic_operator__type_support.c.o[0m
[4.938s] [ 46%] [32mBuilding CXX object CMakeFiles/msg_srv_action_interface_example__rosidl_typesupport_fastrtps_c.dir/rosidl_typesupport_fastrtps_c/msg_srv_action_interface_example/msg/detail/arithmetic_argument__type_support_c.cpp.o[0m
[4.967s] [ 48%] [32mBuilding C object CMakeFiles/msg_srv_action_interface_example__rosidl_typesupport_introspection_c.dir/rosidl_typesupport_introspection_c/msg_srv_action_interface_example/action/detail/arithmetic_checker__type_support.c.o[0m
[4.970s] [ 51%] [32mBuilding CXX object CMakeFiles/msg_srv_action_interface_example__rosidl_typesupport_fastrtps_c.dir/rosidl_typesupport_fastrtps_c/msg_srv_action_interface_example/srv/detail/arithmetic_operator__type_support_c.cpp.o[0m
[4.987s] [ 55%] [32mBuilding CXX object CMakeFiles/msg_srv_action_interface_example__rosidl_typesupport_c.dir/rosidl_typesupport_c/msg_srv_action_interface_example/action/arithmetic_checker__type_support.cpp.o[0m
[4.990s] [ 55%] [32mBuilding CXX object CMakeFiles/msg_srv_action_interface_example__rosidl_typesupport_fastrtps_c.dir/rosidl_typesupport_fastrtps_c/msg_srv_action_interface_example/action/detail/arithmetic_checker__type_support_c.cpp.o[0m
[5.167s] [ 57%] [32m[1mLinking C shared library libmsg_srv_action_interface_example__rosidl_typesupport_introspection_c.so[0m
[5.297s] [ 59%] [32m[1mLinking CXX shared library libmsg_srv_action_interface_example__rosidl_typesupport_c.so[0m
[5.536s] [ 59%] Built target msg_srv_action_interface_example__rosidl_typesupport_introspection_c
[5.572s] [ 61%] [32m[1mLinking CXX shared library libmsg_srv_action_interface_example__rosidl_typesupport_cpp.so[0m
[5.615s] [ 63%] [32mBuilding CXX object CMakeFiles/msg_srv_action_interface_example__rosidl_typesupport_fastrtps_cpp.dir/rosidl_typesupport_fastrtps_cpp/msg_srv_action_interface_example/srv/detail/dds_fastrtps/arithmetic_operator__type_support.cpp.o[0m
[5.699s] [ 63%] Built target msg_srv_action_interface_example__rosidl_typesupport_c
[5.716s] [ 65%] [32mBuilding CXX object CMakeFiles/msg_srv_action_interface_example__rosidl_typesupport_introspection_cpp.dir/rosidl_typesupport_introspection_cpp/msg_srv_action_interface_example/action/detail/arithmetic_checker__type_support.cpp.o[0m
[5.733s] [ 68%] [32mBuilding CXX object CMakeFiles/msg_srv_action_interface_example__rosidl_typesupport_introspection_cpp.dir/rosidl_typesupport_introspection_cpp/msg_srv_action_interface_example/srv/detail/arithmetic_operator__type_support.cpp.o[0m
[5.770s] [ 68%] Built target msg_srv_action_interface_example__rosidl_typesupport_cpp
[6.010s] [ 70%] [32mBuilding CXX object CMakeFiles/msg_srv_action_interface_example__rosidl_typesupport_fastrtps_cpp.dir/rosidl_typesupport_fastrtps_cpp/msg_srv_action_interface_example/action/detail/dds_fastrtps/arithmetic_checker__type_support.cpp.o[0m
[6.576s] [ 72%] [32m[1mLinking CXX shared library libmsg_srv_action_interface_example__rosidl_typesupport_fastrtps_c.so[0m
[6.829s] [ 72%] Built target msg_srv_action_interface_example__rosidl_typesupport_fastrtps_c
[7.299s] [ 74%] [32m[1mLinking CXX shared library libmsg_srv_action_interface_example__rosidl_typesupport_fastrtps_cpp.so[0m
[7.347s] [ 76%] [32m[1mLinking CXX shared library libmsg_srv_action_interface_example__rosidl_typesupport_introspection_cpp.so[0m
[7.375s] [ 76%] Built target msg_srv_action_interface_example__rosidl_typesupport_fastrtps_cpp
[7.423s] [ 76%] Built target msg_srv_action_interface_example__rosidl_typesupport_introspection_cpp
[7.440s] [ 76%] Built target msg_srv_action_interface_example
[7.455s] [ 78%] [34m[1mGenerating Python code for ROS interfaces[0m
[8.458s] [ 78%] Built target msg_srv_action_interface_example__py
[8.475s] [ 85%] [32mBuilding C object CMakeFiles/msg_srv_action_interface_example__rosidl_generator_py.dir/rosidl_generator_py/msg_srv_action_interface_example/msg/_arithmetic_argument_s.c.o[0m
[8.475s] [ 85%] [32mBuilding C object CMakeFiles/msg_srv_action_interface_example__rosidl_generator_py.dir/rosidl_generator_py/msg_srv_action_interface_example/srv/_arithmetic_operator_s.c.o[0m
[8.475s] [ 85%] [32mBuilding C object CMakeFiles/msg_srv_action_interface_example__rosidl_generator_py.dir/rosidl_generator_py/msg_srv_action_interface_example/action/_arithmetic_checker_s.c.o[0m
[8.743s] [ 87%] [32m[1mLinking C shared library rosidl_generator_py/msg_srv_action_interface_example/libmsg_srv_action_interface_example__rosidl_generator_py.so[0m
[8.823s] [ 87%] Built target msg_srv_action_interface_example__rosidl_generator_py
[8.840s] [ 91%] [32mBuilding C object CMakeFiles/msg_srv_action_interface_example__rosidl_typesupport_c__pyext.dir/rosidl_generator_py/msg_srv_action_interface_example/_msg_srv_action_interface_example_s.ep.rosidl_typesupport_c.c.o[0m
[8.840s] [ 91%] [32mBuilding C object CMakeFiles/msg_srv_action_interface_example__rosidl_typesupport_fastrtps_c__pyext.dir/rosidl_generator_py/msg_srv_action_interface_example/_msg_srv_action_interface_example_s.ep.rosidl_typesupport_fastrtps_c.c.o[0m
[8.845s] [ 93%] [32mBuilding C object CMakeFiles/msg_srv_action_interface_example__rosidl_typesupport_introspection_c__pyext.dir/rosidl_generator_py/msg_srv_action_interface_example/_msg_srv_action_interface_example_s.ep.rosidl_typesupport_introspection_c.c.o[0m
[9.073s] [ 95%] [32m[1mLinking C shared library rosidl_generator_py/msg_srv_action_interface_example/msg_srv_action_interface_example_s__rosidl_typesupport_fastrtps_c.cpython-310-x86_64-linux-gnu.so[0m
[9.080s] [ 97%] [32m[1mLinking C shared library rosidl_generator_py/msg_srv_action_interface_example/msg_srv_action_interface_example_s__rosidl_typesupport_c.cpython-310-x86_64-linux-gnu.so[0m
[9.087s] [100%] [32m[1mLinking C shared library rosidl_generator_py/msg_srv_action_interface_example/msg_srv_action_interface_example_s__rosidl_typesupport_introspection_c.cpython-310-x86_64-linux-gnu.so[0m
[9.115s] [100%] Built target msg_srv_action_interface_example__rosidl_typesupport_fastrtps_c__pyext
[9.119s] [100%] Built target msg_srv_action_interface_example__rosidl_typesupport_c__pyext
[9.141s] [100%] Built target msg_srv_action_interface_example__rosidl_typesupport_introspection_c__pyext
[9.153s] Invoked command in '/robot_ws/build/msg_srv_action_interface_example' returned '0': CMAKE_PREFIX_PATH=${CMAKE_PREFIX_PATH}:/robot_ws/install/tf2_python:/robot_ws/install/tf2_py:/robot_ws/install/ros2env:/robot_ws/install/calculator:/robot_ws/install/logger:/robot_ws/install/basic_pkg:/opt/ros/humble /usr/bin/cmake --build /robot_ws/build/msg_srv_action_interface_example -- -j8 -l8
[9.234s] Invoking command in '/robot_ws/build/msg_srv_action_interface_example': CMAKE_PREFIX_PATH=${CMAKE_PREFIX_PATH}:/robot_ws/install/tf2_python:/robot_ws/install/tf2_py:/robot_ws/install/ros2env:/robot_ws/install/calculator:/robot_ws/install/logger:/robot_ws/install/basic_pkg:/opt/ros/humble /usr/bin/cmake --install /robot_ws/build/msg_srv_action_interface_example
[9.242s] -- Install configuration: ""
[9.243s] -- Execute custom install script
[9.245s] -- Symlinking: /robot_ws/install/msg_srv_action_interface_example/share/ament_index/resource_index/rosidl_interfaces/msg_srv_action_interface_example
[9.253s] -- Symlinking: /robot_ws/install/msg_srv_action_interface_example/include/msg_srv_action_interface_example/msg_srv_action_interface_example/action/arithmetic_checker.h
[9.259s] -- Symlinking: /robot_ws/install/msg_srv_action_interface_example/include/msg_srv_action_interface_example/msg_srv_action_interface_example/action/detail/arithmetic_checker__functions.h
[9.268s] -- Symlinking: /robot_ws/install/msg_srv_action_interface_example/include/msg_srv_action_interface_example/msg_srv_action_interface_example/action/detail/arithmetic_checker__struct.h
[9.277s] -- Symlinking: /robot_ws/install/msg_srv_action_interface_example/include/msg_srv_action_interface_example/msg_srv_action_interface_example/action/detail/arithmetic_checker__type_support.h
[9.286s] -- Symlinking: /robot_ws/install/msg_srv_action_interface_example/include/msg_srv_action_interface_example/msg_srv_action_interface_example/msg/arithmetic_argument.h
[9.296s] -- Symlinking: /robot_ws/install/msg_srv_action_interface_example/include/msg_srv_action_interface_example/msg_srv_action_interface_example/msg/detail/arithmetic_argument__functions.h
[9.305s] -- Symlinking: /robot_ws/install/msg_srv_action_interface_example/include/msg_srv_action_interface_example/msg_srv_action_interface_example/msg/detail/arithmetic_argument__struct.h
[9.316s] -- Symlinking: /robot_ws/install/msg_srv_action_interface_example/include/msg_srv_action_interface_example/msg_srv_action_interface_example/msg/detail/arithmetic_argument__type_support.h
[9.324s] -- Symlinking: /robot_ws/install/msg_srv_action_interface_example/include/msg_srv_action_interface_example/msg_srv_action_interface_example/msg/rosidl_generator_c__visibility_control.h
[9.331s] -- Symlinking: /robot_ws/install/msg_srv_action_interface_example/include/msg_srv_action_interface_example/msg_srv_action_interface_example/srv/arithmetic_operator.h
[9.342s] -- Symlinking: /robot_ws/install/msg_srv_action_interface_example/include/msg_srv_action_interface_example/msg_srv_action_interface_example/srv/detail/arithmetic_operator__functions.h
[9.351s] -- Symlinking: /robot_ws/install/msg_srv_action_interface_example/include/msg_srv_action_interface_example/msg_srv_action_interface_example/srv/detail/arithmetic_operator__struct.h
[9.361s] -- Symlinking: /robot_ws/install/msg_srv_action_interface_example/include/msg_srv_action_interface_example/msg_srv_action_interface_example/srv/detail/arithmetic_operator__type_support.h
[9.369s] -- Symlinking: /robot_ws/install/msg_srv_action_interface_example/share/msg_srv_action_interface_example/environment/library_path.sh
[9.379s] -- Symlinking: /robot_ws/install/msg_srv_action_interface_example/share/msg_srv_action_interface_example/environment/library_path.dsv
[9.392s] -- Symlinking: /robot_ws/install/msg_srv_action_interface_example/include/msg_srv_action_interface_example/msg_srv_action_interface_example/action/detail/arithmetic_checker__rosidl_typesupport_fastrtps_c.h
[9.398s] -- Symlinking: /robot_ws/install/msg_srv_action_interface_example/include/msg_srv_action_interface_example/msg_srv_action_interface_example/msg/detail/arithmetic_argument__rosidl_typesupport_fastrtps_c.h
[9.411s] -- Symlinking: /robot_ws/install/msg_srv_action_interface_example/include/msg_srv_action_interface_example/msg_srv_action_interface_example/msg/rosidl_typesupport_fastrtps_c__visibility_control.h
[9.419s] -- Symlinking: /robot_ws/install/msg_srv_action_interface_example/include/msg_srv_action_interface_example/msg_srv_action_interface_example/srv/detail/arithmetic_operator__rosidl_typesupport_fastrtps_c.h
[9.426s] -- Symlinking: /robot_ws/install/msg_srv_action_interface_example/include/msg_srv_action_interface_example/msg_srv_action_interface_example/action/arithmetic_checker.hpp
[9.433s] -- Symlinking: /robot_ws/install/msg_srv_action_interface_example/include/msg_srv_action_interface_example/msg_srv_action_interface_example/action/detail/arithmetic_checker__builder.hpp
[9.439s] -- Symlinking: /robot_ws/install/msg_srv_action_interface_example/include/msg_srv_action_interface_example/msg_srv_action_interface_example/action/detail/arithmetic_checker__struct.hpp
[9.447s] -- Symlinking: /robot_ws/install/msg_srv_action_interface_example/include/msg_srv_action_interface_example/msg_srv_action_interface_example/action/detail/arithmetic_checker__traits.hpp
[9.454s] -- Symlinking: /robot_ws/install/msg_srv_action_interface_example/include/msg_srv_action_interface_example/msg_srv_action_interface_example/msg/arithmetic_argument.hpp
[9.464s] -- Symlinking: /robot_ws/install/msg_srv_action_interface_example/include/msg_srv_action_interface_example/msg_srv_action_interface_example/msg/detail/arithmetic_argument__builder.hpp
[9.470s] -- Symlinking: /robot_ws/install/msg_srv_action_interface_example/include/msg_srv_action_interface_example/msg_srv_action_interface_example/msg/detail/arithmetic_argument__struct.hpp
[9.477s] -- Symlinking: /robot_ws/install/msg_srv_action_interface_example/include/msg_srv_action_interface_example/msg_srv_action_interface_example/msg/detail/arithmetic_argument__traits.hpp
[9.486s] -- Symlinking: /robot_ws/install/msg_srv_action_interface_example/include/msg_srv_action_interface_example/msg_srv_action_interface_example/srv/arithmetic_operator.hpp
[9.494s] -- Symlinking: /robot_ws/install/msg_srv_action_interface_example/include/msg_srv_action_interface_example/msg_srv_action_interface_example/srv/detail/arithmetic_operator__builder.hpp
[9.502s] -- Symlinking: /robot_ws/install/msg_srv_action_interface_example/include/msg_srv_action_interface_example/msg_srv_action_interface_example/srv/detail/arithmetic_operator__struct.hpp
[9.512s] -- Symlinking: /robot_ws/install/msg_srv_action_interface_example/include/msg_srv_action_interface_example/msg_srv_action_interface_example/srv/detail/arithmetic_operator__traits.hpp
[9.534s] -- Symlinking: /robot_ws/install/msg_srv_action_interface_example/include/msg_srv_action_interface_example/msg_srv_action_interface_example/action/detail/arithmetic_checker__rosidl_typesupport_fastrtps_cpp.hpp
[9.543s] -- Symlinking: /robot_ws/install/msg_srv_action_interface_example/include/msg_srv_action_interface_example/msg_srv_action_interface_example/msg/detail/arithmetic_argument__rosidl_typesupport_fastrtps_cpp.hpp
[9.552s] -- Symlinking: /robot_ws/install/msg_srv_action_interface_example/include/msg_srv_action_interface_example/msg_srv_action_interface_example/msg/rosidl_typesupport_fastrtps_cpp__visibility_control.h
[9.566s] -- Symlinking: /robot_ws/install/msg_srv_action_interface_example/include/msg_srv_action_interface_example/msg_srv_action_interface_example/srv/detail/arithmetic_operator__rosidl_typesupport_fastrtps_cpp.hpp
[9.573s] -- Symlinking: /robot_ws/install/msg_srv_action_interface_example/include/msg_srv_action_interface_example/msg_srv_action_interface_example/action/detail/arithmetic_checker__rosidl_typesupport_introspection_c.h
[9.582s] -- Symlinking: /robot_ws/install/msg_srv_action_interface_example/include/msg_srv_action_interface_example/msg_srv_action_interface_example/msg/detail/arithmetic_argument__rosidl_typesupport_introspection_c.h
[9.593s] -- Symlinking: /robot_ws/install/msg_srv_action_interface_example/include/msg_srv_action_interface_example/msg_srv_action_interface_example/msg/rosidl_typesupport_introspection_c__visibility_control.h
[9.603s] -- Symlinking: /robot_ws/install/msg_srv_action_interface_example/include/msg_srv_action_interface_example/msg_srv_action_interface_example/srv/detail/arithmetic_operator__rosidl_typesupport_introspection_c.h
[9.611s] -- Symlinking: /robot_ws/install/msg_srv_action_interface_example/include/msg_srv_action_interface_example/msg_srv_action_interface_example/action/detail/arithmetic_checker__rosidl_typesupport_introspection_cpp.hpp
[9.623s] -- Symlinking: /robot_ws/install/msg_srv_action_interface_example/include/msg_srv_action_interface_example/msg_srv_action_interface_example/msg/detail/arithmetic_argument__rosidl_typesupport_introspection_cpp.hpp
[9.632s] -- Symlinking: /robot_ws/install/msg_srv_action_interface_example/include/msg_srv_action_interface_example/msg_srv_action_interface_example/srv/detail/arithmetic_operator__rosidl_typesupport_introspection_cpp.hpp
[9.639s] -- Symlinking: /robot_ws/install/msg_srv_action_interface_example/share/msg_srv_action_interface_example/environment/pythonpath.sh
[9.648s] -- Symlinking: /robot_ws/install/msg_srv_action_interface_example/share/msg_srv_action_interface_example/environment/pythonpath.dsv
[9.660s] -- Symlinking: /robot_ws/install/msg_srv_action_interface_example/local/lib/python3.10/dist-packages/msg_srv_action_interface_example-0.0.0-py3.10.egg-info/PKG-INFO
[9.668s] -- Symlinking: /robot_ws/install/msg_srv_action_interface_example/local/lib/python3.10/dist-packages/msg_srv_action_interface_example-0.0.0-py3.10.egg-info/SOURCES.txt
[9.677s] -- Symlinking: /robot_ws/install/msg_srv_action_interface_example/local/lib/python3.10/dist-packages/msg_srv_action_interface_example-0.0.0-py3.10.egg-info/dependency_links.txt
[9.688s] -- Symlinking: /robot_ws/install/msg_srv_action_interface_example/local/lib/python3.10/dist-packages/msg_srv_action_interface_example-0.0.0-py3.10.egg-info/top_level.txt
[9.698s] -- Symlinking: /robot_ws/install/msg_srv_action_interface_example/local/lib/python3.10/dist-packages/msg_srv_action_interface_example/__init__.py
[9.709s] -- Symlinking: /robot_ws/install/msg_srv_action_interface_example/local/lib/python3.10/dist-packages/msg_srv_action_interface_example/_msg_srv_action_interface_example_s.ep.rosidl_typesupport_c.c
[9.722s] -- Symlinking: /robot_ws/install/msg_srv_action_interface_example/local/lib/python3.10/dist-packages/msg_srv_action_interface_example/_msg_srv_action_interface_example_s.ep.rosidl_typesupport_fastrtps_c.c
[9.737s] -- Symlinking: /robot_ws/install/msg_srv_action_interface_example/local/lib/python3.10/dist-packages/msg_srv_action_interface_example/_msg_srv_action_interface_example_s.ep.rosidl_typesupport_introspection_c.c
[9.745s] -- Symlinking: /robot_ws/install/msg_srv_action_interface_example/local/lib/python3.10/dist-packages/msg_srv_action_interface_example/action/__init__.py
[9.752s] -- Symlinking: /robot_ws/install/msg_srv_action_interface_example/local/lib/python3.10/dist-packages/msg_srv_action_interface_example/action/_arithmetic_checker.py
[9.762s] -- Symlinking: /robot_ws/install/msg_srv_action_interface_example/local/lib/python3.10/dist-packages/msg_srv_action_interface_example/action/_arithmetic_checker_s.c
[9.775s] -- Symlinking: /robot_ws/install/msg_srv_action_interface_example/local/lib/python3.10/dist-packages/msg_srv_action_interface_example/libmsg_srv_action_interface_example__rosidl_generator_py.so
[9.782s] -- Symlinking: /robot_ws/install/msg_srv_action_interface_example/local/lib/python3.10/dist-packages/msg_srv_action_interface_example/msg/__init__.py
[9.792s] -- Symlinking: /robot_ws/install/msg_srv_action_interface_example/local/lib/python3.10/dist-packages/msg_srv_action_interface_example/msg/_arithmetic_argument.py
[9.800s] -- Symlinking: /robot_ws/install/msg_srv_action_interface_example/local/lib/python3.10/dist-packages/msg_srv_action_interface_example/msg/_arithmetic_argument_s.c
[9.809s] -- Symlinking: /robot_ws/install/msg_srv_action_interface_example/local/lib/python3.10/dist-packages/msg_srv_action_interface_example/msg_srv_action_interface_example_s__rosidl_typesupport_c.cpython-310-x86_64-linux-gnu.so
[9.817s] -- Symlinking: /robot_ws/install/msg_srv_action_interface_example/local/lib/python3.10/dist-packages/msg_srv_action_interface_example/msg_srv_action_interface_example_s__rosidl_typesupport_fastrtps_c.cpython-310-x86_64-linux-gnu.so
[9.826s] -- Symlinking: /robot_ws/install/msg_srv_action_interface_example/local/lib/python3.10/dist-packages/msg_srv_action_interface_example/msg_srv_action_interface_example_s__rosidl_typesupport_introspection_c.cpython-310-x86_64-linux-gnu.so
[9.834s] -- Symlinking: /robot_ws/install/msg_srv_action_interface_example/local/lib/python3.10/dist-packages/msg_srv_action_interface_example/srv/__init__.py
[9.842s] -- Symlinking: /robot_ws/install/msg_srv_action_interface_example/local/lib/python3.10/dist-packages/msg_srv_action_interface_example/srv/_arithmetic_operator.py
[9.849s] -- Symlinking: /robot_ws/install/msg_srv_action_interface_example/local/lib/python3.10/dist-packages/msg_srv_action_interface_example/srv/_arithmetic_operator_s.c
[9.858s] -- Up-to-date symlink: /robot_ws/install/msg_srv_action_interface_example/local/lib/python3.10/dist-packages/msg_srv_action_interface_example/msg_srv_action_interface_example_s__rosidl_typesupport_fastrtps_c.cpython-310-x86_64-linux-gnu.so
[9.858s] -- Up-to-date symlink: /robot_ws/install/msg_srv_action_interface_example/local/lib/python3.10/dist-packages/msg_srv_action_interface_example/msg_srv_action_interface_example_s__rosidl_typesupport_introspection_c.cpython-310-x86_64-linux-gnu.so
[9.859s] -- Up-to-date symlink: /robot_ws/install/msg_srv_action_interface_example/local/lib/python3.10/dist-packages/msg_srv_action_interface_example/msg_srv_action_interface_example_s__rosidl_typesupport_c.cpython-310-x86_64-linux-gnu.so
[9.859s] -- Symlinking: /robot_ws/install/msg_srv_action_interface_example/share/msg_srv_action_interface_example/msg/ArithmeticArgument.idl
[9.880s] -- Symlinking: /robot_ws/install/msg_srv_action_interface_example/share/msg_srv_action_interface_example/srv/ArithmeticOperator.idl
[9.892s] -- Symlinking: /robot_ws/install/msg_srv_action_interface_example/share/msg_srv_action_interface_example/action/ArithmeticChecker.idl
[9.900s] -- Symlinking: /robot_ws/install/msg_srv_action_interface_example/share/msg_srv_action_interface_example/msg/ArithmeticArgument.msg
[9.908s] -- Symlinking: /robot_ws/install/msg_srv_action_interface_example/share/msg_srv_action_interface_example/srv/ArithmeticOperator.srv
[9.936s] -- Symlinking: /robot_ws/install/msg_srv_action_interface_example/share/msg_srv_action_interface_example/srv/ArithmeticOperator_Request.msg
[9.943s] -- Symlinking: /robot_ws/install/msg_srv_action_interface_example/share/msg_srv_action_interface_example/srv/ArithmeticOperator_Response.msg
[9.951s] -- Symlinking: /robot_ws/install/msg_srv_action_interface_example/share/msg_srv_action_interface_example/action/ArithmeticChecker.action
[9.959s] -- Symlinking: /robot_ws/install/msg_srv_action_interface_example/share/ament_index/resource_index/package_run_dependencies/msg_srv_action_interface_example
[9.967s] -- Symlinking: /robot_ws/install/msg_srv_action_interface_example/share/ament_index/resource_index/parent_prefix_path/msg_srv_action_interface_example
[9.976s] -- Symlinking: /robot_ws/install/msg_srv_action_interface_example/share/msg_srv_action_interface_example/environment/ament_prefix_path.sh
[9.984s] -- Symlinking: /robot_ws/install/msg_srv_action_interface_example/share/msg_srv_action_interface_example/environment/ament_prefix_path.dsv
[9.992s] -- Symlinking: /robot_ws/install/msg_srv_action_interface_example/share/msg_srv_action_interface_example/environment/path.sh
[9.998s] -- Symlinking: /robot_ws/install/msg_srv_action_interface_example/share/msg_srv_action_interface_example/environment/path.dsv
[10.028s] -- Symlinking: /robot_ws/install/msg_srv_action_interface_example/share/msg_srv_action_interface_example/local_setup.bash
[10.056s] -- Symlinking: /robot_ws/install/msg_srv_action_interface_example/share/msg_srv_action_interface_example/local_setup.sh
[10.064s] -- Symlinking: /robot_ws/install/msg_srv_action_interface_example/share/msg_srv_action_interface_example/local_setup.zsh
[10.072s] -- Symlinking: /robot_ws/install/msg_srv_action_interface_example/share/msg_srv_action_interface_example/local_setup.dsv
[10.080s] -- Symlinking: /robot_ws/install/msg_srv_action_interface_example/share/msg_srv_action_interface_example/package.dsv
[10.093s] -- Symlinking: /robot_ws/install/msg_srv_action_interface_example/share/ament_index/resource_index/packages/msg_srv_action_interface_example
[10.111s] -- Symlinking: /robot_ws/install/msg_srv_action_interface_example/share/msg_srv_action_interface_example/cmake/rosidl_cmake-extras.cmake
[10.144s] -- Symlinking: /robot_ws/install/msg_srv_action_interface_example/share/msg_srv_action_interface_example/cmake/ament_cmake_export_dependencies-extras.cmake
[10.169s] -- Symlinking: /robot_ws/install/msg_srv_action_interface_example/share/msg_srv_action_interface_example/cmake/ament_cmake_export_include_directories-extras.cmake
[10.178s] -- Symlinking: /robot_ws/install/msg_srv_action_interface_example/share/msg_srv_action_interface_example/cmake/ament_cmake_export_libraries-extras.cmake
[10.189s] -- Symlinking: /robot_ws/install/msg_srv_action_interface_example/share/msg_srv_action_interface_example/cmake/ament_cmake_export_targets-extras.cmake
[10.203s] -- Symlinking: /robot_ws/install/msg_srv_action_interface_example/share/msg_srv_action_interface_example/cmake/rosidl_cmake_export_typesupport_targets-extras.cmake
[10.228s] -- Symlinking: /robot_ws/install/msg_srv_action_interface_example/share/msg_srv_action_interface_example/cmake/rosidl_cmake_export_typesupport_libraries-extras.cmake
[10.239s] -- Symlinking: /robot_ws/install/msg_srv_action_interface_example/share/msg_srv_action_interface_example/cmake/msg_srv_action_interface_exampleConfig.cmake
[10.248s] -- Symlinking: /robot_ws/install/msg_srv_action_interface_example/share/msg_srv_action_interface_example/cmake/msg_srv_action_interface_exampleConfig-version.cmake
[10.257s] -- Symlinking: /robot_ws/install/msg_srv_action_interface_example/share/msg_srv_action_interface_example/package.xml
[10.285s] -- Installing: /robot_ws/install/msg_srv_action_interface_example/lib/libmsg_srv_action_interface_example__rosidl_generator_c.so
[10.285s] -- Set runtime path of "/robot_ws/install/msg_srv_action_interface_example/lib/libmsg_srv_action_interface_example__rosidl_generator_c.so" to ""
[10.285s] -- Installing: /robot_ws/install/msg_srv_action_interface_example/lib/libmsg_srv_action_interface_example__rosidl_typesupport_fastrtps_c.so
[10.286s] -- Set runtime path of "/robot_ws/install/msg_srv_action_interface_example/lib/libmsg_srv_action_interface_example__rosidl_typesupport_fastrtps_c.so" to ""
[10.286s] -- Installing: /robot_ws/install/msg_srv_action_interface_example/lib/libmsg_srv_action_interface_example__rosidl_typesupport_fastrtps_cpp.so
[10.286s] -- Set runtime path of "/robot_ws/install/msg_srv_action_interface_example/lib/libmsg_srv_action_interface_example__rosidl_typesupport_fastrtps_cpp.so" to ""
[10.286s] -- Installing: /robot_ws/install/msg_srv_action_interface_example/lib/libmsg_srv_action_interface_example__rosidl_typesupport_introspection_c.so
[10.286s] -- Set runtime path of "/robot_ws/install/msg_srv_action_interface_example/lib/libmsg_srv_action_interface_example__rosidl_typesupport_introspection_c.so" to ""
[10.286s] -- Installing: /robot_ws/install/msg_srv_action_interface_example/lib/libmsg_srv_action_interface_example__rosidl_typesupport_c.so
[10.286s] -- Set runtime path of "/robot_ws/install/msg_srv_action_interface_example/lib/libmsg_srv_action_interface_example__rosidl_typesupport_c.so" to ""
[10.286s] -- Installing: /robot_ws/install/msg_srv_action_interface_example/lib/libmsg_srv_action_interface_example__rosidl_typesupport_introspection_cpp.so
[10.286s] -- Set runtime path of "/robot_ws/install/msg_srv_action_interface_example/lib/libmsg_srv_action_interface_example__rosidl_typesupport_introspection_cpp.so" to ""
[10.287s] -- Installing: /robot_ws/install/msg_srv_action_interface_example/lib/libmsg_srv_action_interface_example__rosidl_typesupport_cpp.so
[10.287s] -- Set runtime path of "/robot_ws/install/msg_srv_action_interface_example/lib/libmsg_srv_action_interface_example__rosidl_typesupport_cpp.so" to ""
[10.381s] Listing '/robot_ws/install/msg_srv_action_interface_example/local/lib/python3.10/dist-packages/msg_srv_action_interface_example'...
[10.383s] Compiling '/robot_ws/install/msg_srv_action_interface_example/local/lib/python3.10/dist-packages/msg_srv_action_interface_example/__init__.py'...
[10.383s] Listing '/robot_ws/install/msg_srv_action_interface_example/local/lib/python3.10/dist-packages/msg_srv_action_interface_example/action'...
[10.383s] Compiling '/robot_ws/install/msg_srv_action_interface_example/local/lib/python3.10/dist-packages/msg_srv_action_interface_example/action/__init__.py'...
[10.384s] Compiling '/robot_ws/install/msg_srv_action_interface_example/local/lib/python3.10/dist-packages/msg_srv_action_interface_example/action/_arithmetic_checker.py'...
[10.384s] Listing '/robot_ws/install/msg_srv_action_interface_example/local/lib/python3.10/dist-packages/msg_srv_action_interface_example/msg'...
[10.384s] Compiling '/robot_ws/install/msg_srv_action_interface_example/local/lib/python3.10/dist-packages/msg_srv_action_interface_example/msg/__init__.py'...
[10.384s] Compiling '/robot_ws/install/msg_srv_action_interface_example/local/lib/python3.10/dist-packages/msg_srv_action_interface_example/msg/_arithmetic_argument.py'...
[10.384s] Listing '/robot_ws/install/msg_srv_action_interface_example/local/lib/python3.10/dist-packages/msg_srv_action_interface_example/srv'...
[10.384s] Compiling '/robot_ws/install/msg_srv_action_interface_example/local/lib/python3.10/dist-packages/msg_srv_action_interface_example/srv/__init__.py'...
[10.384s] Compiling '/robot_ws/install/msg_srv_action_interface_example/local/lib/python3.10/dist-packages/msg_srv_action_interface_example/srv/_arithmetic_operator.py'...
[10.389s] -- Installing: /robot_ws/install/msg_srv_action_interface_example/lib/libmsg_srv_action_interface_example__rosidl_generator_py.so
[10.404s] -- Set runtime path of "/robot_ws/install/msg_srv_action_interface_example/lib/libmsg_srv_action_interface_example__rosidl_generator_py.so" to ""
[10.405s] -- Installing: /robot_ws/install/msg_srv_action_interface_example/share/msg_srv_action_interface_example/cmake/export_msg_srv_action_interface_example__rosidl_generator_cExport.cmake
[10.405s] -- Installing: /robot_ws/install/msg_srv_action_interface_example/share/msg_srv_action_interface_example/cmake/export_msg_srv_action_interface_example__rosidl_generator_cExport-noconfig.cmake
[10.405s] -- Installing: /robot_ws/install/msg_srv_action_interface_example/share/msg_srv_action_interface_example/cmake/export_msg_srv_action_interface_example__rosidl_typesupport_fastrtps_cExport.cmake
[10.405s] -- Installing: /robot_ws/install/msg_srv_action_interface_example/share/msg_srv_action_interface_example/cmake/export_msg_srv_action_interface_example__rosidl_typesupport_fastrtps_cExport-noconfig.cmake
[10.407s] -- Installing: /robot_ws/install/msg_srv_action_interface_example/share/msg_srv_action_interface_example/cmake/export_msg_srv_action_interface_example__rosidl_generator_cppExport.cmake
[10.407s] -- Installing: /robot_ws/install/msg_srv_action_interface_example/share/msg_srv_action_interface_example/cmake/export_msg_srv_action_interface_example__rosidl_typesupport_fastrtps_cppExport.cmake
[10.407s] -- Installing: /robot_ws/install/msg_srv_action_interface_example/share/msg_srv_action_interface_example/cmake/export_msg_srv_action_interface_example__rosidl_typesupport_fastrtps_cppExport-noconfig.cmake
[10.407s] -- Installing: /robot_ws/install/msg_srv_action_interface_example/share/msg_srv_action_interface_example/cmake/msg_srv_action_interface_example__rosidl_typesupport_introspection_cExport.cmake
[10.408s] -- Installing: /robot_ws/install/msg_srv_action_interface_example/share/msg_srv_action_interface_example/cmake/msg_srv_action_interface_example__rosidl_typesupport_introspection_cExport-noconfig.cmake
[10.408s] -- Installing: /robot_ws/install/msg_srv_action_interface_example/share/msg_srv_action_interface_example/cmake/msg_srv_action_interface_example__rosidl_typesupport_cExport.cmake
[10.408s] -- Installing: /robot_ws/install/msg_srv_action_interface_example/share/msg_srv_action_interface_example/cmake/msg_srv_action_interface_example__rosidl_typesupport_cExport-noconfig.cmake
[10.408s] -- Installing: /robot_ws/install/msg_srv_action_interface_example/share/msg_srv_action_interface_example/cmake/msg_srv_action_interface_example__rosidl_typesupport_introspection_cppExport.cmake
[10.408s] -- Installing: /robot_ws/install/msg_srv_action_interface_example/share/msg_srv_action_interface_example/cmake/msg_srv_action_interface_example__rosidl_typesupport_introspection_cppExport-noconfig.cmake
[10.408s] -- Installing: /robot_ws/install/msg_srv_action_interface_example/share/msg_srv_action_interface_example/cmake/msg_srv_action_interface_example__rosidl_typesupport_cppExport.cmake
[10.408s] -- Installing: /robot_ws/install/msg_srv_action_interface_example/share/msg_srv_action_interface_example/cmake/msg_srv_action_interface_example__rosidl_typesupport_cppExport-noconfig.cmake
[10.409s] -- Installing: /robot_ws/install/msg_srv_action_interface_example/share/msg_srv_action_interface_example/cmake/export_msg_srv_action_interface_example__rosidl_generator_pyExport.cmake
[10.409s] -- Installing: /robot_ws/install/msg_srv_action_interface_example/share/msg_srv_action_interface_example/cmake/export_msg_srv_action_interface_example__rosidl_generator_pyExport-noconfig.cmake
[10.410s] Invoked command in '/robot_ws/build/msg_srv_action_interface_example' returned '0': CMAKE_PREFIX_PATH=${CMAKE_PREFIX_PATH}:/robot_ws/install/tf2_python:/robot_ws/install/tf2_py:/robot_ws/install/ros2env:/robot_ws/install/calculator:/robot_ws/install/logger:/robot_ws/install/basic_pkg:/opt/ros/humble /usr/bin/cmake --install /robot_ws/build/msg_srv_action_interface_example
