[0.008s] Invoking command in '/home/smkim/ros2_tutorials/robot_ws/build/basic_pkg_cpp': CMAKE_PREFIX_PATH=${CMAKE_PREFIX_PATH}:/home/smkim/ros2_tutorials/robot_ws/install/topic_service_action_rclpy_example:/home/smkim/ros2_tutorials/robot_ws/install/ros2env:/home/smkim/ros2_tutorials/robot_ws/install/calculator:/home/smkim/ros2_tutorials/robot_ws/install/logger:/home/smkim/ros2_tutorials/robot_ws/install/basic_pkg:/opt/ros/humble /usr/bin/cmake --build /home/smkim/ros2_tutorials/robot_ws/build/basic_pkg_cpp -- -j8 -l8
[0.027s] -- Found ament_cmake: 1.3.9 (/opt/ros/humble/share/ament_cmake/cmake)
[0.119s] -- Override CMake install command with custom implementation using symlinks instead of copying resources
[0.123s] -- Found rclcpp: 16.0.9 (/opt/ros/humble/share/rclcpp/cmake)
[0.234s] -- Found rosidl_generator_c: 3.1.5 (/opt/ros/humble/share/rosidl_generator_c/cmake)
[0.236s] -- Found rosidl_adapter: 3.1.5 (/opt/ros/humble/share/rosidl_adapter/cmake)
[0.240s] -- Found rosidl_generator_cpp: 3.1.5 (/opt/ros/humble/share/rosidl_generator_cpp/cmake)
[0.247s] -- Using all available rosidl_typesupport_c: rosidl_typesupport_fastrtps_c;rosidl_typesupport_introspection_c
[0.258s] -- Using all available rosidl_typesupport_cpp: rosidl_typesupport_fastrtps_cpp;rosidl_typesupport_introspection_cpp
[0.293s] -- Found rmw_implementation_cmake: 6.1.2 (/opt/ros/humble/share/rmw_implementation_cmake/cmake)
[0.294s] -- Found rmw_fastrtps_cpp: 6.2.6 (/opt/ros/humble/share/rmw_fastrtps_cpp/cmake)
[4.738s] -- Using RMW implementation 'rmw_fastrtps_cpp' as default
[4.842s] -- Found ament_lint_auto: 0.12.11 (/opt/ros/humble/share/ament_lint_auto/cmake)
[4.892s] -- Added test 'cppcheck' to perform static code analysis on C / C++ code
[4.892s] -- Configured cppcheck include dirs: 
[4.892s] -- Configured cppcheck exclude dirs and/or files: 
[4.892s] -- Added test 'lint_cmake' to check CMake code style
[4.892s] -- Added test 'uncrustify' to check C / C++ code style
[4.892s] -- Configured uncrustify additional arguments: 
[4.892s] -- Added test 'xmllint' to check XML markup files
[4.893s] -- Configuring done
[4.902s] -- Generating done
[4.903s] -- Build files have been written to: /home/smkim/ros2_tutorials/robot_ws/build/basic_pkg_cpp
[4.920s] [35m[1mConsolidate compiler generated dependencies of target helloworld_subscriber[0m
[4.920s] [35m[1mConsolidate compiler generated dependencies of target helloworld_publisher[0m
[4.934s] [100%] Built target helloworld_subscriber
[4.934s] [100%] Built target helloworld_publisher
[4.941s] Invoked command in '/home/smkim/ros2_tutorials/robot_ws/build/basic_pkg_cpp' returned '0': CMAKE_PREFIX_PATH=${CMAKE_PREFIX_PATH}:/home/smkim/ros2_tutorials/robot_ws/install/topic_service_action_rclpy_example:/home/smkim/ros2_tutorials/robot_ws/install/ros2env:/home/smkim/ros2_tutorials/robot_ws/install/calculator:/home/smkim/ros2_tutorials/robot_ws/install/logger:/home/smkim/ros2_tutorials/robot_ws/install/basic_pkg:/opt/ros/humble /usr/bin/cmake --build /home/smkim/ros2_tutorials/robot_ws/build/basic_pkg_cpp -- -j8 -l8
[4.967s] Invoking command in '/home/smkim/ros2_tutorials/robot_ws/build/basic_pkg_cpp': CMAKE_PREFIX_PATH=${CMAKE_PREFIX_PATH}:/home/smkim/ros2_tutorials/robot_ws/install/topic_service_action_rclpy_example:/home/smkim/ros2_tutorials/robot_ws/install/ros2env:/home/smkim/ros2_tutorials/robot_ws/install/calculator:/home/smkim/ros2_tutorials/robot_ws/install/logger:/home/smkim/ros2_tutorials/robot_ws/install/basic_pkg:/opt/ros/humble /usr/bin/cmake --install /home/smkim/ros2_tutorials/robot_ws/build/basic_pkg_cpp
[4.971s] -- Install configuration: ""
[4.971s] -- Execute custom install script
[4.971s] -- Up-to-date symlink: /home/smkim/ros2_tutorials/robot_ws/install/basic_pkg_cpp/lib/$(PROJECT_NAME)//helloworld_publisher
[4.971s] -- Up-to-date symlink: /home/smkim/ros2_tutorials/robot_ws/install/basic_pkg_cpp/lib/$(PROJECT_NAME)//helloworld_subscriber
[4.972s] -- Up-to-date symlink: /home/smkim/ros2_tutorials/robot_ws/install/basic_pkg_cpp/share/ament_index/resource_index/package_run_dependencies/basic_pkg_cpp
[4.972s] -- Up-to-date symlink: /home/smkim/ros2_tutorials/robot_ws/install/basic_pkg_cpp/share/ament_index/resource_index/parent_prefix_path/basic_pkg_cpp
[4.972s] -- Up-to-date symlink: /home/smkim/ros2_tutorials/robot_ws/install/basic_pkg_cpp/share/basic_pkg_cpp/environment/ament_prefix_path.sh
[4.972s] -- Up-to-date symlink: /home/smkim/ros2_tutorials/robot_ws/install/basic_pkg_cpp/share/basic_pkg_cpp/environment/ament_prefix_path.dsv
[4.972s] -- Up-to-date symlink: /home/smkim/ros2_tutorials/robot_ws/install/basic_pkg_cpp/share/basic_pkg_cpp/environment/path.sh
[4.972s] -- Up-to-date symlink: /home/smkim/ros2_tutorials/robot_ws/install/basic_pkg_cpp/share/basic_pkg_cpp/environment/path.dsv
[4.972s] -- Up-to-date symlink: /home/smkim/ros2_tutorials/robot_ws/install/basic_pkg_cpp/share/basic_pkg_cpp/local_setup.bash
[4.973s] -- Up-to-date symlink: /home/smkim/ros2_tutorials/robot_ws/install/basic_pkg_cpp/share/basic_pkg_cpp/local_setup.sh
[4.973s] -- Up-to-date symlink: /home/smkim/ros2_tutorials/robot_ws/install/basic_pkg_cpp/share/basic_pkg_cpp/local_setup.zsh
[4.973s] -- Up-to-date symlink: /home/smkim/ros2_tutorials/robot_ws/install/basic_pkg_cpp/share/basic_pkg_cpp/local_setup.dsv
[4.973s] -- Symlinking: /home/smkim/ros2_tutorials/robot_ws/install/basic_pkg_cpp/share/basic_pkg_cpp/package.dsv
[4.979s] -- Up-to-date symlink: /home/smkim/ros2_tutorials/robot_ws/install/basic_pkg_cpp/share/ament_index/resource_index/packages/basic_pkg_cpp
[4.979s] -- Up-to-date symlink: /home/smkim/ros2_tutorials/robot_ws/install/basic_pkg_cpp/share/basic_pkg_cpp/cmake/basic_pkg_cppConfig.cmake
[4.979s] -- Up-to-date symlink: /home/smkim/ros2_tutorials/robot_ws/install/basic_pkg_cpp/share/basic_pkg_cpp/cmake/basic_pkg_cppConfig-version.cmake
[4.979s] -- Up-to-date symlink: /home/smkim/ros2_tutorials/robot_ws/install/basic_pkg_cpp/share/basic_pkg_cpp/package.xml
[4.981s] Invoked command in '/home/smkim/ros2_tutorials/robot_ws/build/basic_pkg_cpp' returned '0': CMAKE_PREFIX_PATH=${CMAKE_PREFIX_PATH}:/home/smkim/ros2_tutorials/robot_ws/install/topic_service_action_rclpy_example:/home/smkim/ros2_tutorials/robot_ws/install/ros2env:/home/smkim/ros2_tutorials/robot_ws/install/calculator:/home/smkim/ros2_tutorials/robot_ws/install/logger:/home/smkim/ros2_tutorials/robot_ws/install/basic_pkg:/opt/ros/humble /usr/bin/cmake --install /home/smkim/ros2_tutorials/robot_ws/build/basic_pkg_cpp
