/home/smkim/.local/lib/python3.10/site-packages/setuptools/_distutils/dist.py:268: UserWarning: Unknown distribution option: 'tests_require'
  warnings.warn(msg)
running develop
/home/smkim/.local/lib/python3.10/site-packages/setuptools/command/develop.py:42: EasyInstallDeprecationWarning: easy_install command is deprecated.
!!

        ********************************************************************************
        Please avoid running ``setup.py`` and ``easy_install``.
        Instead, use pypa/build, pypa/installer or other
        standards-based tools.

        See https://github.com/pypa/setuptools/issues/917 for details.
        ********************************************************************************

!!
  easy_install.initialize_options(self)
running egg_info
creating ros2env.egg-info
writing ros2env.egg-info/PKG-INFO
writing dependency_links to ros2env.egg-info/dependency_links.txt
writing entry points to ros2env.egg-info/entry_points.txt
writing requirements to ros2env.egg-info/requires.txt
writing top-level names to ros2env.egg-info/top_level.txt
writing manifest file 'ros2env.egg-info/SOURCES.txt'
reading manifest file 'ros2env.egg-info/SOURCES.txt'
writing manifest file 'ros2env.egg-info/SOURCES.txt'
running build_ext
Creating /home/smkim/ros2_tutorials/robot_ws/install/ros2env/lib/python3.10/site-packages/ros2env.egg-link (link to .)

Installed /home/smkim/ros2_tutorials/robot_ws/build/ros2env
running symlink_data
creating /home/smkim/ros2_tutorials/robot_ws/install/ros2env/share/ament_index
creating /home/smkim/ros2_tutorials/robot_ws/install/ros2env/share/ament_index/resource_index
creating /home/smkim/ros2_tutorials/robot_ws/install/ros2env/share/ament_index/resource_index/packages
symbolically linking /home/smkim/ros2_tutorials/robot_ws/build/ros2env/resource/ros2env -> /home/smkim/ros2_tutorials/robot_ws/install/ros2env/share/ament_index/resource_index/packages
symbolically linking /home/smkim/ros2_tutorials/robot_ws/build/ros2env/package.xml -> /home/smkim/ros2_tutorials/robot_ws/install/ros2env/share/ros2env
