[0.660s] Invoking command in '/home/smkim/ros2_tutorials/robot_ws/build/ros2env': PYTHONPATH=/home/smkim/ros2_tutorials/robot_ws/build/ros2env/prefix_override:/usr/lib/python3/dist-packages/colcon_core/task/python/colcon_distutils_commands:/home/smkim/ros2_tutorials/robot_ws/install/ros2env/lib/python3.10/site-packages:${PYTHONPATH} /usr/bin/python3 -W ignore:setup.py install is deprecated setup.py develop --editable --build-directory /home/smkim/ros2_tutorials/robot_ws/build/ros2env/build --no-deps symlink_data
[0.778s] /home/smkim/.local/lib/python3.10/site-packages/setuptools/_distutils/dist.py:268: UserWarning: Unknown distribution option: 'tests_require'
[0.778s]   warnings.warn(msg)
[0.901s] running develop
[0.901s] /home/smkim/.local/lib/python3.10/site-packages/setuptools/command/develop.py:42: EasyInstallDeprecationWarning: easy_install command is deprecated.
[0.901s] !!
[0.901s] 
[0.901s]         ********************************************************************************
[0.901s]         Please avoid running ``setup.py`` and ``easy_install``.
[0.901s]         Instead, use pypa/build, pypa/installer or other
[0.901s]         standards-based tools.
[0.901s] 
[0.901s]         See https://github.com/pypa/setuptools/issues/917 for details.
[0.901s]         ********************************************************************************
[0.901s] 
[0.901s] !!
[0.901s]   easy_install.initialize_options(self)
[1.061s] running egg_info
[1.061s] creating ros2env.egg-info
[1.074s] writing ros2env.egg-info/PKG-INFO
[1.074s] writing dependency_links to ros2env.egg-info/dependency_links.txt
[1.074s] writing entry points to ros2env.egg-info/entry_points.txt
[1.074s] writing requirements to ros2env.egg-info/requires.txt
[1.075s] writing top-level names to ros2env.egg-info/top_level.txt
[1.075s] writing manifest file 'ros2env.egg-info/SOURCES.txt'
[1.098s] reading manifest file 'ros2env.egg-info/SOURCES.txt'
[1.098s] writing manifest file 'ros2env.egg-info/SOURCES.txt'
[1.111s] running build_ext
[1.111s] Creating /home/smkim/ros2_tutorials/robot_ws/install/ros2env/lib/python3.10/site-packages/ros2env.egg-link (link to .)
[1.112s] 
[1.112s] Installed /home/smkim/ros2_tutorials/robot_ws/build/ros2env
[1.113s] running symlink_data
[1.113s] creating /home/smkim/ros2_tutorials/robot_ws/install/ros2env/share/ament_index
[1.113s] creating /home/smkim/ros2_tutorials/robot_ws/install/ros2env/share/ament_index/resource_index
[1.113s] creating /home/smkim/ros2_tutorials/robot_ws/install/ros2env/share/ament_index/resource_index/packages
[1.114s] symbolically linking /home/smkim/ros2_tutorials/robot_ws/build/ros2env/resource/ros2env -> /home/smkim/ros2_tutorials/robot_ws/install/ros2env/share/ament_index/resource_index/packages
[1.114s] symbolically linking /home/smkim/ros2_tutorials/robot_ws/build/ros2env/package.xml -> /home/smkim/ros2_tutorials/robot_ws/install/ros2env/share/ros2env
[1.144s] Invoked command in '/home/smkim/ros2_tutorials/robot_ws/build/ros2env' returned '0': PYTHONPATH=/home/smkim/ros2_tutorials/robot_ws/build/ros2env/prefix_override:/usr/lib/python3/dist-packages/colcon_core/task/python/colcon_distutils_commands:/home/smkim/ros2_tutorials/robot_ws/install/ros2env/lib/python3.10/site-packages:${PYTHONPATH} /usr/bin/python3 -W ignore:setup.py install is deprecated setup.py develop --editable --build-directory /home/smkim/ros2_tutorials/robot_ws/build/ros2env/build --no-deps symlink_data
