running develop
/usr/lib/python3/dist-packages/setuptools/command/easy_install.py:158: EasyInstallDeprecationWarning: easy_install command is deprecated. Use build and pip and other standards-based tools.
  warnings.warn(
running egg_info
creating ros2env.egg-info
writing ros2env.egg-info/PKG-INFO
writing dependency_links to ros2env.egg-info/dependency_links.txt
writing entry points to ros2env.egg-info/entry_points.txt
writing requirements to ros2env.egg-info/requires.txt
writing top-level names to ros2env.egg-info/top_level.txt
writing manifest file 'ros2env.egg-info/SOURCES.txt'
reading manifest file 'ros2env.egg-info/SOURCES.txt'
writing manifest file 'ros2env.egg-info/SOURCES.txt'
running build_ext
Creating /robot_ws/install/ros2env/lib/python3.10/site-packages/ros2env.egg-link (link to .)

Installed /robot_ws/build/ros2env
running symlink_data
creating /robot_ws/install/ros2env/share/ament_index
creating /robot_ws/install/ros2env/share/ament_index/resource_index
creating /robot_ws/install/ros2env/share/ament_index/resource_index/packages
symbolically linking /robot_ws/build/ros2env/resource/ros2env -> /robot_ws/install/ros2env/share/ament_index/resource_index/packages
symbolically linking /robot_ws/build/ros2env/package.xml -> /robot_ws/install/ros2env/share/ros2env
