[1.073s] Invoking command in '/robot_ws/build/ros2env': PYTHONPATH=/robot_ws/build/ros2env/prefix_override:/usr/lib/python3/dist-packages/colcon_core/task/python/colcon_distutils_commands:/robot_ws/install/ros2env/lib/python3.10/site-packages:${PYTHONPATH} /usr/bin/python3 -W ignore:setup.py install is deprecated setup.py develop --editable --build-directory /robot_ws/build/ros2env/build --no-deps symlink_data
[1.354s] running develop
[1.354s] /usr/lib/python3/dist-packages/setuptools/command/easy_install.py:158: EasyInstallDeprecationWarning: easy_install command is deprecated. Use build and pip and other standards-based tools.
[1.354s]   warnings.warn(
[1.521s] running egg_info
[1.521s] creating ros2env.egg-info
[1.521s] writing ros2env.egg-info/PKG-INFO
[1.522s] writing dependency_links to ros2env.egg-info/dependency_links.txt
[1.522s] writing entry points to ros2env.egg-info/entry_points.txt
[1.522s] writing requirements to ros2env.egg-info/requires.txt
[1.522s] writing top-level names to ros2env.egg-info/top_level.txt
[1.522s] writing manifest file 'ros2env.egg-info/SOURCES.txt'
[1.525s] reading manifest file 'ros2env.egg-info/SOURCES.txt'
[1.525s] writing manifest file 'ros2env.egg-info/SOURCES.txt'
[1.527s] running build_ext
[1.527s] Creating /robot_ws/install/ros2env/lib/python3.10/site-packages/ros2env.egg-link (link to .)
[1.528s] 
[1.528s] Installed /robot_ws/build/ros2env
[1.528s] running symlink_data
[1.528s] creating /robot_ws/install/ros2env/share/ament_index
[1.529s] creating /robot_ws/install/ros2env/share/ament_index/resource_index
[1.529s] creating /robot_ws/install/ros2env/share/ament_index/resource_index/packages
[1.529s] symbolically linking /robot_ws/build/ros2env/resource/ros2env -> /robot_ws/install/ros2env/share/ament_index/resource_index/packages
[1.529s] symbolically linking /robot_ws/build/ros2env/package.xml -> /robot_ws/install/ros2env/share/ros2env
[1.599s] Invoked command in '/robot_ws/build/ros2env' returned '0': PYTHONPATH=/robot_ws/build/ros2env/prefix_override:/usr/lib/python3/dist-packages/colcon_core/task/python/colcon_distutils_commands:/robot_ws/install/ros2env/lib/python3.10/site-packages:${PYTHONPATH} /usr/bin/python3 -W ignore:setup.py install is deprecated setup.py develop --editable --build-directory /robot_ws/build/ros2env/build --no-deps symlink_data
