running egg_info
creating ../../build/calculator/calculator.egg-info
writing ../../build/calculator/calculator.egg-info/PKG-INFO
writing dependency_links to ../../build/calculator/calculator.egg-info/dependency_links.txt
writing entry points to ../../build/calculator/calculator.egg-info/entry_points.txt
writing requirements to ../../build/calculator/calculator.egg-info/requires.txt
writing top-level names to ../../build/calculator/calculator.egg-info/top_level.txt
writing manifest file '../../build/calculator/calculator.egg-info/SOURCES.txt'
reading manifest file '../../build/calculator/calculator.egg-info/SOURCES.txt'
writing manifest file '../../build/calculator/calculator.egg-info/SOURCES.txt'
running build
running build_py
creating /robot_ws/build/calculator/build
creating /robot_ws/build/calculator/build/lib
creating /robot_ws/build/calculator/build/lib/calculator
copying calculator/__init__.py -> /robot_ws/build/calculator/build/lib/calculator
copying calculator/calculator.py -> /robot_ws/build/calculator/build/lib/calculator
copying calculator/argument.py -> /robot_ws/build/calculator/build/lib/calculator
copying calculator/operator.py -> /robot_ws/build/calculator/build/lib/calculator
copying calculator/checker.py -> /robot_ws/build/calculator/build/lib/calculator
running install
running install_lib
creating /robot_ws/install/calculator/lib/python3.10/site-packages/calculator
copying /robot_ws/build/calculator/build/lib/calculator/__init__.py -> /robot_ws/install/calculator/lib/python3.10/site-packages/calculator
copying /robot_ws/build/calculator/build/lib/calculator/calculator.py -> /robot_ws/install/calculator/lib/python3.10/site-packages/calculator
copying /robot_ws/build/calculator/build/lib/calculator/argument.py -> /robot_ws/install/calculator/lib/python3.10/site-packages/calculator
copying /robot_ws/build/calculator/build/lib/calculator/operator.py -> /robot_ws/install/calculator/lib/python3.10/site-packages/calculator
copying /robot_ws/build/calculator/build/lib/calculator/checker.py -> /robot_ws/install/calculator/lib/python3.10/site-packages/calculator
byte-compiling /robot_ws/install/calculator/lib/python3.10/site-packages/calculator/__init__.py to __init__.cpython-310.pyc
byte-compiling /robot_ws/install/calculator/lib/python3.10/site-packages/calculator/calculator.py to calculator.cpython-310.pyc
byte-compiling /robot_ws/install/calculator/lib/python3.10/site-packages/calculator/argument.py to argument.cpython-310.pyc
byte-compiling /robot_ws/install/calculator/lib/python3.10/site-packages/calculator/operator.py to operator.cpython-310.pyc
byte-compiling /robot_ws/install/calculator/lib/python3.10/site-packages/calculator/checker.py to checker.cpython-310.pyc
running install_data
creating /robot_ws/install/calculator/share/ament_index
creating /robot_ws/install/calculator/share/ament_index/resource_index
creating /robot_ws/install/calculator/share/ament_index/resource_index/packages
copying resource/calculator -> /robot_ws/install/calculator/share/ament_index/resource_index/packages
copying package.xml -> /robot_ws/install/calculator/share/calculator
creating /robot_ws/install/calculator/share/calculator/launch
copying launch/arithmetic.launch.py -> /robot_ws/install/calculator/share/calculator/launch
creating /robot_ws/install/calculator/share/calculator/param
copying param/arithmetic_config.yaml -> /robot_ws/install/calculator/share/calculator/param
running install_egg_info
Copying ../../build/calculator/calculator.egg-info to /robot_ws/install/calculator/lib/python3.10/site-packages/calculator-0.0.0-py3.10.egg-info
running install_scripts
Installing argument script to /robot_ws/install/calculator/lib/calculator
Installing calculator script to /robot_ws/install/calculator/lib/calculator
Installing checker script to /robot_ws/install/calculator/lib/calculator
Installing operator script to /robot_ws/install/calculator/lib/calculator
writing list of installed files to '/robot_ws/build/calculator/install.log'
