[0.560s] Invoking command in '/home/smkim/ros2_tutorials/robot_ws/build/logger': PYTHONPATH=/home/smkim/ros2_tutorials/robot_ws/build/logger/prefix_override:/usr/lib/python3/dist-packages/colcon_core/task/python/colcon_distutils_commands:/home/smkim/ros2_tutorials/robot_ws/install/logger/lib/python3.10/site-packages:${PYTHONPATH} /usr/bin/python3 -W ignore:setup.py install is deprecated setup.py develop --editable --build-directory /home/smkim/ros2_tutorials/robot_ws/build/logger/build --no-deps symlink_data
[0.672s] /home/smkim/.local/lib/python3.10/site-packages/setuptools/_distutils/dist.py:268: UserWarning: Unknown distribution option: 'tests_require'
[0.672s]   warnings.warn(msg)
[0.793s] running develop
[0.793s] /home/smkim/.local/lib/python3.10/site-packages/setuptools/command/develop.py:42: EasyInstallDeprecationWarning: easy_install command is deprecated.
[0.793s] !!
[0.793s] 
[0.793s]         ********************************************************************************
[0.793s]         Please avoid running ``setup.py`` and ``easy_install``.
[0.793s]         Instead, use pypa/build, pypa/installer or other
[0.793s]         standards-based tools.
[0.793s] 
[0.793s]         See https://github.com/pypa/setuptools/issues/917 for details.
[0.793s]         ********************************************************************************
[0.793s] 
[0.793s] !!
[0.793s]   easy_install.initialize_options(self)
[0.947s] running egg_info
[0.958s] writing logger.egg-info/PKG-INFO
[0.959s] writing dependency_links to logger.egg-info/dependency_links.txt
[0.959s] writing entry points to logger.egg-info/entry_points.txt
[0.959s] writing requirements to logger.egg-info/requires.txt
[0.959s] writing top-level names to logger.egg-info/top_level.txt
[0.983s] reading manifest file 'logger.egg-info/SOURCES.txt'
[0.983s] writing manifest file 'logger.egg-info/SOURCES.txt'
[0.996s] running build_ext
[0.996s] Creating /home/smkim/ros2_tutorials/robot_ws/install/logger/lib/python3.10/site-packages/logger.egg-link (link to .)
[0.997s] Installing logging script to /home/smkim/ros2_tutorials/robot_ws/install/logger/lib/logger
[0.997s] 
[0.997s] Installed /home/smkim/ros2_tutorials/robot_ws/build/logger
[0.997s] running symlink_data
[1.025s] Invoked command in '/home/smkim/ros2_tutorials/robot_ws/build/logger' returned '0': PYTHONPATH=/home/smkim/ros2_tutorials/robot_ws/build/logger/prefix_override:/usr/lib/python3/dist-packages/colcon_core/task/python/colcon_distutils_commands:/home/smkim/ros2_tutorials/robot_ws/install/logger/lib/python3.10/site-packages:${PYTHONPATH} /usr/bin/python3 -W ignore:setup.py install is deprecated setup.py develop --editable --build-directory /home/smkim/ros2_tutorials/robot_ws/build/logger/build --no-deps symlink_data
