[0.087s] Invoking command in '/home/smkim/ros2_tutorials/robot_ws/build/calculator_cpp': CMAKE_PREFIX_PATH=${CMAKE_PREFIX_PATH}:/home/smkim/ros2_tutorials/robot_ws/install/topic_service_action_rclpy_example:/home/smkim/ros2_tutorials/robot_ws/install/ros2env:/home/smkim/ros2_tutorials/robot_ws/install/calculator:/home/smkim/ros2_tutorials/robot_ws/install/logger:/home/smkim/ros2_tutorials/robot_ws/install/basic_pkg:/opt/ros/humble /usr/bin/cmake /home/smkim/ros2_tutorials/robot_ws/src/calculator_cpp -DAMENT_CMAKE_SYMLINK_INSTALL=1 -DCMAKE_INSTALL_PREFIX=/home/smkim/ros2_tutorials/robot_ws/install/calculator_cpp
[0.196s] -- The C compiler identification is GNU 11.4.0
[0.594s] -- The CXX compiler identification is GNU 11.4.0
[0.883s] -- Detecting C compiler ABI info
[1.012s] -- Detecting C compiler ABI info - done
[1.017s] -- Check for working C compiler: /usr/bin/cc - skipped
[1.017s] -- Detecting C compile features
[1.017s] -- Detecting C compile features - done
[1.019s] -- Detecting CXX compiler ABI info
[1.153s] -- Detecting CXX compiler ABI info - done
[1.158s] -- Check for working CXX compiler: /usr/bin/c++ - skipped
[1.159s] -- Detecting CXX compile features
[1.159s] -- Detecting CXX compile features - done
[1.161s] -- Found ament_cmake: 1.3.9 (/opt/ros/humble/share/ament_cmake/cmake)
[1.478s] -- Found Python3: /usr/bin/python3 (found version "3.10.12") found components: Interpreter 
[1.527s] -- Override CMake install command with custom implementation using symlinks instead of copying resources
[1.549s] -- Found msg_srv_action_interface_example: 0.0.0 (/home/smkim/ros2_tutorials/robot_ws/install/msg_srv_action_interface_example/share/msg_srv_action_interface_example/cmake)
[1.703s] -- Found rosidl_generator_c: 3.1.5 (/opt/ros/humble/share/rosidl_generator_c/cmake)
[1.707s] -- Found rosidl_adapter: 3.1.5 (/opt/ros/humble/share/rosidl_adapter/cmake)
[1.713s] -- Found rosidl_generator_cpp: 3.1.5 (/opt/ros/humble/share/rosidl_generator_cpp/cmake)
[1.723s] -- Using all available rosidl_typesupport_c: rosidl_typesupport_fastrtps_c;rosidl_typesupport_introspection_c
[1.736s] -- Using all available rosidl_typesupport_cpp: rosidl_typesupport_fastrtps_cpp;rosidl_typesupport_introspection_cpp
[1.885s] -- Found rclcpp: 16.0.9 (/opt/ros/humble/share/rclcpp/cmake)
[1.926s] -- Found rmw_implementation_cmake: 6.1.2 (/opt/ros/humble/share/rmw_implementation_cmake/cmake)
[1.928s] -- Found rmw_fastrtps_cpp: 6.2.6 (/opt/ros/humble/share/rmw_fastrtps_cpp/cmake)
[3.194s] -- Found OpenSSL: /usr/lib/x86_64-linux-gnu/libcrypto.so (found version "3.0.2")  
[4.496s] -- Found FastRTPS: /opt/ros/humble/include  
[6.839s] -- Using RMW implementation 'rmw_fastrtps_cpp' as default
[6.847s] -- Looking for pthread.h
[6.963s] -- Looking for pthread.h - found
[6.963s] -- Performing Test CMAKE_HAVE_LIBC_PTHREAD
[7.079s] -- Performing Test CMAKE_HAVE_LIBC_PTHREAD - Success
[7.079s] -- Found Threads: TRUE  
[7.191s] -- Found rclcpp_action: 16.0.9 (/opt/ros/humble/share/rclcpp_action/cmake)
[7.222s] -- Found ament_lint_auto: 0.12.11 (/opt/ros/humble/share/ament_lint_auto/cmake)
[7.295s] -- Found ament_cmake_gtest: 1.3.9 (/opt/ros/humble/share/ament_cmake_gtest/cmake)
[7.298s] [31mCMake Error at CMakeLists.txt:54 (add_subdirectory):
[7.298s]   add_subdirectory given source "test" which is not an existing directory.
[7.298s] 
[7.298s] [0m
[7.302s] -- Added test 'copyright' to check source files copyright and LICENSE
[7.304s] -- Added test 'lint_cmake' to check CMake code style
[7.305s] -- Added test 'xmllint' to check XML markup files
[7.306s] -- Configuring incomplete, errors occurred!
[7.306s] See also "/home/smkim/ros2_tutorials/robot_ws/build/calculator_cpp/CMakeFiles/CMakeOutput.log".
[7.317s] Invoked command in '/home/smkim/ros2_tutorials/robot_ws/build/calculator_cpp' returned '1': CMAKE_PREFIX_PATH=${CMAKE_PREFIX_PATH}:/home/smkim/ros2_tutorials/robot_ws/install/topic_service_action_rclpy_example:/home/smkim/ros2_tutorials/robot_ws/install/ros2env:/home/smkim/ros2_tutorials/robot_ws/install/calculator:/home/smkim/ros2_tutorials/robot_ws/install/logger:/home/smkim/ros2_tutorials/robot_ws/install/basic_pkg:/opt/ros/humble /usr/bin/cmake /home/smkim/ros2_tutorials/robot_ws/src/calculator_cpp -DAMENT_CMAKE_SYMLINK_INSTALL=1 -DCMAKE_INSTALL_PREFIX=/home/smkim/ros2_tutorials/robot_ws/install/calculator_cpp
