[31mCMake Error at CMakeLists.txt:23 (add_executable):
  Cannot find source file:

    src/arithmetic/argument.cpp

  Tried extensions .c .C .c++ .cc .cpp .cxx .cu .mpp .m .M .mm .ixx .cppm .h
  .hh .h++ .hm .hpp .hxx .in .txx .f .F .for .f77 .f90 .f95 .f03 .hip .ispc

[0m
[31mCMake Error at CMakeLists.txt:29 (add_executable):
  Cannot find source file:

    src/calculator/main.cpp

  Tried extensions .c .C .c++ .cc .cpp .cxx .cu .mpp .m .M .mm .ixx .cppm .h
  .hh .h++ .hm .hpp .hxx .in .txx .f .F .for .f77 .f90 .f95 .f03 .hip .ispc

[0m
[31mCMake Error at CMakeLists.txt:36 (add_executable):
  Cannot find source file:

    src/checker/main.cpp

  Tried extensions .c .C .c++ .cc .cpp .cxx .cu .mpp .m .M .mm .ixx .cppm .h
  .hh .h++ .hm .hpp .hxx .in .txx .f .F .for .f77 .f90 .f95 .f03 .hip .ispc

[0m
[31mCMake Error at CMakeLists.txt:43 (add_executable):
  Cannot find source file:

    src/arithmetic/operator.cpp

  Tried extensions .c .C .c++ .cc .cpp .cxx .cu .mpp .m .M .mm .ixx .cppm .h
  .hh .h++ .hm .hpp .hxx .in .txx .f .F .for .f77 .f90 .f95 .f03 .hip .ispc

[0m
[31mCMake Error at CMakeLists.txt:23 (add_executable):
  No SOURCES given to target: argument

[0m
[31mCMake Error at CMakeLists.txt:29 (add_executable):
  No SOURCES given to target: calculator

[0m
[31mCMake Error at CMakeLists.txt:36 (add_executable):
  No SOURCES given to target: checker

[0m
[31mCMake Error at CMakeLists.txt:43 (add_executable):
  No SOURCES given to target: operator

[0m
[0mCMake Generate step failed.  Build files cannot be regenerated correctly.[0m
