[0.074s] Invoking command in '/home/smkim/ros2_tutorials/robot_ws/build/calculator_cpp': CMAKE_PREFIX_PATH=${CMAKE_PREFIX_PATH}:/home/smkim/ros2_tutorials/robot_ws/install/topic_service_action_rclpy_example:/home/smkim/ros2_tutorials/robot_ws/install/ros2env:/home/smkim/ros2_tutorials/robot_ws/install/calculator:/home/smkim/ros2_tutorials/robot_ws/install/logger:/home/smkim/ros2_tutorials/robot_ws/install/basic_pkg:/opt/ros/humble /usr/bin/cmake /home/smkim/ros2_tutorials/robot_ws/src/calculator_cpp -DAMENT_CMAKE_SYMLINK_INSTALL=1 -DCMAKE_INSTALL_PREFIX=/home/smkim/ros2_tutorials/robot_ws/install/calculator_cpp
[0.081s] -- Found ament_cmake: 1.3.9 (/opt/ros/humble/share/ament_cmake/cmake)
[0.174s] -- Override CMake install command with custom implementation using symlinks instead of copying resources
[0.178s] -- Found msg_srv_action_interface_example: 0.0.0 (/home/smkim/ros2_tutorials/robot_ws/install/msg_srv_action_interface_example/share/msg_srv_action_interface_example/cmake)
[0.324s] -- Found rosidl_generator_c: 3.1.5 (/opt/ros/humble/share/rosidl_generator_c/cmake)
[0.326s] -- Found rosidl_adapter: 3.1.5 (/opt/ros/humble/share/rosidl_adapter/cmake)
[0.331s] -- Found rosidl_generator_cpp: 3.1.5 (/opt/ros/humble/share/rosidl_generator_cpp/cmake)
[0.340s] -- Using all available rosidl_typesupport_c: rosidl_typesupport_fastrtps_c;rosidl_typesupport_introspection_c
[0.350s] -- Using all available rosidl_typesupport_cpp: rosidl_typesupport_fastrtps_cpp;rosidl_typesupport_introspection_cpp
[0.447s] -- Found rclcpp: 16.0.9 (/opt/ros/humble/share/rclcpp/cmake)
[0.477s] -- Found rmw_implementation_cmake: 6.1.2 (/opt/ros/humble/share/rmw_implementation_cmake/cmake)
[0.478s] -- Found rmw_fastrtps_cpp: 6.2.6 (/opt/ros/humble/share/rmw_fastrtps_cpp/cmake)
[5.164s] -- Using RMW implementation 'rmw_fastrtps_cpp' as default
[5.268s] -- Found rclcpp_action: 16.0.9 (/opt/ros/humble/share/rclcpp_action/cmake)
[5.289s] -- Found ament_lint_auto: 0.12.11 (/opt/ros/humble/share/ament_lint_auto/cmake)
[5.342s] -- Added test 'copyright' to check source files copyright and LICENSE
[5.343s] -- Added test 'lint_cmake' to check CMake code style
[5.344s] -- Added test 'xmllint' to check XML markup files
[5.345s] -- Configuring done
[5.346s] [31mCMake Error at CMakeLists.txt:23 (add_executable):
[5.347s]   Cannot find source file:
[5.347s] 
[5.347s]     src/arithmetic/argument.cpp
[5.347s] 
[5.347s]   Tried extensions .c .C .c++ .cc .cpp .cxx .cu .mpp .m .M .mm .ixx .cppm .h
[5.347s]   .hh .h++ .hm .hpp .hxx .in .txx .f .F .for .f77 .f90 .f95 .f03 .hip .ispc
[5.347s] 
[5.347s] [0m
[5.347s] [31mCMake Error at CMakeLists.txt:29 (add_executable):
[5.347s]   Cannot find source file:
[5.347s] 
[5.347s]     src/calculator/main.cpp
[5.347s] 
[5.348s]   Tried extensions .c .C .c++ .cc .cpp .cxx .cu .mpp .m .M .mm .ixx .cppm .h
[5.348s]   .hh .h++ .hm .hpp .hxx .in .txx .f .F .for .f77 .f90 .f95 .f03 .hip .ispc
[5.348s] 
[5.348s] [0m
[5.348s] [31mCMake Error at CMakeLists.txt:36 (add_executable):
[5.348s]   Cannot find source file:
[5.348s] 
[5.348s]     src/checker/main.cpp
[5.348s] 
[5.348s]   Tried extensions .c .C .c++ .cc .cpp .cxx .cu .mpp .m .M .mm .ixx .cppm .h
[5.348s]   .hh .h++ .hm .hpp .hxx .in .txx .f .F .for .f77 .f90 .f95 .f03 .hip .ispc
[5.348s] 
[5.348s] [0m
[5.348s] [31mCMake Error at CMakeLists.txt:43 (add_executable):
[5.348s]   Cannot find source file:
[5.348s] 
[5.348s]     src/arithmetic/operator.cpp
[5.348s] 
[5.348s]   Tried extensions .c .C .c++ .cc .cpp .cxx .cu .mpp .m .M .mm .ixx .cppm .h
[5.348s]   .hh .h++ .hm .hpp .hxx .in .txx .f .F .for .f77 .f90 .f95 .f03 .hip .ispc
[5.348s] 
[5.348s] [0m
[5.348s] [31mCMake Error at CMakeLists.txt:23 (add_executable):
[5.348s]   No SOURCES given to target: argument
[5.348s] 
[5.348s] [0m
[5.349s] [31mCMake Error at CMakeLists.txt:29 (add_executable):
[5.349s]   No SOURCES given to target: calculator
[5.349s] 
[5.349s] [0m
[5.349s] [31mCMake Error at CMakeLists.txt:36 (add_executable):
[5.349s]   No SOURCES given to target: checker
[5.349s] 
[5.349s] [0m
[5.349s] [31mCMake Error at CMakeLists.txt:43 (add_executable):
[5.349s]   No SOURCES given to target: operator
[5.349s] 
[5.349s] [0m
[5.349s] [0mCMake Generate step failed.  Build files cannot be regenerated correctly.[0m
[5.354s] Invoked command in '/home/smkim/ros2_tutorials/robot_ws/build/calculator_cpp' returned '1': CMAKE_PREFIX_PATH=${CMAKE_PREFIX_PATH}:/home/smkim/ros2_tutorials/robot_ws/install/topic_service_action_rclpy_example:/home/smkim/ros2_tutorials/robot_ws/install/ros2env:/home/smkim/ros2_tutorials/robot_ws/install/calculator:/home/smkim/ros2_tutorials/robot_ws/install/logger:/home/smkim/ros2_tutorials/robot_ws/install/basic_pkg:/opt/ros/humble /usr/bin/cmake /home/smkim/ros2_tutorials/robot_ws/src/calculator_cpp -DAMENT_CMAKE_SYMLINK_INSTALL=1 -DCMAKE_INSTALL_PREFIX=/home/smkim/ros2_tutorials/robot_ws/install/calculator_cpp
