/home/smkim/.local/lib/python3.10/site-packages/setuptools/_distutils/dist.py:268: UserWarning: Unknown distribution option: 'tests_require'
  warnings.warn(msg)
running develop
/home/smkim/.local/lib/python3.10/site-packages/setuptools/command/develop.py:42: EasyInstallDeprecationWarning: easy_install command is deprecated.
!!

        ********************************************************************************
        Please avoid running ``setup.py`` and ``easy_install``.
        Instead, use pypa/build, pypa/installer or other
        standards-based tools.

        See https://github.com/pypa/setuptools/issues/917 for details.
        ********************************************************************************

!!
  easy_install.initialize_options(self)
running egg_info
writing basic_pkg.egg-info/PKG-INFO
writing dependency_links to basic_pkg.egg-info/dependency_links.txt
writing entry points to basic_pkg.egg-info/entry_points.txt
writing requirements to basic_pkg.egg-info/requires.txt
writing top-level names to basic_pkg.egg-info/top_level.txt
reading manifest file 'basic_pkg.egg-info/SOURCES.txt'
writing manifest file 'basic_pkg.egg-info/SOURCES.txt'
running build_ext
Creating /home/smkim/ros2_tutorials/robot_ws/install/basic_pkg/lib/python3.10/site-packages/basic-pkg.egg-link (link to .)
Installing helloworld_publisher script to /home/smkim/ros2_tutorials/robot_ws/install/basic_pkg/lib/basic_pkg
Installing helloworld_subscriber script to /home/smkim/ros2_tutorials/robot_ws/install/basic_pkg/lib/basic_pkg

Installed /home/smkim/ros2_tutorials/robot_ws/build/basic_pkg
running symlink_data
