[0.553s] Invoking command in '/home/smkim/ros2_tutorials/robot_ws/build/basic_pkg': PYTHONPATH=/home/smkim/ros2_tutorials/robot_ws/build/basic_pkg/prefix_override:/usr/lib/python3/dist-packages/colcon_core/task/python/colcon_distutils_commands:/home/smkim/ros2_tutorials/robot_ws/install/basic_pkg/lib/python3.10/site-packages:${PYTHONPATH} /usr/bin/python3 -W ignore:setup.py install is deprecated setup.py develop --editable --build-directory /home/smkim/ros2_tutorials/robot_ws/build/basic_pkg/build --no-deps symlink_data
[0.661s] /home/smkim/.local/lib/python3.10/site-packages/setuptools/_distutils/dist.py:268: UserWarning: Unknown distribution option: 'tests_require'
[0.661s]   warnings.warn(msg)
[0.781s] running develop
[0.781s] /home/smkim/.local/lib/python3.10/site-packages/setuptools/command/develop.py:42: EasyInstallDeprecationWarning: easy_install command is deprecated.
[0.781s] !!
[0.781s] 
[0.781s]         ********************************************************************************
[0.781s]         Please avoid running ``setup.py`` and ``easy_install``.
[0.781s]         Instead, use pypa/build, pypa/installer or other
[0.781s]         standards-based tools.
[0.781s] 
[0.782s]         See https://github.com/pypa/setuptools/issues/917 for details.
[0.782s]         ********************************************************************************
[0.782s] 
[0.782s] !!
[0.782s]   easy_install.initialize_options(self)
[0.933s] running egg_info
[0.946s] writing basic_pkg.egg-info/PKG-INFO
[0.946s] writing dependency_links to basic_pkg.egg-info/dependency_links.txt
[0.946s] writing entry points to basic_pkg.egg-info/entry_points.txt
[0.946s] writing requirements to basic_pkg.egg-info/requires.txt
[0.946s] writing top-level names to basic_pkg.egg-info/top_level.txt
[0.971s] reading manifest file 'basic_pkg.egg-info/SOURCES.txt'
[0.971s] writing manifest file 'basic_pkg.egg-info/SOURCES.txt'
[0.984s] running build_ext
[0.984s] Creating /home/smkim/ros2_tutorials/robot_ws/install/basic_pkg/lib/python3.10/site-packages/basic-pkg.egg-link (link to .)
[0.985s] Installing helloworld_publisher script to /home/smkim/ros2_tutorials/robot_ws/install/basic_pkg/lib/basic_pkg
[0.985s] Installing helloworld_subscriber script to /home/smkim/ros2_tutorials/robot_ws/install/basic_pkg/lib/basic_pkg
[0.985s] 
[0.985s] Installed /home/smkim/ros2_tutorials/robot_ws/build/basic_pkg
[0.985s] running symlink_data
[1.010s] Invoked command in '/home/smkim/ros2_tutorials/robot_ws/build/basic_pkg' returned '0': PYTHONPATH=/home/smkim/ros2_tutorials/robot_ws/build/basic_pkg/prefix_override:/usr/lib/python3/dist-packages/colcon_core/task/python/colcon_distutils_commands:/home/smkim/ros2_tutorials/robot_ws/install/basic_pkg/lib/python3.10/site-packages:${PYTHONPATH} /usr/bin/python3 -W ignore:setup.py install is deprecated setup.py develop --editable --build-directory /home/smkim/ros2_tutorials/robot_ws/build/basic_pkg/build --no-deps symlink_data
