[0.572s] Invoking command in '/home/smkim/ros2_tutorials/robot_ws/build/basic_pkg': PYTHONPATH=/home/smkim/ros2_tutorials/robot_ws/build/basic_pkg/prefix_override:/usr/lib/python3/dist-packages/colcon_core/task/python/colcon_distutils_commands:/home/smkim/ros2_tutorials/robot_ws/install/basic_pkg/lib/python3.10/site-packages:${PYTHONPATH} /usr/bin/python3 -W ignore:setup.py install is deprecated setup.py develop --editable --build-directory /home/smkim/ros2_tutorials/robot_ws/build/basic_pkg/build --no-deps symlink_data
[0.685s] /home/smkim/.local/lib/python3.10/site-packages/setuptools/_distutils/dist.py:268: UserWarning: Unknown distribution option: 'tests_require'
[0.685s]   warnings.warn(msg)
[0.805s] running develop
[0.805s] /home/smkim/.local/lib/python3.10/site-packages/setuptools/command/develop.py:42: EasyInstallDeprecationWarning: easy_install command is deprecated.
[0.805s] !!
[0.805s] 
[0.805s]         ********************************************************************************
[0.805s]         Please avoid running ``setup.py`` and ``easy_install``.
[0.805s]         Instead, use pypa/build, pypa/installer or other
[0.805s]         standards-based tools.
[0.805s] 
[0.805s]         See https://github.com/pypa/setuptools/issues/917 for details.
[0.805s]         ********************************************************************************
[0.805s] 
[0.805s] !!
[0.805s]   easy_install.initialize_options(self)
[0.962s] running egg_info
[0.974s] writing basic_pkg.egg-info/PKG-INFO
[0.975s] writing dependency_links to basic_pkg.egg-info/dependency_links.txt
[0.975s] writing entry points to basic_pkg.egg-info/entry_points.txt
[0.975s] writing requirements to basic_pkg.egg-info/requires.txt
[0.975s] writing top-level names to basic_pkg.egg-info/top_level.txt
[0.999s] reading manifest file 'basic_pkg.egg-info/SOURCES.txt'
[1.000s] writing manifest file 'basic_pkg.egg-info/SOURCES.txt'
[1.014s] running build_ext
[1.014s] Creating /home/smkim/ros2_tutorials/robot_ws/install/basic_pkg/lib/python3.10/site-packages/basic-pkg.egg-link (link to .)
[1.015s] Installing helloworld_publisher script to /home/smkim/ros2_tutorials/robot_ws/install/basic_pkg/lib/basic_pkg
[1.015s] Installing helloworld_subscriber script to /home/smkim/ros2_tutorials/robot_ws/install/basic_pkg/lib/basic_pkg
[1.015s] 
[1.015s] Installed /home/smkim/ros2_tutorials/robot_ws/build/basic_pkg
[1.015s] running symlink_data
[1.045s] Invoked command in '/home/smkim/ros2_tutorials/robot_ws/build/basic_pkg' returned '0': PYTHONPATH=/home/smkim/ros2_tutorials/robot_ws/build/basic_pkg/prefix_override:/usr/lib/python3/dist-packages/colcon_core/task/python/colcon_distutils_commands:/home/smkim/ros2_tutorials/robot_ws/install/basic_pkg/lib/python3.10/site-packages:${PYTHONPATH} /usr/bin/python3 -W ignore:setup.py install is deprecated setup.py develop --editable --build-directory /home/smkim/ros2_tutorials/robot_ws/build/basic_pkg/build --no-deps symlink_data
