/robot_ws/install/calculator/lib/python3.10/site-packages/calculator/__init__.py
/robot_ws/install/calculator/lib/python3.10/site-packages/calculator/calculator.py
/robot_ws/install/calculator/lib/python3.10/site-packages/calculator/argument.py
/robot_ws/install/calculator/lib/python3.10/site-packages/calculator/operator.py
/robot_ws/install/calculator/lib/python3.10/site-packages/calculator/checker.py
/robot_ws/install/calculator/lib/python3.10/site-packages/calculator/__pycache__/__init__.cpython-310.pyc
/robot_ws/install/calculator/lib/python3.10/site-packages/calculator/__pycache__/calculator.cpython-310.pyc
/robot_ws/install/calculator/lib/python3.10/site-packages/calculator/__pycache__/argument.cpython-310.pyc
/robot_ws/install/calculator/lib/python3.10/site-packages/calculator/__pycache__/operator.cpython-310.pyc
/robot_ws/install/calculator/lib/python3.10/site-packages/calculator/__pycache__/checker.cpython-310.pyc
/robot_ws/install/calculator/share/ament_index/resource_index/packages/calculator
/robot_ws/install/calculator/share/calculator/package.xml
/robot_ws/install/calculator/share/calculator/launch/arithmetic.launch.py
/robot_ws/install/calculator/share/calculator/param/arithmetic_config.yaml
/robot_ws/install/calculator/lib/python3.10/site-packages/calculator-0.0.0-py3.10.egg-info/top_level.txt
/robot_ws/install/calculator/lib/python3.10/site-packages/calculator-0.0.0-py3.10.egg-info/dependency_links.txt
/robot_ws/install/calculator/lib/python3.10/site-packages/calculator-0.0.0-py3.10.egg-info/PKG-INFO
/robot_ws/install/calculator/lib/python3.10/site-packages/calculator-0.0.0-py3.10.egg-info/requires.txt
/robot_ws/install/calculator/lib/python3.10/site-packages/calculator-0.0.0-py3.10.egg-info/entry_points.txt
/robot_ws/install/calculator/lib/python3.10/site-packages/calculator-0.0.0-py3.10.egg-info/zip-safe
/robot_ws/install/calculator/lib/python3.10/site-packages/calculator-0.0.0-py3.10.egg-info/SOURCES.txt
/robot_ws/install/calculator/lib/calculator/argument
/robot_ws/install/calculator/lib/calculator/calculator
/robot_ws/install/calculator/lib/calculator/checker
/robot_ws/install/calculator/lib/calculator/operator
