running develop
/usr/lib/python3/dist-packages/setuptools/command/easy_install.py:158: EasyInstallDeprecationWarning: easy_install command is deprecated. Use build and pip and other standards-based tools.
  warnings.warn(
running egg_info
creating calculator.egg-info
writing calculator.egg-info/PKG-INFO
writing dependency_links to calculator.egg-info/dependency_links.txt
writing entry points to calculator.egg-info/entry_points.txt
writing requirements to calculator.egg-info/requires.txt
writing top-level names to calculator.egg-info/top_level.txt
writing manifest file 'calculator.egg-info/SOURCES.txt'
reading manifest file 'calculator.egg-info/SOURCES.txt'
writing manifest file 'calculator.egg-info/SOURCES.txt'
running build_ext
Creating /robot_ws/install/calculator/lib/python3.10/site-packages/calculator.egg-link (link to .)
Installing argument script to /robot_ws/install/calculator/lib/calculator
Installing calculator script to /robot_ws/install/calculator/lib/calculator
Installing checker script to /robot_ws/install/calculator/lib/calculator
Installing operator script to /robot_ws/install/calculator/lib/calculator

Installed /robot_ws/build/calculator
running symlink_data
creating /robot_ws/install/calculator/share/ament_index
creating /robot_ws/install/calculator/share/ament_index/resource_index
creating /robot_ws/install/calculator/share/ament_index/resource_index/packages
symbolically linking /robot_ws/build/calculator/resource/calculator -> /robot_ws/install/calculator/share/ament_index/resource_index/packages
symbolically linking /robot_ws/build/calculator/package.xml -> /robot_ws/install/calculator/share/calculator
creating /robot_ws/install/calculator/share/calculator/launch
symbolically linking /robot_ws/build/calculator/launch/arithmetic.launch.py -> /robot_ws/install/calculator/share/calculator/launch
creating /robot_ws/install/calculator/share/calculator/param
symbolically linking /robot_ws/build/calculator/param/arithmetic_config.yaml -> /robot_ws/install/calculator/share/calculator/param
