[35m[1mConsolidate compiler generated dependencies of target calculator[0m
[ 25%] Built target operator
[ 50%] Built target checker
[ 75%] Built target argument
[ 87%] [32mBuilding CXX object CMakeFiles/calculator.dir/src/calculator.cpp.o[0m
[100%] [32m[1mLinking CXX executable calculator[0m
[100%] Built target calculator
-- Install configuration: ""
-- Execute custom install script
-- Up-to-date symlink: /home/smkim/ros2_tutorials/robot_ws/install/calculator_cpp/lib/calculator_cpp/argument
-- Up-to-date symlink: /home/smkim/ros2_tutorials/robot_ws/install/calculator_cpp/lib/calculator_cpp/calculator
-- Up-to-date symlink: /home/smkim/ros2_tutorials/robot_ws/install/calculator_cpp/lib/calculator_cpp/checker
-- Up-to-date symlink: /home/smkim/ros2_tutorials/robot_ws/install/calculator_cpp/lib/calculator_cpp/operator
-- Up-to-date symlink: /home/smkim/ros2_tutorials/robot_ws/install/calculator_cpp/share/ament_index/resource_index/package_run_dependencies/calculator_cpp
-- Up-to-date symlink: /home/smkim/ros2_tutorials/robot_ws/install/calculator_cpp/share/ament_index/resource_index/parent_prefix_path/calculator_cpp
-- Up-to-date symlink: /home/smkim/ros2_tutorials/robot_ws/install/calculator_cpp/share/calculator_cpp/environment/ament_prefix_path.sh
-- Up-to-date symlink: /home/smkim/ros2_tutorials/robot_ws/install/calculator_cpp/share/calculator_cpp/environment/ament_prefix_path.dsv
-- Up-to-date symlink: /home/smkim/ros2_tutorials/robot_ws/install/calculator_cpp/share/calculator_cpp/environment/path.sh
-- Up-to-date symlink: /home/smkim/ros2_tutorials/robot_ws/install/calculator_cpp/share/calculator_cpp/environment/path.dsv
-- Up-to-date symlink: /home/smkim/ros2_tutorials/robot_ws/install/calculator_cpp/share/calculator_cpp/local_setup.bash
-- Up-to-date symlink: /home/smkim/ros2_tutorials/robot_ws/install/calculator_cpp/share/calculator_cpp/local_setup.sh
-- Up-to-date symlink: /home/smkim/ros2_tutorials/robot_ws/install/calculator_cpp/share/calculator_cpp/local_setup.zsh
-- Up-to-date symlink: /home/smkim/ros2_tutorials/robot_ws/install/calculator_cpp/share/calculator_cpp/local_setup.dsv
-- Symlinking: /home/smkim/ros2_tutorials/robot_ws/install/calculator_cpp/share/calculator_cpp/package.dsv
-- Up-to-date symlink: /home/smkim/ros2_tutorials/robot_ws/install/calculator_cpp/share/ament_index/resource_index/packages/calculator_cpp
-- Up-to-date symlink: /home/smkim/ros2_tutorials/robot_ws/install/calculator_cpp/share/calculator_cpp/cmake/calculator_cppConfig.cmake
-- Up-to-date symlink: /home/smkim/ros2_tutorials/robot_ws/install/calculator_cpp/share/calculator_cpp/cmake/calculator_cppConfig-version.cmake
-- Up-to-date symlink: /home/smkim/ros2_tutorials/robot_ws/install/calculator_cpp/share/calculator_cpp/package.xml
