[0.078s] Invoking command in '/home/smkim/ros2_tutorials/robot_ws/build/calculator_cpp': CMAKE_PREFIX_PATH=/home/smkim/ros2_tutorials/robot_ws/install/msg_srv_action_interface_example:/home/smkim/ros2_tutorials/robot_ws/install/calculator_cpp:/home/smkim/ros2_tutorials/robot_ws/install/basic_pkg_cpp:/home/smkim/ros2_tutorials/robot_ws/install/topic_service_action_rclpy_example:/home/smkim/ros2_tutorials/robot_ws/install/ros2env:/home/smkim/ros2_tutorials/robot_ws/install/calculator:/home/smkim/ros2_tutorials/robot_ws/install/logger:/home/smkim/ros2_tutorials/robot_ws/install/basic_pkg:/opt/ros/humble /usr/bin/cmake --build /home/smkim/ros2_tutorials/robot_ws/build/calculator_cpp -- -j8 -l8
[0.107s] [35m[1mConsolidate compiler generated dependencies of target calculator[0m
[0.116s] [ 25%] Built target operator
[0.117s] [ 50%] Built target checker
[0.120s] [ 75%] Built target argument
[0.125s] [ 87%] [32mBuilding CXX object CMakeFiles/calculator.dir/src/calculator.cpp.o[0m
[8.307s] [100%] [32m[1mLinking CXX executable calculator[0m
[8.818s] [100%] Built target calculator
[8.826s] Invoked command in '/home/smkim/ros2_tutorials/robot_ws/build/calculator_cpp' returned '0': CMAKE_PREFIX_PATH=/home/smkim/ros2_tutorials/robot_ws/install/msg_srv_action_interface_example:/home/smkim/ros2_tutorials/robot_ws/install/calculator_cpp:/home/smkim/ros2_tutorials/robot_ws/install/basic_pkg_cpp:/home/smkim/ros2_tutorials/robot_ws/install/topic_service_action_rclpy_example:/home/smkim/ros2_tutorials/robot_ws/install/ros2env:/home/smkim/ros2_tutorials/robot_ws/install/calculator:/home/smkim/ros2_tutorials/robot_ws/install/logger:/home/smkim/ros2_tutorials/robot_ws/install/basic_pkg:/opt/ros/humble /usr/bin/cmake --build /home/smkim/ros2_tutorials/robot_ws/build/calculator_cpp -- -j8 -l8
[8.859s] Invoking command in '/home/smkim/ros2_tutorials/robot_ws/build/calculator_cpp': CMAKE_PREFIX_PATH=/home/smkim/ros2_tutorials/robot_ws/install/msg_srv_action_interface_example:/home/smkim/ros2_tutorials/robot_ws/install/calculator_cpp:/home/smkim/ros2_tutorials/robot_ws/install/basic_pkg_cpp:/home/smkim/ros2_tutorials/robot_ws/install/topic_service_action_rclpy_example:/home/smkim/ros2_tutorials/robot_ws/install/ros2env:/home/smkim/ros2_tutorials/robot_ws/install/calculator:/home/smkim/ros2_tutorials/robot_ws/install/logger:/home/smkim/ros2_tutorials/robot_ws/install/basic_pkg:/opt/ros/humble /usr/bin/cmake --install /home/smkim/ros2_tutorials/robot_ws/build/calculator_cpp
[8.864s] -- Install configuration: ""
[8.865s] -- Execute custom install script
[8.865s] -- Up-to-date symlink: /home/smkim/ros2_tutorials/robot_ws/install/calculator_cpp/lib/calculator_cpp/argument
[8.865s] -- Up-to-date symlink: /home/smkim/ros2_tutorials/robot_ws/install/calculator_cpp/lib/calculator_cpp/calculator
[8.865s] -- Up-to-date symlink: /home/smkim/ros2_tutorials/robot_ws/install/calculator_cpp/lib/calculator_cpp/checker
[8.865s] -- Up-to-date symlink: /home/smkim/ros2_tutorials/robot_ws/install/calculator_cpp/lib/calculator_cpp/operator
[8.865s] -- Up-to-date symlink: /home/smkim/ros2_tutorials/robot_ws/install/calculator_cpp/share/ament_index/resource_index/package_run_dependencies/calculator_cpp
[8.866s] -- Up-to-date symlink: /home/smkim/ros2_tutorials/robot_ws/install/calculator_cpp/share/ament_index/resource_index/parent_prefix_path/calculator_cpp
[8.866s] -- Up-to-date symlink: /home/smkim/ros2_tutorials/robot_ws/install/calculator_cpp/share/calculator_cpp/environment/ament_prefix_path.sh
[8.866s] -- Up-to-date symlink: /home/smkim/ros2_tutorials/robot_ws/install/calculator_cpp/share/calculator_cpp/environment/ament_prefix_path.dsv
[8.866s] -- Up-to-date symlink: /home/smkim/ros2_tutorials/robot_ws/install/calculator_cpp/share/calculator_cpp/environment/path.sh
[8.866s] -- Up-to-date symlink: /home/smkim/ros2_tutorials/robot_ws/install/calculator_cpp/share/calculator_cpp/environment/path.dsv
[8.866s] -- Up-to-date symlink: /home/smkim/ros2_tutorials/robot_ws/install/calculator_cpp/share/calculator_cpp/local_setup.bash
[8.866s] -- Up-to-date symlink: /home/smkim/ros2_tutorials/robot_ws/install/calculator_cpp/share/calculator_cpp/local_setup.sh
[8.866s] -- Up-to-date symlink: /home/smkim/ros2_tutorials/robot_ws/install/calculator_cpp/share/calculator_cpp/local_setup.zsh
[8.866s] -- Up-to-date symlink: /home/smkim/ros2_tutorials/robot_ws/install/calculator_cpp/share/calculator_cpp/local_setup.dsv
[8.867s] -- Symlinking: /home/smkim/ros2_tutorials/robot_ws/install/calculator_cpp/share/calculator_cpp/package.dsv
[8.872s] -- Up-to-date symlink: /home/smkim/ros2_tutorials/robot_ws/install/calculator_cpp/share/ament_index/resource_index/packages/calculator_cpp
[8.872s] -- Up-to-date symlink: /home/smkim/ros2_tutorials/robot_ws/install/calculator_cpp/share/calculator_cpp/cmake/calculator_cppConfig.cmake
[8.872s] -- Up-to-date symlink: /home/smkim/ros2_tutorials/robot_ws/install/calculator_cpp/share/calculator_cpp/cmake/calculator_cppConfig-version.cmake
[8.873s] -- Up-to-date symlink: /home/smkim/ros2_tutorials/robot_ws/install/calculator_cpp/share/calculator_cpp/package.xml
[8.875s] Invoked command in '/home/smkim/ros2_tutorials/robot_ws/build/calculator_cpp' returned '0': CMAKE_PREFIX_PATH=/home/smkim/ros2_tutorials/robot_ws/install/msg_srv_action_interface_example:/home/smkim/ros2_tutorials/robot_ws/install/calculator_cpp:/home/smkim/ros2_tutorials/robot_ws/install/basic_pkg_cpp:/home/smkim/ros2_tutorials/robot_ws/install/topic_service_action_rclpy_example:/home/smkim/ros2_tutorials/robot_ws/install/ros2env:/home/smkim/ros2_tutorials/robot_ws/install/calculator:/home/smkim/ros2_tutorials/robot_ws/install/logger:/home/smkim/ros2_tutorials/robot_ws/install/basic_pkg:/opt/ros/humble /usr/bin/cmake --install /home/smkim/ros2_tutorials/robot_ws/build/calculator_cpp
