running develop
running egg_info
creating basic_pkg.egg-info
writing basic_pkg.egg-info/PKG-INFO
writing dependency_links to basic_pkg.egg-info/dependency_links.txt
writing entry points to basic_pkg.egg-info/entry_points.txt
writing requirements to basic_pkg.egg-info/requires.txt
writing top-level names to basic_pkg.egg-info/top_level.txt
writing manifest file 'basic_pkg.egg-info/SOURCES.txt'
reading manifest file 'basic_pkg.egg-info/SOURCES.txt'
writing manifest file 'basic_pkg.egg-info/SOURCES.txt'
running build_ext
Creating /robot_ws/install/basic_pkg/lib/python3.10/site-packages/basic-pkg.egg-link (link to .)
Installing helloworld_publisher script to /robot_ws/install/basic_pkg/lib/basic_pkg
Installing helloworld_subscriber script to /robot_ws/install/basic_pkg/lib/basic_pkg

Installed /robot_ws/build/basic_pkg
running symlink_data
creating /robot_ws/install/basic_pkg/share/ament_index
creating /robot_ws/install/basic_pkg/share/ament_index/resource_index
creating /robot_ws/install/basic_pkg/share/ament_index/resource_index/packages
symbolically linking /robot_ws/build/basic_pkg/resource/basic_pkg -> /robot_ws/install/basic_pkg/share/ament_index/resource_index/packages
symbolically linking /robot_ws/build/basic_pkg/package.xml -> /robot_ws/install/basic_pkg/share/basic_pkg
