[0.805s] Invoking command in '/home/smkim/ros2_tutorials/robot_ws/build/basic_pkg': PYTHONPATH=/home/smkim/ros2_tutorials/robot_ws/build/basic_pkg/prefix_override:/usr/lib/python3/dist-packages/colcon_core/task/python/colcon_distutils_commands:/home/smkim/ros2_tutorials/robot_ws/install/basic_pkg/lib/python3.10/site-packages:${PYTHONPATH} /usr/bin/python3 -W ignore:setup.py install is deprecated setup.py develop --editable --build-directory /home/smkim/ros2_tutorials/robot_ws/build/basic_pkg/build --no-deps symlink_data
[0.917s] /home/smkim/.local/lib/python3.10/site-packages/setuptools/_distutils/dist.py:268: UserWarning: Unknown distribution option: 'tests_require'
[0.917s]   warnings.warn(msg)
[1.036s] running develop
[1.039s] /home/smkim/.local/lib/python3.10/site-packages/setuptools/command/develop.py:42: EasyInstallDeprecationWarning: easy_install command is deprecated.
[1.039s] !!
[1.039s] 
[1.039s]         ********************************************************************************
[1.039s]         Please avoid running ``setup.py`` and ``easy_install``.
[1.039s]         Instead, use pypa/build, pypa/installer or other
[1.039s]         standards-based tools.
[1.039s] 
[1.039s]         See https://github.com/pypa/setuptools/issues/917 for details.
[1.039s]         ********************************************************************************
[1.039s] 
[1.039s] !!
[1.039s]   easy_install.initialize_options(self)
[1.201s] running egg_info
[1.202s] creating basic_pkg.egg-info
[1.215s] writing basic_pkg.egg-info/PKG-INFO
[1.216s] writing dependency_links to basic_pkg.egg-info/dependency_links.txt
[1.217s] writing entry points to basic_pkg.egg-info/entry_points.txt
[1.217s] writing requirements to basic_pkg.egg-info/requires.txt
[1.217s] writing top-level names to basic_pkg.egg-info/top_level.txt
[1.217s] writing manifest file 'basic_pkg.egg-info/SOURCES.txt'
[1.243s] reading manifest file 'basic_pkg.egg-info/SOURCES.txt'
[1.244s] writing manifest file 'basic_pkg.egg-info/SOURCES.txt'
[1.258s] running build_ext
[1.258s] Creating /home/smkim/ros2_tutorials/robot_ws/install/basic_pkg/lib/python3.10/site-packages/basic-pkg.egg-link (link to .)
[1.259s] Installing helloworld_publisher script to /home/smkim/ros2_tutorials/robot_ws/install/basic_pkg/lib/basic_pkg
[1.259s] Installing helloworld_subscriber script to /home/smkim/ros2_tutorials/robot_ws/install/basic_pkg/lib/basic_pkg
[1.259s] 
[1.259s] Installed /home/smkim/ros2_tutorials/robot_ws/build/basic_pkg
[1.259s] running symlink_data
[1.260s] creating /home/smkim/ros2_tutorials/robot_ws/install/basic_pkg/share/ament_index
[1.260s] creating /home/smkim/ros2_tutorials/robot_ws/install/basic_pkg/share/ament_index/resource_index
[1.261s] creating /home/smkim/ros2_tutorials/robot_ws/install/basic_pkg/share/ament_index/resource_index/packages
[1.261s] symbolically linking /home/smkim/ros2_tutorials/robot_ws/build/basic_pkg/resource/basic_pkg -> /home/smkim/ros2_tutorials/robot_ws/install/basic_pkg/share/ament_index/resource_index/packages
[1.261s] symbolically linking /home/smkim/ros2_tutorials/robot_ws/build/basic_pkg/package.xml -> /home/smkim/ros2_tutorials/robot_ws/install/basic_pkg/share/basic_pkg
[1.293s] Invoked command in '/home/smkim/ros2_tutorials/robot_ws/build/basic_pkg' returned '0': PYTHONPATH=/home/smkim/ros2_tutorials/robot_ws/build/basic_pkg/prefix_override:/usr/lib/python3/dist-packages/colcon_core/task/python/colcon_distutils_commands:/home/smkim/ros2_tutorials/robot_ws/install/basic_pkg/lib/python3.10/site-packages:${PYTHONPATH} /usr/bin/python3 -W ignore:setup.py install is deprecated setup.py develop --editable --build-directory /home/smkim/ros2_tutorials/robot_ws/build/basic_pkg/build --no-deps symlink_data
