[0.733s] Invoking command in '/home/smkim/ros2_tutorials/robot_ws/build/calculator': PYTHONPATH=/home/smkim/ros2_tutorials/robot_ws/build/calculator/prefix_override:/usr/lib/python3/dist-packages/colcon_core/task/python/colcon_distutils_commands:/home/smkim/ros2_tutorials/robot_ws/install/calculator/lib/python3.10/site-packages:${PYTHONPATH} /usr/bin/python3 -W ignore:setup.py install is deprecated setup.py develop --editable --build-directory /home/smkim/ros2_tutorials/robot_ws/build/calculator/build --no-deps symlink_data
[0.845s] /home/smkim/.local/lib/python3.10/site-packages/setuptools/_distutils/dist.py:268: UserWarning: Unknown distribution option: 'tests_require'
[0.845s]   warnings.warn(msg)
[0.967s] running develop
[0.967s] /home/smkim/.local/lib/python3.10/site-packages/setuptools/command/develop.py:42: EasyInstallDeprecationWarning: easy_install command is deprecated.
[0.967s] !!
[0.967s] 
[0.967s]         ********************************************************************************
[0.967s]         Please avoid running ``setup.py`` and ``easy_install``.
[0.967s]         Instead, use pypa/build, pypa/installer or other
[0.967s]         standards-based tools.
[0.967s] 
[0.967s]         See https://github.com/pypa/setuptools/issues/917 for details.
[0.967s]         ********************************************************************************
[0.967s] 
[0.968s] !!
[0.968s]   easy_install.initialize_options(self)
[1.129s] running egg_info
[1.142s] writing calculator.egg-info/PKG-INFO
[1.143s] writing dependency_links to calculator.egg-info/dependency_links.txt
[1.143s] writing entry points to calculator.egg-info/entry_points.txt
[1.143s] writing requirements to calculator.egg-info/requires.txt
[1.143s] writing top-level names to calculator.egg-info/top_level.txt
[1.169s] reading manifest file 'calculator.egg-info/SOURCES.txt'
[1.169s] writing manifest file 'calculator.egg-info/SOURCES.txt'
[1.183s] running build_ext
[1.183s] Creating /home/smkim/ros2_tutorials/robot_ws/install/calculator/lib/python3.10/site-packages/calculator.egg-link (link to .)
[1.183s] Installing argument script to /home/smkim/ros2_tutorials/robot_ws/install/calculator/lib/calculator
[1.184s] Installing calculator script to /home/smkim/ros2_tutorials/robot_ws/install/calculator/lib/calculator
[1.184s] Installing checker script to /home/smkim/ros2_tutorials/robot_ws/install/calculator/lib/calculator
[1.184s] Installing operator script to /home/smkim/ros2_tutorials/robot_ws/install/calculator/lib/calculator
[1.184s] 
[1.184s] Installed /home/smkim/ros2_tutorials/robot_ws/build/calculator
[1.184s] running symlink_data
[1.185s] symbolically linking /home/smkim/ros2_tutorials/robot_ws/build/calculator/launch/arithmetic.launch.py -> /home/smkim/ros2_tutorials/robot_ws/install/calculator/share/calculator/launch
[1.185s] symbolically linking /home/smkim/ros2_tutorials/robot_ws/build/calculator/param/arithmetic_config.yaml -> /home/smkim/ros2_tutorials/robot_ws/install/calculator/share/calculator/param
[1.210s] Invoked command in '/home/smkim/ros2_tutorials/robot_ws/build/calculator' returned '0': PYTHONPATH=/home/smkim/ros2_tutorials/robot_ws/build/calculator/prefix_override:/usr/lib/python3/dist-packages/colcon_core/task/python/colcon_distutils_commands:/home/smkim/ros2_tutorials/robot_ws/install/calculator/lib/python3.10/site-packages:${PYTHONPATH} /usr/bin/python3 -W ignore:setup.py install is deprecated setup.py develop --editable --build-directory /home/smkim/ros2_tutorials/robot_ws/build/calculator/build --no-deps symlink_data
