[0.142s] DEBUG:colcon:Command line arguments: ['/usr/bin/colcon', 'build', '--symlink-install', '--packages-select', 'calculator_cpp']
[0.142s] DEBUG:colcon:Parsed command line arguments: Namespace(log_base=None, log_level=None, verb_name='build', build_base='build', install_base='install', merge_install=False, symlink_install=True, test_result_base=None, continue_on_error=False, executor='parallel', parallel_workers=8, event_handlers=None, ignore_user_meta=False, metas=['./colcon.meta'], base_paths=['.'], packages_ignore=None, packages_ignore_regex=None, paths=None, packages_up_to=None, packages_up_to_regex=None, packages_above=None, packages_above_and_dependencies=None, packages_above_depth=None, packages_select_by_dep=None, packages_skip_by_dep=None, packages_skip_up_to=None, packages_select_build_failed=False, packages_skip_build_finished=False, packages_select_test_failures=False, packages_skip_test_passed=False, packages_select=['calculator_cpp'], packages_skip=None, packages_select_regex=None, packages_skip_regex=None, packages_start=None, packages_end=None, allow_overriding=[], cmake_args=None, cmake_target=None, cmake_target_skip_unavailable=False, cmake_clean_cache=False, cmake_clean_first=False, cmake_force_configure=False, ament_cmake_args=None, catkin_cmake_args=None, catkin_skip_building_tests=False, mixin_files=None, mixin=None, verb_parser=<colcon_mixin.mixin.mixin_argument.MixinArgumentDecorator object at 0x7f0e77a19240>, verb_extension=<colcon_core.verb.build.BuildVerb object at 0x7f0e77a18ca0>, main=<bound method BuildVerb.main of <colcon_core.verb.build.BuildVerb object at 0x7f0e77a18ca0>>, mixin_verb=('build',))
[0.178s] Level 1:colcon.colcon_core.package_discovery:discover_packages(colcon_meta) check parameters
[0.178s] Level 1:colcon.colcon_core.package_discovery:discover_packages(recursive) check parameters
[0.178s] Level 1:colcon.colcon_core.package_discovery:discover_packages(ignore) check parameters
[0.178s] Level 1:colcon.colcon_core.package_discovery:discover_packages(path) check parameters
[0.178s] Level 1:colcon.colcon_core.package_discovery:discover_packages(colcon_meta) discover
[0.178s] Level 1:colcon.colcon_core.package_discovery:discover_packages(recursive) discover
[0.178s] INFO:colcon.colcon_core.package_discovery:Crawling recursively for packages in '/home/smkim/ros2_tutorials/robot_ws'
[0.178s] Level 1:colcon.colcon_core.package_identification:_identify(.) by extensions ['ignore', 'ignore_ament_install']
[0.178s] Level 1:colcon.colcon_core.package_identification:_identify(.) by extension 'ignore'
[0.178s] Level 1:colcon.colcon_core.package_identification:_identify(.) by extension 'ignore_ament_install'
[0.179s] Level 1:colcon.colcon_core.package_identification:_identify(.) by extensions ['colcon_pkg']
[0.179s] Level 1:colcon.colcon_core.package_identification:_identify(.) by extension 'colcon_pkg'
[0.179s] Level 1:colcon.colcon_core.package_identification:_identify(.) by extensions ['colcon_meta']
[0.179s] Level 1:colcon.colcon_core.package_identification:_identify(.) by extension 'colcon_meta'
[0.179s] Level 1:colcon.colcon_core.package_identification:_identify(.) by extensions ['ros']
[0.179s] Level 1:colcon.colcon_core.package_identification:_identify(.) by extension 'ros'
[0.195s] Level 1:colcon.colcon_core.package_identification:_identify(.) by extensions ['cmake', 'python']
[0.195s] Level 1:colcon.colcon_core.package_identification:_identify(.) by extension 'cmake'
[0.195s] Level 1:colcon.colcon_core.package_identification:_identify(.) by extension 'python'
[0.195s] Level 1:colcon.colcon_core.package_identification:_identify(.) by extensions ['python_setup_py']
[0.195s] Level 1:colcon.colcon_core.package_identification:_identify(.) by extension 'python_setup_py'
[0.196s] Level 1:colcon.colcon_core.package_identification:_identify(build) by extensions ['ignore', 'ignore_ament_install']
[0.196s] Level 1:colcon.colcon_core.package_identification:_identify(build) by extension 'ignore'
[0.196s] Level 1:colcon.colcon_core.package_identification:_identify(build) ignored
[0.196s] Level 1:colcon.colcon_core.package_identification:_identify(install) by extensions ['ignore', 'ignore_ament_install']
[0.196s] Level 1:colcon.colcon_core.package_identification:_identify(install) by extension 'ignore'
[0.196s] Level 1:colcon.colcon_core.package_identification:_identify(install) ignored
[0.196s] Level 1:colcon.colcon_core.package_identification:_identify(log) by extensions ['ignore', 'ignore_ament_install']
[0.196s] Level 1:colcon.colcon_core.package_identification:_identify(log) by extension 'ignore'
[0.196s] Level 1:colcon.colcon_core.package_identification:_identify(log) ignored
[0.197s] Level 1:colcon.colcon_core.package_identification:_identify(src) by extensions ['ignore', 'ignore_ament_install']
[0.197s] Level 1:colcon.colcon_core.package_identification:_identify(src) by extension 'ignore'
[0.197s] Level 1:colcon.colcon_core.package_identification:_identify(src) by extension 'ignore_ament_install'
[0.197s] Level 1:colcon.colcon_core.package_identification:_identify(src) by extensions ['colcon_pkg']
[0.197s] Level 1:colcon.colcon_core.package_identification:_identify(src) by extension 'colcon_pkg'
[0.197s] Level 1:colcon.colcon_core.package_identification:_identify(src) by extensions ['colcon_meta']
[0.197s] Level 1:colcon.colcon_core.package_identification:_identify(src) by extension 'colcon_meta'
[0.197s] Level 1:colcon.colcon_core.package_identification:_identify(src) by extensions ['ros']
[0.197s] Level 1:colcon.colcon_core.package_identification:_identify(src) by extension 'ros'
[0.197s] Level 1:colcon.colcon_core.package_identification:_identify(src) by extensions ['cmake', 'python']
[0.197s] Level 1:colcon.colcon_core.package_identification:_identify(src) by extension 'cmake'
[0.197s] Level 1:colcon.colcon_core.package_identification:_identify(src) by extension 'python'
[0.197s] Level 1:colcon.colcon_core.package_identification:_identify(src) by extensions ['python_setup_py']
[0.197s] Level 1:colcon.colcon_core.package_identification:_identify(src) by extension 'python_setup_py'
[0.197s] Level 1:colcon.colcon_core.package_identification:_identify(src/basic_pkg) by extensions ['ignore', 'ignore_ament_install']
[0.197s] Level 1:colcon.colcon_core.package_identification:_identify(src/basic_pkg) by extension 'ignore'
[0.198s] Level 1:colcon.colcon_core.package_identification:_identify(src/basic_pkg) by extension 'ignore_ament_install'
[0.198s] Level 1:colcon.colcon_core.package_identification:_identify(src/basic_pkg) by extensions ['colcon_pkg']
[0.198s] Level 1:colcon.colcon_core.package_identification:_identify(src/basic_pkg) by extension 'colcon_pkg'
[0.198s] Level 1:colcon.colcon_core.package_identification:_identify(src/basic_pkg) by extensions ['colcon_meta']
[0.198s] Level 1:colcon.colcon_core.package_identification:_identify(src/basic_pkg) by extension 'colcon_meta'
[0.198s] Level 1:colcon.colcon_core.package_identification:_identify(src/basic_pkg) by extensions ['ros']
[0.198s] Level 1:colcon.colcon_core.package_identification:_identify(src/basic_pkg) by extension 'ros'
[0.201s] DEBUG:colcon.colcon_core.package_identification:Package 'src/basic_pkg' with type 'ros.ament_python' and name 'basic_pkg'
[0.201s] Level 1:colcon.colcon_core.package_identification:_identify(src/basic_pkg_cpp) by extensions ['ignore', 'ignore_ament_install']
[0.201s] Level 1:colcon.colcon_core.package_identification:_identify(src/basic_pkg_cpp) by extension 'ignore'
[0.201s] Level 1:colcon.colcon_core.package_identification:_identify(src/basic_pkg_cpp) by extension 'ignore_ament_install'
[0.201s] Level 1:colcon.colcon_core.package_identification:_identify(src/basic_pkg_cpp) by extensions ['colcon_pkg']
[0.201s] Level 1:colcon.colcon_core.package_identification:_identify(src/basic_pkg_cpp) by extension 'colcon_pkg'
[0.201s] Level 1:colcon.colcon_core.package_identification:_identify(src/basic_pkg_cpp) by extensions ['colcon_meta']
[0.201s] Level 1:colcon.colcon_core.package_identification:_identify(src/basic_pkg_cpp) by extension 'colcon_meta'
[0.201s] Level 1:colcon.colcon_core.package_identification:_identify(src/basic_pkg_cpp) by extensions ['ros']
[0.201s] Level 1:colcon.colcon_core.package_identification:_identify(src/basic_pkg_cpp) by extension 'ros'
[0.202s] DEBUG:colcon.colcon_core.package_identification:Package 'src/basic_pkg_cpp' with type 'ros.ament_cmake' and name 'basic_pkg_cpp'
[0.202s] Level 1:colcon.colcon_core.package_identification:_identify(src/calculator) by extensions ['ignore', 'ignore_ament_install']
[0.202s] Level 1:colcon.colcon_core.package_identification:_identify(src/calculator) by extension 'ignore'
[0.202s] Level 1:colcon.colcon_core.package_identification:_identify(src/calculator) by extension 'ignore_ament_install'
[0.202s] Level 1:colcon.colcon_core.package_identification:_identify(src/calculator) by extensions ['colcon_pkg']
[0.202s] Level 1:colcon.colcon_core.package_identification:_identify(src/calculator) by extension 'colcon_pkg'
[0.202s] Level 1:colcon.colcon_core.package_identification:_identify(src/calculator) by extensions ['colcon_meta']
[0.202s] Level 1:colcon.colcon_core.package_identification:_identify(src/calculator) by extension 'colcon_meta'
[0.202s] Level 1:colcon.colcon_core.package_identification:_identify(src/calculator) by extensions ['ros']
[0.202s] Level 1:colcon.colcon_core.package_identification:_identify(src/calculator) by extension 'ros'
[0.203s] DEBUG:colcon.colcon_core.package_identification:Package 'src/calculator' with type 'ros.ament_python' and name 'calculator'
[0.203s] Level 1:colcon.colcon_core.package_identification:_identify(src/calculator_cpp) by extensions ['ignore', 'ignore_ament_install']
[0.203s] Level 1:colcon.colcon_core.package_identification:_identify(src/calculator_cpp) by extension 'ignore'
[0.203s] Level 1:colcon.colcon_core.package_identification:_identify(src/calculator_cpp) by extension 'ignore_ament_install'
[0.203s] Level 1:colcon.colcon_core.package_identification:_identify(src/calculator_cpp) by extensions ['colcon_pkg']
[0.203s] Level 1:colcon.colcon_core.package_identification:_identify(src/calculator_cpp) by extension 'colcon_pkg'
[0.203s] Level 1:colcon.colcon_core.package_identification:_identify(src/calculator_cpp) by extensions ['colcon_meta']
[0.203s] Level 1:colcon.colcon_core.package_identification:_identify(src/calculator_cpp) by extension 'colcon_meta'
[0.203s] Level 1:colcon.colcon_core.package_identification:_identify(src/calculator_cpp) by extensions ['ros']
[0.203s] Level 1:colcon.colcon_core.package_identification:_identify(src/calculator_cpp) by extension 'ros'
[0.204s] DEBUG:colcon.colcon_core.package_identification:Package 'src/calculator_cpp' with type 'ros.ament_cmake' and name 'calculator_cpp'
[0.204s] Level 1:colcon.colcon_core.package_identification:_identify(src/logger) by extensions ['ignore', 'ignore_ament_install']
[0.204s] Level 1:colcon.colcon_core.package_identification:_identify(src/logger) by extension 'ignore'
[0.204s] Level 1:colcon.colcon_core.package_identification:_identify(src/logger) by extension 'ignore_ament_install'
[0.204s] Level 1:colcon.colcon_core.package_identification:_identify(src/logger) by extensions ['colcon_pkg']
[0.204s] Level 1:colcon.colcon_core.package_identification:_identify(src/logger) by extension 'colcon_pkg'
[0.204s] Level 1:colcon.colcon_core.package_identification:_identify(src/logger) by extensions ['colcon_meta']
[0.204s] Level 1:colcon.colcon_core.package_identification:_identify(src/logger) by extension 'colcon_meta'
[0.204s] Level 1:colcon.colcon_core.package_identification:_identify(src/logger) by extensions ['ros']
[0.204s] Level 1:colcon.colcon_core.package_identification:_identify(src/logger) by extension 'ros'
[0.205s] DEBUG:colcon.colcon_core.package_identification:Package 'src/logger' with type 'ros.ament_python' and name 'logger'
[0.205s] Level 1:colcon.colcon_core.package_identification:_identify(src/msg_srv_action_interface_example) by extensions ['ignore', 'ignore_ament_install']
[0.205s] Level 1:colcon.colcon_core.package_identification:_identify(src/msg_srv_action_interface_example) by extension 'ignore'
[0.205s] Level 1:colcon.colcon_core.package_identification:_identify(src/msg_srv_action_interface_example) by extension 'ignore_ament_install'
[0.205s] Level 1:colcon.colcon_core.package_identification:_identify(src/msg_srv_action_interface_example) by extensions ['colcon_pkg']
[0.205s] Level 1:colcon.colcon_core.package_identification:_identify(src/msg_srv_action_interface_example) by extension 'colcon_pkg'
[0.205s] Level 1:colcon.colcon_core.package_identification:_identify(src/msg_srv_action_interface_example) by extensions ['colcon_meta']
[0.205s] Level 1:colcon.colcon_core.package_identification:_identify(src/msg_srv_action_interface_example) by extension 'colcon_meta'
[0.205s] Level 1:colcon.colcon_core.package_identification:_identify(src/msg_srv_action_interface_example) by extensions ['ros']
[0.205s] Level 1:colcon.colcon_core.package_identification:_identify(src/msg_srv_action_interface_example) by extension 'ros'
[0.205s] DEBUG:colcon.colcon_core.package_identification:Package 'src/msg_srv_action_interface_example' with type 'ros.ament_cmake' and name 'msg_srv_action_interface_example'
[0.205s] Level 1:colcon.colcon_core.package_identification:_identify(src/ros2env) by extensions ['ignore', 'ignore_ament_install']
[0.206s] Level 1:colcon.colcon_core.package_identification:_identify(src/ros2env) by extension 'ignore'
[0.206s] Level 1:colcon.colcon_core.package_identification:_identify(src/ros2env) by extension 'ignore_ament_install'
[0.206s] Level 1:colcon.colcon_core.package_identification:_identify(src/ros2env) by extensions ['colcon_pkg']
[0.206s] Level 1:colcon.colcon_core.package_identification:_identify(src/ros2env) by extension 'colcon_pkg'
[0.206s] Level 1:colcon.colcon_core.package_identification:_identify(src/ros2env) by extensions ['colcon_meta']
[0.206s] Level 1:colcon.colcon_core.package_identification:_identify(src/ros2env) by extension 'colcon_meta'
[0.206s] Level 1:colcon.colcon_core.package_identification:_identify(src/ros2env) by extensions ['ros']
[0.206s] Level 1:colcon.colcon_core.package_identification:_identify(src/ros2env) by extension 'ros'
[0.206s] DEBUG:colcon.colcon_core.package_identification:Package 'src/ros2env' with type 'ros.ament_python' and name 'ros2env'
[0.206s] Level 1:colcon.colcon_core.package_identification:_identify(src/topic_service_action_rclpy_example) by extensions ['ignore', 'ignore_ament_install']
[0.206s] Level 1:colcon.colcon_core.package_identification:_identify(src/topic_service_action_rclpy_example) by extension 'ignore'
[0.206s] Level 1:colcon.colcon_core.package_identification:_identify(src/topic_service_action_rclpy_example) by extension 'ignore_ament_install'
[0.206s] Level 1:colcon.colcon_core.package_identification:_identify(src/topic_service_action_rclpy_example) by extensions ['colcon_pkg']
[0.206s] Level 1:colcon.colcon_core.package_identification:_identify(src/topic_service_action_rclpy_example) by extension 'colcon_pkg'
[0.206s] Level 1:colcon.colcon_core.package_identification:_identify(src/topic_service_action_rclpy_example) by extensions ['colcon_meta']
[0.206s] Level 1:colcon.colcon_core.package_identification:_identify(src/topic_service_action_rclpy_example) by extension 'colcon_meta'
[0.206s] Level 1:colcon.colcon_core.package_identification:_identify(src/topic_service_action_rclpy_example) by extensions ['ros']
[0.206s] Level 1:colcon.colcon_core.package_identification:_identify(src/topic_service_action_rclpy_example) by extension 'ros'
[0.207s] DEBUG:colcon.colcon_core.package_identification:Package 'src/topic_service_action_rclpy_example' with type 'ros.ament_python' and name 'topic_service_action_rclpy_example'
[0.207s] Level 1:colcon.colcon_core.package_discovery:discover_packages(recursive) using defaults
[0.207s] Level 1:colcon.colcon_core.package_discovery:discover_packages(ignore) discover
[0.207s] Level 1:colcon.colcon_core.package_discovery:discover_packages(ignore) using defaults
[0.207s] Level 1:colcon.colcon_core.package_discovery:discover_packages(path) discover
[0.207s] Level 1:colcon.colcon_core.package_discovery:discover_packages(path) using defaults
[0.227s] INFO:colcon.colcon_core.package_selection:Skipping not selected package 'basic_pkg' in 'src/basic_pkg'
[0.227s] INFO:colcon.colcon_core.package_selection:Skipping not selected package 'basic_pkg_cpp' in 'src/basic_pkg_cpp'
[0.227s] INFO:colcon.colcon_core.package_selection:Skipping not selected package 'logger' in 'src/logger'
[0.227s] INFO:colcon.colcon_core.package_selection:Skipping not selected package 'msg_srv_action_interface_example' in 'src/msg_srv_action_interface_example'
[0.227s] INFO:colcon.colcon_core.package_selection:Skipping not selected package 'ros2env' in 'src/ros2env'
[0.227s] INFO:colcon.colcon_core.package_selection:Skipping not selected package 'calculator' in 'src/calculator'
[0.227s] INFO:colcon.colcon_core.package_selection:Skipping not selected package 'topic_service_action_rclpy_example' in 'src/topic_service_action_rclpy_example'
[0.227s] Level 1:colcon.colcon_core.package_discovery:discover_packages(prefix_path) check parameters
[0.227s] Level 1:colcon.colcon_core.package_discovery:discover_packages(prefix_path) discover
[0.229s] DEBUG:colcon.colcon_installed_package_information.package_discovery:Found 8 installed packages in /home/smkim/ros2_tutorials/robot_ws/install
[0.230s] DEBUG:colcon.colcon_installed_package_information.package_discovery:Found 294 installed packages in /opt/ros/humble
[0.231s] Level 1:colcon.colcon_core.package_discovery:discover_packages(prefix_path) using defaults
[0.262s] Level 5:colcon.colcon_core.verb:set package 'calculator_cpp' build argument 'cmake_args' from command line to 'None'
[0.262s] Level 5:colcon.colcon_core.verb:set package 'calculator_cpp' build argument 'cmake_target' from command line to 'None'
[0.262s] Level 5:colcon.colcon_core.verb:set package 'calculator_cpp' build argument 'cmake_target_skip_unavailable' from command line to 'False'
[0.262s] Level 5:colcon.colcon_core.verb:set package 'calculator_cpp' build argument 'cmake_clean_cache' from command line to 'False'
[0.262s] Level 5:colcon.colcon_core.verb:set package 'calculator_cpp' build argument 'cmake_clean_first' from command line to 'False'
[0.262s] Level 5:colcon.colcon_core.verb:set package 'calculator_cpp' build argument 'cmake_force_configure' from command line to 'False'
[0.262s] Level 5:colcon.colcon_core.verb:set package 'calculator_cpp' build argument 'ament_cmake_args' from command line to 'None'
[0.262s] Level 5:colcon.colcon_core.verb:set package 'calculator_cpp' build argument 'catkin_cmake_args' from command line to 'None'
[0.262s] Level 5:colcon.colcon_core.verb:set package 'calculator_cpp' build argument 'catkin_skip_building_tests' from command line to 'False'
[0.262s] DEBUG:colcon.colcon_core.verb:Building package 'calculator_cpp' with the following arguments: {'ament_cmake_args': None, 'build_base': '/home/smkim/ros2_tutorials/robot_ws/build/calculator_cpp', 'catkin_cmake_args': None, 'catkin_skip_building_tests': False, 'cmake_args': None, 'cmake_clean_cache': False, 'cmake_clean_first': False, 'cmake_force_configure': False, 'cmake_target': None, 'cmake_target_skip_unavailable': False, 'install_base': '/home/smkim/ros2_tutorials/robot_ws/install/calculator_cpp', 'merge_install': False, 'path': '/home/smkim/ros2_tutorials/robot_ws/src/calculator_cpp', 'symlink_install': True, 'test_result_base': None}
[0.262s] INFO:colcon.colcon_core.executor:Executing jobs using 'parallel' executor
[0.263s] DEBUG:colcon.colcon_parallel_executor.executor.parallel:run_until_complete
[0.263s] INFO:colcon.colcon_ros.task.ament_cmake.build:Building ROS package in '/home/smkim/ros2_tutorials/robot_ws/src/calculator_cpp' with build type 'ament_cmake'
[0.263s] INFO:colcon.colcon_cmake.task.cmake.build:Building CMake package in '/home/smkim/ros2_tutorials/robot_ws/src/calculator_cpp'
[0.266s] INFO:colcon.colcon_core.plugin_system:Skipping extension 'colcon_core.shell.bat': Not used on non-Windows systems
[0.266s] INFO:colcon.colcon_core.shell:Skip shell extension 'powershell' for command environment: Not usable outside of PowerShell
[0.266s] DEBUG:colcon.colcon_core.shell:Skip shell extension 'dsv' for command environment
[0.346s] DEBUG:colcon.colcon_core.event_handler.log_command:Invoking command in '/home/smkim/ros2_tutorials/robot_ws/build/calculator_cpp': CMAKE_PREFIX_PATH=/home/smkim/ros2_tutorials/robot_ws/install/msg_srv_action_interface_example:/home/smkim/ros2_tutorials/robot_ws/install/calculator_cpp:/home/smkim/ros2_tutorials/robot_ws/install/basic_pkg_cpp:/home/smkim/ros2_tutorials/robot_ws/install/topic_service_action_rclpy_example:/home/smkim/ros2_tutorials/robot_ws/install/ros2env:/home/smkim/ros2_tutorials/robot_ws/install/calculator:/home/smkim/ros2_tutorials/robot_ws/install/logger:/home/smkim/ros2_tutorials/robot_ws/install/basic_pkg:/opt/ros/humble /usr/bin/cmake --build /home/smkim/ros2_tutorials/robot_ws/build/calculator_cpp -- -j8 -l8
[9.377s] DEBUG:colcon.colcon_core.event_handler.log_command:Invoked command in '/home/smkim/ros2_tutorials/robot_ws/build/calculator_cpp' returned '0': CMAKE_PREFIX_PATH=/home/smkim/ros2_tutorials/robot_ws/install/msg_srv_action_interface_example:/home/smkim/ros2_tutorials/robot_ws/install/calculator_cpp:/home/smkim/ros2_tutorials/robot_ws/install/basic_pkg_cpp:/home/smkim/ros2_tutorials/robot_ws/install/topic_service_action_rclpy_example:/home/smkim/ros2_tutorials/robot_ws/install/ros2env:/home/smkim/ros2_tutorials/robot_ws/install/calculator:/home/smkim/ros2_tutorials/robot_ws/install/logger:/home/smkim/ros2_tutorials/robot_ws/install/basic_pkg:/opt/ros/humble /usr/bin/cmake --build /home/smkim/ros2_tutorials/robot_ws/build/calculator_cpp -- -j8 -l8
[9.410s] DEBUG:colcon.colcon_core.event_handler.log_command:Invoking command in '/home/smkim/ros2_tutorials/robot_ws/build/calculator_cpp': CMAKE_PREFIX_PATH=/home/smkim/ros2_tutorials/robot_ws/install/msg_srv_action_interface_example:/home/smkim/ros2_tutorials/robot_ws/install/calculator_cpp:/home/smkim/ros2_tutorials/robot_ws/install/basic_pkg_cpp:/home/smkim/ros2_tutorials/robot_ws/install/topic_service_action_rclpy_example:/home/smkim/ros2_tutorials/robot_ws/install/ros2env:/home/smkim/ros2_tutorials/robot_ws/install/calculator:/home/smkim/ros2_tutorials/robot_ws/install/logger:/home/smkim/ros2_tutorials/robot_ws/install/basic_pkg:/opt/ros/humble /usr/bin/cmake --install /home/smkim/ros2_tutorials/robot_ws/build/calculator_cpp
[9.429s] Level 1:colcon.colcon_core.environment:create_environment_scripts_only(calculator_cpp)
[9.430s] DEBUG:colcon.colcon_core.event_handler.log_command:Invoked command in '/home/smkim/ros2_tutorials/robot_ws/build/calculator_cpp' returned '0': CMAKE_PREFIX_PATH=/home/smkim/ros2_tutorials/robot_ws/install/msg_srv_action_interface_example:/home/smkim/ros2_tutorials/robot_ws/install/calculator_cpp:/home/smkim/ros2_tutorials/robot_ws/install/basic_pkg_cpp:/home/smkim/ros2_tutorials/robot_ws/install/topic_service_action_rclpy_example:/home/smkim/ros2_tutorials/robot_ws/install/ros2env:/home/smkim/ros2_tutorials/robot_ws/install/calculator:/home/smkim/ros2_tutorials/robot_ws/install/logger:/home/smkim/ros2_tutorials/robot_ws/install/basic_pkg:/opt/ros/humble /usr/bin/cmake --install /home/smkim/ros2_tutorials/robot_ws/build/calculator_cpp
[9.432s] Level 1:colcon.colcon_core.environment:checking '/home/smkim/ros2_tutorials/robot_ws/install/calculator_cpp' for CMake module files
[9.432s] Level 1:colcon.colcon_core.environment:checking '/home/smkim/ros2_tutorials/robot_ws/install/calculator_cpp' for CMake config files
[9.432s] Level 1:colcon.colcon_core.shell:create_environment_hook('calculator_cpp', 'cmake_prefix_path')
[9.433s] INFO:colcon.colcon_core.shell:Creating environment hook '/home/smkim/ros2_tutorials/robot_ws/install/calculator_cpp/share/calculator_cpp/hook/cmake_prefix_path.ps1'
[9.433s] INFO:colcon.colcon_core.shell:Creating environment descriptor '/home/smkim/ros2_tutorials/robot_ws/install/calculator_cpp/share/calculator_cpp/hook/cmake_prefix_path.dsv'
[9.434s] INFO:colcon.colcon_core.shell:Creating environment hook '/home/smkim/ros2_tutorials/robot_ws/install/calculator_cpp/share/calculator_cpp/hook/cmake_prefix_path.sh'
[9.435s] Level 1:colcon.colcon_core.environment:checking '/home/smkim/ros2_tutorials/robot_ws/install/calculator_cpp/lib'
[9.436s] Level 1:colcon.colcon_core.environment:checking '/home/smkim/ros2_tutorials/robot_ws/install/calculator_cpp/bin'
[9.436s] Level 1:colcon.colcon_core.environment:checking '/home/smkim/ros2_tutorials/robot_ws/install/calculator_cpp/lib/pkgconfig/calculator_cpp.pc'
[9.436s] Level 1:colcon.colcon_core.environment:checking '/home/smkim/ros2_tutorials/robot_ws/install/calculator_cpp/lib/python3.10/site-packages'
[9.436s] Level 1:colcon.colcon_core.environment:checking '/home/smkim/ros2_tutorials/robot_ws/install/calculator_cpp/bin'
[9.436s] INFO:colcon.colcon_core.shell:Creating package script '/home/smkim/ros2_tutorials/robot_ws/install/calculator_cpp/share/calculator_cpp/package.ps1'
[9.437s] INFO:colcon.colcon_core.shell:Creating package descriptor '/home/smkim/ros2_tutorials/robot_ws/install/calculator_cpp/share/calculator_cpp/package.dsv'
[9.437s] INFO:colcon.colcon_core.shell:Creating package script '/home/smkim/ros2_tutorials/robot_ws/install/calculator_cpp/share/calculator_cpp/package.sh'
[9.438s] INFO:colcon.colcon_core.shell:Creating package script '/home/smkim/ros2_tutorials/robot_ws/install/calculator_cpp/share/calculator_cpp/package.bash'
[9.438s] INFO:colcon.colcon_core.shell:Creating package script '/home/smkim/ros2_tutorials/robot_ws/install/calculator_cpp/share/calculator_cpp/package.zsh'
[9.439s] Level 1:colcon.colcon_core.environment:create_file_with_runtime_dependencies(/home/smkim/ros2_tutorials/robot_ws/install/calculator_cpp/share/colcon-core/packages/calculator_cpp)
[9.463s] Level 1:colcon.colcon_core.environment:create_environment_scripts_only(calculator_cpp)
[9.464s] Level 1:colcon.colcon_core.environment:checking '/home/smkim/ros2_tutorials/robot_ws/install/calculator_cpp' for CMake module files
[9.464s] Level 1:colcon.colcon_core.environment:checking '/home/smkim/ros2_tutorials/robot_ws/install/calculator_cpp' for CMake config files
[9.464s] Level 1:colcon.colcon_core.shell:create_environment_hook('calculator_cpp', 'cmake_prefix_path')
[9.464s] INFO:colcon.colcon_core.shell:Creating environment hook '/home/smkim/ros2_tutorials/robot_ws/install/calculator_cpp/share/calculator_cpp/hook/cmake_prefix_path.ps1'
[9.465s] INFO:colcon.colcon_core.shell:Creating environment descriptor '/home/smkim/ros2_tutorials/robot_ws/install/calculator_cpp/share/calculator_cpp/hook/cmake_prefix_path.dsv'
[9.465s] INFO:colcon.colcon_core.shell:Creating environment hook '/home/smkim/ros2_tutorials/robot_ws/install/calculator_cpp/share/calculator_cpp/hook/cmake_prefix_path.sh'
[9.465s] Level 1:colcon.colcon_core.environment:checking '/home/smkim/ros2_tutorials/robot_ws/install/calculator_cpp/lib'
[9.466s] Level 1:colcon.colcon_core.environment:checking '/home/smkim/ros2_tutorials/robot_ws/install/calculator_cpp/bin'
[9.466s] Level 1:colcon.colcon_core.environment:checking '/home/smkim/ros2_tutorials/robot_ws/install/calculator_cpp/lib/pkgconfig/calculator_cpp.pc'
[9.466s] Level 1:colcon.colcon_core.environment:checking '/home/smkim/ros2_tutorials/robot_ws/install/calculator_cpp/lib/python3.10/site-packages'
[9.466s] Level 1:colcon.colcon_core.environment:checking '/home/smkim/ros2_tutorials/robot_ws/install/calculator_cpp/bin'
[9.466s] INFO:colcon.colcon_core.shell:Creating package script '/home/smkim/ros2_tutorials/robot_ws/install/calculator_cpp/share/calculator_cpp/package.ps1'
[9.467s] INFO:colcon.colcon_core.shell:Creating package descriptor '/home/smkim/ros2_tutorials/robot_ws/install/calculator_cpp/share/calculator_cpp/package.dsv'
[9.467s] INFO:colcon.colcon_core.shell:Creating package script '/home/smkim/ros2_tutorials/robot_ws/install/calculator_cpp/share/calculator_cpp/package.sh'
[9.468s] INFO:colcon.colcon_core.shell:Creating package script '/home/smkim/ros2_tutorials/robot_ws/install/calculator_cpp/share/calculator_cpp/package.bash'
[9.468s] INFO:colcon.colcon_core.shell:Creating package script '/home/smkim/ros2_tutorials/robot_ws/install/calculator_cpp/share/calculator_cpp/package.zsh'
[9.468s] Level 1:colcon.colcon_core.environment:create_file_with_runtime_dependencies(/home/smkim/ros2_tutorials/robot_ws/install/calculator_cpp/share/colcon-core/packages/calculator_cpp)
[9.468s] DEBUG:colcon.colcon_parallel_executor.executor.parallel:closing loop
[9.469s] DEBUG:colcon.colcon_parallel_executor.executor.parallel:loop closed
[9.469s] DEBUG:colcon.colcon_parallel_executor.executor.parallel:run_until_complete finished with '0'
[9.469s] DEBUG:colcon.colcon_core.event_reactor:joining thread
[9.523s] INFO:colcon.colcon_core.plugin_system:Skipping extension 'colcon_notification.desktop_notification.notify_send': Could not find 'notify-send'
[9.523s] INFO:colcon.colcon_core.plugin_system:Skipping extension 'colcon_notification.desktop_notification.terminal_notifier': Not used on non-Darwin systems
[9.523s] INFO:colcon.colcon_core.plugin_system:Skipping extension 'colcon_notification.desktop_notification.win32': Not used on non-Windows systems
[9.523s] INFO:colcon.colcon_notification.desktop_notification:Sending desktop notification using 'notify2'
[9.525s] DEBUG:colcon.colcon_notification.desktop_notification.notify2:Failed to initialize notify2: org.freedesktop.DBus.Error.ServiceUnknown: The name org.freedesktop.Notifications was not provided by any .service files
[9.525s] DEBUG:colcon.colcon_core.event_reactor:joined thread
[9.525s] INFO:colcon.colcon_core.shell:Creating prefix script '/home/smkim/ros2_tutorials/robot_ws/install/local_setup.ps1'
[9.526s] INFO:colcon.colcon_core.shell:Creating prefix util module '/home/smkim/ros2_tutorials/robot_ws/install/_local_setup_util_ps1.py'
[9.527s] INFO:colcon.colcon_core.shell:Creating prefix chain script '/home/smkim/ros2_tutorials/robot_ws/install/setup.ps1'
[9.528s] INFO:colcon.colcon_core.shell:Creating prefix script '/home/smkim/ros2_tutorials/robot_ws/install/local_setup.sh'
[9.528s] INFO:colcon.colcon_core.shell:Creating prefix util module '/home/smkim/ros2_tutorials/robot_ws/install/_local_setup_util_sh.py'
[9.528s] INFO:colcon.colcon_core.shell:Creating prefix chain script '/home/smkim/ros2_tutorials/robot_ws/install/setup.sh'
[9.529s] INFO:colcon.colcon_core.shell:Creating prefix script '/home/smkim/ros2_tutorials/robot_ws/install/local_setup.bash'
[9.529s] INFO:colcon.colcon_core.shell:Creating prefix chain script '/home/smkim/ros2_tutorials/robot_ws/install/setup.bash'
[9.530s] INFO:colcon.colcon_core.shell:Creating prefix script '/home/smkim/ros2_tutorials/robot_ws/install/local_setup.zsh'
[9.530s] INFO:colcon.colcon_core.shell:Creating prefix chain script '/home/smkim/ros2_tutorials/robot_ws/install/setup.zsh'
