running develop
running egg_info
creating logger.egg-info
writing logger.egg-info/PKG-INFO
writing dependency_links to logger.egg-info/dependency_links.txt
writing entry points to logger.egg-info/entry_points.txt
writing requirements to logger.egg-info/requires.txt
writing top-level names to logger.egg-info/top_level.txt
writing manifest file 'logger.egg-info/SOURCES.txt'
reading manifest file 'logger.egg-info/SOURCES.txt'
writing manifest file 'logger.egg-info/SOURCES.txt'
running build_ext
Creating /home/smkim/ros2_tutorials/robot_ws/install/logger/lib/python3.10/site-packages/logger.egg-link (link to .)
Installing logging script to /home/smkim/ros2_tutorials/robot_ws/install/logger/lib/logger

Installed /home/smkim/ros2_tutorials/robot_ws/build/logger
running symlink_data
creating /home/smkim/ros2_tutorials/robot_ws/install/logger/share/ament_index
creating /home/smkim/ros2_tutorials/robot_ws/install/logger/share/ament_index/resource_index
creating /home/smkim/ros2_tutorials/robot_ws/install/logger/share/ament_index/resource_index/packages
symbolically linking /home/smkim/ros2_tutorials/robot_ws/build/logger/resource/logger -> /home/smkim/ros2_tutorials/robot_ws/install/logger/share/ament_index/resource_index/packages
symbolically linking /home/smkim/ros2_tutorials/robot_ws/build/logger/package.xml -> /home/smkim/ros2_tutorials/robot_ws/install/logger/share/logger
