[0.882s] Invoking command in '/home/smkim/ros2_tutorials/robot_ws/build/logger': PYTHONPATH=/home/smkim/ros2_tutorials/robot_ws/build/logger/prefix_override:/usr/lib/python3/dist-packages/colcon_core/task/python/colcon_distutils_commands:/home/smkim/ros2_tutorials/robot_ws/install/logger/lib/python3.10/site-packages:${PYTHONPATH} /usr/bin/python3 -W ignore:setup.py install is deprecated setup.py develop --editable --build-directory /home/smkim/ros2_tutorials/robot_ws/build/logger/build --no-deps symlink_data
[0.996s] /home/smkim/.local/lib/python3.10/site-packages/setuptools/_distutils/dist.py:268: UserWarning: Unknown distribution option: 'tests_require'
[0.997s]   warnings.warn(msg)
[1.115s] running develop
[1.117s] /home/smkim/.local/lib/python3.10/site-packages/setuptools/command/develop.py:42: EasyInstallDeprecationWarning: easy_install command is deprecated.
[1.117s] !!
[1.117s] 
[1.117s]         ********************************************************************************
[1.118s]         Please avoid running ``setup.py`` and ``easy_install``.
[1.118s]         Instead, use pypa/build, pypa/installer or other
[1.118s]         standards-based tools.
[1.118s] 
[1.118s]         See https://github.com/pypa/setuptools/issues/917 for details.
[1.118s]         ********************************************************************************
[1.118s] 
[1.118s] !!
[1.118s]   easy_install.initialize_options(self)
[1.273s] running egg_info
[1.273s] creating logger.egg-info
[1.285s] writing logger.egg-info/PKG-INFO
[1.285s] writing dependency_links to logger.egg-info/dependency_links.txt
[1.285s] writing entry points to logger.egg-info/entry_points.txt
[1.285s] writing requirements to logger.egg-info/requires.txt
[1.286s] writing top-level names to logger.egg-info/top_level.txt
[1.286s] writing manifest file 'logger.egg-info/SOURCES.txt'
[1.311s] reading manifest file 'logger.egg-info/SOURCES.txt'
[1.311s] writing manifest file 'logger.egg-info/SOURCES.txt'
[1.325s] running build_ext
[1.325s] Creating /home/smkim/ros2_tutorials/robot_ws/install/logger/lib/python3.10/site-packages/logger.egg-link (link to .)
[1.326s] Installing logging script to /home/smkim/ros2_tutorials/robot_ws/install/logger/lib/logger
[1.327s] 
[1.327s] Installed /home/smkim/ros2_tutorials/robot_ws/build/logger
[1.327s] running symlink_data
[1.327s] creating /home/smkim/ros2_tutorials/robot_ws/install/logger/share/ament_index
[1.327s] creating /home/smkim/ros2_tutorials/robot_ws/install/logger/share/ament_index/resource_index
[1.327s] creating /home/smkim/ros2_tutorials/robot_ws/install/logger/share/ament_index/resource_index/packages
[1.327s] symbolically linking /home/smkim/ros2_tutorials/robot_ws/build/logger/resource/logger -> /home/smkim/ros2_tutorials/robot_ws/install/logger/share/ament_index/resource_index/packages
[1.328s] symbolically linking /home/smkim/ros2_tutorials/robot_ws/build/logger/package.xml -> /home/smkim/ros2_tutorials/robot_ws/install/logger/share/logger
[1.355s] Invoked command in '/home/smkim/ros2_tutorials/robot_ws/build/logger' returned '0': PYTHONPATH=/home/smkim/ros2_tutorials/robot_ws/build/logger/prefix_override:/usr/lib/python3/dist-packages/colcon_core/task/python/colcon_distutils_commands:/home/smkim/ros2_tutorials/robot_ws/install/logger/lib/python3.10/site-packages:${PYTHONPATH} /usr/bin/python3 -W ignore:setup.py install is deprecated setup.py develop --editable --build-directory /home/smkim/ros2_tutorials/robot_ws/build/logger/build --no-deps symlink_data
