running egg_info
writing ../../build/tf2_python/tf2_python.egg-info/PKG-INFO
writing dependency_links to ../../build/tf2_python/tf2_python.egg-info/dependency_links.txt
writing entry points to ../../build/tf2_python/tf2_python.egg-info/entry_points.txt
writing requirements to ../../build/tf2_python/tf2_python.egg-info/requires.txt
writing top-level names to ../../build/tf2_python/tf2_python.egg-info/top_level.txt
reading manifest file '../../build/tf2_python/tf2_python.egg-info/SOURCES.txt'
adding license file 'LICENSE'
writing manifest file '../../build/tf2_python/tf2_python.egg-info/SOURCES.txt'
running build
running build_py
copying tf2_python/dynamic_frame_tf2_broadcaster.py -> /robot_ws/build/tf2_python/build/lib/tf2_python
running install
running install_lib
copying /robot_ws/build/tf2_python/build/lib/tf2_python/dynamic_frame_tf2_broadcaster.py -> /robot_ws/install/tf2_python/lib/python3.10/site-packages/tf2_python
byte-compiling /robot_ws/install/tf2_python/lib/python3.10/site-packages/tf2_python/dynamic_frame_tf2_broadcaster.py to dynamic_frame_tf2_broadcaster.cpython-310.pyc
running install_data
copying launch/turtle_tf2_dynamic_frame_demo.launch.py -> /robot_ws/install/tf2_python/share/tf2_python/launch
running install_egg_info
removing '/robot_ws/install/tf2_python/lib/python3.10/site-packages/tf2_python-0.0.0-py3.10.egg-info' (and everything under it)
Copying ../../build/tf2_python/tf2_python.egg-info to /robot_ws/install/tf2_python/lib/python3.10/site-packages/tf2_python-0.0.0-py3.10.egg-info
running install_scripts
Installing dynamic_frame_tf2_broadcaster script to /robot_ws/install/tf2_python/lib/tf2_python
Installing fixed_frame_tf2_broadcaster script to /robot_ws/install/tf2_python/lib/tf2_python
Installing static_turtle_tf2_broadcaster script to /robot_ws/install/tf2_python/lib/tf2_python
Installing turtle_tf2_broadcaster script to /robot_ws/install/tf2_python/lib/tf2_python
Installing turtle_tf2_listener script to /robot_ws/install/tf2_python/lib/tf2_python
writing list of installed files to '/robot_ws/build/tf2_python/install.log'
