[0.012s] Invoking command in '/home/smkim/ros2_tutorials/robot_ws/build/msg_srv_action_interface_example': CMAKE_PREFIX_PATH=/home/smkim/ros2_tutorials/robot_ws/install/basic_pkg:/opt/ros/humble /usr/bin/cmake /home/smkim/ros2_tutorials/robot_ws/src/msg_srv_action_interface_example -DAMENT_CMAKE_SYMLINK_INSTALL=1 -DCMAKE_INSTALL_PREFIX=/home/smkim/ros2_tutorials/robot_ws/install/msg_srv_action_interface_example
[0.022s] -- Found ament_cmake: 1.3.9 (/opt/ros/humble/share/ament_cmake/cmake)
[0.108s] -- Override CMake install command with custom implementation using symlinks instead of copying resources
[0.116s] -- Found builtin_interfaces: 1.2.1 (/opt/ros/humble/share/builtin_interfaces/cmake)
[0.252s] -- Found rosidl_generator_c: 3.1.5 (/opt/ros/humble/share/rosidl_generator_c/cmake)
[0.253s] -- Found rosidl_adapter: 3.1.5 (/opt/ros/humble/share/rosidl_adapter/cmake)
[0.257s] -- Found rosidl_generator_cpp: 3.1.5 (/opt/ros/humble/share/rosidl_generator_cpp/cmake)
[0.264s] -- Using all available rosidl_typesupport_c: rosidl_typesupport_fastrtps_c;rosidl_typesupport_introspection_c
[0.275s] -- Using all available rosidl_typesupport_cpp: rosidl_typesupport_fastrtps_cpp;rosidl_typesupport_introspection_cpp
[0.283s] -- Found rosidl_default_generators: 1.2.0 (/opt/ros/humble/share/rosidl_default_generators/cmake)
[0.589s] -- Found ament_cmake_ros: 0.10.0 (/opt/ros/humble/share/ament_cmake_ros/cmake)
[0.851s] -- Using all available rosidl_typesupport_c: rosidl_typesupport_fastrtps_c;rosidl_typesupport_introspection_c
[0.940s] -- Using all available rosidl_typesupport_cpp: rosidl_typesupport_fastrtps_cpp;rosidl_typesupport_introspection_cpp
[1.056s] -- Found PythonInterp: /usr/bin/python3 (found suitable version "3.10.12", minimum required is "3.6") 
[1.060s] -- Found python_cmake_module: 0.10.0 (/opt/ros/humble/share/python_cmake_module/cmake)
[1.393s] -- Found PythonLibs: /usr/lib/x86_64-linux-gnu/libpython3.10.so (found suitable version "3.10.12", minimum required is "3.5") 
[1.393s] -- Using PYTHON_EXECUTABLE: /usr/bin/python3
[1.394s] -- Using PYTHON_INCLUDE_DIRS: /usr/include/python3.10
[1.394s] -- Using PYTHON_LIBRARIES: /usr/lib/x86_64-linux-gnu/libpython3.10.so
[1.409s] -- Found PythonExtra: .so  
[1.481s] -- Found ament_lint_auto: 0.12.11 (/opt/ros/humble/share/ament_lint_auto/cmake)
[1.513s] -- Added test 'lint_cmake' to check CMake code style
[1.515s] -- Added test 'xmllint' to check XML markup files
[1.519s] -- Configuring done
[1.559s] -- Generating done
[1.561s] -- Build files have been written to: /home/smkim/ros2_tutorials/robot_ws/build/msg_srv_action_interface_example
[1.568s] Invoked command in '/home/smkim/ros2_tutorials/robot_ws/build/msg_srv_action_interface_example' returned '0': CMAKE_PREFIX_PATH=/home/smkim/ros2_tutorials/robot_ws/install/basic_pkg:/opt/ros/humble /usr/bin/cmake /home/smkim/ros2_tutorials/robot_ws/src/msg_srv_action_interface_example -DAMENT_CMAKE_SYMLINK_INSTALL=1 -DCMAKE_INSTALL_PREFIX=/home/smkim/ros2_tutorials/robot_ws/install/msg_srv_action_interface_example
[1.571s] Invoking command in '/home/smkim/ros2_tutorials/robot_ws/build/msg_srv_action_interface_example': CMAKE_PREFIX_PATH=/home/smkim/ros2_tutorials/robot_ws/install/basic_pkg:/opt/ros/humble /usr/bin/cmake --build /home/smkim/ros2_tutorials/robot_ws/build/msg_srv_action_interface_example -- -j8 -l8
[1.596s] [  2%] [34m[1mGenerating C code for ROS interfaces[0m
[1.602s] [  4%] [34m[1mGenerating C++ code for ROS interfaces[0m
[1.610s] [  4%] Built target ament_cmake_python_symlink_msg_srv_action_interface_example
[1.820s] running egg_info
[1.821s] creating msg_srv_action_interface_example.egg-info
[1.835s] writing msg_srv_action_interface_example.egg-info/PKG-INFO
[1.835s] writing dependency_links to msg_srv_action_interface_example.egg-info/dependency_links.txt
[1.835s] writing top-level names to msg_srv_action_interface_example.egg-info/top_level.txt
[1.835s] writing manifest file 'msg_srv_action_interface_example.egg-info/SOURCES.txt'
[1.883s] reading manifest file 'msg_srv_action_interface_example.egg-info/SOURCES.txt'
[1.884s] writing manifest file 'msg_srv_action_interface_example.egg-info/SOURCES.txt'
[1.906s] [  4%] Built target ament_cmake_python_build_msg_srv_action_interface_example_egg
[2.085s] [  4%] Built target msg_srv_action_interface_example__cpp
[2.093s] [  6%] [34m[1mGenerating C++ type support dispatch for ROS interfaces[0m
[2.094s] [  8%] [34m[1mGenerating C++ type support for eProsima Fast-RTPS[0m
[2.094s] [ 10%] [34m[1mGenerating C++ introspection for ROS interfaces[0m
[2.175s] [ 12%] [32mBuilding C object CMakeFiles/msg_srv_action_interface_example__rosidl_generator_c.dir/rosidl_generator_c/msg_srv_action_interface_example/msg/detail/arithmetic_argument__functions.c.o[0m
[2.176s] [ 14%] [32mBuilding C object CMakeFiles/msg_srv_action_interface_example__rosidl_generator_c.dir/rosidl_generator_c/msg_srv_action_interface_example/srv/detail/arithmetic_operator__functions.c.o[0m
[2.176s] [ 17%] [32mBuilding C object CMakeFiles/msg_srv_action_interface_example__rosidl_generator_c.dir/rosidl_generator_c/msg_srv_action_interface_example/action/detail/arithmetic_checker__functions.c.o[0m
[2.343s] [ 19%] [32m[1mLinking C shared library libmsg_srv_action_interface_example__rosidl_generator_c.so[0m
[2.451s] [ 19%] Built target msg_srv_action_interface_example__rosidl_generator_c
[2.461s] [ 21%] [34m[1mGenerating C type support for eProsima Fast-RTPS[0m
[2.462s] [ 23%] [34m[1mGenerating C introspection for ROS interfaces[0m
[2.462s] [ 25%] [34m[1mGenerating C type support dispatch for ROS interfaces[0m
[2.578s] [ 27%] [32mBuilding CXX object CMakeFiles/msg_srv_action_interface_example__rosidl_typesupport_cpp.dir/rosidl_typesupport_cpp/msg_srv_action_interface_example/action/arithmetic_checker__type_support.cpp.o[0m
[2.581s] [ 29%] [32mBuilding CXX object CMakeFiles/msg_srv_action_interface_example__rosidl_typesupport_cpp.dir/rosidl_typesupport_cpp/msg_srv_action_interface_example/msg/arithmetic_argument__type_support.cpp.o[0m
[2.589s] [ 31%] [32mBuilding CXX object CMakeFiles/msg_srv_action_interface_example__rosidl_typesupport_cpp.dir/rosidl_typesupport_cpp/msg_srv_action_interface_example/srv/arithmetic_operator__type_support.cpp.o[0m
[2.819s] [ 34%] [32mBuilding CXX object CMakeFiles/msg_srv_action_interface_example__rosidl_typesupport_introspection_cpp.dir/rosidl_typesupport_introspection_cpp/msg_srv_action_interface_example/msg/detail/arithmetic_argument__type_support.cpp.o[0m
[2.987s] [ 36%] [32mBuilding CXX object CMakeFiles/msg_srv_action_interface_example__rosidl_typesupport_fastrtps_cpp.dir/rosidl_typesupport_fastrtps_cpp/msg_srv_action_interface_example/msg/detail/dds_fastrtps/arithmetic_argument__type_support.cpp.o[0m
[3.242s] [ 38%] [32mBuilding CXX object CMakeFiles/msg_srv_action_interface_example__rosidl_typesupport_fastrtps_cpp.dir/rosidl_typesupport_fastrtps_cpp/msg_srv_action_interface_example/srv/detail/dds_fastrtps/arithmetic_operator__type_support.cpp.o[0m
[3.253s] [ 40%] [32mBuilding CXX object CMakeFiles/msg_srv_action_interface_example__rosidl_typesupport_c.dir/rosidl_typesupport_c/msg_srv_action_interface_example/msg/arithmetic_argument__type_support.cpp.o[0m
[3.275s] [ 42%] [32mBuilding CXX object CMakeFiles/msg_srv_action_interface_example__rosidl_typesupport_introspection_cpp.dir/rosidl_typesupport_introspection_cpp/msg_srv_action_interface_example/srv/detail/arithmetic_operator__type_support.cpp.o[0m
[3.300s] [ 44%] [32mBuilding CXX object CMakeFiles/msg_srv_action_interface_example__rosidl_typesupport_c.dir/rosidl_typesupport_c/msg_srv_action_interface_example/srv/arithmetic_operator__type_support.cpp.o[0m
[3.384s] [ 46%] [32mBuilding CXX object CMakeFiles/msg_srv_action_interface_example__rosidl_typesupport_c.dir/rosidl_typesupport_c/msg_srv_action_interface_example/action/arithmetic_checker__type_support.cpp.o[0m
[3.492s] [ 48%] [32mBuilding C object CMakeFiles/msg_srv_action_interface_example__rosidl_typesupport_introspection_c.dir/rosidl_typesupport_introspection_c/msg_srv_action_interface_example/msg/detail/arithmetic_argument__type_support.c.o[0m
[3.492s] [ 51%] [32mBuilding CXX object CMakeFiles/msg_srv_action_interface_example__rosidl_typesupport_fastrtps_c.dir/rosidl_typesupport_fastrtps_c/msg_srv_action_interface_example/msg/detail/arithmetic_argument__type_support_c.cpp.o[0m
[3.514s] [ 53%] [32m[1mLinking CXX shared library libmsg_srv_action_interface_example__rosidl_typesupport_c.so[0m
[3.570s] [ 55%] [32mBuilding C object CMakeFiles/msg_srv_action_interface_example__rosidl_typesupport_introspection_c.dir/rosidl_typesupport_introspection_c/msg_srv_action_interface_example/srv/detail/arithmetic_operator__type_support.c.o[0m
[3.624s] [ 57%] [32mBuilding CXX object CMakeFiles/msg_srv_action_interface_example__rosidl_typesupport_introspection_cpp.dir/rosidl_typesupport_introspection_cpp/msg_srv_action_interface_example/action/detail/arithmetic_checker__type_support.cpp.o[0m
[3.640s] [ 59%] [32m[1mLinking CXX shared library libmsg_srv_action_interface_example__rosidl_typesupport_cpp.so[0m
[3.666s] [ 61%] [32mBuilding C object CMakeFiles/msg_srv_action_interface_example__rosidl_typesupport_introspection_c.dir/rosidl_typesupport_introspection_c/msg_srv_action_interface_example/action/detail/arithmetic_checker__type_support.c.o[0m
[3.771s] [ 61%] Built target msg_srv_action_interface_example__rosidl_typesupport_c
[3.799s] [ 63%] [32mBuilding CXX object CMakeFiles/msg_srv_action_interface_example__rosidl_typesupport_fastrtps_c.dir/rosidl_typesupport_fastrtps_c/msg_srv_action_interface_example/srv/detail/arithmetic_operator__type_support_c.cpp.o[0m
[3.843s] [ 65%] [32m[1mLinking C shared library libmsg_srv_action_interface_example__rosidl_typesupport_introspection_c.so[0m
[3.852s] [ 68%] [32mBuilding CXX object CMakeFiles/msg_srv_action_interface_example__rosidl_typesupport_fastrtps_cpp.dir/rosidl_typesupport_fastrtps_cpp/msg_srv_action_interface_example/action/detail/dds_fastrtps/arithmetic_checker__type_support.cpp.o[0m
[3.920s] [ 68%] Built target msg_srv_action_interface_example__rosidl_typesupport_cpp
[3.931s] [ 70%] [32mBuilding CXX object CMakeFiles/msg_srv_action_interface_example__rosidl_typesupport_fastrtps_c.dir/rosidl_typesupport_fastrtps_c/msg_srv_action_interface_example/action/detail/arithmetic_checker__type_support_c.cpp.o[0m
[4.007s] [ 70%] Built target msg_srv_action_interface_example__rosidl_typesupport_introspection_c
[4.364s] [ 72%] [32m[1mLinking CXX shared library libmsg_srv_action_interface_example__rosidl_typesupport_fastrtps_c.so[0m
[4.442s] [ 74%] [32m[1mLinking CXX shared library libmsg_srv_action_interface_example__rosidl_typesupport_introspection_cpp.so[0m
[4.529s] [ 74%] Built target msg_srv_action_interface_example__rosidl_typesupport_fastrtps_c
[4.568s] [ 76%] [32m[1mLinking CXX shared library libmsg_srv_action_interface_example__rosidl_typesupport_fastrtps_cpp.so[0m
[4.584s] [ 76%] Built target msg_srv_action_interface_example__rosidl_typesupport_introspection_cpp
[4.677s] [ 76%] Built target msg_srv_action_interface_example__rosidl_typesupport_fastrtps_cpp
[4.693s] [ 76%] Built target msg_srv_action_interface_example
[4.706s] [ 78%] [34m[1mGenerating Python code for ROS interfaces[0m
[5.589s] [ 78%] Built target msg_srv_action_interface_example__py
[5.603s] [ 80%] [32mBuilding C object CMakeFiles/msg_srv_action_interface_example__rosidl_generator_py.dir/rosidl_generator_py/msg_srv_action_interface_example/msg/_arithmetic_argument_s.c.o[0m
[5.604s] [ 85%] [32mBuilding C object CMakeFiles/msg_srv_action_interface_example__rosidl_generator_py.dir/rosidl_generator_py/msg_srv_action_interface_example/srv/_arithmetic_operator_s.c.o[0m
[5.604s] [ 85%] [32mBuilding C object CMakeFiles/msg_srv_action_interface_example__rosidl_generator_py.dir/rosidl_generator_py/msg_srv_action_interface_example/action/_arithmetic_checker_s.c.o[0m
[5.781s] [ 87%] [32m[1mLinking C shared library rosidl_generator_py/msg_srv_action_interface_example/libmsg_srv_action_interface_example__rosidl_generator_py.so[0m
[5.881s] [ 87%] Built target msg_srv_action_interface_example__rosidl_generator_py
[5.894s] [ 91%] [32mBuilding C object CMakeFiles/msg_srv_action_interface_example__rosidl_typesupport_fastrtps_c__pyext.dir/rosidl_generator_py/msg_srv_action_interface_example/_msg_srv_action_interface_example_s.ep.rosidl_typesupport_fastrtps_c.c.o[0m
[5.894s] [ 91%] [32mBuilding C object CMakeFiles/msg_srv_action_interface_example__rosidl_typesupport_c__pyext.dir/rosidl_generator_py/msg_srv_action_interface_example/_msg_srv_action_interface_example_s.ep.rosidl_typesupport_c.c.o[0m
[5.896s] [ 93%] [32mBuilding C object CMakeFiles/msg_srv_action_interface_example__rosidl_typesupport_introspection_c__pyext.dir/rosidl_generator_py/msg_srv_action_interface_example/_msg_srv_action_interface_example_s.ep.rosidl_typesupport_introspection_c.c.o[0m
[6.015s] [ 95%] [32m[1mLinking C shared library rosidl_generator_py/msg_srv_action_interface_example/msg_srv_action_interface_example_s__rosidl_typesupport_fastrtps_c.cpython-310-x86_64-linux-gnu.so[0m
[6.027s] [ 97%] [32m[1mLinking C shared library rosidl_generator_py/msg_srv_action_interface_example/msg_srv_action_interface_example_s__rosidl_typesupport_c.cpython-310-x86_64-linux-gnu.so[0m
[6.035s] [100%] [32m[1mLinking C shared library rosidl_generator_py/msg_srv_action_interface_example/msg_srv_action_interface_example_s__rosidl_typesupport_introspection_c.cpython-310-x86_64-linux-gnu.so[0m
[6.165s] [100%] Built target msg_srv_action_interface_example__rosidl_typesupport_fastrtps_c__pyext
[6.177s] [100%] Built target msg_srv_action_interface_example__rosidl_typesupport_c__pyext
[6.197s] [100%] Built target msg_srv_action_interface_example__rosidl_typesupport_introspection_c__pyext
[6.207s] Invoked command in '/home/smkim/ros2_tutorials/robot_ws/build/msg_srv_action_interface_example' returned '0': CMAKE_PREFIX_PATH=/home/smkim/ros2_tutorials/robot_ws/install/basic_pkg:/opt/ros/humble /usr/bin/cmake --build /home/smkim/ros2_tutorials/robot_ws/build/msg_srv_action_interface_example -- -j8 -l8
[6.288s] Invoking command in '/home/smkim/ros2_tutorials/robot_ws/build/msg_srv_action_interface_example': CMAKE_PREFIX_PATH=/home/smkim/ros2_tutorials/robot_ws/install/basic_pkg:/opt/ros/humble /usr/bin/cmake --install /home/smkim/ros2_tutorials/robot_ws/build/msg_srv_action_interface_example
[6.294s] -- Install configuration: ""
[6.294s] -- Execute custom install script
[6.295s] -- Symlinking: /home/smkim/ros2_tutorials/robot_ws/install/msg_srv_action_interface_example/share/ament_index/resource_index/rosidl_interfaces/msg_srv_action_interface_example
[6.304s] -- Symlinking: /home/smkim/ros2_tutorials/robot_ws/install/msg_srv_action_interface_example/include/msg_srv_action_interface_example/msg_srv_action_interface_example/action/arithmetic_checker.h
[6.310s] -- Symlinking: /home/smkim/ros2_tutorials/robot_ws/install/msg_srv_action_interface_example/include/msg_srv_action_interface_example/msg_srv_action_interface_example/action/detail/arithmetic_checker__functions.h
[6.317s] -- Symlinking: /home/smkim/ros2_tutorials/robot_ws/install/msg_srv_action_interface_example/include/msg_srv_action_interface_example/msg_srv_action_interface_example/action/detail/arithmetic_checker__struct.h
[6.323s] -- Symlinking: /home/smkim/ros2_tutorials/robot_ws/install/msg_srv_action_interface_example/include/msg_srv_action_interface_example/msg_srv_action_interface_example/action/detail/arithmetic_checker__type_support.h
[6.332s] -- Symlinking: /home/smkim/ros2_tutorials/robot_ws/install/msg_srv_action_interface_example/include/msg_srv_action_interface_example/msg_srv_action_interface_example/msg/arithmetic_argument.h
[6.341s] -- Symlinking: /home/smkim/ros2_tutorials/robot_ws/install/msg_srv_action_interface_example/include/msg_srv_action_interface_example/msg_srv_action_interface_example/msg/detail/arithmetic_argument__functions.h
[6.349s] -- Symlinking: /home/smkim/ros2_tutorials/robot_ws/install/msg_srv_action_interface_example/include/msg_srv_action_interface_example/msg_srv_action_interface_example/msg/detail/arithmetic_argument__struct.h
[6.357s] -- Symlinking: /home/smkim/ros2_tutorials/robot_ws/install/msg_srv_action_interface_example/include/msg_srv_action_interface_example/msg_srv_action_interface_example/msg/detail/arithmetic_argument__type_support.h
[6.365s] -- Symlinking: /home/smkim/ros2_tutorials/robot_ws/install/msg_srv_action_interface_example/include/msg_srv_action_interface_example/msg_srv_action_interface_example/msg/rosidl_generator_c__visibility_control.h
[6.373s] -- Symlinking: /home/smkim/ros2_tutorials/robot_ws/install/msg_srv_action_interface_example/include/msg_srv_action_interface_example/msg_srv_action_interface_example/srv/arithmetic_operator.h
[6.381s] -- Symlinking: /home/smkim/ros2_tutorials/robot_ws/install/msg_srv_action_interface_example/include/msg_srv_action_interface_example/msg_srv_action_interface_example/srv/detail/arithmetic_operator__functions.h
[6.388s] -- Symlinking: /home/smkim/ros2_tutorials/robot_ws/install/msg_srv_action_interface_example/include/msg_srv_action_interface_example/msg_srv_action_interface_example/srv/detail/arithmetic_operator__struct.h
[6.394s] -- Symlinking: /home/smkim/ros2_tutorials/robot_ws/install/msg_srv_action_interface_example/include/msg_srv_action_interface_example/msg_srv_action_interface_example/srv/detail/arithmetic_operator__type_support.h
[6.401s] -- Symlinking: /home/smkim/ros2_tutorials/robot_ws/install/msg_srv_action_interface_example/share/msg_srv_action_interface_example/environment/library_path.sh
[6.407s] -- Symlinking: /home/smkim/ros2_tutorials/robot_ws/install/msg_srv_action_interface_example/share/msg_srv_action_interface_example/environment/library_path.dsv
[6.414s] -- Symlinking: /home/smkim/ros2_tutorials/robot_ws/install/msg_srv_action_interface_example/include/msg_srv_action_interface_example/msg_srv_action_interface_example/action/detail/arithmetic_checker__rosidl_typesupport_fastrtps_c.h
[6.420s] -- Symlinking: /home/smkim/ros2_tutorials/robot_ws/install/msg_srv_action_interface_example/include/msg_srv_action_interface_example/msg_srv_action_interface_example/msg/detail/arithmetic_argument__rosidl_typesupport_fastrtps_c.h
[6.428s] -- Symlinking: /home/smkim/ros2_tutorials/robot_ws/install/msg_srv_action_interface_example/include/msg_srv_action_interface_example/msg_srv_action_interface_example/msg/rosidl_typesupport_fastrtps_c__visibility_control.h
[6.438s] -- Symlinking: /home/smkim/ros2_tutorials/robot_ws/install/msg_srv_action_interface_example/include/msg_srv_action_interface_example/msg_srv_action_interface_example/srv/detail/arithmetic_operator__rosidl_typesupport_fastrtps_c.h
[6.449s] -- Symlinking: /home/smkim/ros2_tutorials/robot_ws/install/msg_srv_action_interface_example/include/msg_srv_action_interface_example/msg_srv_action_interface_example/action/arithmetic_checker.hpp
[6.455s] -- Symlinking: /home/smkim/ros2_tutorials/robot_ws/install/msg_srv_action_interface_example/include/msg_srv_action_interface_example/msg_srv_action_interface_example/action/detail/arithmetic_checker__builder.hpp
[6.463s] -- Symlinking: /home/smkim/ros2_tutorials/robot_ws/install/msg_srv_action_interface_example/include/msg_srv_action_interface_example/msg_srv_action_interface_example/action/detail/arithmetic_checker__struct.hpp
[6.470s] -- Symlinking: /home/smkim/ros2_tutorials/robot_ws/install/msg_srv_action_interface_example/include/msg_srv_action_interface_example/msg_srv_action_interface_example/action/detail/arithmetic_checker__traits.hpp
[6.478s] -- Symlinking: /home/smkim/ros2_tutorials/robot_ws/install/msg_srv_action_interface_example/include/msg_srv_action_interface_example/msg_srv_action_interface_example/msg/arithmetic_argument.hpp
[6.486s] -- Symlinking: /home/smkim/ros2_tutorials/robot_ws/install/msg_srv_action_interface_example/include/msg_srv_action_interface_example/msg_srv_action_interface_example/msg/detail/arithmetic_argument__builder.hpp
[6.492s] -- Symlinking: /home/smkim/ros2_tutorials/robot_ws/install/msg_srv_action_interface_example/include/msg_srv_action_interface_example/msg_srv_action_interface_example/msg/detail/arithmetic_argument__struct.hpp
[6.497s] -- Symlinking: /home/smkim/ros2_tutorials/robot_ws/install/msg_srv_action_interface_example/include/msg_srv_action_interface_example/msg_srv_action_interface_example/msg/detail/arithmetic_argument__traits.hpp
[6.505s] -- Symlinking: /home/smkim/ros2_tutorials/robot_ws/install/msg_srv_action_interface_example/include/msg_srv_action_interface_example/msg_srv_action_interface_example/srv/arithmetic_operator.hpp
[6.512s] -- Symlinking: /home/smkim/ros2_tutorials/robot_ws/install/msg_srv_action_interface_example/include/msg_srv_action_interface_example/msg_srv_action_interface_example/srv/detail/arithmetic_operator__builder.hpp
[6.520s] -- Symlinking: /home/smkim/ros2_tutorials/robot_ws/install/msg_srv_action_interface_example/include/msg_srv_action_interface_example/msg_srv_action_interface_example/srv/detail/arithmetic_operator__struct.hpp
[6.526s] -- Symlinking: /home/smkim/ros2_tutorials/robot_ws/install/msg_srv_action_interface_example/include/msg_srv_action_interface_example/msg_srv_action_interface_example/srv/detail/arithmetic_operator__traits.hpp
[6.535s] -- Symlinking: /home/smkim/ros2_tutorials/robot_ws/install/msg_srv_action_interface_example/include/msg_srv_action_interface_example/msg_srv_action_interface_example/action/detail/arithmetic_checker__rosidl_typesupport_fastrtps_cpp.hpp
[6.543s] -- Symlinking: /home/smkim/ros2_tutorials/robot_ws/install/msg_srv_action_interface_example/include/msg_srv_action_interface_example/msg_srv_action_interface_example/msg/detail/arithmetic_argument__rosidl_typesupport_fastrtps_cpp.hpp
[6.552s] -- Symlinking: /home/smkim/ros2_tutorials/robot_ws/install/msg_srv_action_interface_example/include/msg_srv_action_interface_example/msg_srv_action_interface_example/msg/rosidl_typesupport_fastrtps_cpp__visibility_control.h
[6.560s] -- Symlinking: /home/smkim/ros2_tutorials/robot_ws/install/msg_srv_action_interface_example/include/msg_srv_action_interface_example/msg_srv_action_interface_example/srv/detail/arithmetic_operator__rosidl_typesupport_fastrtps_cpp.hpp
[6.568s] -- Symlinking: /home/smkim/ros2_tutorials/robot_ws/install/msg_srv_action_interface_example/include/msg_srv_action_interface_example/msg_srv_action_interface_example/action/detail/arithmetic_checker__rosidl_typesupport_introspection_c.h
[6.574s] -- Symlinking: /home/smkim/ros2_tutorials/robot_ws/install/msg_srv_action_interface_example/include/msg_srv_action_interface_example/msg_srv_action_interface_example/msg/detail/arithmetic_argument__rosidl_typesupport_introspection_c.h
[6.582s] -- Symlinking: /home/smkim/ros2_tutorials/robot_ws/install/msg_srv_action_interface_example/include/msg_srv_action_interface_example/msg_srv_action_interface_example/msg/rosidl_typesupport_introspection_c__visibility_control.h
[6.587s] -- Symlinking: /home/smkim/ros2_tutorials/robot_ws/install/msg_srv_action_interface_example/include/msg_srv_action_interface_example/msg_srv_action_interface_example/srv/detail/arithmetic_operator__rosidl_typesupport_introspection_c.h
[6.594s] -- Symlinking: /home/smkim/ros2_tutorials/robot_ws/install/msg_srv_action_interface_example/include/msg_srv_action_interface_example/msg_srv_action_interface_example/action/detail/arithmetic_checker__rosidl_typesupport_introspection_cpp.hpp
[6.604s] -- Symlinking: /home/smkim/ros2_tutorials/robot_ws/install/msg_srv_action_interface_example/include/msg_srv_action_interface_example/msg_srv_action_interface_example/msg/detail/arithmetic_argument__rosidl_typesupport_introspection_cpp.hpp
[6.611s] -- Symlinking: /home/smkim/ros2_tutorials/robot_ws/install/msg_srv_action_interface_example/include/msg_srv_action_interface_example/msg_srv_action_interface_example/srv/detail/arithmetic_operator__rosidl_typesupport_introspection_cpp.hpp
[6.618s] -- Symlinking: /home/smkim/ros2_tutorials/robot_ws/install/msg_srv_action_interface_example/share/msg_srv_action_interface_example/environment/pythonpath.sh
[6.628s] -- Symlinking: /home/smkim/ros2_tutorials/robot_ws/install/msg_srv_action_interface_example/share/msg_srv_action_interface_example/environment/pythonpath.dsv
[6.642s] -- Symlinking: /home/smkim/ros2_tutorials/robot_ws/install/msg_srv_action_interface_example/local/lib/python3.10/dist-packages/msg_srv_action_interface_example-0.0.0-py3.10.egg-info/PKG-INFO
[6.653s] -- Symlinking: /home/smkim/ros2_tutorials/robot_ws/install/msg_srv_action_interface_example/local/lib/python3.10/dist-packages/msg_srv_action_interface_example-0.0.0-py3.10.egg-info/SOURCES.txt
[6.661s] -- Symlinking: /home/smkim/ros2_tutorials/robot_ws/install/msg_srv_action_interface_example/local/lib/python3.10/dist-packages/msg_srv_action_interface_example-0.0.0-py3.10.egg-info/dependency_links.txt
[6.669s] -- Symlinking: /home/smkim/ros2_tutorials/robot_ws/install/msg_srv_action_interface_example/local/lib/python3.10/dist-packages/msg_srv_action_interface_example-0.0.0-py3.10.egg-info/top_level.txt
[6.679s] -- Symlinking: /home/smkim/ros2_tutorials/robot_ws/install/msg_srv_action_interface_example/local/lib/python3.10/dist-packages/msg_srv_action_interface_example/__init__.py
[6.686s] -- Symlinking: /home/smkim/ros2_tutorials/robot_ws/install/msg_srv_action_interface_example/local/lib/python3.10/dist-packages/msg_srv_action_interface_example/_msg_srv_action_interface_example_s.ep.rosidl_typesupport_c.c
[6.692s] -- Symlinking: /home/smkim/ros2_tutorials/robot_ws/install/msg_srv_action_interface_example/local/lib/python3.10/dist-packages/msg_srv_action_interface_example/_msg_srv_action_interface_example_s.ep.rosidl_typesupport_fastrtps_c.c
[6.699s] -- Symlinking: /home/smkim/ros2_tutorials/robot_ws/install/msg_srv_action_interface_example/local/lib/python3.10/dist-packages/msg_srv_action_interface_example/_msg_srv_action_interface_example_s.ep.rosidl_typesupport_introspection_c.c
[6.707s] -- Symlinking: /home/smkim/ros2_tutorials/robot_ws/install/msg_srv_action_interface_example/local/lib/python3.10/dist-packages/msg_srv_action_interface_example/action/__init__.py
[6.714s] -- Symlinking: /home/smkim/ros2_tutorials/robot_ws/install/msg_srv_action_interface_example/local/lib/python3.10/dist-packages/msg_srv_action_interface_example/action/_arithmetic_checker.py
[6.720s] -- Symlinking: /home/smkim/ros2_tutorials/robot_ws/install/msg_srv_action_interface_example/local/lib/python3.10/dist-packages/msg_srv_action_interface_example/action/_arithmetic_checker_s.c
[6.726s] -- Symlinking: /home/smkim/ros2_tutorials/robot_ws/install/msg_srv_action_interface_example/local/lib/python3.10/dist-packages/msg_srv_action_interface_example/libmsg_srv_action_interface_example__rosidl_generator_py.so
[6.731s] -- Symlinking: /home/smkim/ros2_tutorials/robot_ws/install/msg_srv_action_interface_example/local/lib/python3.10/dist-packages/msg_srv_action_interface_example/msg/__init__.py
[6.737s] -- Symlinking: /home/smkim/ros2_tutorials/robot_ws/install/msg_srv_action_interface_example/local/lib/python3.10/dist-packages/msg_srv_action_interface_example/msg/_arithmetic_argument.py
[6.743s] -- Symlinking: /home/smkim/ros2_tutorials/robot_ws/install/msg_srv_action_interface_example/local/lib/python3.10/dist-packages/msg_srv_action_interface_example/msg/_arithmetic_argument_s.c
[6.750s] -- Symlinking: /home/smkim/ros2_tutorials/robot_ws/install/msg_srv_action_interface_example/local/lib/python3.10/dist-packages/msg_srv_action_interface_example/msg_srv_action_interface_example_s__rosidl_typesupport_c.cpython-310-x86_64-linux-gnu.so
[6.755s] -- Symlinking: /home/smkim/ros2_tutorials/robot_ws/install/msg_srv_action_interface_example/local/lib/python3.10/dist-packages/msg_srv_action_interface_example/msg_srv_action_interface_example_s__rosidl_typesupport_fastrtps_c.cpython-310-x86_64-linux-gnu.so
[6.760s] -- Symlinking: /home/smkim/ros2_tutorials/robot_ws/install/msg_srv_action_interface_example/local/lib/python3.10/dist-packages/msg_srv_action_interface_example/msg_srv_action_interface_example_s__rosidl_typesupport_introspection_c.cpython-310-x86_64-linux-gnu.so
[6.766s] -- Symlinking: /home/smkim/ros2_tutorials/robot_ws/install/msg_srv_action_interface_example/local/lib/python3.10/dist-packages/msg_srv_action_interface_example/srv/__init__.py
[6.772s] -- Symlinking: /home/smkim/ros2_tutorials/robot_ws/install/msg_srv_action_interface_example/local/lib/python3.10/dist-packages/msg_srv_action_interface_example/srv/_arithmetic_operator.py
[6.777s] -- Symlinking: /home/smkim/ros2_tutorials/robot_ws/install/msg_srv_action_interface_example/local/lib/python3.10/dist-packages/msg_srv_action_interface_example/srv/_arithmetic_operator_s.c
[6.783s] -- Up-to-date symlink: /home/smkim/ros2_tutorials/robot_ws/install/msg_srv_action_interface_example/local/lib/python3.10/dist-packages/msg_srv_action_interface_example/msg_srv_action_interface_example_s__rosidl_typesupport_fastrtps_c.cpython-310-x86_64-linux-gnu.so
[6.784s] -- Up-to-date symlink: /home/smkim/ros2_tutorials/robot_ws/install/msg_srv_action_interface_example/local/lib/python3.10/dist-packages/msg_srv_action_interface_example/msg_srv_action_interface_example_s__rosidl_typesupport_introspection_c.cpython-310-x86_64-linux-gnu.so
[6.784s] -- Up-to-date symlink: /home/smkim/ros2_tutorials/robot_ws/install/msg_srv_action_interface_example/local/lib/python3.10/dist-packages/msg_srv_action_interface_example/msg_srv_action_interface_example_s__rosidl_typesupport_c.cpython-310-x86_64-linux-gnu.so
[6.784s] -- Symlinking: /home/smkim/ros2_tutorials/robot_ws/install/msg_srv_action_interface_example/share/msg_srv_action_interface_example/msg/ArithmeticArgument.idl
[6.792s] -- Symlinking: /home/smkim/ros2_tutorials/robot_ws/install/msg_srv_action_interface_example/share/msg_srv_action_interface_example/srv/ArithmeticOperator.idl
[6.801s] -- Symlinking: /home/smkim/ros2_tutorials/robot_ws/install/msg_srv_action_interface_example/share/msg_srv_action_interface_example/action/ArithmeticChecker.idl
[6.809s] -- Symlinking: /home/smkim/ros2_tutorials/robot_ws/install/msg_srv_action_interface_example/share/msg_srv_action_interface_example/msg/ArithmeticArgument.msg
[6.817s] -- Symlinking: /home/smkim/ros2_tutorials/robot_ws/install/msg_srv_action_interface_example/share/msg_srv_action_interface_example/srv/ArithmeticOperator.srv
[6.824s] -- Symlinking: /home/smkim/ros2_tutorials/robot_ws/install/msg_srv_action_interface_example/share/msg_srv_action_interface_example/srv/ArithmeticOperator_Request.msg
[6.832s] -- Symlinking: /home/smkim/ros2_tutorials/robot_ws/install/msg_srv_action_interface_example/share/msg_srv_action_interface_example/srv/ArithmeticOperator_Response.msg
[6.840s] -- Symlinking: /home/smkim/ros2_tutorials/robot_ws/install/msg_srv_action_interface_example/share/msg_srv_action_interface_example/action/ArithmeticChecker.action
[6.848s] -- Symlinking: /home/smkim/ros2_tutorials/robot_ws/install/msg_srv_action_interface_example/share/ament_index/resource_index/package_run_dependencies/msg_srv_action_interface_example
[6.857s] -- Symlinking: /home/smkim/ros2_tutorials/robot_ws/install/msg_srv_action_interface_example/share/ament_index/resource_index/parent_prefix_path/msg_srv_action_interface_example
[6.865s] -- Symlinking: /home/smkim/ros2_tutorials/robot_ws/install/msg_srv_action_interface_example/share/msg_srv_action_interface_example/environment/ament_prefix_path.sh
[6.874s] -- Symlinking: /home/smkim/ros2_tutorials/robot_ws/install/msg_srv_action_interface_example/share/msg_srv_action_interface_example/environment/ament_prefix_path.dsv
[6.882s] -- Symlinking: /home/smkim/ros2_tutorials/robot_ws/install/msg_srv_action_interface_example/share/msg_srv_action_interface_example/environment/path.sh
[6.887s] -- Symlinking: /home/smkim/ros2_tutorials/robot_ws/install/msg_srv_action_interface_example/share/msg_srv_action_interface_example/environment/path.dsv
[6.895s] -- Symlinking: /home/smkim/ros2_tutorials/robot_ws/install/msg_srv_action_interface_example/share/msg_srv_action_interface_example/local_setup.bash
[6.902s] -- Symlinking: /home/smkim/ros2_tutorials/robot_ws/install/msg_srv_action_interface_example/share/msg_srv_action_interface_example/local_setup.sh
[6.910s] -- Symlinking: /home/smkim/ros2_tutorials/robot_ws/install/msg_srv_action_interface_example/share/msg_srv_action_interface_example/local_setup.zsh
[6.917s] -- Symlinking: /home/smkim/ros2_tutorials/robot_ws/install/msg_srv_action_interface_example/share/msg_srv_action_interface_example/local_setup.dsv
[6.924s] -- Symlinking: /home/smkim/ros2_tutorials/robot_ws/install/msg_srv_action_interface_example/share/msg_srv_action_interface_example/package.dsv
[6.930s] -- Symlinking: /home/smkim/ros2_tutorials/robot_ws/install/msg_srv_action_interface_example/share/ament_index/resource_index/packages/msg_srv_action_interface_example
[6.937s] -- Symlinking: /home/smkim/ros2_tutorials/robot_ws/install/msg_srv_action_interface_example/share/msg_srv_action_interface_example/cmake/rosidl_cmake-extras.cmake
[6.946s] -- Symlinking: /home/smkim/ros2_tutorials/robot_ws/install/msg_srv_action_interface_example/share/msg_srv_action_interface_example/cmake/ament_cmake_export_dependencies-extras.cmake
[6.962s] -- Symlinking: /home/smkim/ros2_tutorials/robot_ws/install/msg_srv_action_interface_example/share/msg_srv_action_interface_example/cmake/ament_cmake_export_include_directories-extras.cmake
[6.982s] -- Symlinking: /home/smkim/ros2_tutorials/robot_ws/install/msg_srv_action_interface_example/share/msg_srv_action_interface_example/cmake/ament_cmake_export_libraries-extras.cmake
[6.997s] -- Symlinking: /home/smkim/ros2_tutorials/robot_ws/install/msg_srv_action_interface_example/share/msg_srv_action_interface_example/cmake/ament_cmake_export_targets-extras.cmake
[7.014s] -- Symlinking: /home/smkim/ros2_tutorials/robot_ws/install/msg_srv_action_interface_example/share/msg_srv_action_interface_example/cmake/rosidl_cmake_export_typesupport_targets-extras.cmake
[7.022s] -- Symlinking: /home/smkim/ros2_tutorials/robot_ws/install/msg_srv_action_interface_example/share/msg_srv_action_interface_example/cmake/rosidl_cmake_export_typesupport_libraries-extras.cmake
[7.028s] -- Symlinking: /home/smkim/ros2_tutorials/robot_ws/install/msg_srv_action_interface_example/share/msg_srv_action_interface_example/cmake/msg_srv_action_interface_exampleConfig.cmake
[7.035s] -- Symlinking: /home/smkim/ros2_tutorials/robot_ws/install/msg_srv_action_interface_example/share/msg_srv_action_interface_example/cmake/msg_srv_action_interface_exampleConfig-version.cmake
[7.043s] -- Symlinking: /home/smkim/ros2_tutorials/robot_ws/install/msg_srv_action_interface_example/share/msg_srv_action_interface_example/package.xml
[7.049s] -- Installing: /home/smkim/ros2_tutorials/robot_ws/install/msg_srv_action_interface_example/lib/libmsg_srv_action_interface_example__rosidl_generator_c.so
[7.050s] -- Set runtime path of "/home/smkim/ros2_tutorials/robot_ws/install/msg_srv_action_interface_example/lib/libmsg_srv_action_interface_example__rosidl_generator_c.so" to ""
[7.050s] -- Installing: /home/smkim/ros2_tutorials/robot_ws/install/msg_srv_action_interface_example/lib/libmsg_srv_action_interface_example__rosidl_typesupport_fastrtps_c.so
[7.050s] -- Set runtime path of "/home/smkim/ros2_tutorials/robot_ws/install/msg_srv_action_interface_example/lib/libmsg_srv_action_interface_example__rosidl_typesupport_fastrtps_c.so" to ""
[7.050s] -- Installing: /home/smkim/ros2_tutorials/robot_ws/install/msg_srv_action_interface_example/lib/libmsg_srv_action_interface_example__rosidl_typesupport_fastrtps_cpp.so
[7.051s] -- Set runtime path of "/home/smkim/ros2_tutorials/robot_ws/install/msg_srv_action_interface_example/lib/libmsg_srv_action_interface_example__rosidl_typesupport_fastrtps_cpp.so" to ""
[7.051s] -- Installing: /home/smkim/ros2_tutorials/robot_ws/install/msg_srv_action_interface_example/lib/libmsg_srv_action_interface_example__rosidl_typesupport_introspection_c.so
[7.051s] -- Set runtime path of "/home/smkim/ros2_tutorials/robot_ws/install/msg_srv_action_interface_example/lib/libmsg_srv_action_interface_example__rosidl_typesupport_introspection_c.so" to ""
[7.051s] -- Installing: /home/smkim/ros2_tutorials/robot_ws/install/msg_srv_action_interface_example/lib/libmsg_srv_action_interface_example__rosidl_typesupport_c.so
[7.051s] -- Set runtime path of "/home/smkim/ros2_tutorials/robot_ws/install/msg_srv_action_interface_example/lib/libmsg_srv_action_interface_example__rosidl_typesupport_c.so" to ""
[7.051s] -- Installing: /home/smkim/ros2_tutorials/robot_ws/install/msg_srv_action_interface_example/lib/libmsg_srv_action_interface_example__rosidl_typesupport_introspection_cpp.so
[7.052s] -- Set runtime path of "/home/smkim/ros2_tutorials/robot_ws/install/msg_srv_action_interface_example/lib/libmsg_srv_action_interface_example__rosidl_typesupport_introspection_cpp.so" to ""
[7.052s] -- Installing: /home/smkim/ros2_tutorials/robot_ws/install/msg_srv_action_interface_example/lib/libmsg_srv_action_interface_example__rosidl_typesupport_cpp.so
[7.052s] -- Set runtime path of "/home/smkim/ros2_tutorials/robot_ws/install/msg_srv_action_interface_example/lib/libmsg_srv_action_interface_example__rosidl_typesupport_cpp.so" to ""
[7.092s] Listing '/home/smkim/ros2_tutorials/robot_ws/install/msg_srv_action_interface_example/local/lib/python3.10/dist-packages/msg_srv_action_interface_example'...
[7.092s] Compiling '/home/smkim/ros2_tutorials/robot_ws/install/msg_srv_action_interface_example/local/lib/python3.10/dist-packages/msg_srv_action_interface_example/__init__.py'...
[7.092s] Listing '/home/smkim/ros2_tutorials/robot_ws/install/msg_srv_action_interface_example/local/lib/python3.10/dist-packages/msg_srv_action_interface_example/action'...
[7.092s] Compiling '/home/smkim/ros2_tutorials/robot_ws/install/msg_srv_action_interface_example/local/lib/python3.10/dist-packages/msg_srv_action_interface_example/action/__init__.py'...
[7.092s] Compiling '/home/smkim/ros2_tutorials/robot_ws/install/msg_srv_action_interface_example/local/lib/python3.10/dist-packages/msg_srv_action_interface_example/action/_arithmetic_checker.py'...
[7.092s] Listing '/home/smkim/ros2_tutorials/robot_ws/install/msg_srv_action_interface_example/local/lib/python3.10/dist-packages/msg_srv_action_interface_example/msg'...
[7.092s] Compiling '/home/smkim/ros2_tutorials/robot_ws/install/msg_srv_action_interface_example/local/lib/python3.10/dist-packages/msg_srv_action_interface_example/msg/__init__.py'...
[7.092s] Compiling '/home/smkim/ros2_tutorials/robot_ws/install/msg_srv_action_interface_example/local/lib/python3.10/dist-packages/msg_srv_action_interface_example/msg/_arithmetic_argument.py'...
[7.092s] Listing '/home/smkim/ros2_tutorials/robot_ws/install/msg_srv_action_interface_example/local/lib/python3.10/dist-packages/msg_srv_action_interface_example/srv'...
[7.092s] Compiling '/home/smkim/ros2_tutorials/robot_ws/install/msg_srv_action_interface_example/local/lib/python3.10/dist-packages/msg_srv_action_interface_example/srv/__init__.py'...
[7.093s] Compiling '/home/smkim/ros2_tutorials/robot_ws/install/msg_srv_action_interface_example/local/lib/python3.10/dist-packages/msg_srv_action_interface_example/srv/_arithmetic_operator.py'...
[7.097s] -- Installing: /home/smkim/ros2_tutorials/robot_ws/install/msg_srv_action_interface_example/lib/libmsg_srv_action_interface_example__rosidl_generator_py.so
[7.097s] -- Set runtime path of "/home/smkim/ros2_tutorials/robot_ws/install/msg_srv_action_interface_example/lib/libmsg_srv_action_interface_example__rosidl_generator_py.so" to ""
[7.097s] -- Installing: /home/smkim/ros2_tutorials/robot_ws/install/msg_srv_action_interface_example/share/msg_srv_action_interface_example/cmake/export_msg_srv_action_interface_example__rosidl_generator_cExport.cmake
[7.097s] -- Installing: /home/smkim/ros2_tutorials/robot_ws/install/msg_srv_action_interface_example/share/msg_srv_action_interface_example/cmake/export_msg_srv_action_interface_example__rosidl_generator_cExport-noconfig.cmake
[7.098s] -- Installing: /home/smkim/ros2_tutorials/robot_ws/install/msg_srv_action_interface_example/share/msg_srv_action_interface_example/cmake/export_msg_srv_action_interface_example__rosidl_typesupport_fastrtps_cExport.cmake
[7.098s] -- Installing: /home/smkim/ros2_tutorials/robot_ws/install/msg_srv_action_interface_example/share/msg_srv_action_interface_example/cmake/export_msg_srv_action_interface_example__rosidl_typesupport_fastrtps_cExport-noconfig.cmake
[7.098s] -- Installing: /home/smkim/ros2_tutorials/robot_ws/install/msg_srv_action_interface_example/share/msg_srv_action_interface_example/cmake/export_msg_srv_action_interface_example__rosidl_generator_cppExport.cmake
[7.098s] -- Installing: /home/smkim/ros2_tutorials/robot_ws/install/msg_srv_action_interface_example/share/msg_srv_action_interface_example/cmake/export_msg_srv_action_interface_example__rosidl_typesupport_fastrtps_cppExport.cmake
[7.098s] -- Installing: /home/smkim/ros2_tutorials/robot_ws/install/msg_srv_action_interface_example/share/msg_srv_action_interface_example/cmake/export_msg_srv_action_interface_example__rosidl_typesupport_fastrtps_cppExport-noconfig.cmake
[7.098s] -- Installing: /home/smkim/ros2_tutorials/robot_ws/install/msg_srv_action_interface_example/share/msg_srv_action_interface_example/cmake/msg_srv_action_interface_example__rosidl_typesupport_introspection_cExport.cmake
[7.098s] -- Installing: /home/smkim/ros2_tutorials/robot_ws/install/msg_srv_action_interface_example/share/msg_srv_action_interface_example/cmake/msg_srv_action_interface_example__rosidl_typesupport_introspection_cExport-noconfig.cmake
[7.099s] -- Installing: /home/smkim/ros2_tutorials/robot_ws/install/msg_srv_action_interface_example/share/msg_srv_action_interface_example/cmake/msg_srv_action_interface_example__rosidl_typesupport_cExport.cmake
[7.099s] -- Installing: /home/smkim/ros2_tutorials/robot_ws/install/msg_srv_action_interface_example/share/msg_srv_action_interface_example/cmake/msg_srv_action_interface_example__rosidl_typesupport_cExport-noconfig.cmake
[7.099s] -- Installing: /home/smkim/ros2_tutorials/robot_ws/install/msg_srv_action_interface_example/share/msg_srv_action_interface_example/cmake/msg_srv_action_interface_example__rosidl_typesupport_introspection_cppExport.cmake
[7.099s] -- Installing: /home/smkim/ros2_tutorials/robot_ws/install/msg_srv_action_interface_example/share/msg_srv_action_interface_example/cmake/msg_srv_action_interface_example__rosidl_typesupport_introspection_cppExport-noconfig.cmake
[7.099s] -- Installing: /home/smkim/ros2_tutorials/robot_ws/install/msg_srv_action_interface_example/share/msg_srv_action_interface_example/cmake/msg_srv_action_interface_example__rosidl_typesupport_cppExport.cmake
[7.100s] -- Installing: /home/smkim/ros2_tutorials/robot_ws/install/msg_srv_action_interface_example/share/msg_srv_action_interface_example/cmake/msg_srv_action_interface_example__rosidl_typesupport_cppExport-noconfig.cmake
[7.100s] -- Installing: /home/smkim/ros2_tutorials/robot_ws/install/msg_srv_action_interface_example/share/msg_srv_action_interface_example/cmake/export_msg_srv_action_interface_example__rosidl_generator_pyExport.cmake
[7.100s] -- Installing: /home/smkim/ros2_tutorials/robot_ws/install/msg_srv_action_interface_example/share/msg_srv_action_interface_example/cmake/export_msg_srv_action_interface_example__rosidl_generator_pyExport-noconfig.cmake
[7.103s] Invoked command in '/home/smkim/ros2_tutorials/robot_ws/build/msg_srv_action_interface_example' returned '0': CMAKE_PREFIX_PATH=/home/smkim/ros2_tutorials/robot_ws/install/basic_pkg:/opt/ros/humble /usr/bin/cmake --install /home/smkim/ros2_tutorials/robot_ws/build/msg_srv_action_interface_example
