[0.081s] Invoking command in '/home/smkim/ros2_tutorials/robot_ws/build/calculator_cpp': CMAKE_PREFIX_PATH=/home/smkim/ros2_tutorials/robot_ws/install/msg_srv_action_interface_example:/home/smkim/ros2_tutorials/robot_ws/install/calculator_cpp:/home/smkim/ros2_tutorials/robot_ws/install/basic_pkg_cpp:/home/smkim/ros2_tutorials/robot_ws/install/topic_service_action_rclpy_example:/home/smkim/ros2_tutorials/robot_ws/install/ros2env:/home/smkim/ros2_tutorials/robot_ws/install/calculator:/home/smkim/ros2_tutorials/robot_ws/install/logger:/home/smkim/ros2_tutorials/robot_ws/install/basic_pkg:/opt/ros/humble /usr/bin/cmake --build /home/smkim/ros2_tutorials/robot_ws/build/calculator_cpp -- -j8 -l8
[0.110s] [35m[1mConsolidate compiler generated dependencies of target argument[0m
[0.110s] [35m[1mConsolidate compiler generated dependencies of target calculator[0m
[0.118s] [ 50%] Built target operator
[0.118s] [ 50%] Built target checker
[0.127s] [ 62%] [32mBuilding CXX object CMakeFiles/calculator.dir/src/calculator.cpp.o[0m
[0.127s] [ 87%] Built target argument
[2.401s] In file included from [01m[K/opt/ros/humble/include/rclcpp/rclcpp/logging.hpp:24[m[K,
[2.401s]                  from [01m[K/opt/ros/humble/include/rclcpp/rclcpp/client.hpp:40[m[K,
[2.401s]                  from [01m[K/opt/ros/humble/include/rclcpp/rclcpp/callback_group.hpp:24[m[K,
[2.401s]                  from [01m[K/opt/ros/humble/include/rclcpp/rclcpp/any_executable.hpp:20[m[K,
[2.401s]                  from [01m[K/opt/ros/humble/include/rclcpp/rclcpp/memory_strategy.hpp:25[m[K,
[2.401s]                  from [01m[K/opt/ros/humble/include/rclcpp/rclcpp/memory_strategies.hpp:18[m[K,
[2.401s]                  from [01m[K/opt/ros/humble/include/rclcpp/rclcpp/executor_options.hpp:20[m[K,
[2.401s]                  from [01m[K/opt/ros/humble/include/rclcpp/rclcpp/executor.hpp:37[m[K,
[2.401s]                  from [01m[K/opt/ros/humble/include/rclcpp/rclcpp/executors/multi_threaded_executor.hpp:25[m[K,
[2.401s]                  from [01m[K/opt/ros/humble/include/rclcpp/rclcpp/executors.hpp:21[m[K,
[2.401s]                  from [01m[K/opt/ros/humble/include/rclcpp/rclcpp/rclcpp.hpp:155[m[K,
[2.401s]                  from [01m[K/home/smkim/ros2_tutorials/robot_ws/src/calculator_cpp/src/calculator.cpp:9[m[K:
[2.401s] [01m[K/home/smkim/ros2_tutorials/robot_ws/src/calculator_cpp/src/calculator.cpp:[m[K In lambda function:
[2.401s] [01m[K/home/smkim/ros2_tutorials/robot_ws/src/calculator_cpp/src/calculator.cpp:49:9:[m[K [01;35m[Kwarning: [m[Kformat ‘[01m[K%ld[m[K’ expects argument of type ‘[01m[Klong int[m[K’, but argument 5 has type ‘[01m[Kbuiltin_interfaces::msg::Time_<std::allocator<void> >::_sec_type[m[K’ {aka ‘[01m[Kint[m[K’} [[01;35m[K]8;;https://gcc.gnu.org/onlinedocs/gcc/Warning-Options.html#index-Wformat=-Wformat=]8;;[m[K]
[2.402s]    49 |         [01;35m[K"Timestamp of the message: sec %ld nanosec %ld"[m[K,
[2.402s]       |         [01;35m[K^~~~~~~~~~~~~~~~~~~~~~~~~~~~~~~~~~~~~~~~~~~~~~~[m[K
[2.402s]    50 |         [32m[Kmsg->stamp.sec[m[K,
[2.402s]       |         [32m[K~~~~~~~~~~~~~~[m[K
[2.402s]       |                    [32m[K|[m[K
[2.402s]       |                    [32m[Kbuiltin_interfaces::msg::Time_<std::allocator<void> >::_sec_type {aka int}[m[K
[2.402s] [01m[K/home/smkim/ros2_tutorials/robot_ws/src/calculator_cpp/src/calculator.cpp:49:42:[m[K [01;36m[Knote: [m[Kformat string is defined here
[2.402s]    49 |         "Timestamp of the message: sec [01;36m[K%ld[m[K nanosec %ld",
[2.402s]       |                                        [01;36m[K~~^[m[K
[2.402s]       |                                          [01;36m[K|[m[K
[2.402s]       |                                          [01;36m[Klong int[m[K
[2.402s]       |                                        [32m[K%d[m[K
[2.402s] In file included from [01m[K/opt/ros/humble/include/rclcpp/rclcpp/logging.hpp:24[m[K,
[2.402s]                  from [01m[K/opt/ros/humble/include/rclcpp/rclcpp/client.hpp:40[m[K,
[2.402s]                  from [01m[K/opt/ros/humble/include/rclcpp/rclcpp/callback_group.hpp:24[m[K,
[2.402s]                  from [01m[K/opt/ros/humble/include/rclcpp/rclcpp/any_executable.hpp:20[m[K,
[2.402s]                  from [01m[K/opt/ros/humble/include/rclcpp/rclcpp/memory_strategy.hpp:25[m[K,
[2.402s]                  from [01m[K/opt/ros/humble/include/rclcpp/rclcpp/memory_strategies.hpp:18[m[K,
[2.403s]                  from [01m[K/opt/ros/humble/include/rclcpp/rclcpp/executor_options.hpp:20[m[K,
[2.403s]                  from [01m[K/opt/ros/humble/include/rclcpp/rclcpp/executor.hpp:37[m[K,
[2.403s]                  from [01m[K/opt/ros/humble/include/rclcpp/rclcpp/executors/multi_threaded_executor.hpp:25[m[K,
[2.403s]                  from [01m[K/opt/ros/humble/include/rclcpp/rclcpp/executors.hpp:21[m[K,
[2.403s]                  from [01m[K/opt/ros/humble/include/rclcpp/rclcpp/rclcpp.hpp:155[m[K,
[2.403s]                  from [01m[K/home/smkim/ros2_tutorials/robot_ws/src/calculator_cpp/src/calculator.cpp:9[m[K:
[2.403s] [01m[K/home/smkim/ros2_tutorials/robot_ws/src/calculator_cpp/src/calculator.cpp:49:9:[m[K [01;35m[Kwarning: [m[Kformat ‘[01m[K%ld[m[K’ expects argument of type ‘[01m[Klong int[m[K’, but argument 6 has type ‘[01m[Kbuiltin_interfaces::msg::Time_<std::allocator<void> >::_nanosec_type[m[K’ {aka ‘[01m[Kunsigned int[m[K’} [[01;35m[K]8;;https://gcc.gnu.org/onlinedocs/gcc/Warning-Options.html#index-Wformat=-Wformat=]8;;[m[K]
[2.403s]    49 |         [01;35m[K"Timestamp of the message: sec %ld nanosec %ld"[m[K,
[2.403s]       |         [01;35m[K^~~~~~~~~~~~~~~~~~~~~~~~~~~~~~~~~~~~~~~~~~~~~~~[m[K
[2.403s]    50 |         msg->stamp.sec,
[2.403s]    51 |         [32m[Kmsg->stamp.nanosec[m[K);
[2.403s]       |         [32m[K~~~~~~~~~~~~~~~~~~[m[K
[2.403s]       |                    [32m[K|[m[K
[2.403s]       |                    [32m[Kbuiltin_interfaces::msg::Time_<std::allocator<void> >::_nanosec_type {aka unsigned int}[m[K
[2.403s] [01m[K/home/smkim/ros2_tutorials/robot_ws/src/calculator_cpp/src/calculator.cpp:49:54:[m[K [01;36m[Knote: [m[Kformat string is defined here
[2.403s]    49 |         "Timestamp of the message: sec %ld nanosec [01;36m[K%ld[m[K",
[2.403s]       |                                                    [01;36m[K~~^[m[K
[2.404s]       |                                                      [01;36m[K|[m[K
[2.404s]       |                                                      [01;36m[Klong int[m[K
[2.404s]       |                                                    [32m[K%d[m[K
[8.625s] [100%] [32m[1mLinking CXX executable calculator[0m
[9.102s] [100%] Built target calculator
[9.112s] Invoked command in '/home/smkim/ros2_tutorials/robot_ws/build/calculator_cpp' returned '0': CMAKE_PREFIX_PATH=/home/smkim/ros2_tutorials/robot_ws/install/msg_srv_action_interface_example:/home/smkim/ros2_tutorials/robot_ws/install/calculator_cpp:/home/smkim/ros2_tutorials/robot_ws/install/basic_pkg_cpp:/home/smkim/ros2_tutorials/robot_ws/install/topic_service_action_rclpy_example:/home/smkim/ros2_tutorials/robot_ws/install/ros2env:/home/smkim/ros2_tutorials/robot_ws/install/calculator:/home/smkim/ros2_tutorials/robot_ws/install/logger:/home/smkim/ros2_tutorials/robot_ws/install/basic_pkg:/opt/ros/humble /usr/bin/cmake --build /home/smkim/ros2_tutorials/robot_ws/build/calculator_cpp -- -j8 -l8
[9.145s] Invoking command in '/home/smkim/ros2_tutorials/robot_ws/build/calculator_cpp': CMAKE_PREFIX_PATH=/home/smkim/ros2_tutorials/robot_ws/install/msg_srv_action_interface_example:/home/smkim/ros2_tutorials/robot_ws/install/calculator_cpp:/home/smkim/ros2_tutorials/robot_ws/install/basic_pkg_cpp:/home/smkim/ros2_tutorials/robot_ws/install/topic_service_action_rclpy_example:/home/smkim/ros2_tutorials/robot_ws/install/ros2env:/home/smkim/ros2_tutorials/robot_ws/install/calculator:/home/smkim/ros2_tutorials/robot_ws/install/logger:/home/smkim/ros2_tutorials/robot_ws/install/basic_pkg:/opt/ros/humble /usr/bin/cmake --install /home/smkim/ros2_tutorials/robot_ws/build/calculator_cpp
[9.152s] -- Install configuration: ""
[9.153s] -- Execute custom install script
[9.154s] -- Up-to-date symlink: /home/smkim/ros2_tutorials/robot_ws/install/calculator_cpp/lib/calculator_cpp/argument
[9.154s] -- Up-to-date symlink: /home/smkim/ros2_tutorials/robot_ws/install/calculator_cpp/lib/calculator_cpp/calculator
[9.154s] -- Up-to-date symlink: /home/smkim/ros2_tutorials/robot_ws/install/calculator_cpp/lib/calculator_cpp/checker
[9.154s] -- Up-to-date symlink: /home/smkim/ros2_tutorials/robot_ws/install/calculator_cpp/lib/calculator_cpp/operator
[9.154s] -- Up-to-date symlink: /home/smkim/ros2_tutorials/robot_ws/install/calculator_cpp/share/ament_index/resource_index/package_run_dependencies/calculator_cpp
[9.155s] -- Up-to-date symlink: /home/smkim/ros2_tutorials/robot_ws/install/calculator_cpp/share/ament_index/resource_index/parent_prefix_path/calculator_cpp
[9.155s] -- Up-to-date symlink: /home/smkim/ros2_tutorials/robot_ws/install/calculator_cpp/share/calculator_cpp/environment/ament_prefix_path.sh
[9.155s] -- Up-to-date symlink: /home/smkim/ros2_tutorials/robot_ws/install/calculator_cpp/share/calculator_cpp/environment/ament_prefix_path.dsv
[9.155s] -- Up-to-date symlink: /home/smkim/ros2_tutorials/robot_ws/install/calculator_cpp/share/calculator_cpp/environment/path.sh
[9.155s] -- Up-to-date symlink: /home/smkim/ros2_tutorials/robot_ws/install/calculator_cpp/share/calculator_cpp/environment/path.dsv
[9.155s] -- Up-to-date symlink: /home/smkim/ros2_tutorials/robot_ws/install/calculator_cpp/share/calculator_cpp/local_setup.bash
[9.155s] -- Up-to-date symlink: /home/smkim/ros2_tutorials/robot_ws/install/calculator_cpp/share/calculator_cpp/local_setup.sh
[9.155s] -- Up-to-date symlink: /home/smkim/ros2_tutorials/robot_ws/install/calculator_cpp/share/calculator_cpp/local_setup.zsh
[9.155s] -- Up-to-date symlink: /home/smkim/ros2_tutorials/robot_ws/install/calculator_cpp/share/calculator_cpp/local_setup.dsv
[9.156s] -- Symlinking: /home/smkim/ros2_tutorials/robot_ws/install/calculator_cpp/share/calculator_cpp/package.dsv
[9.163s] -- Up-to-date symlink: /home/smkim/ros2_tutorials/robot_ws/install/calculator_cpp/share/ament_index/resource_index/packages/calculator_cpp
[9.163s] -- Up-to-date symlink: /home/smkim/ros2_tutorials/robot_ws/install/calculator_cpp/share/calculator_cpp/cmake/calculator_cppConfig.cmake
[9.163s] -- Up-to-date symlink: /home/smkim/ros2_tutorials/robot_ws/install/calculator_cpp/share/calculator_cpp/cmake/calculator_cppConfig-version.cmake
[9.163s] -- Up-to-date symlink: /home/smkim/ros2_tutorials/robot_ws/install/calculator_cpp/share/calculator_cpp/package.xml
[9.165s] Invoked command in '/home/smkim/ros2_tutorials/robot_ws/build/calculator_cpp' returned '0': CMAKE_PREFIX_PATH=/home/smkim/ros2_tutorials/robot_ws/install/msg_srv_action_interface_example:/home/smkim/ros2_tutorials/robot_ws/install/calculator_cpp:/home/smkim/ros2_tutorials/robot_ws/install/basic_pkg_cpp:/home/smkim/ros2_tutorials/robot_ws/install/topic_service_action_rclpy_example:/home/smkim/ros2_tutorials/robot_ws/install/ros2env:/home/smkim/ros2_tutorials/robot_ws/install/calculator:/home/smkim/ros2_tutorials/robot_ws/install/logger:/home/smkim/ros2_tutorials/robot_ws/install/basic_pkg:/opt/ros/humble /usr/bin/cmake --install /home/smkim/ros2_tutorials/robot_ws/build/calculator_cpp
