running egg_info
creating ../../build/ros2env/ros2env.egg-info
writing ../../build/ros2env/ros2env.egg-info/PKG-INFO
writing dependency_links to ../../build/ros2env/ros2env.egg-info/dependency_links.txt
writing entry points to ../../build/ros2env/ros2env.egg-info/entry_points.txt
writing requirements to ../../build/ros2env/ros2env.egg-info/requires.txt
writing top-level names to ../../build/ros2env/ros2env.egg-info/top_level.txt
writing manifest file '../../build/ros2env/ros2env.egg-info/SOURCES.txt'
reading manifest file '../../build/ros2env/ros2env.egg-info/SOURCES.txt'
writing manifest file '../../build/ros2env/ros2env.egg-info/SOURCES.txt'
running build
running build_py
creating /robot_ws/build/ros2env/build
creating /robot_ws/build/ros2env/build/lib
creating /robot_ws/build/ros2env/build/lib/ros2env
copying ros2env/__init__.py -> /robot_ws/build/ros2env/build/lib/ros2env
creating /robot_ws/build/ros2env/build/lib/ros2env/verb
copying ros2env/verb/__init__.py -> /robot_ws/build/ros2env/build/lib/ros2env/verb
copying ros2env/verb/list.py -> /robot_ws/build/ros2env/build/lib/ros2env/verb
copying ros2env/verb/set.py -> /robot_ws/build/ros2env/build/lib/ros2env/verb
creating /robot_ws/build/ros2env/build/lib/ros2env/command
copying ros2env/command/__init__.py -> /robot_ws/build/ros2env/build/lib/ros2env/command
copying ros2env/command/env.py -> /robot_ws/build/ros2env/build/lib/ros2env/command
creating /robot_ws/build/ros2env/build/lib/ros2env/api
copying ros2env/api/__init__.py -> /robot_ws/build/ros2env/build/lib/ros2env/api
running install
running install_lib
creating /robot_ws/install/ros2env/lib/python3.10/site-packages/ros2env
creating /robot_ws/install/ros2env/lib/python3.10/site-packages/ros2env/verb
copying /robot_ws/build/ros2env/build/lib/ros2env/verb/__init__.py -> /robot_ws/install/ros2env/lib/python3.10/site-packages/ros2env/verb
copying /robot_ws/build/ros2env/build/lib/ros2env/verb/list.py -> /robot_ws/install/ros2env/lib/python3.10/site-packages/ros2env/verb
copying /robot_ws/build/ros2env/build/lib/ros2env/verb/set.py -> /robot_ws/install/ros2env/lib/python3.10/site-packages/ros2env/verb
copying /robot_ws/build/ros2env/build/lib/ros2env/__init__.py -> /robot_ws/install/ros2env/lib/python3.10/site-packages/ros2env
creating /robot_ws/install/ros2env/lib/python3.10/site-packages/ros2env/command
copying /robot_ws/build/ros2env/build/lib/ros2env/command/__init__.py -> /robot_ws/install/ros2env/lib/python3.10/site-packages/ros2env/command
copying /robot_ws/build/ros2env/build/lib/ros2env/command/env.py -> /robot_ws/install/ros2env/lib/python3.10/site-packages/ros2env/command
creating /robot_ws/install/ros2env/lib/python3.10/site-packages/ros2env/api
copying /robot_ws/build/ros2env/build/lib/ros2env/api/__init__.py -> /robot_ws/install/ros2env/lib/python3.10/site-packages/ros2env/api
byte-compiling /robot_ws/install/ros2env/lib/python3.10/site-packages/ros2env/verb/__init__.py to __init__.cpython-310.pyc
byte-compiling /robot_ws/install/ros2env/lib/python3.10/site-packages/ros2env/verb/list.py to list.cpython-310.pyc
byte-compiling /robot_ws/install/ros2env/lib/python3.10/site-packages/ros2env/verb/set.py to set.cpython-310.pyc
byte-compiling /robot_ws/install/ros2env/lib/python3.10/site-packages/ros2env/__init__.py to __init__.cpython-310.pyc
byte-compiling /robot_ws/install/ros2env/lib/python3.10/site-packages/ros2env/command/__init__.py to __init__.cpython-310.pyc
byte-compiling /robot_ws/install/ros2env/lib/python3.10/site-packages/ros2env/command/env.py to env.cpython-310.pyc
byte-compiling /robot_ws/install/ros2env/lib/python3.10/site-packages/ros2env/api/__init__.py to __init__.cpython-310.pyc
running install_data
creating /robot_ws/install/ros2env/share/ament_index
creating /robot_ws/install/ros2env/share/ament_index/resource_index
creating /robot_ws/install/ros2env/share/ament_index/resource_index/packages
copying resource/ros2env -> /robot_ws/install/ros2env/share/ament_index/resource_index/packages
copying package.xml -> /robot_ws/install/ros2env/share/ros2env
running install_egg_info
Copying ../../build/ros2env/ros2env.egg-info to /robot_ws/install/ros2env/lib/python3.10/site-packages/ros2env-0.6.0-py3.10.egg-info
running install_scripts
writing list of installed files to '/robot_ws/build/ros2env/install.log'
