[1.297s] Invoking command in '/robot_ws/src/ros2env': PYTHONPATH=/robot_ws/build/ros2env/prefix_override:/usr/lib/python3/dist-packages/colcon_core/task/python/colcon_distutils_commands:/robot_ws/install/ros2env/lib/python3.10/site-packages:${PYTHONPATH} /usr/bin/python3 -W ignore:setup.py install is deprecated setup.py egg_info --egg-base ../../build/ros2env build --build-base /robot_ws/build/ros2env/build install --record /robot_ws/build/ros2env/install.log --single-version-externally-managed install_data
[1.564s] running egg_info
[1.565s] creating ../../build/ros2env/ros2env.egg-info
[1.565s] writing ../../build/ros2env/ros2env.egg-info/PKG-INFO
[1.565s] writing dependency_links to ../../build/ros2env/ros2env.egg-info/dependency_links.txt
[1.565s] writing entry points to ../../build/ros2env/ros2env.egg-info/entry_points.txt
[1.565s] writing requirements to ../../build/ros2env/ros2env.egg-info/requires.txt
[1.565s] writing top-level names to ../../build/ros2env/ros2env.egg-info/top_level.txt
[1.566s] writing manifest file '../../build/ros2env/ros2env.egg-info/SOURCES.txt'
[1.583s] reading manifest file '../../build/ros2env/ros2env.egg-info/SOURCES.txt'
[1.584s] writing manifest file '../../build/ros2env/ros2env.egg-info/SOURCES.txt'
[1.584s] running build
[1.584s] running build_py
[1.584s] creating /robot_ws/build/ros2env/build
[1.585s] creating /robot_ws/build/ros2env/build/lib
[1.585s] creating /robot_ws/build/ros2env/build/lib/ros2env
[1.585s] copying ros2env/__init__.py -> /robot_ws/build/ros2env/build/lib/ros2env
[1.585s] creating /robot_ws/build/ros2env/build/lib/ros2env/verb
[1.586s] copying ros2env/verb/__init__.py -> /robot_ws/build/ros2env/build/lib/ros2env/verb
[1.586s] copying ros2env/verb/list.py -> /robot_ws/build/ros2env/build/lib/ros2env/verb
[1.586s] copying ros2env/verb/set.py -> /robot_ws/build/ros2env/build/lib/ros2env/verb
[1.586s] creating /robot_ws/build/ros2env/build/lib/ros2env/command
[1.586s] copying ros2env/command/__init__.py -> /robot_ws/build/ros2env/build/lib/ros2env/command
[1.586s] copying ros2env/command/env.py -> /robot_ws/build/ros2env/build/lib/ros2env/command
[1.586s] creating /robot_ws/build/ros2env/build/lib/ros2env/api
[1.586s] copying ros2env/api/__init__.py -> /robot_ws/build/ros2env/build/lib/ros2env/api
[1.587s] running install
[1.589s] running install_lib
[1.590s] creating /robot_ws/install/ros2env/lib/python3.10/site-packages/ros2env
[1.590s] creating /robot_ws/install/ros2env/lib/python3.10/site-packages/ros2env/verb
[1.590s] copying /robot_ws/build/ros2env/build/lib/ros2env/verb/__init__.py -> /robot_ws/install/ros2env/lib/python3.10/site-packages/ros2env/verb
[1.590s] copying /robot_ws/build/ros2env/build/lib/ros2env/verb/list.py -> /robot_ws/install/ros2env/lib/python3.10/site-packages/ros2env/verb
[1.590s] copying /robot_ws/build/ros2env/build/lib/ros2env/verb/set.py -> /robot_ws/install/ros2env/lib/python3.10/site-packages/ros2env/verb
[1.590s] copying /robot_ws/build/ros2env/build/lib/ros2env/__init__.py -> /robot_ws/install/ros2env/lib/python3.10/site-packages/ros2env
[1.590s] creating /robot_ws/install/ros2env/lib/python3.10/site-packages/ros2env/command
[1.590s] copying /robot_ws/build/ros2env/build/lib/ros2env/command/__init__.py -> /robot_ws/install/ros2env/lib/python3.10/site-packages/ros2env/command
[1.591s] copying /robot_ws/build/ros2env/build/lib/ros2env/command/env.py -> /robot_ws/install/ros2env/lib/python3.10/site-packages/ros2env/command
[1.591s] creating /robot_ws/install/ros2env/lib/python3.10/site-packages/ros2env/api
[1.591s] copying /robot_ws/build/ros2env/build/lib/ros2env/api/__init__.py -> /robot_ws/install/ros2env/lib/python3.10/site-packages/ros2env/api
[1.591s] byte-compiling /robot_ws/install/ros2env/lib/python3.10/site-packages/ros2env/verb/__init__.py to __init__.cpython-310.pyc
[1.601s] byte-compiling /robot_ws/install/ros2env/lib/python3.10/site-packages/ros2env/verb/list.py to list.cpython-310.pyc
[1.601s] byte-compiling /robot_ws/install/ros2env/lib/python3.10/site-packages/ros2env/verb/set.py to set.cpython-310.pyc
[1.602s] byte-compiling /robot_ws/install/ros2env/lib/python3.10/site-packages/ros2env/__init__.py to __init__.cpython-310.pyc
[1.602s] byte-compiling /robot_ws/install/ros2env/lib/python3.10/site-packages/ros2env/command/__init__.py to __init__.cpython-310.pyc
[1.602s] byte-compiling /robot_ws/install/ros2env/lib/python3.10/site-packages/ros2env/command/env.py to env.cpython-310.pyc
[1.602s] byte-compiling /robot_ws/install/ros2env/lib/python3.10/site-packages/ros2env/api/__init__.py to __init__.cpython-310.pyc
[1.602s] running install_data
[1.602s] creating /robot_ws/install/ros2env/share/ament_index
[1.602s] creating /robot_ws/install/ros2env/share/ament_index/resource_index
[1.602s] creating /robot_ws/install/ros2env/share/ament_index/resource_index/packages
[1.602s] copying resource/ros2env -> /robot_ws/install/ros2env/share/ament_index/resource_index/packages
[1.602s] copying package.xml -> /robot_ws/install/ros2env/share/ros2env
[1.602s] running install_egg_info
[1.602s] Copying ../../build/ros2env/ros2env.egg-info to /robot_ws/install/ros2env/lib/python3.10/site-packages/ros2env-0.6.0-py3.10.egg-info
[1.602s] running install_scripts
[1.632s] writing list of installed files to '/robot_ws/build/ros2env/install.log'
[1.670s] Invoked command in '/robot_ws/src/ros2env' returned '0': PYTHONPATH=/robot_ws/build/ros2env/prefix_override:/usr/lib/python3/dist-packages/colcon_core/task/python/colcon_distutils_commands:/robot_ws/install/ros2env/lib/python3.10/site-packages:${PYTHONPATH} /usr/bin/python3 -W ignore:setup.py install is deprecated setup.py egg_info --egg-base ../../build/ros2env build --build-base /robot_ws/build/ros2env/build install --record /robot_ws/build/ros2env/install.log --single-version-externally-managed install_data
