[0.777s] Invoking command in '/robot_ws/build/urdf_tutorial': CMAKE_PREFIX_PATH=/opt/ros/humble /usr/bin/cmake /robot_ws/src/urdf_tutorial -DCMAKE_INSTALL_PREFIX=/robot_ws/install/urdf_tutorial
[0.859s] -- The C compiler identification is GNU 11.4.0
[0.929s] -- The CXX compiler identification is GNU 11.4.0
[0.939s] -- Detecting C compiler ABI info
[1.068s] -- Detecting C compiler ABI info - done
[1.096s] -- Check for working C compiler: /usr/bin/cc - skipped
[1.096s] -- Detecting C compile features
[1.096s] -- Detecting C compile features - done
[1.096s] -- Detecting CXX compiler ABI info
[1.180s] -- Detecting CXX compiler ABI info - done
[1.191s] -- Check for working CXX compiler: /usr/bin/c++ - skipped
[1.191s] -- Detecting CXX compile features
[1.191s] -- Detecting CXX compile features - done
[1.193s] -- Found ament_cmake: 1.3.10 (/opt/ros/humble/share/ament_cmake/cmake)
[1.371s] -- Found Python3: /usr/bin/python3 (found version "3.10.12") found components: Interpreter 
[1.491s] -- Found ament_lint_auto: 0.12.11 (/opt/ros/humble/share/ament_lint_auto/cmake)
[1.571s] -- Configuring done
[1.576s] -- Generating done
[1.579s] -- Build files have been written to: /robot_ws/build/urdf_tutorial
[1.616s] Invoked command in '/robot_ws/build/urdf_tutorial' returned '0': CMAKE_PREFIX_PATH=/opt/ros/humble /usr/bin/cmake /robot_ws/src/urdf_tutorial -DCMAKE_INSTALL_PREFIX=/robot_ws/install/urdf_tutorial
[1.617s] Invoking command in '/robot_ws/build/urdf_tutorial': CMAKE_PREFIX_PATH=/opt/ros/humble /usr/bin/cmake --build /robot_ws/build/urdf_tutorial -- -j8 -l8
[1.678s] Invoked command in '/robot_ws/build/urdf_tutorial' returned '0': CMAKE_PREFIX_PATH=/opt/ros/humble /usr/bin/cmake --build /robot_ws/build/urdf_tutorial -- -j8 -l8
[1.715s] Invoking command in '/robot_ws/build/urdf_tutorial': CMAKE_PREFIX_PATH=/opt/ros/humble /usr/bin/cmake --install /robot_ws/build/urdf_tutorial
[1.719s] -- Install configuration: ""
[1.719s] -- Installing: /robot_ws/install/urdf_tutorial/share/urdf_tutorial/images
[1.719s] -- Installing: /robot_ws/install/urdf_tutorial/share/urdf_tutorial/images/flexible.png
[1.719s] -- Installing: /robot_ws/install/urdf_tutorial/share/urdf_tutorial/images/materials.png
[1.720s] -- Installing: /robot_ws/install/urdf_tutorial/share/urdf_tutorial/images/multipleshapes.png
[1.720s] -- Installing: /robot_ws/install/urdf_tutorial/share/urdf_tutorial/images/myfirst.png
[1.720s] -- Installing: /robot_ws/install/urdf_tutorial/share/urdf_tutorial/images/visual.png
[1.720s] -- Installing: /robot_ws/install/urdf_tutorial/share/urdf_tutorial/images/origins.png
[1.720s] -- Installing: /robot_ws/install/urdf_tutorial/share/urdf_tutorial/launch
[1.721s] -- Installing: /robot_ws/install/urdf_tutorial/share/urdf_tutorial/launch/display.launch.py
[1.721s] -- Installing: /robot_ws/install/urdf_tutorial/share/urdf_tutorial/meshes
[1.721s] -- Installing: /robot_ws/install/urdf_tutorial/share/urdf_tutorial/meshes/l_finger_color.png
[1.721s] -- Installing: /robot_ws/install/urdf_tutorial/share/urdf_tutorial/meshes/l_finger_tip_color.png
[1.722s] -- Installing: /robot_ws/install/urdf_tutorial/share/urdf_tutorial/meshes/l_finger_tip.dae
[1.722s] -- Installing: /robot_ws/install/urdf_tutorial/share/urdf_tutorial/meshes/l_finger.dae
[1.722s] -- Installing: /robot_ws/install/urdf_tutorial/share/urdf_tutorial/rviz
[1.722s] -- Installing: /robot_ws/install/urdf_tutorial/share/urdf_tutorial/rviz/urdf.rviz
[1.722s] -- Installing: /robot_ws/install/urdf_tutorial/share/urdf_tutorial/urdf
[1.722s] -- Installing: /robot_ws/install/urdf_tutorial/share/urdf_tutorial/urdf/03-origins.urdf
[1.723s] -- Installing: /robot_ws/install/urdf_tutorial/share/urdf_tutorial/urdf/04-materials.urdf
[1.723s] -- Installing: /robot_ws/install/urdf_tutorial/share/urdf_tutorial/urdf/07-physics.urdf
[1.723s] -- Installing: /robot_ws/install/urdf_tutorial/share/urdf_tutorial/urdf/05-visual.urdf
[1.724s] -- Installing: /robot_ws/install/urdf_tutorial/share/urdf_tutorial/urdf/01-myfirst.urdf
[1.724s] -- Installing: /robot_ws/install/urdf_tutorial/share/urdf_tutorial/urdf/02-multipleshapes.urdf
[1.724s] -- Installing: /robot_ws/install/urdf_tutorial/share/urdf_tutorial/urdf/08-macroed.urdf.xacro
[1.724s] -- Installing: /robot_ws/install/urdf_tutorial/share/urdf_tutorial/urdf/06-flexible.urdf
[1.727s] -- Installing: /robot_ws/install/urdf_tutorial/share/ament_index/resource_index/package_run_dependencies/urdf_tutorial
[1.727s] -- Installing: /robot_ws/install/urdf_tutorial/share/ament_index/resource_index/parent_prefix_path/urdf_tutorial
[1.727s] -- Installing: /robot_ws/install/urdf_tutorial/share/urdf_tutorial/environment/ament_prefix_path.sh
[1.727s] -- Installing: /robot_ws/install/urdf_tutorial/share/urdf_tutorial/environment/ament_prefix_path.dsv
[1.727s] -- Installing: /robot_ws/install/urdf_tutorial/share/urdf_tutorial/environment/path.sh
[1.727s] -- Installing: /robot_ws/install/urdf_tutorial/share/urdf_tutorial/environment/path.dsv
[1.727s] -- Installing: /robot_ws/install/urdf_tutorial/share/urdf_tutorial/local_setup.bash
[1.728s] -- Installing: /robot_ws/install/urdf_tutorial/share/urdf_tutorial/local_setup.sh
[1.728s] -- Installing: /robot_ws/install/urdf_tutorial/share/urdf_tutorial/local_setup.zsh
[1.728s] -- Installing: /robot_ws/install/urdf_tutorial/share/urdf_tutorial/local_setup.dsv
[1.728s] -- Installing: /robot_ws/install/urdf_tutorial/share/urdf_tutorial/package.dsv
[1.729s] -- Installing: /robot_ws/install/urdf_tutorial/share/ament_index/resource_index/packages/urdf_tutorial
[1.729s] -- Installing: /robot_ws/install/urdf_tutorial/share/urdf_tutorial/cmake/urdf_tutorialConfig.cmake
[1.729s] -- Installing: /robot_ws/install/urdf_tutorial/share/urdf_tutorial/cmake/urdf_tutorialConfig-version.cmake
[1.729s] -- Installing: /robot_ws/install/urdf_tutorial/share/urdf_tutorial/package.xml
[1.733s] Invoked command in '/robot_ws/build/urdf_tutorial' returned '0': CMAKE_PREFIX_PATH=/opt/ros/humble /usr/bin/cmake --install /robot_ws/build/urdf_tutorial
