-- The C compiler identification is GNU 11.4.0
-- The CXX compiler identification is GNU 11.4.0
-- Detecting C compiler ABI info
-- Detecting C compiler ABI info - done
-- Check for working C compiler: /usr/bin/cc - skipped
-- Detecting C compile features
-- Detecting C compile features - done
-- Detecting CXX compiler ABI info
-- Detecting CXX compiler ABI info - done
-- Check for working CXX compiler: /usr/bin/c++ - skipped
-- Detecting CXX compile features
-- Detecting CXX compile features - done
-- Found ament_cmake: 1.3.10 (/opt/ros/humble/share/ament_cmake/cmake)
-- Found Python3: /usr/bin/python3 (found version "3.10.12") found components: Interpreter 
-- Found geometry_msgs: 4.2.4 (/opt/ros/humble/share/geometry_msgs/cmake)
-- Found rosidl_generator_c: 3.1.5 (/opt/ros/humble/share/rosidl_generator_c/cmake)
-- Found rosidl_adapter: 3.1.5 (/opt/ros/humble/share/rosidl_adapter/cmake)
-- Found rosidl_generator_cpp: 3.1.5 (/opt/ros/humble/share/rosidl_generator_cpp/cmake)
-- Using all available rosidl_typesupport_c: rosidl_typesupport_fastrtps_c;rosidl_typesupport_introspection_c
-- Using all available rosidl_typesupport_cpp: rosidl_typesupport_fastrtps_cpp;rosidl_typesupport_introspection_cpp
-- Found rclcpp: 16.0.10 (/opt/ros/humble/share/rclcpp/cmake)
-- Found rmw_implementation_cmake: 6.1.2 (/opt/ros/humble/share/rmw_implementation_cmake/cmake)
-- Found rmw_fastrtps_cpp: 6.2.7 (/opt/ros/humble/share/rmw_fastrtps_cpp/cmake)
-- Found OpenSSL: /usr/lib/x86_64-linux-gnu/libcrypto.so (found version "3.0.2")  
-- Found FastRTPS: /opt/ros/humble/include  
-- Using RMW implementation 'rmw_fastrtps_cpp' as default
-- Looking for pthread.h
-- Looking for pthread.h - found
-- Performing Test CMAKE_HAVE_LIBC_PTHREAD
-- Performing Test CMAKE_HAVE_LIBC_PTHREAD - Success
-- Found Threads: TRUE  
-- Found tf2: 0.25.7 (/opt/ros/humble/share/tf2/cmake)
-- Found tf2_ros: 0.25.7 (/opt/ros/humble/share/tf2_ros/cmake)
-- Found turtlesim: 1.4.2 (/opt/ros/humble/share/turtlesim/cmake)
-- Found tf2_geometry_msgs: 0.25.7 (/opt/ros/humble/share/tf2_geometry_msgs/cmake)
-- Found eigen3_cmake_module: 0.1.1 (/opt/ros/humble/share/eigen3_cmake_module/cmake)
-- Found Eigen3: TRUE (found version "3.4.0") 
-- Ensuring Eigen3 include directory is part of orocos-kdl CMake target
-- Found ament_lint_auto: 0.12.11 (/opt/ros/humble/share/ament_lint_auto/cmake)
-- Added test 'cppcheck' to perform static code analysis on C / C++ code
-- Configured cppcheck include dirs: 
-- Configured cppcheck exclude dirs and/or files: 
-- Added test 'flake8' to check Python code syntax and style conventions
-- Added test 'lint_cmake' to check CMake code style
-- Added test 'pep257' to check Python code against some of the docstring style conventions in PEP 257
-- Added test 'uncrustify' to check C / C++ code style
-- Configured uncrustify additional arguments: 
-- Added test 'xmllint' to check XML markup files
-- Configuring done
-- Generating done
-- Build files have been written to: /robot_ws/build/tf2_cpp_
[  7%] [32mBuilding CXX object CMakeFiles/static_turtle_tf2_broadcaster.dir/src/static_turtle_tf2_broadcaster.cpp.o[0m
[ 28%] [32mBuilding CXX object CMakeFiles/dynamic_frame_tf2_broadcaster.dir/src/dynamic_frame_tf2_broadcaster.cpp.o[0m
[ 28%] [32mBuilding CXX object CMakeFiles/turtle_tf2_listener.dir/src/turtle_tf2_listener.cpp.o[0m
[ 28%] [32mBuilding CXX object CMakeFiles/turtle_tf2_broadcaster.dir/src/turtle_tf2_broadcaster.cpp.o[0m
[ 35%] [32mBuilding CXX object CMakeFiles/fixed_frame_tf2_broadcaster.dir/src/fixed_frame_tf2_broadcaster.cpp.o[0m
[ 42%] [32mBuilding CXX object CMakeFiles/turtle_tf2_message_filter.dir/src/turtle_tf2_message_filter.cpp.o[0m
[ 50%] [32mBuilding CXX object CMakeFiles/turtle_tf2_listener_debug.dir/src/turtle_tf2_listener_debug.cpp.o[0m
[ 57%] [32m[1mLinking CXX executable dynamic_frame_tf2_broadcaster[0m
[ 64%] [32m[1mLinking CXX executable fixed_frame_tf2_broadcaster[0m
[ 64%] Built target dynamic_frame_tf2_broadcaster
[ 71%] [32m[1mLinking CXX executable static_turtle_tf2_broadcaster[0m
[ 71%] Built target fixed_frame_tf2_broadcaster
[ 71%] Built target static_turtle_tf2_broadcaster
[ 78%] [32m[1mLinking CXX executable turtle_tf2_listener[0m
[ 78%] Built target turtle_tf2_listener
[ 85%] [32m[1mLinking CXX executable turtle_tf2_listener_debug[0m
[ 85%] Built target turtle_tf2_listener_debug
[ 92%] [32m[1mLinking CXX executable turtle_tf2_broadcaster[0m
[ 92%] Built target turtle_tf2_broadcaster
[100%] [32m[1mLinking CXX executable turtle_tf2_message_filter[0m
[100%] Built target turtle_tf2_message_filter
-- Install configuration: ""
-- Installing: /robot_ws/install/tf2_cpp_/lib/tf2_cpp_/static_turtle_tf2_broadcaster
-- Set runtime path of "/robot_ws/install/tf2_cpp_/lib/tf2_cpp_/static_turtle_tf2_broadcaster" to ""
-- Installing: /robot_ws/install/tf2_cpp_/lib/tf2_cpp_/turtle_tf2_broadcaster
-- Set runtime path of "/robot_ws/install/tf2_cpp_/lib/tf2_cpp_/turtle_tf2_broadcaster" to ""
-- Installing: /robot_ws/install/tf2_cpp_/lib/tf2_cpp_/turtle_tf2_listener
-- Set runtime path of "/robot_ws/install/tf2_cpp_/lib/tf2_cpp_/turtle_tf2_listener" to ""
-- Installing: /robot_ws/install/tf2_cpp_/lib/tf2_cpp_/fixed_frame_tf2_broadcaster
-- Set runtime path of "/robot_ws/install/tf2_cpp_/lib/tf2_cpp_/fixed_frame_tf2_broadcaster" to ""
-- Installing: /robot_ws/install/tf2_cpp_/lib/tf2_cpp_/dynamic_frame_tf2_broadcaster
-- Set runtime path of "/robot_ws/install/tf2_cpp_/lib/tf2_cpp_/dynamic_frame_tf2_broadcaster" to ""
-- Installing: /robot_ws/install/tf2_cpp_/lib/tf2_cpp_/turtle_tf2_listener_debug
-- Set runtime path of "/robot_ws/install/tf2_cpp_/lib/tf2_cpp_/turtle_tf2_listener_debug" to ""
-- Installing: /robot_ws/install/tf2_cpp_/lib/tf2_cpp_/turtle_tf2_message_filter
-- Set runtime path of "/robot_ws/install/tf2_cpp_/lib/tf2_cpp_/turtle_tf2_message_filter" to ""
-- Installing: /robot_ws/install/tf2_cpp_/share/tf2_cpp_/launch
-- Installing: /robot_ws/install/tf2_cpp_/share/tf2_cpp_/launch/turtle_tf2_fixed_frame_demo.launch.py
-- Installing: /robot_ws/install/tf2_cpp_/share/tf2_cpp_/launch/turtle_tf2_dynamic_frame_demo.launch.py
-- Installing: /robot_ws/install/tf2_cpp_/share/tf2_cpp_/launch/static_transform_publisher.launch.py
-- Installing: /robot_ws/install/tf2_cpp_/share/tf2_cpp_/launch/start_tf2_debug_demo.launch.py
-- Installing: /robot_ws/install/tf2_cpp_/share/tf2_cpp_/launch/turtle_tf2_demo.launch.py
-- Installing: /robot_ws/install/tf2_cpp_/share/tf2_cpp_/launch/turtle_tf2_sensor_message.launch.py
-- Installing: /robot_ws/install/tf2_cpp_/share/ament_index/resource_index/package_run_dependencies/tf2_cpp_
-- Installing: /robot_ws/install/tf2_cpp_/share/ament_index/resource_index/parent_prefix_path/tf2_cpp_
-- Installing: /robot_ws/install/tf2_cpp_/share/tf2_cpp_/environment/ament_prefix_path.sh
-- Installing: /robot_ws/install/tf2_cpp_/share/tf2_cpp_/environment/ament_prefix_path.dsv
-- Installing: /robot_ws/install/tf2_cpp_/share/tf2_cpp_/environment/path.sh
-- Installing: /robot_ws/install/tf2_cpp_/share/tf2_cpp_/environment/path.dsv
-- Installing: /robot_ws/install/tf2_cpp_/share/tf2_cpp_/local_setup.bash
-- Installing: /robot_ws/install/tf2_cpp_/share/tf2_cpp_/local_setup.sh
-- Installing: /robot_ws/install/tf2_cpp_/share/tf2_cpp_/local_setup.zsh
-- Installing: /robot_ws/install/tf2_cpp_/share/tf2_cpp_/local_setup.dsv
-- Installing: /robot_ws/install/tf2_cpp_/share/tf2_cpp_/package.dsv
-- Installing: /robot_ws/install/tf2_cpp_/share/ament_index/resource_index/packages/tf2_cpp_
-- Installing: /robot_ws/install/tf2_cpp_/share/tf2_cpp_/cmake/tf2_cpp_Config.cmake
-- Installing: /robot_ws/install/tf2_cpp_/share/tf2_cpp_/cmake/tf2_cpp_Config-version.cmake
-- Installing: /robot_ws/install/tf2_cpp_/share/tf2_cpp_/package.xml
