[0.564s] Invoking command in '/robot_ws/build/tf2_cpp_': CMAKE_PREFIX_PATH=/opt/ros/humble /usr/bin/cmake /robot_ws/src/tf2_cpp_ -DCMAKE_INSTALL_PREFIX=/robot_ws/install/tf2_cpp_
[0.780s] -- The C compiler identification is GNU 11.4.0
[0.781s] -- The CXX compiler identification is GNU 11.4.0
[0.784s] -- Detecting C compiler ABI info
[0.784s] -- Detecting C compiler ABI info - done
[0.784s] -- Check for working C compiler: /usr/bin/cc - skipped
[0.784s] -- Detecting C compile features
[0.784s] -- Detecting C compile features - done
[0.784s] -- Detecting CXX compiler ABI info
[0.784s] -- Detecting CXX compiler ABI info - done
[0.788s] -- Check for working CXX compiler: /usr/bin/c++ - skipped
[0.788s] -- Detecting CXX compile features
[0.788s] -- Detecting CXX compile features - done
[0.794s] -- Found ament_cmake: 1.3.10 (/opt/ros/humble/share/ament_cmake/cmake)
[0.975s] -- Found Python3: /usr/bin/python3 (found version "3.10.12") found components: Interpreter 
[1.096s] -- Found geometry_msgs: 4.2.4 (/opt/ros/humble/share/geometry_msgs/cmake)
[1.142s] -- Found rosidl_generator_c: 3.1.5 (/opt/ros/humble/share/rosidl_generator_c/cmake)
[1.147s] -- Found rosidl_adapter: 3.1.5 (/opt/ros/humble/share/rosidl_adapter/cmake)
[1.153s] -- Found rosidl_generator_cpp: 3.1.5 (/opt/ros/humble/share/rosidl_generator_cpp/cmake)
[1.162s] -- Using all available rosidl_typesupport_c: rosidl_typesupport_fastrtps_c;rosidl_typesupport_introspection_c
[1.181s] -- Using all available rosidl_typesupport_cpp: rosidl_typesupport_fastrtps_cpp;rosidl_typesupport_introspection_cpp
[1.275s] -- Found rclcpp: 16.0.10 (/opt/ros/humble/share/rclcpp/cmake)
[1.330s] -- Found rmw_implementation_cmake: 6.1.2 (/opt/ros/humble/share/rmw_implementation_cmake/cmake)
[1.334s] -- Found rmw_fastrtps_cpp: 6.2.7 (/opt/ros/humble/share/rmw_fastrtps_cpp/cmake)
[1.472s] -- Found OpenSSL: /usr/lib/x86_64-linux-gnu/libcrypto.so (found version "3.0.2")  
[1.501s] -- Found FastRTPS: /opt/ros/humble/include  
[1.553s] -- Using RMW implementation 'rmw_fastrtps_cpp' as default
[1.570s] -- Looking for pthread.h
[1.693s] -- Looking for pthread.h - found
[1.695s] -- Performing Test CMAKE_HAVE_LIBC_PTHREAD
[1.771s] -- Performing Test CMAKE_HAVE_LIBC_PTHREAD - Success
[1.771s] -- Found Threads: TRUE  
[1.814s] -- Found tf2: 0.25.7 (/opt/ros/humble/share/tf2/cmake)
[1.833s] -- Found tf2_ros: 0.25.7 (/opt/ros/humble/share/tf2_ros/cmake)
[1.972s] -- Found turtlesim: 1.4.2 (/opt/ros/humble/share/turtlesim/cmake)
[2.000s] -- Found tf2_geometry_msgs: 0.25.7 (/opt/ros/humble/share/tf2_geometry_msgs/cmake)
[2.024s] -- Found eigen3_cmake_module: 0.1.1 (/opt/ros/humble/share/eigen3_cmake_module/cmake)
[2.027s] -- Found Eigen3: TRUE (found version "3.4.0") 
[2.027s] -- Ensuring Eigen3 include directory is part of orocos-kdl CMake target
[2.031s] -- Found ament_lint_auto: 0.12.11 (/opt/ros/humble/share/ament_lint_auto/cmake)
[2.142s] -- Added test 'cppcheck' to perform static code analysis on C / C++ code
[2.142s] -- Configured cppcheck include dirs: 
[2.143s] -- Configured cppcheck exclude dirs and/or files: 
[2.143s] -- Added test 'flake8' to check Python code syntax and style conventions
[2.145s] -- Added test 'lint_cmake' to check CMake code style
[2.145s] -- Added test 'pep257' to check Python code against some of the docstring style conventions in PEP 257
[2.146s] -- Added test 'uncrustify' to check C / C++ code style
[2.146s] -- Configured uncrustify additional arguments: 
[2.147s] -- Added test 'xmllint' to check XML markup files
[2.148s] -- Configuring done
[2.191s] -- Generating done
[2.194s] -- Build files have been written to: /robot_ws/build/tf2_cpp_
[2.210s] Invoked command in '/robot_ws/build/tf2_cpp_' returned '0': CMAKE_PREFIX_PATH=/opt/ros/humble /usr/bin/cmake /robot_ws/src/tf2_cpp_ -DCMAKE_INSTALL_PREFIX=/robot_ws/install/tf2_cpp_
[2.211s] Invoking command in '/robot_ws/build/tf2_cpp_': CMAKE_PREFIX_PATH=/opt/ros/humble /usr/bin/cmake --build /robot_ws/build/tf2_cpp_ -- -j8 -l8
[2.263s] [  7%] [32mBuilding CXX object CMakeFiles/static_turtle_tf2_broadcaster.dir/src/static_turtle_tf2_broadcaster.cpp.o[0m
[2.274s] [ 28%] [32mBuilding CXX object CMakeFiles/dynamic_frame_tf2_broadcaster.dir/src/dynamic_frame_tf2_broadcaster.cpp.o[0m
[2.274s] [ 28%] [32mBuilding CXX object CMakeFiles/turtle_tf2_listener.dir/src/turtle_tf2_listener.cpp.o[0m
[2.275s] [ 28%] [32mBuilding CXX object CMakeFiles/turtle_tf2_broadcaster.dir/src/turtle_tf2_broadcaster.cpp.o[0m
[2.283s] [ 35%] [32mBuilding CXX object CMakeFiles/fixed_frame_tf2_broadcaster.dir/src/fixed_frame_tf2_broadcaster.cpp.o[0m
[2.297s] [ 42%] [32mBuilding CXX object CMakeFiles/turtle_tf2_message_filter.dir/src/turtle_tf2_message_filter.cpp.o[0m
[2.299s] [ 50%] [32mBuilding CXX object CMakeFiles/turtle_tf2_listener_debug.dir/src/turtle_tf2_listener_debug.cpp.o[0m
[14.213s] [ 57%] [32m[1mLinking CXX executable dynamic_frame_tf2_broadcaster[0m
[14.223s] [ 64%] [32m[1mLinking CXX executable fixed_frame_tf2_broadcaster[0m
[14.998s] [ 64%] Built target dynamic_frame_tf2_broadcaster
[15.054s] [ 71%] [32m[1mLinking CXX executable static_turtle_tf2_broadcaster[0m
[15.162s] [ 71%] Built target fixed_frame_tf2_broadcaster
[15.434s] [ 71%] Built target static_turtle_tf2_broadcaster
[16.829s] [ 78%] [32m[1mLinking CXX executable turtle_tf2_listener[0m
[17.185s] [ 78%] Built target turtle_tf2_listener
[17.605s] [ 85%] [32m[1mLinking CXX executable turtle_tf2_listener_debug[0m
[18.063s] [ 85%] Built target turtle_tf2_listener_debug
[20.812s] [ 92%] [32m[1mLinking CXX executable turtle_tf2_broadcaster[0m
[21.294s] [ 92%] Built target turtle_tf2_broadcaster
[22.633s] [100%] [32m[1mLinking CXX executable turtle_tf2_message_filter[0m
[23.061s] [100%] Built target turtle_tf2_message_filter
[23.070s] Invoked command in '/robot_ws/build/tf2_cpp_' returned '0': CMAKE_PREFIX_PATH=/opt/ros/humble /usr/bin/cmake --build /robot_ws/build/tf2_cpp_ -- -j8 -l8
[23.104s] Invoking command in '/robot_ws/build/tf2_cpp_': CMAKE_PREFIX_PATH=/opt/ros/humble /usr/bin/cmake --install /robot_ws/build/tf2_cpp_
[23.108s] -- Install configuration: ""
[23.108s] -- Installing: /robot_ws/install/tf2_cpp_/lib/tf2_cpp_/static_turtle_tf2_broadcaster
[23.109s] -- Set runtime path of "/robot_ws/install/tf2_cpp_/lib/tf2_cpp_/static_turtle_tf2_broadcaster" to ""
[23.109s] -- Installing: /robot_ws/install/tf2_cpp_/lib/tf2_cpp_/turtle_tf2_broadcaster
[23.110s] -- Set runtime path of "/robot_ws/install/tf2_cpp_/lib/tf2_cpp_/turtle_tf2_broadcaster" to ""
[23.110s] -- Installing: /robot_ws/install/tf2_cpp_/lib/tf2_cpp_/turtle_tf2_listener
[23.111s] -- Set runtime path of "/robot_ws/install/tf2_cpp_/lib/tf2_cpp_/turtle_tf2_listener" to ""
[23.111s] -- Installing: /robot_ws/install/tf2_cpp_/lib/tf2_cpp_/fixed_frame_tf2_broadcaster
[23.112s] -- Set runtime path of "/robot_ws/install/tf2_cpp_/lib/tf2_cpp_/fixed_frame_tf2_broadcaster" to ""
[23.112s] -- Installing: /robot_ws/install/tf2_cpp_/lib/tf2_cpp_/dynamic_frame_tf2_broadcaster
[23.113s] -- Set runtime path of "/robot_ws/install/tf2_cpp_/lib/tf2_cpp_/dynamic_frame_tf2_broadcaster" to ""
[23.113s] -- Installing: /robot_ws/install/tf2_cpp_/lib/tf2_cpp_/turtle_tf2_listener_debug
[23.114s] -- Set runtime path of "/robot_ws/install/tf2_cpp_/lib/tf2_cpp_/turtle_tf2_listener_debug" to ""
[23.114s] -- Installing: /robot_ws/install/tf2_cpp_/lib/tf2_cpp_/turtle_tf2_message_filter
[23.116s] -- Set runtime path of "/robot_ws/install/tf2_cpp_/lib/tf2_cpp_/turtle_tf2_message_filter" to ""
[23.116s] -- Installing: /robot_ws/install/tf2_cpp_/share/tf2_cpp_/launch
[23.116s] -- Installing: /robot_ws/install/tf2_cpp_/share/tf2_cpp_/launch/turtle_tf2_fixed_frame_demo.launch.py
[23.116s] -- Installing: /robot_ws/install/tf2_cpp_/share/tf2_cpp_/launch/turtle_tf2_dynamic_frame_demo.launch.py
[23.117s] -- Installing: /robot_ws/install/tf2_cpp_/share/tf2_cpp_/launch/static_transform_publisher.launch.py
[23.117s] -- Installing: /robot_ws/install/tf2_cpp_/share/tf2_cpp_/launch/start_tf2_debug_demo.launch.py
[23.117s] -- Installing: /robot_ws/install/tf2_cpp_/share/tf2_cpp_/launch/turtle_tf2_demo.launch.py
[23.117s] -- Installing: /robot_ws/install/tf2_cpp_/share/tf2_cpp_/launch/turtle_tf2_sensor_message.launch.py
[23.117s] -- Installing: /robot_ws/install/tf2_cpp_/share/ament_index/resource_index/package_run_dependencies/tf2_cpp_
[23.118s] -- Installing: /robot_ws/install/tf2_cpp_/share/ament_index/resource_index/parent_prefix_path/tf2_cpp_
[23.118s] -- Installing: /robot_ws/install/tf2_cpp_/share/tf2_cpp_/environment/ament_prefix_path.sh
[23.118s] -- Installing: /robot_ws/install/tf2_cpp_/share/tf2_cpp_/environment/ament_prefix_path.dsv
[23.118s] -- Installing: /robot_ws/install/tf2_cpp_/share/tf2_cpp_/environment/path.sh
[23.118s] -- Installing: /robot_ws/install/tf2_cpp_/share/tf2_cpp_/environment/path.dsv
[23.118s] -- Installing: /robot_ws/install/tf2_cpp_/share/tf2_cpp_/local_setup.bash
[23.118s] -- Installing: /robot_ws/install/tf2_cpp_/share/tf2_cpp_/local_setup.sh
[23.119s] -- Installing: /robot_ws/install/tf2_cpp_/share/tf2_cpp_/local_setup.zsh
[23.119s] -- Installing: /robot_ws/install/tf2_cpp_/share/tf2_cpp_/local_setup.dsv
[23.119s] -- Installing: /robot_ws/install/tf2_cpp_/share/tf2_cpp_/package.dsv
[23.119s] -- Installing: /robot_ws/install/tf2_cpp_/share/ament_index/resource_index/packages/tf2_cpp_
[23.119s] -- Installing: /robot_ws/install/tf2_cpp_/share/tf2_cpp_/cmake/tf2_cpp_Config.cmake
[23.119s] -- Installing: /robot_ws/install/tf2_cpp_/share/tf2_cpp_/cmake/tf2_cpp_Config-version.cmake
[23.119s] -- Installing: /robot_ws/install/tf2_cpp_/share/tf2_cpp_/package.xml
[23.121s] Invoked command in '/robot_ws/build/tf2_cpp_' returned '0': CMAKE_PREFIX_PATH=/opt/ros/humble /usr/bin/cmake --install /robot_ws/build/tf2_cpp_
